[2025-05-04T03:28:33.328+0000] {processor.py:157} INFO - Started process (PID=67) to work on /home/airflow/.local/lib/python3.8/site-packages/airflow/example_dags/example_latest_only_with_trigger.py
[2025-05-04T03:28:33.329+0000] {processor.py:829} INFO - Processing file /home/airflow/.local/lib/python3.8/site-packages/airflow/example_dags/example_latest_only_with_trigger.py for tasks to queue
[2025-05-04T03:28:33.330+0000] {logging_mixin.py:154} INFO - [2025-05-04T03:28:33.330+0000] {dagbag.py:536} INFO - Filling up the DagBag from /home/airflow/.local/lib/python3.8/site-packages/airflow/example_dags/example_latest_only_with_trigger.py
[2025-05-04T03:28:33.335+0000] {processor.py:839} INFO - DAG(s) dict_keys(['latest_only_with_trigger']) retrieved from /home/airflow/.local/lib/python3.8/site-packages/airflow/example_dags/example_latest_only_with_trigger.py
[2025-05-04T03:28:33.352+0000] {logging_mixin.py:154} INFO - [2025-05-04T03:28:33.352+0000] {dag.py:2941} INFO - Sync 1 DAGs
[2025-05-04T03:28:33.367+0000] {logging_mixin.py:154} INFO - [2025-05-04T03:28:33.367+0000] {dag.py:3722} INFO - Setting next_dagrun for latest_only_with_trigger to 2025-05-03T23:28:33.367107+00:00, run_after=2025-05-04T03:28:33.367107+00:00
[2025-05-04T03:28:33.382+0000] {processor.py:179} INFO - Processing /home/airflow/.local/lib/python3.8/site-packages/airflow/example_dags/example_latest_only_with_trigger.py took 0.058 seconds
[2025-05-04T03:29:03.455+0000] {processor.py:157} INFO - Started process (PID=122) to work on /home/airflow/.local/lib/python3.8/site-packages/airflow/example_dags/example_latest_only_with_trigger.py
[2025-05-04T03:29:03.456+0000] {processor.py:829} INFO - Processing file /home/airflow/.local/lib/python3.8/site-packages/airflow/example_dags/example_latest_only_with_trigger.py for tasks to queue
[2025-05-04T03:29:03.458+0000] {logging_mixin.py:154} INFO - [2025-05-04T03:29:03.457+0000] {dagbag.py:536} INFO - Filling up the DagBag from /home/airflow/.local/lib/python3.8/site-packages/airflow/example_dags/example_latest_only_with_trigger.py
[2025-05-04T03:29:03.463+0000] {processor.py:839} INFO - DAG(s) dict_keys(['latest_only_with_trigger']) retrieved from /home/airflow/.local/lib/python3.8/site-packages/airflow/example_dags/example_latest_only_with_trigger.py
[2025-05-04T03:29:03.473+0000] {logging_mixin.py:154} INFO - [2025-05-04T03:29:03.473+0000] {dag.py:2941} INFO - Sync 1 DAGs
[2025-05-04T03:29:03.485+0000] {logging_mixin.py:154} INFO - [2025-05-04T03:29:03.485+0000] {dag.py:3722} INFO - Setting next_dagrun for latest_only_with_trigger to 2025-05-03T23:29:03.485230+00:00, run_after=2025-05-04T03:29:03.485230+00:00
[2025-05-04T03:29:03.496+0000] {processor.py:179} INFO - Processing /home/airflow/.local/lib/python3.8/site-packages/airflow/example_dags/example_latest_only_with_trigger.py took 0.043 seconds
[2025-05-04T03:29:34.392+0000] {processor.py:157} INFO - Started process (PID=184) to work on /home/airflow/.local/lib/python3.8/site-packages/airflow/example_dags/example_latest_only_with_trigger.py
[2025-05-04T03:29:34.393+0000] {processor.py:829} INFO - Processing file /home/airflow/.local/lib/python3.8/site-packages/airflow/example_dags/example_latest_only_with_trigger.py for tasks to queue
[2025-05-04T03:29:34.395+0000] {logging_mixin.py:154} INFO - [2025-05-04T03:29:34.395+0000] {dagbag.py:536} INFO - Filling up the DagBag from /home/airflow/.local/lib/python3.8/site-packages/airflow/example_dags/example_latest_only_with_trigger.py
[2025-05-04T03:29:34.401+0000] {processor.py:839} INFO - DAG(s) dict_keys(['latest_only_with_trigger']) retrieved from /home/airflow/.local/lib/python3.8/site-packages/airflow/example_dags/example_latest_only_with_trigger.py
[2025-05-04T03:29:34.413+0000] {logging_mixin.py:154} INFO - [2025-05-04T03:29:34.413+0000] {dag.py:2941} INFO - Sync 1 DAGs
[2025-05-04T03:29:34.426+0000] {logging_mixin.py:154} INFO - [2025-05-04T03:29:34.426+0000] {dag.py:3722} INFO - Setting next_dagrun for latest_only_with_trigger to 2025-05-03T23:29:34.426637+00:00, run_after=2025-05-04T03:29:34.426637+00:00
[2025-05-04T03:29:34.436+0000] {processor.py:179} INFO - Processing /home/airflow/.local/lib/python3.8/site-packages/airflow/example_dags/example_latest_only_with_trigger.py took 0.047 seconds
[2025-05-04T03:30:04.679+0000] {processor.py:157} INFO - Started process (PID=239) to work on /home/airflow/.local/lib/python3.8/site-packages/airflow/example_dags/example_latest_only_with_trigger.py
[2025-05-04T03:30:04.680+0000] {processor.py:829} INFO - Processing file /home/airflow/.local/lib/python3.8/site-packages/airflow/example_dags/example_latest_only_with_trigger.py for tasks to queue
[2025-05-04T03:30:04.683+0000] {logging_mixin.py:154} INFO - [2025-05-04T03:30:04.682+0000] {dagbag.py:536} INFO - Filling up the DagBag from /home/airflow/.local/lib/python3.8/site-packages/airflow/example_dags/example_latest_only_with_trigger.py
[2025-05-04T03:30:04.689+0000] {processor.py:839} INFO - DAG(s) dict_keys(['latest_only_with_trigger']) retrieved from /home/airflow/.local/lib/python3.8/site-packages/airflow/example_dags/example_latest_only_with_trigger.py
[2025-05-04T03:30:04.703+0000] {logging_mixin.py:154} INFO - [2025-05-04T03:30:04.703+0000] {dag.py:2941} INFO - Sync 1 DAGs
[2025-05-04T03:30:04.720+0000] {logging_mixin.py:154} INFO - [2025-05-04T03:30:04.720+0000] {dag.py:3722} INFO - Setting next_dagrun for latest_only_with_trigger to 2025-05-03T23:30:04.719902+00:00, run_after=2025-05-04T03:30:04.719902+00:00
[2025-05-04T03:30:04.729+0000] {processor.py:179} INFO - Processing /home/airflow/.local/lib/python3.8/site-packages/airflow/example_dags/example_latest_only_with_trigger.py took 0.052 seconds
[2025-05-04T03:30:35.066+0000] {processor.py:157} INFO - Started process (PID=294) to work on /home/airflow/.local/lib/python3.8/site-packages/airflow/example_dags/example_latest_only_with_trigger.py
[2025-05-04T03:30:35.067+0000] {processor.py:829} INFO - Processing file /home/airflow/.local/lib/python3.8/site-packages/airflow/example_dags/example_latest_only_with_trigger.py for tasks to queue
[2025-05-04T03:30:35.069+0000] {logging_mixin.py:154} INFO - [2025-05-04T03:30:35.069+0000] {dagbag.py:536} INFO - Filling up the DagBag from /home/airflow/.local/lib/python3.8/site-packages/airflow/example_dags/example_latest_only_with_trigger.py
[2025-05-04T03:30:35.073+0000] {processor.py:839} INFO - DAG(s) dict_keys(['latest_only_with_trigger']) retrieved from /home/airflow/.local/lib/python3.8/site-packages/airflow/example_dags/example_latest_only_with_trigger.py
[2025-05-04T03:30:35.084+0000] {logging_mixin.py:154} INFO - [2025-05-04T03:30:35.084+0000] {dag.py:2941} INFO - Sync 1 DAGs
[2025-05-04T03:30:35.102+0000] {logging_mixin.py:154} INFO - [2025-05-04T03:30:35.102+0000] {dag.py:3722} INFO - Setting next_dagrun for latest_only_with_trigger to 2025-05-03T23:30:35.101973+00:00, run_after=2025-05-04T03:30:35.101973+00:00
[2025-05-04T03:30:35.118+0000] {processor.py:179} INFO - Processing /home/airflow/.local/lib/python3.8/site-packages/airflow/example_dags/example_latest_only_with_trigger.py took 0.054 seconds
[2025-05-04T03:31:05.287+0000] {processor.py:157} INFO - Started process (PID=350) to work on /home/airflow/.local/lib/python3.8/site-packages/airflow/example_dags/example_latest_only_with_trigger.py
[2025-05-04T03:31:05.288+0000] {processor.py:829} INFO - Processing file /home/airflow/.local/lib/python3.8/site-packages/airflow/example_dags/example_latest_only_with_trigger.py for tasks to queue
[2025-05-04T03:31:05.289+0000] {logging_mixin.py:154} INFO - [2025-05-04T03:31:05.289+0000] {dagbag.py:536} INFO - Filling up the DagBag from /home/airflow/.local/lib/python3.8/site-packages/airflow/example_dags/example_latest_only_with_trigger.py
[2025-05-04T03:31:05.292+0000] {processor.py:839} INFO - DAG(s) dict_keys(['latest_only_with_trigger']) retrieved from /home/airflow/.local/lib/python3.8/site-packages/airflow/example_dags/example_latest_only_with_trigger.py
[2025-05-04T03:31:05.305+0000] {logging_mixin.py:154} INFO - [2025-05-04T03:31:05.305+0000] {dag.py:2941} INFO - Sync 1 DAGs
[2025-05-04T03:31:05.318+0000] {logging_mixin.py:154} INFO - [2025-05-04T03:31:05.318+0000] {dag.py:3722} INFO - Setting next_dagrun for latest_only_with_trigger to 2025-05-03T23:31:05.318674+00:00, run_after=2025-05-04T03:31:05.318674+00:00
[2025-05-04T03:31:05.330+0000] {processor.py:179} INFO - Processing /home/airflow/.local/lib/python3.8/site-packages/airflow/example_dags/example_latest_only_with_trigger.py took 0.043 seconds
[2025-05-04T03:31:36.285+0000] {processor.py:157} INFO - Started process (PID=405) to work on /home/airflow/.local/lib/python3.8/site-packages/airflow/example_dags/example_latest_only_with_trigger.py
[2025-05-04T03:31:36.285+0000] {processor.py:829} INFO - Processing file /home/airflow/.local/lib/python3.8/site-packages/airflow/example_dags/example_latest_only_with_trigger.py for tasks to queue
[2025-05-04T03:31:36.287+0000] {logging_mixin.py:154} INFO - [2025-05-04T03:31:36.286+0000] {dagbag.py:536} INFO - Filling up the DagBag from /home/airflow/.local/lib/python3.8/site-packages/airflow/example_dags/example_latest_only_with_trigger.py
[2025-05-04T03:31:36.290+0000] {processor.py:839} INFO - DAG(s) dict_keys(['latest_only_with_trigger']) retrieved from /home/airflow/.local/lib/python3.8/site-packages/airflow/example_dags/example_latest_only_with_trigger.py
[2025-05-04T03:31:36.317+0000] {logging_mixin.py:154} INFO - [2025-05-04T03:31:36.317+0000] {dag.py:2941} INFO - Sync 1 DAGs
[2025-05-04T03:31:36.329+0000] {logging_mixin.py:154} INFO - [2025-05-04T03:31:36.329+0000] {dag.py:3722} INFO - Setting next_dagrun for latest_only_with_trigger to 2025-05-03T23:31:36.329622+00:00, run_after=2025-05-04T03:31:36.329622+00:00
[2025-05-04T03:31:36.339+0000] {processor.py:179} INFO - Processing /home/airflow/.local/lib/python3.8/site-packages/airflow/example_dags/example_latest_only_with_trigger.py took 0.056 seconds
[2025-05-04T03:32:06.415+0000] {processor.py:157} INFO - Started process (PID=460) to work on /home/airflow/.local/lib/python3.8/site-packages/airflow/example_dags/example_latest_only_with_trigger.py
[2025-05-04T03:32:06.416+0000] {processor.py:829} INFO - Processing file /home/airflow/.local/lib/python3.8/site-packages/airflow/example_dags/example_latest_only_with_trigger.py for tasks to queue
[2025-05-04T03:32:06.417+0000] {logging_mixin.py:154} INFO - [2025-05-04T03:32:06.417+0000] {dagbag.py:536} INFO - Filling up the DagBag from /home/airflow/.local/lib/python3.8/site-packages/airflow/example_dags/example_latest_only_with_trigger.py
[2025-05-04T03:32:06.422+0000] {processor.py:839} INFO - DAG(s) dict_keys(['latest_only_with_trigger']) retrieved from /home/airflow/.local/lib/python3.8/site-packages/airflow/example_dags/example_latest_only_with_trigger.py
[2025-05-04T03:32:06.435+0000] {logging_mixin.py:154} INFO - [2025-05-04T03:32:06.435+0000] {dag.py:2941} INFO - Sync 1 DAGs
[2025-05-04T03:32:06.447+0000] {logging_mixin.py:154} INFO - [2025-05-04T03:32:06.447+0000] {dag.py:3722} INFO - Setting next_dagrun for latest_only_with_trigger to 2025-05-03T23:32:06.447750+00:00, run_after=2025-05-04T03:32:06.447750+00:00
[2025-05-04T03:32:06.454+0000] {processor.py:179} INFO - Processing /home/airflow/.local/lib/python3.8/site-packages/airflow/example_dags/example_latest_only_with_trigger.py took 0.040 seconds
[2025-05-04T03:32:36.534+0000] {processor.py:157} INFO - Started process (PID=515) to work on /home/airflow/.local/lib/python3.8/site-packages/airflow/example_dags/example_latest_only_with_trigger.py
[2025-05-04T03:32:36.534+0000] {processor.py:829} INFO - Processing file /home/airflow/.local/lib/python3.8/site-packages/airflow/example_dags/example_latest_only_with_trigger.py for tasks to queue
[2025-05-04T03:32:36.535+0000] {logging_mixin.py:154} INFO - [2025-05-04T03:32:36.535+0000] {dagbag.py:536} INFO - Filling up the DagBag from /home/airflow/.local/lib/python3.8/site-packages/airflow/example_dags/example_latest_only_with_trigger.py
[2025-05-04T03:32:36.538+0000] {processor.py:839} INFO - DAG(s) dict_keys(['latest_only_with_trigger']) retrieved from /home/airflow/.local/lib/python3.8/site-packages/airflow/example_dags/example_latest_only_with_trigger.py
[2025-05-04T03:32:36.552+0000] {logging_mixin.py:154} INFO - [2025-05-04T03:32:36.551+0000] {dag.py:2941} INFO - Sync 1 DAGs
[2025-05-04T03:32:36.568+0000] {logging_mixin.py:154} INFO - [2025-05-04T03:32:36.568+0000] {dag.py:3722} INFO - Setting next_dagrun for latest_only_with_trigger to 2025-05-03T23:32:36.568085+00:00, run_after=2025-05-04T03:32:36.568085+00:00
[2025-05-04T03:32:36.580+0000] {processor.py:179} INFO - Processing /home/airflow/.local/lib/python3.8/site-packages/airflow/example_dags/example_latest_only_with_trigger.py took 0.048 seconds
[2025-05-04T03:33:06.860+0000] {processor.py:157} INFO - Started process (PID=570) to work on /home/airflow/.local/lib/python3.8/site-packages/airflow/example_dags/example_latest_only_with_trigger.py
[2025-05-04T03:33:06.861+0000] {processor.py:829} INFO - Processing file /home/airflow/.local/lib/python3.8/site-packages/airflow/example_dags/example_latest_only_with_trigger.py for tasks to queue
[2025-05-04T03:33:06.862+0000] {logging_mixin.py:154} INFO - [2025-05-04T03:33:06.862+0000] {dagbag.py:536} INFO - Filling up the DagBag from /home/airflow/.local/lib/python3.8/site-packages/airflow/example_dags/example_latest_only_with_trigger.py
[2025-05-04T03:33:06.864+0000] {processor.py:839} INFO - DAG(s) dict_keys(['latest_only_with_trigger']) retrieved from /home/airflow/.local/lib/python3.8/site-packages/airflow/example_dags/example_latest_only_with_trigger.py
[2025-05-04T03:33:06.873+0000] {logging_mixin.py:154} INFO - [2025-05-04T03:33:06.873+0000] {dag.py:2941} INFO - Sync 1 DAGs
[2025-05-04T03:33:06.883+0000] {logging_mixin.py:154} INFO - [2025-05-04T03:33:06.883+0000] {dag.py:3722} INFO - Setting next_dagrun for latest_only_with_trigger to 2025-05-03T23:33:06.883469+00:00, run_after=2025-05-04T03:33:06.883469+00:00
[2025-05-04T03:33:06.889+0000] {processor.py:179} INFO - Processing /home/airflow/.local/lib/python3.8/site-packages/airflow/example_dags/example_latest_only_with_trigger.py took 0.030 seconds
[2025-05-04T03:33:36.975+0000] {processor.py:157} INFO - Started process (PID=625) to work on /home/airflow/.local/lib/python3.8/site-packages/airflow/example_dags/example_latest_only_with_trigger.py
[2025-05-04T03:33:36.976+0000] {processor.py:829} INFO - Processing file /home/airflow/.local/lib/python3.8/site-packages/airflow/example_dags/example_latest_only_with_trigger.py for tasks to queue
[2025-05-04T03:33:36.977+0000] {logging_mixin.py:154} INFO - [2025-05-04T03:33:36.976+0000] {dagbag.py:536} INFO - Filling up the DagBag from /home/airflow/.local/lib/python3.8/site-packages/airflow/example_dags/example_latest_only_with_trigger.py
[2025-05-04T03:33:36.979+0000] {processor.py:839} INFO - DAG(s) dict_keys(['latest_only_with_trigger']) retrieved from /home/airflow/.local/lib/python3.8/site-packages/airflow/example_dags/example_latest_only_with_trigger.py
[2025-05-04T03:33:36.988+0000] {logging_mixin.py:154} INFO - [2025-05-04T03:33:36.988+0000] {dag.py:2941} INFO - Sync 1 DAGs
[2025-05-04T03:33:36.999+0000] {logging_mixin.py:154} INFO - [2025-05-04T03:33:36.999+0000] {dag.py:3722} INFO - Setting next_dagrun for latest_only_with_trigger to 2025-05-03T23:33:36.999119+00:00, run_after=2025-05-04T03:33:36.999119+00:00
[2025-05-04T03:33:37.006+0000] {processor.py:179} INFO - Processing /home/airflow/.local/lib/python3.8/site-packages/airflow/example_dags/example_latest_only_with_trigger.py took 0.032 seconds
[2025-05-04T03:34:07.773+0000] {processor.py:157} INFO - Started process (PID=680) to work on /home/airflow/.local/lib/python3.8/site-packages/airflow/example_dags/example_latest_only_with_trigger.py
[2025-05-04T03:34:07.774+0000] {processor.py:829} INFO - Processing file /home/airflow/.local/lib/python3.8/site-packages/airflow/example_dags/example_latest_only_with_trigger.py for tasks to queue
[2025-05-04T03:34:07.775+0000] {logging_mixin.py:154} INFO - [2025-05-04T03:34:07.775+0000] {dagbag.py:536} INFO - Filling up the DagBag from /home/airflow/.local/lib/python3.8/site-packages/airflow/example_dags/example_latest_only_with_trigger.py
[2025-05-04T03:34:07.777+0000] {processor.py:839} INFO - DAG(s) dict_keys(['latest_only_with_trigger']) retrieved from /home/airflow/.local/lib/python3.8/site-packages/airflow/example_dags/example_latest_only_with_trigger.py
[2025-05-04T03:34:07.789+0000] {logging_mixin.py:154} INFO - [2025-05-04T03:34:07.789+0000] {dag.py:2941} INFO - Sync 1 DAGs
[2025-05-04T03:34:07.803+0000] {logging_mixin.py:154} INFO - [2025-05-04T03:34:07.802+0000] {dag.py:3722} INFO - Setting next_dagrun for latest_only_with_trigger to 2025-05-03T23:34:07.802834+00:00, run_after=2025-05-04T03:34:07.802834+00:00
[2025-05-04T03:34:07.812+0000] {processor.py:179} INFO - Processing /home/airflow/.local/lib/python3.8/site-packages/airflow/example_dags/example_latest_only_with_trigger.py took 0.040 seconds
[2025-05-04T03:34:38.805+0000] {processor.py:157} INFO - Started process (PID=735) to work on /home/airflow/.local/lib/python3.8/site-packages/airflow/example_dags/example_latest_only_with_trigger.py
[2025-05-04T03:34:38.805+0000] {processor.py:829} INFO - Processing file /home/airflow/.local/lib/python3.8/site-packages/airflow/example_dags/example_latest_only_with_trigger.py for tasks to queue
[2025-05-04T03:34:38.807+0000] {logging_mixin.py:154} INFO - [2025-05-04T03:34:38.807+0000] {dagbag.py:536} INFO - Filling up the DagBag from /home/airflow/.local/lib/python3.8/site-packages/airflow/example_dags/example_latest_only_with_trigger.py
[2025-05-04T03:34:38.811+0000] {processor.py:839} INFO - DAG(s) dict_keys(['latest_only_with_trigger']) retrieved from /home/airflow/.local/lib/python3.8/site-packages/airflow/example_dags/example_latest_only_with_trigger.py
[2025-05-04T03:34:38.823+0000] {logging_mixin.py:154} INFO - [2025-05-04T03:34:38.823+0000] {dag.py:2941} INFO - Sync 1 DAGs
[2025-05-04T03:34:38.836+0000] {logging_mixin.py:154} INFO - [2025-05-04T03:34:38.836+0000] {dag.py:3722} INFO - Setting next_dagrun for latest_only_with_trigger to 2025-05-03T23:34:38.836079+00:00, run_after=2025-05-04T03:34:38.836079+00:00
[2025-05-04T03:34:38.843+0000] {processor.py:179} INFO - Processing /home/airflow/.local/lib/python3.8/site-packages/airflow/example_dags/example_latest_only_with_trigger.py took 0.039 seconds
[2025-05-04T03:35:09.775+0000] {processor.py:157} INFO - Started process (PID=790) to work on /home/airflow/.local/lib/python3.8/site-packages/airflow/example_dags/example_latest_only_with_trigger.py
[2025-05-04T03:35:09.776+0000] {processor.py:829} INFO - Processing file /home/airflow/.local/lib/python3.8/site-packages/airflow/example_dags/example_latest_only_with_trigger.py for tasks to queue
[2025-05-04T03:35:09.778+0000] {logging_mixin.py:154} INFO - [2025-05-04T03:35:09.778+0000] {dagbag.py:536} INFO - Filling up the DagBag from /home/airflow/.local/lib/python3.8/site-packages/airflow/example_dags/example_latest_only_with_trigger.py
[2025-05-04T03:35:09.780+0000] {processor.py:839} INFO - DAG(s) dict_keys(['latest_only_with_trigger']) retrieved from /home/airflow/.local/lib/python3.8/site-packages/airflow/example_dags/example_latest_only_with_trigger.py
[2025-05-04T03:35:09.793+0000] {logging_mixin.py:154} INFO - [2025-05-04T03:35:09.793+0000] {dag.py:2941} INFO - Sync 1 DAGs
[2025-05-04T03:35:09.807+0000] {logging_mixin.py:154} INFO - [2025-05-04T03:35:09.807+0000] {dag.py:3722} INFO - Setting next_dagrun for latest_only_with_trigger to 2025-05-03T23:35:09.807781+00:00, run_after=2025-05-04T03:35:09.807781+00:00
[2025-05-04T03:35:09.816+0000] {processor.py:179} INFO - Processing /home/airflow/.local/lib/python3.8/site-packages/airflow/example_dags/example_latest_only_with_trigger.py took 0.042 seconds
