[2025-05-04T03:28:32.968+0000] {processor.py:157} INFO - Started process (PID=62) to work on /home/airflow/.local/lib/python3.8/site-packages/airflow/example_dags/example_setup_teardown_taskflow.py
[2025-05-04T03:28:32.970+0000] {processor.py:829} INFO - Processing file /home/airflow/.local/lib/python3.8/site-packages/airflow/example_dags/example_setup_teardown_taskflow.py for tasks to queue
[2025-05-04T03:28:32.972+0000] {logging_mixin.py:154} INFO - [2025-05-04T03:28:32.972+0000] {dagbag.py:536} INFO - Filling up the DagBag from /home/airflow/.local/lib/python3.8/site-packages/airflow/example_dags/example_setup_teardown_taskflow.py
[2025-05-04T03:28:32.985+0000] {processor.py:839} INFO - DAG(s) dict_keys(['example_setup_teardown_taskflow']) retrieved from /home/airflow/.local/lib/python3.8/site-packages/airflow/example_dags/example_setup_teardown_taskflow.py
[2025-05-04T03:28:33.006+0000] {logging_mixin.py:154} INFO - [2025-05-04T03:28:33.006+0000] {dag.py:2941} INFO - Sync 1 DAGs
[2025-05-04T03:28:33.035+0000] {logging_mixin.py:154} INFO - [2025-05-04T03:28:33.035+0000] {dag.py:3722} INFO - Setting next_dagrun for example_setup_teardown_taskflow to 2025-05-03T03:28:33.035336+00:00, run_after=2025-05-04T03:28:33.035336+00:00
[2025-05-04T03:28:33.058+0000] {processor.py:179} INFO - Processing /home/airflow/.local/lib/python3.8/site-packages/airflow/example_dags/example_setup_teardown_taskflow.py took 0.094 seconds
[2025-05-04T03:29:03.303+0000] {processor.py:157} INFO - Started process (PID=117) to work on /home/airflow/.local/lib/python3.8/site-packages/airflow/example_dags/example_setup_teardown_taskflow.py
[2025-05-04T03:29:03.304+0000] {processor.py:829} INFO - Processing file /home/airflow/.local/lib/python3.8/site-packages/airflow/example_dags/example_setup_teardown_taskflow.py for tasks to queue
[2025-05-04T03:29:03.305+0000] {logging_mixin.py:154} INFO - [2025-05-04T03:29:03.305+0000] {dagbag.py:536} INFO - Filling up the DagBag from /home/airflow/.local/lib/python3.8/site-packages/airflow/example_dags/example_setup_teardown_taskflow.py
[2025-05-04T03:29:03.310+0000] {processor.py:839} INFO - DAG(s) dict_keys(['example_setup_teardown_taskflow']) retrieved from /home/airflow/.local/lib/python3.8/site-packages/airflow/example_dags/example_setup_teardown_taskflow.py
[2025-05-04T03:29:03.323+0000] {logging_mixin.py:154} INFO - [2025-05-04T03:29:03.323+0000] {dag.py:2941} INFO - Sync 1 DAGs
[2025-05-04T03:29:03.337+0000] {logging_mixin.py:154} INFO - [2025-05-04T03:29:03.337+0000] {dag.py:3722} INFO - Setting next_dagrun for example_setup_teardown_taskflow to 2025-05-03T03:29:03.337727+00:00, run_after=2025-05-04T03:29:03.337727+00:00
[2025-05-04T03:29:03.345+0000] {processor.py:179} INFO - Processing /home/airflow/.local/lib/python3.8/site-packages/airflow/example_dags/example_setup_teardown_taskflow.py took 0.044 seconds
[2025-05-04T03:29:34.211+0000] {processor.py:157} INFO - Started process (PID=172) to work on /home/airflow/.local/lib/python3.8/site-packages/airflow/example_dags/example_setup_teardown_taskflow.py
[2025-05-04T03:29:34.212+0000] {processor.py:829} INFO - Processing file /home/airflow/.local/lib/python3.8/site-packages/airflow/example_dags/example_setup_teardown_taskflow.py for tasks to queue
[2025-05-04T03:29:34.213+0000] {logging_mixin.py:154} INFO - [2025-05-04T03:29:34.213+0000] {dagbag.py:536} INFO - Filling up the DagBag from /home/airflow/.local/lib/python3.8/site-packages/airflow/example_dags/example_setup_teardown_taskflow.py
[2025-05-04T03:29:34.220+0000] {processor.py:839} INFO - DAG(s) dict_keys(['example_setup_teardown_taskflow']) retrieved from /home/airflow/.local/lib/python3.8/site-packages/airflow/example_dags/example_setup_teardown_taskflow.py
[2025-05-04T03:29:34.234+0000] {logging_mixin.py:154} INFO - [2025-05-04T03:29:34.234+0000] {dag.py:2941} INFO - Sync 1 DAGs
[2025-05-04T03:29:34.251+0000] {logging_mixin.py:154} INFO - [2025-05-04T03:29:34.250+0000] {dag.py:3722} INFO - Setting next_dagrun for example_setup_teardown_taskflow to 2025-05-03T03:29:34.250817+00:00, run_after=2025-05-04T03:29:34.250817+00:00
[2025-05-04T03:29:34.264+0000] {processor.py:179} INFO - Processing /home/airflow/.local/lib/python3.8/site-packages/airflow/example_dags/example_setup_teardown_taskflow.py took 0.055 seconds
[2025-05-04T03:30:04.476+0000] {processor.py:157} INFO - Started process (PID=234) to work on /home/airflow/.local/lib/python3.8/site-packages/airflow/example_dags/example_setup_teardown_taskflow.py
[2025-05-04T03:30:04.477+0000] {processor.py:829} INFO - Processing file /home/airflow/.local/lib/python3.8/site-packages/airflow/example_dags/example_setup_teardown_taskflow.py for tasks to queue
[2025-05-04T03:30:04.478+0000] {logging_mixin.py:154} INFO - [2025-05-04T03:30:04.478+0000] {dagbag.py:536} INFO - Filling up the DagBag from /home/airflow/.local/lib/python3.8/site-packages/airflow/example_dags/example_setup_teardown_taskflow.py
[2025-05-04T03:30:04.486+0000] {processor.py:839} INFO - DAG(s) dict_keys(['example_setup_teardown_taskflow']) retrieved from /home/airflow/.local/lib/python3.8/site-packages/airflow/example_dags/example_setup_teardown_taskflow.py
[2025-05-04T03:30:04.497+0000] {logging_mixin.py:154} INFO - [2025-05-04T03:30:04.496+0000] {dag.py:2941} INFO - Sync 1 DAGs
[2025-05-04T03:30:04.510+0000] {logging_mixin.py:154} INFO - [2025-05-04T03:30:04.510+0000] {dag.py:3722} INFO - Setting next_dagrun for example_setup_teardown_taskflow to 2025-05-03T03:30:04.510437+00:00, run_after=2025-05-04T03:30:04.510437+00:00
[2025-05-04T03:30:04.521+0000] {processor.py:179} INFO - Processing /home/airflow/.local/lib/python3.8/site-packages/airflow/example_dags/example_setup_teardown_taskflow.py took 0.048 seconds
[2025-05-04T03:30:34.864+0000] {processor.py:157} INFO - Started process (PID=289) to work on /home/airflow/.local/lib/python3.8/site-packages/airflow/example_dags/example_setup_teardown_taskflow.py
[2025-05-04T03:30:34.865+0000] {processor.py:829} INFO - Processing file /home/airflow/.local/lib/python3.8/site-packages/airflow/example_dags/example_setup_teardown_taskflow.py for tasks to queue
[2025-05-04T03:30:34.867+0000] {logging_mixin.py:154} INFO - [2025-05-04T03:30:34.867+0000] {dagbag.py:536} INFO - Filling up the DagBag from /home/airflow/.local/lib/python3.8/site-packages/airflow/example_dags/example_setup_teardown_taskflow.py
[2025-05-04T03:30:34.872+0000] {processor.py:839} INFO - DAG(s) dict_keys(['example_setup_teardown_taskflow']) retrieved from /home/airflow/.local/lib/python3.8/site-packages/airflow/example_dags/example_setup_teardown_taskflow.py
[2025-05-04T03:30:34.888+0000] {logging_mixin.py:154} INFO - [2025-05-04T03:30:34.888+0000] {dag.py:2941} INFO - Sync 1 DAGs
[2025-05-04T03:30:34.908+0000] {logging_mixin.py:154} INFO - [2025-05-04T03:30:34.908+0000] {dag.py:3722} INFO - Setting next_dagrun for example_setup_teardown_taskflow to 2025-05-03T03:30:34.908405+00:00, run_after=2025-05-04T03:30:34.908405+00:00
[2025-05-04T03:30:34.918+0000] {processor.py:179} INFO - Processing /home/airflow/.local/lib/python3.8/site-packages/airflow/example_dags/example_setup_teardown_taskflow.py took 0.057 seconds
[2025-05-04T03:31:05.107+0000] {processor.py:157} INFO - Started process (PID=345) to work on /home/airflow/.local/lib/python3.8/site-packages/airflow/example_dags/example_setup_teardown_taskflow.py
[2025-05-04T03:31:05.108+0000] {processor.py:829} INFO - Processing file /home/airflow/.local/lib/python3.8/site-packages/airflow/example_dags/example_setup_teardown_taskflow.py for tasks to queue
[2025-05-04T03:31:05.109+0000] {logging_mixin.py:154} INFO - [2025-05-04T03:31:05.108+0000] {dagbag.py:536} INFO - Filling up the DagBag from /home/airflow/.local/lib/python3.8/site-packages/airflow/example_dags/example_setup_teardown_taskflow.py
[2025-05-04T03:31:05.117+0000] {processor.py:839} INFO - DAG(s) dict_keys(['example_setup_teardown_taskflow']) retrieved from /home/airflow/.local/lib/python3.8/site-packages/airflow/example_dags/example_setup_teardown_taskflow.py
[2025-05-04T03:31:05.140+0000] {logging_mixin.py:154} INFO - [2025-05-04T03:31:05.140+0000] {dag.py:2941} INFO - Sync 1 DAGs
[2025-05-04T03:31:05.152+0000] {logging_mixin.py:154} INFO - [2025-05-04T03:31:05.152+0000] {dag.py:3722} INFO - Setting next_dagrun for example_setup_teardown_taskflow to 2025-05-03T03:31:05.152430+00:00, run_after=2025-05-04T03:31:05.152430+00:00
[2025-05-04T03:31:05.162+0000] {processor.py:179} INFO - Processing /home/airflow/.local/lib/python3.8/site-packages/airflow/example_dags/example_setup_teardown_taskflow.py took 0.056 seconds
[2025-05-04T03:31:36.096+0000] {processor.py:157} INFO - Started process (PID=400) to work on /home/airflow/.local/lib/python3.8/site-packages/airflow/example_dags/example_setup_teardown_taskflow.py
[2025-05-04T03:31:36.097+0000] {processor.py:829} INFO - Processing file /home/airflow/.local/lib/python3.8/site-packages/airflow/example_dags/example_setup_teardown_taskflow.py for tasks to queue
[2025-05-04T03:31:36.098+0000] {logging_mixin.py:154} INFO - [2025-05-04T03:31:36.098+0000] {dagbag.py:536} INFO - Filling up the DagBag from /home/airflow/.local/lib/python3.8/site-packages/airflow/example_dags/example_setup_teardown_taskflow.py
[2025-05-04T03:31:36.104+0000] {processor.py:839} INFO - DAG(s) dict_keys(['example_setup_teardown_taskflow']) retrieved from /home/airflow/.local/lib/python3.8/site-packages/airflow/example_dags/example_setup_teardown_taskflow.py
[2025-05-04T03:31:36.125+0000] {logging_mixin.py:154} INFO - [2025-05-04T03:31:36.125+0000] {dag.py:2941} INFO - Sync 1 DAGs
[2025-05-04T03:31:36.136+0000] {logging_mixin.py:154} INFO - [2025-05-04T03:31:36.135+0000] {dag.py:3722} INFO - Setting next_dagrun for example_setup_teardown_taskflow to 2025-05-03T03:31:36.135808+00:00, run_after=2025-05-04T03:31:36.135808+00:00
[2025-05-04T03:31:36.145+0000] {processor.py:179} INFO - Processing /home/airflow/.local/lib/python3.8/site-packages/airflow/example_dags/example_setup_teardown_taskflow.py took 0.051 seconds
[2025-05-04T03:32:06.277+0000] {processor.py:157} INFO - Started process (PID=455) to work on /home/airflow/.local/lib/python3.8/site-packages/airflow/example_dags/example_setup_teardown_taskflow.py
[2025-05-04T03:32:06.278+0000] {processor.py:829} INFO - Processing file /home/airflow/.local/lib/python3.8/site-packages/airflow/example_dags/example_setup_teardown_taskflow.py for tasks to queue
[2025-05-04T03:32:06.280+0000] {logging_mixin.py:154} INFO - [2025-05-04T03:32:06.279+0000] {dagbag.py:536} INFO - Filling up the DagBag from /home/airflow/.local/lib/python3.8/site-packages/airflow/example_dags/example_setup_teardown_taskflow.py
[2025-05-04T03:32:06.285+0000] {processor.py:839} INFO - DAG(s) dict_keys(['example_setup_teardown_taskflow']) retrieved from /home/airflow/.local/lib/python3.8/site-packages/airflow/example_dags/example_setup_teardown_taskflow.py
[2025-05-04T03:32:06.300+0000] {logging_mixin.py:154} INFO - [2025-05-04T03:32:06.300+0000] {dag.py:2941} INFO - Sync 1 DAGs
[2025-05-04T03:32:06.313+0000] {logging_mixin.py:154} INFO - [2025-05-04T03:32:06.313+0000] {dag.py:3722} INFO - Setting next_dagrun for example_setup_teardown_taskflow to 2025-05-03T03:32:06.313665+00:00, run_after=2025-05-04T03:32:06.313665+00:00
[2025-05-04T03:32:06.322+0000] {processor.py:179} INFO - Processing /home/airflow/.local/lib/python3.8/site-packages/airflow/example_dags/example_setup_teardown_taskflow.py took 0.046 seconds
[2025-05-04T03:32:36.360+0000] {processor.py:157} INFO - Started process (PID=510) to work on /home/airflow/.local/lib/python3.8/site-packages/airflow/example_dags/example_setup_teardown_taskflow.py
[2025-05-04T03:32:36.361+0000] {processor.py:829} INFO - Processing file /home/airflow/.local/lib/python3.8/site-packages/airflow/example_dags/example_setup_teardown_taskflow.py for tasks to queue
[2025-05-04T03:32:36.363+0000] {logging_mixin.py:154} INFO - [2025-05-04T03:32:36.362+0000] {dagbag.py:536} INFO - Filling up the DagBag from /home/airflow/.local/lib/python3.8/site-packages/airflow/example_dags/example_setup_teardown_taskflow.py
[2025-05-04T03:32:36.367+0000] {processor.py:839} INFO - DAG(s) dict_keys(['example_setup_teardown_taskflow']) retrieved from /home/airflow/.local/lib/python3.8/site-packages/airflow/example_dags/example_setup_teardown_taskflow.py
[2025-05-04T03:32:36.377+0000] {logging_mixin.py:154} INFO - [2025-05-04T03:32:36.377+0000] {dag.py:2941} INFO - Sync 1 DAGs
[2025-05-04T03:32:36.390+0000] {logging_mixin.py:154} INFO - [2025-05-04T03:32:36.390+0000] {dag.py:3722} INFO - Setting next_dagrun for example_setup_teardown_taskflow to 2025-05-03T03:32:36.390182+00:00, run_after=2025-05-04T03:32:36.390182+00:00
[2025-05-04T03:32:36.397+0000] {processor.py:179} INFO - Processing /home/airflow/.local/lib/python3.8/site-packages/airflow/example_dags/example_setup_teardown_taskflow.py took 0.039 seconds
[2025-05-04T03:33:06.630+0000] {processor.py:157} INFO - Started process (PID=565) to work on /home/airflow/.local/lib/python3.8/site-packages/airflow/example_dags/example_setup_teardown_taskflow.py
[2025-05-04T03:33:06.631+0000] {processor.py:829} INFO - Processing file /home/airflow/.local/lib/python3.8/site-packages/airflow/example_dags/example_setup_teardown_taskflow.py for tasks to queue
[2025-05-04T03:33:06.633+0000] {logging_mixin.py:154} INFO - [2025-05-04T03:33:06.633+0000] {dagbag.py:536} INFO - Filling up the DagBag from /home/airflow/.local/lib/python3.8/site-packages/airflow/example_dags/example_setup_teardown_taskflow.py
[2025-05-04T03:33:06.644+0000] {processor.py:839} INFO - DAG(s) dict_keys(['example_setup_teardown_taskflow']) retrieved from /home/airflow/.local/lib/python3.8/site-packages/airflow/example_dags/example_setup_teardown_taskflow.py
[2025-05-04T03:33:06.669+0000] {logging_mixin.py:154} INFO - [2025-05-04T03:33:06.669+0000] {dag.py:2941} INFO - Sync 1 DAGs
[2025-05-04T03:33:06.692+0000] {logging_mixin.py:154} INFO - [2025-05-04T03:33:06.691+0000] {dag.py:3722} INFO - Setting next_dagrun for example_setup_teardown_taskflow to 2025-05-03T03:33:06.691758+00:00, run_after=2025-05-04T03:33:06.691758+00:00
[2025-05-04T03:33:06.700+0000] {processor.py:179} INFO - Processing /home/airflow/.local/lib/python3.8/site-packages/airflow/example_dags/example_setup_teardown_taskflow.py took 0.072 seconds
[2025-05-04T03:33:36.814+0000] {processor.py:157} INFO - Started process (PID=620) to work on /home/airflow/.local/lib/python3.8/site-packages/airflow/example_dags/example_setup_teardown_taskflow.py
[2025-05-04T03:33:36.815+0000] {processor.py:829} INFO - Processing file /home/airflow/.local/lib/python3.8/site-packages/airflow/example_dags/example_setup_teardown_taskflow.py for tasks to queue
[2025-05-04T03:33:36.816+0000] {logging_mixin.py:154} INFO - [2025-05-04T03:33:36.816+0000] {dagbag.py:536} INFO - Filling up the DagBag from /home/airflow/.local/lib/python3.8/site-packages/airflow/example_dags/example_setup_teardown_taskflow.py
[2025-05-04T03:33:36.823+0000] {processor.py:839} INFO - DAG(s) dict_keys(['example_setup_teardown_taskflow']) retrieved from /home/airflow/.local/lib/python3.8/site-packages/airflow/example_dags/example_setup_teardown_taskflow.py
[2025-05-04T03:33:36.840+0000] {logging_mixin.py:154} INFO - [2025-05-04T03:33:36.840+0000] {dag.py:2941} INFO - Sync 1 DAGs
[2025-05-04T03:33:36.856+0000] {logging_mixin.py:154} INFO - [2025-05-04T03:33:36.856+0000] {dag.py:3722} INFO - Setting next_dagrun for example_setup_teardown_taskflow to 2025-05-03T03:33:36.856515+00:00, run_after=2025-05-04T03:33:36.856515+00:00
[2025-05-04T03:33:36.866+0000] {processor.py:179} INFO - Processing /home/airflow/.local/lib/python3.8/site-packages/airflow/example_dags/example_setup_teardown_taskflow.py took 0.054 seconds
[2025-05-04T03:34:07.626+0000] {processor.py:157} INFO - Started process (PID=675) to work on /home/airflow/.local/lib/python3.8/site-packages/airflow/example_dags/example_setup_teardown_taskflow.py
[2025-05-04T03:34:07.627+0000] {processor.py:829} INFO - Processing file /home/airflow/.local/lib/python3.8/site-packages/airflow/example_dags/example_setup_teardown_taskflow.py for tasks to queue
[2025-05-04T03:34:07.628+0000] {logging_mixin.py:154} INFO - [2025-05-04T03:34:07.628+0000] {dagbag.py:536} INFO - Filling up the DagBag from /home/airflow/.local/lib/python3.8/site-packages/airflow/example_dags/example_setup_teardown_taskflow.py
[2025-05-04T03:34:07.635+0000] {processor.py:839} INFO - DAG(s) dict_keys(['example_setup_teardown_taskflow']) retrieved from /home/airflow/.local/lib/python3.8/site-packages/airflow/example_dags/example_setup_teardown_taskflow.py
[2025-05-04T03:34:07.647+0000] {logging_mixin.py:154} INFO - [2025-05-04T03:34:07.647+0000] {dag.py:2941} INFO - Sync 1 DAGs
[2025-05-04T03:34:07.659+0000] {logging_mixin.py:154} INFO - [2025-05-04T03:34:07.658+0000] {dag.py:3722} INFO - Setting next_dagrun for example_setup_teardown_taskflow to 2025-05-03T03:34:07.658823+00:00, run_after=2025-05-04T03:34:07.658823+00:00
[2025-05-04T03:34:07.669+0000] {processor.py:179} INFO - Processing /home/airflow/.local/lib/python3.8/site-packages/airflow/example_dags/example_setup_teardown_taskflow.py took 0.045 seconds
[2025-05-04T03:34:38.651+0000] {processor.py:157} INFO - Started process (PID=730) to work on /home/airflow/.local/lib/python3.8/site-packages/airflow/example_dags/example_setup_teardown_taskflow.py
[2025-05-04T03:34:38.653+0000] {processor.py:829} INFO - Processing file /home/airflow/.local/lib/python3.8/site-packages/airflow/example_dags/example_setup_teardown_taskflow.py for tasks to queue
[2025-05-04T03:34:38.656+0000] {logging_mixin.py:154} INFO - [2025-05-04T03:34:38.656+0000] {dagbag.py:536} INFO - Filling up the DagBag from /home/airflow/.local/lib/python3.8/site-packages/airflow/example_dags/example_setup_teardown_taskflow.py
[2025-05-04T03:34:38.661+0000] {processor.py:839} INFO - DAG(s) dict_keys(['example_setup_teardown_taskflow']) retrieved from /home/airflow/.local/lib/python3.8/site-packages/airflow/example_dags/example_setup_teardown_taskflow.py
[2025-05-04T03:34:38.676+0000] {logging_mixin.py:154} INFO - [2025-05-04T03:34:38.675+0000] {dag.py:2941} INFO - Sync 1 DAGs
[2025-05-04T03:34:38.684+0000] {logging_mixin.py:154} INFO - [2025-05-04T03:34:38.684+0000] {dag.py:3722} INFO - Setting next_dagrun for example_setup_teardown_taskflow to 2025-05-03T03:34:38.684438+00:00, run_after=2025-05-04T03:34:38.684438+00:00
[2025-05-04T03:34:38.696+0000] {processor.py:179} INFO - Processing /home/airflow/.local/lib/python3.8/site-packages/airflow/example_dags/example_setup_teardown_taskflow.py took 0.049 seconds
[2025-05-04T03:35:09.606+0000] {processor.py:157} INFO - Started process (PID=785) to work on /home/airflow/.local/lib/python3.8/site-packages/airflow/example_dags/example_setup_teardown_taskflow.py
[2025-05-04T03:35:09.607+0000] {processor.py:829} INFO - Processing file /home/airflow/.local/lib/python3.8/site-packages/airflow/example_dags/example_setup_teardown_taskflow.py for tasks to queue
[2025-05-04T03:35:09.609+0000] {logging_mixin.py:154} INFO - [2025-05-04T03:35:09.609+0000] {dagbag.py:536} INFO - Filling up the DagBag from /home/airflow/.local/lib/python3.8/site-packages/airflow/example_dags/example_setup_teardown_taskflow.py
[2025-05-04T03:35:09.618+0000] {processor.py:839} INFO - DAG(s) dict_keys(['example_setup_teardown_taskflow']) retrieved from /home/airflow/.local/lib/python3.8/site-packages/airflow/example_dags/example_setup_teardown_taskflow.py
[2025-05-04T03:35:09.633+0000] {logging_mixin.py:154} INFO - [2025-05-04T03:35:09.633+0000] {dag.py:2941} INFO - Sync 1 DAGs
[2025-05-04T03:35:09.646+0000] {logging_mixin.py:154} INFO - [2025-05-04T03:35:09.646+0000] {dag.py:3722} INFO - Setting next_dagrun for example_setup_teardown_taskflow to 2025-05-03T03:35:09.646011+00:00, run_after=2025-05-04T03:35:09.646011+00:00
[2025-05-04T03:35:09.657+0000] {processor.py:179} INFO - Processing /home/airflow/.local/lib/python3.8/site-packages/airflow/example_dags/example_setup_teardown_taskflow.py took 0.053 seconds
