[2025-05-04T03:28:33.496+0000] {processor.py:157} INFO - Started process (PID=72) to work on /home/airflow/.local/lib/python3.8/site-packages/airflow/example_dags/example_sensors.py
[2025-05-04T03:28:33.498+0000] {processor.py:829} INFO - Processing file /home/airflow/.local/lib/python3.8/site-packages/airflow/example_dags/example_sensors.py for tasks to queue
[2025-05-04T03:28:33.500+0000] {logging_mixin.py:154} INFO - [2025-05-04T03:28:33.500+0000] {dagbag.py:536} INFO - Filling up the DagBag from /home/airflow/.local/lib/python3.8/site-packages/airflow/example_dags/example_sensors.py
[2025-05-04T03:28:33.507+0000] {processor.py:839} INFO - DAG(s) dict_keys(['example_sensors']) retrieved from /home/airflow/.local/lib/python3.8/site-packages/airflow/example_dags/example_sensors.py
[2025-05-04T03:28:33.516+0000] {logging_mixin.py:154} INFO - [2025-05-04T03:28:33.516+0000] {dag.py:2941} INFO - Sync 1 DAGs
[2025-05-04T03:28:33.529+0000] {logging_mixin.py:154} INFO - [2025-05-04T03:28:33.529+0000] {dag.py:3722} INFO - Setting next_dagrun for example_sensors to None, run_after=None
[2025-05-04T03:28:33.545+0000] {processor.py:179} INFO - Processing /home/airflow/.local/lib/python3.8/site-packages/airflow/example_dags/example_sensors.py took 0.051 seconds
[2025-05-04T03:29:03.569+0000] {processor.py:157} INFO - Started process (PID=127) to work on /home/airflow/.local/lib/python3.8/site-packages/airflow/example_dags/example_sensors.py
[2025-05-04T03:29:03.570+0000] {processor.py:829} INFO - Processing file /home/airflow/.local/lib/python3.8/site-packages/airflow/example_dags/example_sensors.py for tasks to queue
[2025-05-04T03:29:03.572+0000] {logging_mixin.py:154} INFO - [2025-05-04T03:29:03.572+0000] {dagbag.py:536} INFO - Filling up the DagBag from /home/airflow/.local/lib/python3.8/site-packages/airflow/example_dags/example_sensors.py
[2025-05-04T03:29:03.576+0000] {processor.py:839} INFO - DAG(s) dict_keys(['example_sensors']) retrieved from /home/airflow/.local/lib/python3.8/site-packages/airflow/example_dags/example_sensors.py
[2025-05-04T03:29:03.594+0000] {logging_mixin.py:154} INFO - [2025-05-04T03:29:03.594+0000] {dag.py:2941} INFO - Sync 1 DAGs
[2025-05-04T03:29:03.600+0000] {logging_mixin.py:154} INFO - [2025-05-04T03:29:03.600+0000] {dag.py:3722} INFO - Setting next_dagrun for example_sensors to None, run_after=None
[2025-05-04T03:29:03.607+0000] {processor.py:179} INFO - Processing /home/airflow/.local/lib/python3.8/site-packages/airflow/example_dags/example_sensors.py took 0.039 seconds
[2025-05-04T03:29:34.524+0000] {processor.py:157} INFO - Started process (PID=189) to work on /home/airflow/.local/lib/python3.8/site-packages/airflow/example_dags/example_sensors.py
[2025-05-04T03:29:34.524+0000] {processor.py:829} INFO - Processing file /home/airflow/.local/lib/python3.8/site-packages/airflow/example_dags/example_sensors.py for tasks to queue
[2025-05-04T03:29:34.526+0000] {logging_mixin.py:154} INFO - [2025-05-04T03:29:34.526+0000] {dagbag.py:536} INFO - Filling up the DagBag from /home/airflow/.local/lib/python3.8/site-packages/airflow/example_dags/example_sensors.py
[2025-05-04T03:29:34.533+0000] {processor.py:839} INFO - DAG(s) dict_keys(['example_sensors']) retrieved from /home/airflow/.local/lib/python3.8/site-packages/airflow/example_dags/example_sensors.py
[2025-05-04T03:29:34.553+0000] {logging_mixin.py:154} INFO - [2025-05-04T03:29:34.553+0000] {dag.py:2941} INFO - Sync 1 DAGs
[2025-05-04T03:29:34.560+0000] {logging_mixin.py:154} INFO - [2025-05-04T03:29:34.560+0000] {dag.py:3722} INFO - Setting next_dagrun for example_sensors to None, run_after=None
[2025-05-04T03:29:34.566+0000] {processor.py:179} INFO - Processing /home/airflow/.local/lib/python3.8/site-packages/airflow/example_dags/example_sensors.py took 0.044 seconds
[2025-05-04T03:30:04.854+0000] {processor.py:157} INFO - Started process (PID=244) to work on /home/airflow/.local/lib/python3.8/site-packages/airflow/example_dags/example_sensors.py
[2025-05-04T03:30:04.854+0000] {processor.py:829} INFO - Processing file /home/airflow/.local/lib/python3.8/site-packages/airflow/example_dags/example_sensors.py for tasks to queue
[2025-05-04T03:30:04.857+0000] {logging_mixin.py:154} INFO - [2025-05-04T03:30:04.857+0000] {dagbag.py:536} INFO - Filling up the DagBag from /home/airflow/.local/lib/python3.8/site-packages/airflow/example_dags/example_sensors.py
[2025-05-04T03:30:04.862+0000] {processor.py:839} INFO - DAG(s) dict_keys(['example_sensors']) retrieved from /home/airflow/.local/lib/python3.8/site-packages/airflow/example_dags/example_sensors.py
[2025-05-04T03:30:04.873+0000] {logging_mixin.py:154} INFO - [2025-05-04T03:30:04.873+0000] {dag.py:2941} INFO - Sync 1 DAGs
[2025-05-04T03:30:04.879+0000] {logging_mixin.py:154} INFO - [2025-05-04T03:30:04.879+0000] {dag.py:3722} INFO - Setting next_dagrun for example_sensors to None, run_after=None
[2025-05-04T03:30:04.886+0000] {processor.py:179} INFO - Processing /home/airflow/.local/lib/python3.8/site-packages/airflow/example_dags/example_sensors.py took 0.034 seconds
[2025-05-04T03:30:35.202+0000] {processor.py:157} INFO - Started process (PID=299) to work on /home/airflow/.local/lib/python3.8/site-packages/airflow/example_dags/example_sensors.py
[2025-05-04T03:30:35.203+0000] {processor.py:829} INFO - Processing file /home/airflow/.local/lib/python3.8/site-packages/airflow/example_dags/example_sensors.py for tasks to queue
[2025-05-04T03:30:35.204+0000] {logging_mixin.py:154} INFO - [2025-05-04T03:30:35.204+0000] {dagbag.py:536} INFO - Filling up the DagBag from /home/airflow/.local/lib/python3.8/site-packages/airflow/example_dags/example_sensors.py
[2025-05-04T03:30:35.212+0000] {processor.py:839} INFO - DAG(s) dict_keys(['example_sensors']) retrieved from /home/airflow/.local/lib/python3.8/site-packages/airflow/example_dags/example_sensors.py
[2025-05-04T03:30:35.229+0000] {logging_mixin.py:154} INFO - [2025-05-04T03:30:35.229+0000] {dag.py:2941} INFO - Sync 1 DAGs
[2025-05-04T03:30:35.239+0000] {logging_mixin.py:154} INFO - [2025-05-04T03:30:35.239+0000] {dag.py:3722} INFO - Setting next_dagrun for example_sensors to None, run_after=None
[2025-05-04T03:30:35.248+0000] {processor.py:179} INFO - Processing /home/airflow/.local/lib/python3.8/site-packages/airflow/example_dags/example_sensors.py took 0.048 seconds
[2025-05-04T03:31:05.437+0000] {processor.py:157} INFO - Started process (PID=355) to work on /home/airflow/.local/lib/python3.8/site-packages/airflow/example_dags/example_sensors.py
[2025-05-04T03:31:05.438+0000] {processor.py:829} INFO - Processing file /home/airflow/.local/lib/python3.8/site-packages/airflow/example_dags/example_sensors.py for tasks to queue
[2025-05-04T03:31:05.439+0000] {logging_mixin.py:154} INFO - [2025-05-04T03:31:05.439+0000] {dagbag.py:536} INFO - Filling up the DagBag from /home/airflow/.local/lib/python3.8/site-packages/airflow/example_dags/example_sensors.py
[2025-05-04T03:31:05.444+0000] {processor.py:839} INFO - DAG(s) dict_keys(['example_sensors']) retrieved from /home/airflow/.local/lib/python3.8/site-packages/airflow/example_dags/example_sensors.py
[2025-05-04T03:31:05.456+0000] {logging_mixin.py:154} INFO - [2025-05-04T03:31:05.456+0000] {dag.py:2941} INFO - Sync 1 DAGs
[2025-05-04T03:31:05.466+0000] {logging_mixin.py:154} INFO - [2025-05-04T03:31:05.466+0000] {dag.py:3722} INFO - Setting next_dagrun for example_sensors to None, run_after=None
[2025-05-04T03:31:05.474+0000] {processor.py:179} INFO - Processing /home/airflow/.local/lib/python3.8/site-packages/airflow/example_dags/example_sensors.py took 0.038 seconds
[2025-05-04T03:31:36.445+0000] {processor.py:157} INFO - Started process (PID=410) to work on /home/airflow/.local/lib/python3.8/site-packages/airflow/example_dags/example_sensors.py
[2025-05-04T03:31:36.446+0000] {processor.py:829} INFO - Processing file /home/airflow/.local/lib/python3.8/site-packages/airflow/example_dags/example_sensors.py for tasks to queue
[2025-05-04T03:31:36.447+0000] {logging_mixin.py:154} INFO - [2025-05-04T03:31:36.447+0000] {dagbag.py:536} INFO - Filling up the DagBag from /home/airflow/.local/lib/python3.8/site-packages/airflow/example_dags/example_sensors.py
[2025-05-04T03:31:36.452+0000] {processor.py:839} INFO - DAG(s) dict_keys(['example_sensors']) retrieved from /home/airflow/.local/lib/python3.8/site-packages/airflow/example_dags/example_sensors.py
[2025-05-04T03:31:36.469+0000] {logging_mixin.py:154} INFO - [2025-05-04T03:31:36.469+0000] {dag.py:2941} INFO - Sync 1 DAGs
[2025-05-04T03:31:36.475+0000] {logging_mixin.py:154} INFO - [2025-05-04T03:31:36.475+0000] {dag.py:3722} INFO - Setting next_dagrun for example_sensors to None, run_after=None
[2025-05-04T03:31:36.485+0000] {processor.py:179} INFO - Processing /home/airflow/.local/lib/python3.8/site-packages/airflow/example_dags/example_sensors.py took 0.042 seconds
[2025-05-04T03:32:06.549+0000] {processor.py:157} INFO - Started process (PID=465) to work on /home/airflow/.local/lib/python3.8/site-packages/airflow/example_dags/example_sensors.py
[2025-05-04T03:32:06.549+0000] {processor.py:829} INFO - Processing file /home/airflow/.local/lib/python3.8/site-packages/airflow/example_dags/example_sensors.py for tasks to queue
[2025-05-04T03:32:06.551+0000] {logging_mixin.py:154} INFO - [2025-05-04T03:32:06.551+0000] {dagbag.py:536} INFO - Filling up the DagBag from /home/airflow/.local/lib/python3.8/site-packages/airflow/example_dags/example_sensors.py
[2025-05-04T03:32:06.555+0000] {processor.py:839} INFO - DAG(s) dict_keys(['example_sensors']) retrieved from /home/airflow/.local/lib/python3.8/site-packages/airflow/example_dags/example_sensors.py
[2025-05-04T03:32:06.565+0000] {logging_mixin.py:154} INFO - [2025-05-04T03:32:06.565+0000] {dag.py:2941} INFO - Sync 1 DAGs
[2025-05-04T03:32:06.570+0000] {logging_mixin.py:154} INFO - [2025-05-04T03:32:06.570+0000] {dag.py:3722} INFO - Setting next_dagrun for example_sensors to None, run_after=None
[2025-05-04T03:32:06.576+0000] {processor.py:179} INFO - Processing /home/airflow/.local/lib/python3.8/site-packages/airflow/example_dags/example_sensors.py took 0.029 seconds
[2025-05-04T03:32:36.693+0000] {processor.py:157} INFO - Started process (PID=520) to work on /home/airflow/.local/lib/python3.8/site-packages/airflow/example_dags/example_sensors.py
[2025-05-04T03:32:36.693+0000] {processor.py:829} INFO - Processing file /home/airflow/.local/lib/python3.8/site-packages/airflow/example_dags/example_sensors.py for tasks to queue
[2025-05-04T03:32:36.694+0000] {logging_mixin.py:154} INFO - [2025-05-04T03:32:36.694+0000] {dagbag.py:536} INFO - Filling up the DagBag from /home/airflow/.local/lib/python3.8/site-packages/airflow/example_dags/example_sensors.py
[2025-05-04T03:32:36.698+0000] {processor.py:839} INFO - DAG(s) dict_keys(['example_sensors']) retrieved from /home/airflow/.local/lib/python3.8/site-packages/airflow/example_dags/example_sensors.py
[2025-05-04T03:32:36.709+0000] {logging_mixin.py:154} INFO - [2025-05-04T03:32:36.709+0000] {dag.py:2941} INFO - Sync 1 DAGs
[2025-05-04T03:32:36.714+0000] {logging_mixin.py:154} INFO - [2025-05-04T03:32:36.714+0000] {dag.py:3722} INFO - Setting next_dagrun for example_sensors to None, run_after=None
[2025-05-04T03:32:36.720+0000] {processor.py:179} INFO - Processing /home/airflow/.local/lib/python3.8/site-packages/airflow/example_dags/example_sensors.py took 0.028 seconds
[2025-05-04T03:33:07.008+0000] {processor.py:157} INFO - Started process (PID=575) to work on /home/airflow/.local/lib/python3.8/site-packages/airflow/example_dags/example_sensors.py
[2025-05-04T03:33:07.009+0000] {processor.py:829} INFO - Processing file /home/airflow/.local/lib/python3.8/site-packages/airflow/example_dags/example_sensors.py for tasks to queue
[2025-05-04T03:33:07.009+0000] {logging_mixin.py:154} INFO - [2025-05-04T03:33:07.009+0000] {dagbag.py:536} INFO - Filling up the DagBag from /home/airflow/.local/lib/python3.8/site-packages/airflow/example_dags/example_sensors.py
[2025-05-04T03:33:07.013+0000] {processor.py:839} INFO - DAG(s) dict_keys(['example_sensors']) retrieved from /home/airflow/.local/lib/python3.8/site-packages/airflow/example_dags/example_sensors.py
[2025-05-04T03:33:07.023+0000] {logging_mixin.py:154} INFO - [2025-05-04T03:33:07.023+0000] {dag.py:2941} INFO - Sync 1 DAGs
[2025-05-04T03:33:07.028+0000] {logging_mixin.py:154} INFO - [2025-05-04T03:33:07.028+0000] {dag.py:3722} INFO - Setting next_dagrun for example_sensors to None, run_after=None
[2025-05-04T03:33:07.034+0000] {processor.py:179} INFO - Processing /home/airflow/.local/lib/python3.8/site-packages/airflow/example_dags/example_sensors.py took 0.027 seconds
[2025-05-04T03:33:37.084+0000] {processor.py:157} INFO - Started process (PID=630) to work on /home/airflow/.local/lib/python3.8/site-packages/airflow/example_dags/example_sensors.py
[2025-05-04T03:33:37.085+0000] {processor.py:829} INFO - Processing file /home/airflow/.local/lib/python3.8/site-packages/airflow/example_dags/example_sensors.py for tasks to queue
[2025-05-04T03:33:37.087+0000] {logging_mixin.py:154} INFO - [2025-05-04T03:33:37.087+0000] {dagbag.py:536} INFO - Filling up the DagBag from /home/airflow/.local/lib/python3.8/site-packages/airflow/example_dags/example_sensors.py
[2025-05-04T03:33:37.093+0000] {processor.py:839} INFO - DAG(s) dict_keys(['example_sensors']) retrieved from /home/airflow/.local/lib/python3.8/site-packages/airflow/example_dags/example_sensors.py
[2025-05-04T03:33:37.110+0000] {logging_mixin.py:154} INFO - [2025-05-04T03:33:37.110+0000] {dag.py:2941} INFO - Sync 1 DAGs
[2025-05-04T03:33:37.115+0000] {logging_mixin.py:154} INFO - [2025-05-04T03:33:37.115+0000] {dag.py:3722} INFO - Setting next_dagrun for example_sensors to None, run_after=None
[2025-05-04T03:33:37.121+0000] {processor.py:179} INFO - Processing /home/airflow/.local/lib/python3.8/site-packages/airflow/example_dags/example_sensors.py took 0.038 seconds
[2025-05-04T03:34:07.871+0000] {processor.py:157} INFO - Started process (PID=685) to work on /home/airflow/.local/lib/python3.8/site-packages/airflow/example_dags/example_sensors.py
[2025-05-04T03:34:07.872+0000] {processor.py:829} INFO - Processing file /home/airflow/.local/lib/python3.8/site-packages/airflow/example_dags/example_sensors.py for tasks to queue
[2025-05-04T03:34:07.874+0000] {logging_mixin.py:154} INFO - [2025-05-04T03:34:07.874+0000] {dagbag.py:536} INFO - Filling up the DagBag from /home/airflow/.local/lib/python3.8/site-packages/airflow/example_dags/example_sensors.py
[2025-05-04T03:34:07.880+0000] {processor.py:839} INFO - DAG(s) dict_keys(['example_sensors']) retrieved from /home/airflow/.local/lib/python3.8/site-packages/airflow/example_dags/example_sensors.py
[2025-05-04T03:34:07.898+0000] {logging_mixin.py:154} INFO - [2025-05-04T03:34:07.898+0000] {dag.py:2941} INFO - Sync 1 DAGs
[2025-05-04T03:34:07.904+0000] {logging_mixin.py:154} INFO - [2025-05-04T03:34:07.904+0000] {dag.py:3722} INFO - Setting next_dagrun for example_sensors to None, run_after=None
[2025-05-04T03:34:07.912+0000] {processor.py:179} INFO - Processing /home/airflow/.local/lib/python3.8/site-packages/airflow/example_dags/example_sensors.py took 0.042 seconds
[2025-05-04T03:34:38.941+0000] {processor.py:157} INFO - Started process (PID=740) to work on /home/airflow/.local/lib/python3.8/site-packages/airflow/example_dags/example_sensors.py
[2025-05-04T03:34:38.941+0000] {processor.py:829} INFO - Processing file /home/airflow/.local/lib/python3.8/site-packages/airflow/example_dags/example_sensors.py for tasks to queue
[2025-05-04T03:34:38.942+0000] {logging_mixin.py:154} INFO - [2025-05-04T03:34:38.942+0000] {dagbag.py:536} INFO - Filling up the DagBag from /home/airflow/.local/lib/python3.8/site-packages/airflow/example_dags/example_sensors.py
[2025-05-04T03:34:38.947+0000] {processor.py:839} INFO - DAG(s) dict_keys(['example_sensors']) retrieved from /home/airflow/.local/lib/python3.8/site-packages/airflow/example_dags/example_sensors.py
[2025-05-04T03:34:38.958+0000] {logging_mixin.py:154} INFO - [2025-05-04T03:34:38.958+0000] {dag.py:2941} INFO - Sync 1 DAGs
[2025-05-04T03:34:38.963+0000] {logging_mixin.py:154} INFO - [2025-05-04T03:34:38.963+0000] {dag.py:3722} INFO - Setting next_dagrun for example_sensors to None, run_after=None
[2025-05-04T03:34:38.969+0000] {processor.py:179} INFO - Processing /home/airflow/.local/lib/python3.8/site-packages/airflow/example_dags/example_sensors.py took 0.030 seconds
[2025-05-04T03:35:09.893+0000] {processor.py:157} INFO - Started process (PID=795) to work on /home/airflow/.local/lib/python3.8/site-packages/airflow/example_dags/example_sensors.py
[2025-05-04T03:35:09.893+0000] {processor.py:829} INFO - Processing file /home/airflow/.local/lib/python3.8/site-packages/airflow/example_dags/example_sensors.py for tasks to queue
[2025-05-04T03:35:09.894+0000] {logging_mixin.py:154} INFO - [2025-05-04T03:35:09.894+0000] {dagbag.py:536} INFO - Filling up the DagBag from /home/airflow/.local/lib/python3.8/site-packages/airflow/example_dags/example_sensors.py
[2025-05-04T03:35:09.902+0000] {processor.py:839} INFO - DAG(s) dict_keys(['example_sensors']) retrieved from /home/airflow/.local/lib/python3.8/site-packages/airflow/example_dags/example_sensors.py
[2025-05-04T03:35:09.918+0000] {logging_mixin.py:154} INFO - [2025-05-04T03:35:09.918+0000] {dag.py:2941} INFO - Sync 1 DAGs
[2025-05-04T03:35:09.924+0000] {logging_mixin.py:154} INFO - [2025-05-04T03:35:09.924+0000] {dag.py:3722} INFO - Setting next_dagrun for example_sensors to None, run_after=None
[2025-05-04T03:35:09.930+0000] {processor.py:179} INFO - Processing /home/airflow/.local/lib/python3.8/site-packages/airflow/example_dags/example_sensors.py took 0.039 seconds
