[2025-05-04T03:28:33.394+0000] {processor.py:157} INFO - Started process (PID=69) to work on /home/airflow/.local/lib/python3.8/site-packages/airflow/example_dags/example_branch_python_dop_operator_3.py
[2025-05-04T03:28:33.395+0000] {processor.py:829} INFO - Processing file /home/airflow/.local/lib/python3.8/site-packages/airflow/example_dags/example_branch_python_dop_operator_3.py for tasks to queue
[2025-05-04T03:28:33.398+0000] {logging_mixin.py:154} INFO - [2025-05-04T03:28:33.397+0000] {dagbag.py:536} INFO - Filling up the DagBag from /home/airflow/.local/lib/python3.8/site-packages/airflow/example_dags/example_branch_python_dop_operator_3.py
[2025-05-04T03:28:33.409+0000] {processor.py:839} INFO - DAG(s) dict_keys(['example_branch_dop_operator_v3']) retrieved from /home/airflow/.local/lib/python3.8/site-packages/airflow/example_dags/example_branch_python_dop_operator_3.py
[2025-05-04T03:28:33.423+0000] {logging_mixin.py:154} INFO - [2025-05-04T03:28:33.423+0000] {dag.py:2941} INFO - Sync 1 DAGs
[2025-05-04T03:28:33.450+0000] {logging_mixin.py:154} INFO - [2025-05-04T03:28:33.450+0000] {dag.py:3722} INFO - Setting next_dagrun for example_branch_dop_operator_v3 to 2025-05-04T03:27:00+00:00, run_after=2025-05-04T03:28:00+00:00
[2025-05-04T03:28:33.472+0000] {processor.py:179} INFO - Processing /home/airflow/.local/lib/python3.8/site-packages/airflow/example_dags/example_branch_python_dop_operator_3.py took 0.080 seconds
[2025-05-04T03:29:03.506+0000] {processor.py:157} INFO - Started process (PID=124) to work on /home/airflow/.local/lib/python3.8/site-packages/airflow/example_dags/example_branch_python_dop_operator_3.py
[2025-05-04T03:29:03.507+0000] {processor.py:829} INFO - Processing file /home/airflow/.local/lib/python3.8/site-packages/airflow/example_dags/example_branch_python_dop_operator_3.py for tasks to queue
[2025-05-04T03:29:03.508+0000] {logging_mixin.py:154} INFO - [2025-05-04T03:29:03.508+0000] {dagbag.py:536} INFO - Filling up the DagBag from /home/airflow/.local/lib/python3.8/site-packages/airflow/example_dags/example_branch_python_dop_operator_3.py
[2025-05-04T03:29:03.514+0000] {processor.py:839} INFO - DAG(s) dict_keys(['example_branch_dop_operator_v3']) retrieved from /home/airflow/.local/lib/python3.8/site-packages/airflow/example_dags/example_branch_python_dop_operator_3.py
[2025-05-04T03:29:03.526+0000] {logging_mixin.py:154} INFO - [2025-05-04T03:29:03.526+0000] {dag.py:2941} INFO - Sync 1 DAGs
[2025-05-04T03:29:03.537+0000] {logging_mixin.py:154} INFO - [2025-05-04T03:29:03.537+0000] {dag.py:3722} INFO - Setting next_dagrun for example_branch_dop_operator_v3 to 2025-05-04T03:28:00+00:00, run_after=2025-05-04T03:29:00+00:00
[2025-05-04T03:29:03.544+0000] {processor.py:179} INFO - Processing /home/airflow/.local/lib/python3.8/site-packages/airflow/example_dags/example_branch_python_dop_operator_3.py took 0.039 seconds
[2025-05-04T03:29:34.450+0000] {processor.py:157} INFO - Started process (PID=186) to work on /home/airflow/.local/lib/python3.8/site-packages/airflow/example_dags/example_branch_python_dop_operator_3.py
[2025-05-04T03:29:34.451+0000] {processor.py:829} INFO - Processing file /home/airflow/.local/lib/python3.8/site-packages/airflow/example_dags/example_branch_python_dop_operator_3.py for tasks to queue
[2025-05-04T03:29:34.453+0000] {logging_mixin.py:154} INFO - [2025-05-04T03:29:34.453+0000] {dagbag.py:536} INFO - Filling up the DagBag from /home/airflow/.local/lib/python3.8/site-packages/airflow/example_dags/example_branch_python_dop_operator_3.py
[2025-05-04T03:29:34.460+0000] {processor.py:839} INFO - DAG(s) dict_keys(['example_branch_dop_operator_v3']) retrieved from /home/airflow/.local/lib/python3.8/site-packages/airflow/example_dags/example_branch_python_dop_operator_3.py
[2025-05-04T03:29:34.472+0000] {logging_mixin.py:154} INFO - [2025-05-04T03:29:34.472+0000] {dag.py:2941} INFO - Sync 1 DAGs
[2025-05-04T03:29:34.492+0000] {logging_mixin.py:154} INFO - [2025-05-04T03:29:34.491+0000] {dag.py:3722} INFO - Setting next_dagrun for example_branch_dop_operator_v3 to 2025-05-04T03:28:00+00:00, run_after=2025-05-04T03:29:00+00:00
[2025-05-04T03:29:34.506+0000] {processor.py:179} INFO - Processing /home/airflow/.local/lib/python3.8/site-packages/airflow/example_dags/example_branch_python_dop_operator_3.py took 0.057 seconds
[2025-05-04T03:30:04.744+0000] {processor.py:157} INFO - Started process (PID=241) to work on /home/airflow/.local/lib/python3.8/site-packages/airflow/example_dags/example_branch_python_dop_operator_3.py
[2025-05-04T03:30:04.744+0000] {processor.py:829} INFO - Processing file /home/airflow/.local/lib/python3.8/site-packages/airflow/example_dags/example_branch_python_dop_operator_3.py for tasks to queue
[2025-05-04T03:30:04.747+0000] {logging_mixin.py:154} INFO - [2025-05-04T03:30:04.747+0000] {dagbag.py:536} INFO - Filling up the DagBag from /home/airflow/.local/lib/python3.8/site-packages/airflow/example_dags/example_branch_python_dop_operator_3.py
[2025-05-04T03:30:04.755+0000] {processor.py:839} INFO - DAG(s) dict_keys(['example_branch_dop_operator_v3']) retrieved from /home/airflow/.local/lib/python3.8/site-packages/airflow/example_dags/example_branch_python_dop_operator_3.py
[2025-05-04T03:30:04.770+0000] {logging_mixin.py:154} INFO - [2025-05-04T03:30:04.770+0000] {dag.py:2941} INFO - Sync 1 DAGs
[2025-05-04T03:30:04.786+0000] {logging_mixin.py:154} INFO - [2025-05-04T03:30:04.786+0000] {dag.py:3722} INFO - Setting next_dagrun for example_branch_dop_operator_v3 to 2025-05-04T03:29:00+00:00, run_after=2025-05-04T03:30:00+00:00
[2025-05-04T03:30:04.795+0000] {processor.py:179} INFO - Processing /home/airflow/.local/lib/python3.8/site-packages/airflow/example_dags/example_branch_python_dop_operator_3.py took 0.053 seconds
[2025-05-04T03:30:35.131+0000] {processor.py:157} INFO - Started process (PID=296) to work on /home/airflow/.local/lib/python3.8/site-packages/airflow/example_dags/example_branch_python_dop_operator_3.py
[2025-05-04T03:30:35.131+0000] {processor.py:829} INFO - Processing file /home/airflow/.local/lib/python3.8/site-packages/airflow/example_dags/example_branch_python_dop_operator_3.py for tasks to queue
[2025-05-04T03:30:35.132+0000] {logging_mixin.py:154} INFO - [2025-05-04T03:30:35.132+0000] {dagbag.py:536} INFO - Filling up the DagBag from /home/airflow/.local/lib/python3.8/site-packages/airflow/example_dags/example_branch_python_dop_operator_3.py
[2025-05-04T03:30:35.137+0000] {processor.py:839} INFO - DAG(s) dict_keys(['example_branch_dop_operator_v3']) retrieved from /home/airflow/.local/lib/python3.8/site-packages/airflow/example_dags/example_branch_python_dop_operator_3.py
[2025-05-04T03:30:35.149+0000] {logging_mixin.py:154} INFO - [2025-05-04T03:30:35.149+0000] {dag.py:2941} INFO - Sync 1 DAGs
[2025-05-04T03:30:35.161+0000] {logging_mixin.py:154} INFO - [2025-05-04T03:30:35.161+0000] {dag.py:3722} INFO - Setting next_dagrun for example_branch_dop_operator_v3 to 2025-05-04T03:29:00+00:00, run_after=2025-05-04T03:30:00+00:00
[2025-05-04T03:30:35.174+0000] {processor.py:179} INFO - Processing /home/airflow/.local/lib/python3.8/site-packages/airflow/example_dags/example_branch_python_dop_operator_3.py took 0.045 seconds
[2025-05-04T03:31:05.341+0000] {processor.py:157} INFO - Started process (PID=352) to work on /home/airflow/.local/lib/python3.8/site-packages/airflow/example_dags/example_branch_python_dop_operator_3.py
[2025-05-04T03:31:05.341+0000] {processor.py:829} INFO - Processing file /home/airflow/.local/lib/python3.8/site-packages/airflow/example_dags/example_branch_python_dop_operator_3.py for tasks to queue
[2025-05-04T03:31:05.342+0000] {logging_mixin.py:154} INFO - [2025-05-04T03:31:05.342+0000] {dagbag.py:536} INFO - Filling up the DagBag from /home/airflow/.local/lib/python3.8/site-packages/airflow/example_dags/example_branch_python_dop_operator_3.py
[2025-05-04T03:31:05.347+0000] {processor.py:839} INFO - DAG(s) dict_keys(['example_branch_dop_operator_v3']) retrieved from /home/airflow/.local/lib/python3.8/site-packages/airflow/example_dags/example_branch_python_dop_operator_3.py
[2025-05-04T03:31:05.358+0000] {logging_mixin.py:154} INFO - [2025-05-04T03:31:05.358+0000] {dag.py:2941} INFO - Sync 1 DAGs
[2025-05-04T03:31:05.377+0000] {logging_mixin.py:154} INFO - [2025-05-04T03:31:05.377+0000] {dag.py:3722} INFO - Setting next_dagrun for example_branch_dop_operator_v3 to 2025-05-04T03:30:00+00:00, run_after=2025-05-04T03:31:00+00:00
[2025-05-04T03:31:05.393+0000] {processor.py:179} INFO - Processing /home/airflow/.local/lib/python3.8/site-packages/airflow/example_dags/example_branch_python_dop_operator_3.py took 0.053 seconds
[2025-05-04T03:31:36.353+0000] {processor.py:157} INFO - Started process (PID=407) to work on /home/airflow/.local/lib/python3.8/site-packages/airflow/example_dags/example_branch_python_dop_operator_3.py
[2025-05-04T03:31:36.354+0000] {processor.py:829} INFO - Processing file /home/airflow/.local/lib/python3.8/site-packages/airflow/example_dags/example_branch_python_dop_operator_3.py for tasks to queue
[2025-05-04T03:31:36.355+0000] {logging_mixin.py:154} INFO - [2025-05-04T03:31:36.355+0000] {dagbag.py:536} INFO - Filling up the DagBag from /home/airflow/.local/lib/python3.8/site-packages/airflow/example_dags/example_branch_python_dop_operator_3.py
[2025-05-04T03:31:36.362+0000] {processor.py:839} INFO - DAG(s) dict_keys(['example_branch_dop_operator_v3']) retrieved from /home/airflow/.local/lib/python3.8/site-packages/airflow/example_dags/example_branch_python_dop_operator_3.py
[2025-05-04T03:31:36.374+0000] {logging_mixin.py:154} INFO - [2025-05-04T03:31:36.374+0000] {dag.py:2941} INFO - Sync 1 DAGs
[2025-05-04T03:31:36.390+0000] {logging_mixin.py:154} INFO - [2025-05-04T03:31:36.390+0000] {dag.py:3722} INFO - Setting next_dagrun for example_branch_dop_operator_v3 to 2025-05-04T03:30:00+00:00, run_after=2025-05-04T03:31:00+00:00
[2025-05-04T03:31:36.401+0000] {processor.py:179} INFO - Processing /home/airflow/.local/lib/python3.8/site-packages/airflow/example_dags/example_branch_python_dop_operator_3.py took 0.049 seconds
[2025-05-04T03:32:06.468+0000] {processor.py:157} INFO - Started process (PID=462) to work on /home/airflow/.local/lib/python3.8/site-packages/airflow/example_dags/example_branch_python_dop_operator_3.py
[2025-05-04T03:32:06.468+0000] {processor.py:829} INFO - Processing file /home/airflow/.local/lib/python3.8/site-packages/airflow/example_dags/example_branch_python_dop_operator_3.py for tasks to queue
[2025-05-04T03:32:06.470+0000] {logging_mixin.py:154} INFO - [2025-05-04T03:32:06.470+0000] {dagbag.py:536} INFO - Filling up the DagBag from /home/airflow/.local/lib/python3.8/site-packages/airflow/example_dags/example_branch_python_dop_operator_3.py
[2025-05-04T03:32:06.478+0000] {processor.py:839} INFO - DAG(s) dict_keys(['example_branch_dop_operator_v3']) retrieved from /home/airflow/.local/lib/python3.8/site-packages/airflow/example_dags/example_branch_python_dop_operator_3.py
[2025-05-04T03:32:06.490+0000] {logging_mixin.py:154} INFO - [2025-05-04T03:32:06.490+0000] {dag.py:2941} INFO - Sync 1 DAGs
[2025-05-04T03:32:06.503+0000] {logging_mixin.py:154} INFO - [2025-05-04T03:32:06.503+0000] {dag.py:3722} INFO - Setting next_dagrun for example_branch_dop_operator_v3 to 2025-05-04T03:31:00+00:00, run_after=2025-05-04T03:32:00+00:00
[2025-05-04T03:32:06.511+0000] {processor.py:179} INFO - Processing /home/airflow/.local/lib/python3.8/site-packages/airflow/example_dags/example_branch_python_dop_operator_3.py took 0.044 seconds
[2025-05-04T03:32:36.593+0000] {processor.py:157} INFO - Started process (PID=517) to work on /home/airflow/.local/lib/python3.8/site-packages/airflow/example_dags/example_branch_python_dop_operator_3.py
[2025-05-04T03:32:36.594+0000] {processor.py:829} INFO - Processing file /home/airflow/.local/lib/python3.8/site-packages/airflow/example_dags/example_branch_python_dop_operator_3.py for tasks to queue
[2025-05-04T03:32:36.596+0000] {logging_mixin.py:154} INFO - [2025-05-04T03:32:36.596+0000] {dagbag.py:536} INFO - Filling up the DagBag from /home/airflow/.local/lib/python3.8/site-packages/airflow/example_dags/example_branch_python_dop_operator_3.py
[2025-05-04T03:32:36.601+0000] {processor.py:839} INFO - DAG(s) dict_keys(['example_branch_dop_operator_v3']) retrieved from /home/airflow/.local/lib/python3.8/site-packages/airflow/example_dags/example_branch_python_dop_operator_3.py
[2025-05-04T03:32:36.612+0000] {logging_mixin.py:154} INFO - [2025-05-04T03:32:36.612+0000] {dag.py:2941} INFO - Sync 1 DAGs
[2025-05-04T03:32:36.628+0000] {logging_mixin.py:154} INFO - [2025-05-04T03:32:36.627+0000] {dag.py:3722} INFO - Setting next_dagrun for example_branch_dop_operator_v3 to 2025-05-04T03:31:00+00:00, run_after=2025-05-04T03:32:00+00:00
[2025-05-04T03:32:36.642+0000] {processor.py:179} INFO - Processing /home/airflow/.local/lib/python3.8/site-packages/airflow/example_dags/example_branch_python_dop_operator_3.py took 0.050 seconds
[2025-05-04T03:33:06.900+0000] {processor.py:157} INFO - Started process (PID=572) to work on /home/airflow/.local/lib/python3.8/site-packages/airflow/example_dags/example_branch_python_dop_operator_3.py
[2025-05-04T03:33:06.901+0000] {processor.py:829} INFO - Processing file /home/airflow/.local/lib/python3.8/site-packages/airflow/example_dags/example_branch_python_dop_operator_3.py for tasks to queue
[2025-05-04T03:33:06.902+0000] {logging_mixin.py:154} INFO - [2025-05-04T03:33:06.902+0000] {dagbag.py:536} INFO - Filling up the DagBag from /home/airflow/.local/lib/python3.8/site-packages/airflow/example_dags/example_branch_python_dop_operator_3.py
[2025-05-04T03:33:06.908+0000] {processor.py:839} INFO - DAG(s) dict_keys(['example_branch_dop_operator_v3']) retrieved from /home/airflow/.local/lib/python3.8/site-packages/airflow/example_dags/example_branch_python_dop_operator_3.py
[2025-05-04T03:33:06.918+0000] {logging_mixin.py:154} INFO - [2025-05-04T03:33:06.918+0000] {dag.py:2941} INFO - Sync 1 DAGs
[2025-05-04T03:33:06.937+0000] {logging_mixin.py:154} INFO - [2025-05-04T03:33:06.937+0000] {dag.py:3722} INFO - Setting next_dagrun for example_branch_dop_operator_v3 to 2025-05-04T03:32:00+00:00, run_after=2025-05-04T03:33:00+00:00
[2025-05-04T03:33:06.948+0000] {processor.py:179} INFO - Processing /home/airflow/.local/lib/python3.8/site-packages/airflow/example_dags/example_branch_python_dop_operator_3.py took 0.050 seconds
[2025-05-04T03:33:37.017+0000] {processor.py:157} INFO - Started process (PID=627) to work on /home/airflow/.local/lib/python3.8/site-packages/airflow/example_dags/example_branch_python_dop_operator_3.py
[2025-05-04T03:33:37.017+0000] {processor.py:829} INFO - Processing file /home/airflow/.local/lib/python3.8/site-packages/airflow/example_dags/example_branch_python_dop_operator_3.py for tasks to queue
[2025-05-04T03:33:37.019+0000] {logging_mixin.py:154} INFO - [2025-05-04T03:33:37.019+0000] {dagbag.py:536} INFO - Filling up the DagBag from /home/airflow/.local/lib/python3.8/site-packages/airflow/example_dags/example_branch_python_dop_operator_3.py
[2025-05-04T03:33:37.023+0000] {processor.py:839} INFO - DAG(s) dict_keys(['example_branch_dop_operator_v3']) retrieved from /home/airflow/.local/lib/python3.8/site-packages/airflow/example_dags/example_branch_python_dop_operator_3.py
[2025-05-04T03:33:37.033+0000] {logging_mixin.py:154} INFO - [2025-05-04T03:33:37.033+0000] {dag.py:2941} INFO - Sync 1 DAGs
[2025-05-04T03:33:37.050+0000] {logging_mixin.py:154} INFO - [2025-05-04T03:33:37.050+0000] {dag.py:3722} INFO - Setting next_dagrun for example_branch_dop_operator_v3 to 2025-05-04T03:32:00+00:00, run_after=2025-05-04T03:33:00+00:00
[2025-05-04T03:33:37.059+0000] {processor.py:179} INFO - Processing /home/airflow/.local/lib/python3.8/site-packages/airflow/example_dags/example_branch_python_dop_operator_3.py took 0.044 seconds
[2025-05-04T03:34:07.823+0000] {processor.py:157} INFO - Started process (PID=682) to work on /home/airflow/.local/lib/python3.8/site-packages/airflow/example_dags/example_branch_python_dop_operator_3.py
[2025-05-04T03:34:07.824+0000] {processor.py:829} INFO - Processing file /home/airflow/.local/lib/python3.8/site-packages/airflow/example_dags/example_branch_python_dop_operator_3.py for tasks to queue
[2025-05-04T03:34:07.825+0000] {logging_mixin.py:154} INFO - [2025-05-04T03:34:07.825+0000] {dagbag.py:536} INFO - Filling up the DagBag from /home/airflow/.local/lib/python3.8/site-packages/airflow/example_dags/example_branch_python_dop_operator_3.py
[2025-05-04T03:34:07.829+0000] {processor.py:839} INFO - DAG(s) dict_keys(['example_branch_dop_operator_v3']) retrieved from /home/airflow/.local/lib/python3.8/site-packages/airflow/example_dags/example_branch_python_dop_operator_3.py
[2025-05-04T03:34:07.838+0000] {logging_mixin.py:154} INFO - [2025-05-04T03:34:07.838+0000] {dag.py:2941} INFO - Sync 1 DAGs
[2025-05-04T03:34:07.849+0000] {logging_mixin.py:154} INFO - [2025-05-04T03:34:07.849+0000] {dag.py:3722} INFO - Setting next_dagrun for example_branch_dop_operator_v3 to 2025-05-04T03:33:00+00:00, run_after=2025-05-04T03:34:00+00:00
[2025-05-04T03:34:07.858+0000] {processor.py:179} INFO - Processing /home/airflow/.local/lib/python3.8/site-packages/airflow/example_dags/example_branch_python_dop_operator_3.py took 0.037 seconds
[2025-05-04T03:34:38.856+0000] {processor.py:157} INFO - Started process (PID=737) to work on /home/airflow/.local/lib/python3.8/site-packages/airflow/example_dags/example_branch_python_dop_operator_3.py
[2025-05-04T03:34:38.856+0000] {processor.py:829} INFO - Processing file /home/airflow/.local/lib/python3.8/site-packages/airflow/example_dags/example_branch_python_dop_operator_3.py for tasks to queue
[2025-05-04T03:34:38.858+0000] {logging_mixin.py:154} INFO - [2025-05-04T03:34:38.858+0000] {dagbag.py:536} INFO - Filling up the DagBag from /home/airflow/.local/lib/python3.8/site-packages/airflow/example_dags/example_branch_python_dop_operator_3.py
[2025-05-04T03:34:38.865+0000] {processor.py:839} INFO - DAG(s) dict_keys(['example_branch_dop_operator_v3']) retrieved from /home/airflow/.local/lib/python3.8/site-packages/airflow/example_dags/example_branch_python_dop_operator_3.py
[2025-05-04T03:34:38.879+0000] {logging_mixin.py:154} INFO - [2025-05-04T03:34:38.878+0000] {dag.py:2941} INFO - Sync 1 DAGs
[2025-05-04T03:34:38.892+0000] {logging_mixin.py:154} INFO - [2025-05-04T03:34:38.892+0000] {dag.py:3722} INFO - Setting next_dagrun for example_branch_dop_operator_v3 to 2025-05-04T03:33:00+00:00, run_after=2025-05-04T03:34:00+00:00
[2025-05-04T03:34:38.899+0000] {processor.py:179} INFO - Processing /home/airflow/.local/lib/python3.8/site-packages/airflow/example_dags/example_branch_python_dop_operator_3.py took 0.044 seconds
[2025-05-04T03:35:09.827+0000] {processor.py:157} INFO - Started process (PID=792) to work on /home/airflow/.local/lib/python3.8/site-packages/airflow/example_dags/example_branch_python_dop_operator_3.py
[2025-05-04T03:35:09.828+0000] {processor.py:829} INFO - Processing file /home/airflow/.local/lib/python3.8/site-packages/airflow/example_dags/example_branch_python_dop_operator_3.py for tasks to queue
[2025-05-04T03:35:09.830+0000] {logging_mixin.py:154} INFO - [2025-05-04T03:35:09.830+0000] {dagbag.py:536} INFO - Filling up the DagBag from /home/airflow/.local/lib/python3.8/site-packages/airflow/example_dags/example_branch_python_dop_operator_3.py
[2025-05-04T03:35:09.836+0000] {processor.py:839} INFO - DAG(s) dict_keys(['example_branch_dop_operator_v3']) retrieved from /home/airflow/.local/lib/python3.8/site-packages/airflow/example_dags/example_branch_python_dop_operator_3.py
[2025-05-04T03:35:09.848+0000] {logging_mixin.py:154} INFO - [2025-05-04T03:35:09.848+0000] {dag.py:2941} INFO - Sync 1 DAGs
[2025-05-04T03:35:09.864+0000] {logging_mixin.py:154} INFO - [2025-05-04T03:35:09.864+0000] {dag.py:3722} INFO - Setting next_dagrun for example_branch_dop_operator_v3 to 2025-05-04T03:34:00+00:00, run_after=2025-05-04T03:35:00+00:00
[2025-05-04T03:35:09.876+0000] {processor.py:179} INFO - Processing /home/airflow/.local/lib/python3.8/site-packages/airflow/example_dags/example_branch_python_dop_operator_3.py took 0.050 seconds
