[2025-05-04T03:28:32.859+0000] {processor.py:157} INFO - Started process (PID=60) to work on /home/airflow/.local/lib/python3.8/site-packages/airflow/example_dags/example_kubernetes_executor.py
[2025-05-04T03:28:32.861+0000] {processor.py:829} INFO - Processing file /home/airflow/.local/lib/python3.8/site-packages/airflow/example_dags/example_kubernetes_executor.py for tasks to queue
[2025-05-04T03:28:32.863+0000] {logging_mixin.py:154} INFO - [2025-05-04T03:28:32.863+0000] {dagbag.py:536} INFO - Filling up the DagBag from /home/airflow/.local/lib/python3.8/site-packages/airflow/example_dags/example_kubernetes_executor.py
[2025-05-04T03:28:32.879+0000] {processor.py:839} INFO - DAG(s) dict_keys(['example_kubernetes_executor']) retrieved from /home/airflow/.local/lib/python3.8/site-packages/airflow/example_dags/example_kubernetes_executor.py
[2025-05-04T03:28:32.896+0000] {logging_mixin.py:154} INFO - [2025-05-04T03:28:32.896+0000] {dag.py:2941} INFO - Sync 1 DAGs
[2025-05-04T03:28:32.915+0000] {logging_mixin.py:154} INFO - [2025-05-04T03:28:32.915+0000] {dag.py:3722} INFO - Setting next_dagrun for example_kubernetes_executor to None, run_after=None
[2025-05-04T03:28:32.931+0000] {processor.py:179} INFO - Processing /home/airflow/.local/lib/python3.8/site-packages/airflow/example_dags/example_kubernetes_executor.py took 0.076 seconds
[2025-05-04T03:29:03.213+0000] {processor.py:157} INFO - Started process (PID=115) to work on /home/airflow/.local/lib/python3.8/site-packages/airflow/example_dags/example_kubernetes_executor.py
[2025-05-04T03:29:03.214+0000] {processor.py:829} INFO - Processing file /home/airflow/.local/lib/python3.8/site-packages/airflow/example_dags/example_kubernetes_executor.py for tasks to queue
[2025-05-04T03:29:03.216+0000] {logging_mixin.py:154} INFO - [2025-05-04T03:29:03.216+0000] {dagbag.py:536} INFO - Filling up the DagBag from /home/airflow/.local/lib/python3.8/site-packages/airflow/example_dags/example_kubernetes_executor.py
[2025-05-04T03:29:03.229+0000] {processor.py:839} INFO - DAG(s) dict_keys(['example_kubernetes_executor']) retrieved from /home/airflow/.local/lib/python3.8/site-packages/airflow/example_dags/example_kubernetes_executor.py
[2025-05-04T03:29:03.270+0000] {logging_mixin.py:154} INFO - [2025-05-04T03:29:03.270+0000] {dag.py:2941} INFO - Sync 1 DAGs
[2025-05-04T03:29:03.281+0000] {logging_mixin.py:154} INFO - [2025-05-04T03:29:03.281+0000] {dag.py:3722} INFO - Setting next_dagrun for example_kubernetes_executor to None, run_after=None
[2025-05-04T03:29:03.291+0000] {processor.py:179} INFO - Processing /home/airflow/.local/lib/python3.8/site-packages/airflow/example_dags/example_kubernetes_executor.py took 0.079 seconds
[2025-05-04T03:29:34.115+0000] {processor.py:157} INFO - Started process (PID=170) to work on /home/airflow/.local/lib/python3.8/site-packages/airflow/example_dags/example_kubernetes_executor.py
[2025-05-04T03:29:34.116+0000] {processor.py:829} INFO - Processing file /home/airflow/.local/lib/python3.8/site-packages/airflow/example_dags/example_kubernetes_executor.py for tasks to queue
[2025-05-04T03:29:34.118+0000] {logging_mixin.py:154} INFO - [2025-05-04T03:29:34.118+0000] {dagbag.py:536} INFO - Filling up the DagBag from /home/airflow/.local/lib/python3.8/site-packages/airflow/example_dags/example_kubernetes_executor.py
[2025-05-04T03:29:34.135+0000] {processor.py:839} INFO - DAG(s) dict_keys(['example_kubernetes_executor']) retrieved from /home/airflow/.local/lib/python3.8/site-packages/airflow/example_dags/example_kubernetes_executor.py
[2025-05-04T03:29:34.173+0000] {logging_mixin.py:154} INFO - [2025-05-04T03:29:34.172+0000] {dag.py:2941} INFO - Sync 1 DAGs
[2025-05-04T03:29:34.182+0000] {logging_mixin.py:154} INFO - [2025-05-04T03:29:34.182+0000] {dag.py:3722} INFO - Setting next_dagrun for example_kubernetes_executor to None, run_after=None
[2025-05-04T03:29:34.194+0000] {processor.py:179} INFO - Processing /home/airflow/.local/lib/python3.8/site-packages/airflow/example_dags/example_kubernetes_executor.py took 0.083 seconds
[2025-05-04T03:30:04.409+0000] {processor.py:157} INFO - Started process (PID=231) to work on /home/airflow/.local/lib/python3.8/site-packages/airflow/example_dags/example_kubernetes_executor.py
[2025-05-04T03:30:04.410+0000] {processor.py:829} INFO - Processing file /home/airflow/.local/lib/python3.8/site-packages/airflow/example_dags/example_kubernetes_executor.py for tasks to queue
[2025-05-04T03:30:04.411+0000] {logging_mixin.py:154} INFO - [2025-05-04T03:30:04.411+0000] {dagbag.py:536} INFO - Filling up the DagBag from /home/airflow/.local/lib/python3.8/site-packages/airflow/example_dags/example_kubernetes_executor.py
[2025-05-04T03:30:04.422+0000] {processor.py:839} INFO - DAG(s) dict_keys(['example_kubernetes_executor']) retrieved from /home/airflow/.local/lib/python3.8/site-packages/airflow/example_dags/example_kubernetes_executor.py
[2025-05-04T03:30:04.446+0000] {logging_mixin.py:154} INFO - [2025-05-04T03:30:04.445+0000] {dag.py:2941} INFO - Sync 1 DAGs
[2025-05-04T03:30:04.451+0000] {logging_mixin.py:154} INFO - [2025-05-04T03:30:04.451+0000] {dag.py:3722} INFO - Setting next_dagrun for example_kubernetes_executor to None, run_after=None
[2025-05-04T03:30:04.459+0000] {processor.py:179} INFO - Processing /home/airflow/.local/lib/python3.8/site-packages/airflow/example_dags/example_kubernetes_executor.py took 0.052 seconds
[2025-05-04T03:30:34.771+0000] {processor.py:157} INFO - Started process (PID=287) to work on /home/airflow/.local/lib/python3.8/site-packages/airflow/example_dags/example_kubernetes_executor.py
[2025-05-04T03:30:34.772+0000] {processor.py:829} INFO - Processing file /home/airflow/.local/lib/python3.8/site-packages/airflow/example_dags/example_kubernetes_executor.py for tasks to queue
[2025-05-04T03:30:34.774+0000] {logging_mixin.py:154} INFO - [2025-05-04T03:30:34.773+0000] {dagbag.py:536} INFO - Filling up the DagBag from /home/airflow/.local/lib/python3.8/site-packages/airflow/example_dags/example_kubernetes_executor.py
[2025-05-04T03:30:34.789+0000] {processor.py:839} INFO - DAG(s) dict_keys(['example_kubernetes_executor']) retrieved from /home/airflow/.local/lib/python3.8/site-packages/airflow/example_dags/example_kubernetes_executor.py
[2025-05-04T03:30:34.817+0000] {logging_mixin.py:154} INFO - [2025-05-04T03:30:34.817+0000] {dag.py:2941} INFO - Sync 1 DAGs
[2025-05-04T03:30:34.831+0000] {logging_mixin.py:154} INFO - [2025-05-04T03:30:34.831+0000] {dag.py:3722} INFO - Setting next_dagrun for example_kubernetes_executor to None, run_after=None
[2025-05-04T03:30:34.846+0000] {processor.py:179} INFO - Processing /home/airflow/.local/lib/python3.8/site-packages/airflow/example_dags/example_kubernetes_executor.py took 0.076 seconds
[2025-05-04T03:31:05.027+0000] {processor.py:157} INFO - Started process (PID=343) to work on /home/airflow/.local/lib/python3.8/site-packages/airflow/example_dags/example_kubernetes_executor.py
[2025-05-04T03:31:05.027+0000] {processor.py:829} INFO - Processing file /home/airflow/.local/lib/python3.8/site-packages/airflow/example_dags/example_kubernetes_executor.py for tasks to queue
[2025-05-04T03:31:05.029+0000] {logging_mixin.py:154} INFO - [2025-05-04T03:31:05.029+0000] {dagbag.py:536} INFO - Filling up the DagBag from /home/airflow/.local/lib/python3.8/site-packages/airflow/example_dags/example_kubernetes_executor.py
[2025-05-04T03:31:05.044+0000] {processor.py:839} INFO - DAG(s) dict_keys(['example_kubernetes_executor']) retrieved from /home/airflow/.local/lib/python3.8/site-packages/airflow/example_dags/example_kubernetes_executor.py
[2025-05-04T03:31:05.075+0000] {logging_mixin.py:154} INFO - [2025-05-04T03:31:05.074+0000] {dag.py:2941} INFO - Sync 1 DAGs
[2025-05-04T03:31:05.081+0000] {logging_mixin.py:154} INFO - [2025-05-04T03:31:05.081+0000] {dag.py:3722} INFO - Setting next_dagrun for example_kubernetes_executor to None, run_after=None
[2025-05-04T03:31:05.096+0000] {processor.py:179} INFO - Processing /home/airflow/.local/lib/python3.8/site-packages/airflow/example_dags/example_kubernetes_executor.py took 0.072 seconds
[2025-05-04T03:31:36.030+0000] {processor.py:157} INFO - Started process (PID=398) to work on /home/airflow/.local/lib/python3.8/site-packages/airflow/example_dags/example_kubernetes_executor.py
[2025-05-04T03:31:36.031+0000] {processor.py:829} INFO - Processing file /home/airflow/.local/lib/python3.8/site-packages/airflow/example_dags/example_kubernetes_executor.py for tasks to queue
[2025-05-04T03:31:36.033+0000] {logging_mixin.py:154} INFO - [2025-05-04T03:31:36.033+0000] {dagbag.py:536} INFO - Filling up the DagBag from /home/airflow/.local/lib/python3.8/site-packages/airflow/example_dags/example_kubernetes_executor.py
[2025-05-04T03:31:36.041+0000] {processor.py:839} INFO - DAG(s) dict_keys(['example_kubernetes_executor']) retrieved from /home/airflow/.local/lib/python3.8/site-packages/airflow/example_dags/example_kubernetes_executor.py
[2025-05-04T03:31:36.069+0000] {logging_mixin.py:154} INFO - [2025-05-04T03:31:36.069+0000] {dag.py:2941} INFO - Sync 1 DAGs
[2025-05-04T03:31:36.074+0000] {logging_mixin.py:154} INFO - [2025-05-04T03:31:36.074+0000] {dag.py:3722} INFO - Setting next_dagrun for example_kubernetes_executor to None, run_after=None
[2025-05-04T03:31:36.083+0000] {processor.py:179} INFO - Processing /home/airflow/.local/lib/python3.8/site-packages/airflow/example_dags/example_kubernetes_executor.py took 0.055 seconds
[2025-05-04T03:32:06.207+0000] {processor.py:157} INFO - Started process (PID=453) to work on /home/airflow/.local/lib/python3.8/site-packages/airflow/example_dags/example_kubernetes_executor.py
[2025-05-04T03:32:06.208+0000] {processor.py:829} INFO - Processing file /home/airflow/.local/lib/python3.8/site-packages/airflow/example_dags/example_kubernetes_executor.py for tasks to queue
[2025-05-04T03:32:06.210+0000] {logging_mixin.py:154} INFO - [2025-05-04T03:32:06.210+0000] {dagbag.py:536} INFO - Filling up the DagBag from /home/airflow/.local/lib/python3.8/site-packages/airflow/example_dags/example_kubernetes_executor.py
[2025-05-04T03:32:06.223+0000] {processor.py:839} INFO - DAG(s) dict_keys(['example_kubernetes_executor']) retrieved from /home/airflow/.local/lib/python3.8/site-packages/airflow/example_dags/example_kubernetes_executor.py
[2025-05-04T03:32:06.248+0000] {logging_mixin.py:154} INFO - [2025-05-04T03:32:06.248+0000] {dag.py:2941} INFO - Sync 1 DAGs
[2025-05-04T03:32:06.257+0000] {logging_mixin.py:154} INFO - [2025-05-04T03:32:06.257+0000] {dag.py:3722} INFO - Setting next_dagrun for example_kubernetes_executor to None, run_after=None
[2025-05-04T03:32:06.271+0000] {processor.py:179} INFO - Processing /home/airflow/.local/lib/python3.8/site-packages/airflow/example_dags/example_kubernetes_executor.py took 0.066 seconds
[2025-05-04T03:32:36.345+0000] {processor.py:157} INFO - Started process (PID=509) to work on /home/airflow/.local/lib/python3.8/site-packages/airflow/example_dags/example_kubernetes_executor.py
[2025-05-04T03:32:36.347+0000] {processor.py:829} INFO - Processing file /home/airflow/.local/lib/python3.8/site-packages/airflow/example_dags/example_kubernetes_executor.py for tasks to queue
[2025-05-04T03:32:36.349+0000] {logging_mixin.py:154} INFO - [2025-05-04T03:32:36.349+0000] {dagbag.py:536} INFO - Filling up the DagBag from /home/airflow/.local/lib/python3.8/site-packages/airflow/example_dags/example_kubernetes_executor.py
[2025-05-04T03:32:36.359+0000] {processor.py:839} INFO - DAG(s) dict_keys(['example_kubernetes_executor']) retrieved from /home/airflow/.local/lib/python3.8/site-packages/airflow/example_dags/example_kubernetes_executor.py
[2025-05-04T03:32:36.377+0000] {logging_mixin.py:154} INFO - [2025-05-04T03:32:36.377+0000] {dag.py:2941} INFO - Sync 1 DAGs
[2025-05-04T03:32:36.386+0000] {logging_mixin.py:154} INFO - [2025-05-04T03:32:36.385+0000] {dag.py:3722} INFO - Setting next_dagrun for example_kubernetes_executor to None, run_after=None
[2025-05-04T03:32:36.394+0000] {processor.py:179} INFO - Processing /home/airflow/.local/lib/python3.8/site-packages/airflow/example_dags/example_kubernetes_executor.py took 0.051 seconds
[2025-05-04T03:33:06.605+0000] {processor.py:157} INFO - Started process (PID=564) to work on /home/airflow/.local/lib/python3.8/site-packages/airflow/example_dags/example_kubernetes_executor.py
[2025-05-04T03:33:06.606+0000] {processor.py:829} INFO - Processing file /home/airflow/.local/lib/python3.8/site-packages/airflow/example_dags/example_kubernetes_executor.py for tasks to queue
[2025-05-04T03:33:06.607+0000] {logging_mixin.py:154} INFO - [2025-05-04T03:33:06.607+0000] {dagbag.py:536} INFO - Filling up the DagBag from /home/airflow/.local/lib/python3.8/site-packages/airflow/example_dags/example_kubernetes_executor.py
[2025-05-04T03:33:06.618+0000] {processor.py:839} INFO - DAG(s) dict_keys(['example_kubernetes_executor']) retrieved from /home/airflow/.local/lib/python3.8/site-packages/airflow/example_dags/example_kubernetes_executor.py
[2025-05-04T03:33:06.650+0000] {logging_mixin.py:154} INFO - [2025-05-04T03:33:06.649+0000] {dag.py:2941} INFO - Sync 1 DAGs
[2025-05-04T03:33:06.662+0000] {logging_mixin.py:154} INFO - [2025-05-04T03:33:06.660+0000] {dag.py:3722} INFO - Setting next_dagrun for example_kubernetes_executor to None, run_after=None
[2025-05-04T03:33:06.684+0000] {processor.py:179} INFO - Processing /home/airflow/.local/lib/python3.8/site-packages/airflow/example_dags/example_kubernetes_executor.py took 0.081 seconds
[2025-05-04T03:33:36.732+0000] {processor.py:157} INFO - Started process (PID=618) to work on /home/airflow/.local/lib/python3.8/site-packages/airflow/example_dags/example_kubernetes_executor.py
[2025-05-04T03:33:36.733+0000] {processor.py:829} INFO - Processing file /home/airflow/.local/lib/python3.8/site-packages/airflow/example_dags/example_kubernetes_executor.py for tasks to queue
[2025-05-04T03:33:36.735+0000] {logging_mixin.py:154} INFO - [2025-05-04T03:33:36.735+0000] {dagbag.py:536} INFO - Filling up the DagBag from /home/airflow/.local/lib/python3.8/site-packages/airflow/example_dags/example_kubernetes_executor.py
[2025-05-04T03:33:36.748+0000] {processor.py:839} INFO - DAG(s) dict_keys(['example_kubernetes_executor']) retrieved from /home/airflow/.local/lib/python3.8/site-packages/airflow/example_dags/example_kubernetes_executor.py
[2025-05-04T03:33:36.777+0000] {logging_mixin.py:154} INFO - [2025-05-04T03:33:36.777+0000] {dag.py:2941} INFO - Sync 1 DAGs
[2025-05-04T03:33:36.785+0000] {logging_mixin.py:154} INFO - [2025-05-04T03:33:36.784+0000] {dag.py:3722} INFO - Setting next_dagrun for example_kubernetes_executor to None, run_after=None
[2025-05-04T03:33:36.796+0000] {processor.py:179} INFO - Processing /home/airflow/.local/lib/python3.8/site-packages/airflow/example_dags/example_kubernetes_executor.py took 0.066 seconds
[2025-05-04T03:34:07.563+0000] {processor.py:157} INFO - Started process (PID=673) to work on /home/airflow/.local/lib/python3.8/site-packages/airflow/example_dags/example_kubernetes_executor.py
[2025-05-04T03:34:07.565+0000] {processor.py:829} INFO - Processing file /home/airflow/.local/lib/python3.8/site-packages/airflow/example_dags/example_kubernetes_executor.py for tasks to queue
[2025-05-04T03:34:07.566+0000] {logging_mixin.py:154} INFO - [2025-05-04T03:34:07.566+0000] {dagbag.py:536} INFO - Filling up the DagBag from /home/airflow/.local/lib/python3.8/site-packages/airflow/example_dags/example_kubernetes_executor.py
[2025-05-04T03:34:07.579+0000] {processor.py:839} INFO - DAG(s) dict_keys(['example_kubernetes_executor']) retrieved from /home/airflow/.local/lib/python3.8/site-packages/airflow/example_dags/example_kubernetes_executor.py
[2025-05-04T03:34:07.598+0000] {logging_mixin.py:154} INFO - [2025-05-04T03:34:07.598+0000] {dag.py:2941} INFO - Sync 1 DAGs
[2025-05-04T03:34:07.605+0000] {logging_mixin.py:154} INFO - [2025-05-04T03:34:07.605+0000] {dag.py:3722} INFO - Setting next_dagrun for example_kubernetes_executor to None, run_after=None
[2025-05-04T03:34:07.615+0000] {processor.py:179} INFO - Processing /home/airflow/.local/lib/python3.8/site-packages/airflow/example_dags/example_kubernetes_executor.py took 0.053 seconds
[2025-05-04T03:34:38.596+0000] {processor.py:157} INFO - Started process (PID=728) to work on /home/airflow/.local/lib/python3.8/site-packages/airflow/example_dags/example_kubernetes_executor.py
[2025-05-04T03:34:38.596+0000] {processor.py:829} INFO - Processing file /home/airflow/.local/lib/python3.8/site-packages/airflow/example_dags/example_kubernetes_executor.py for tasks to queue
[2025-05-04T03:34:38.597+0000] {logging_mixin.py:154} INFO - [2025-05-04T03:34:38.597+0000] {dagbag.py:536} INFO - Filling up the DagBag from /home/airflow/.local/lib/python3.8/site-packages/airflow/example_dags/example_kubernetes_executor.py
[2025-05-04T03:34:38.605+0000] {processor.py:839} INFO - DAG(s) dict_keys(['example_kubernetes_executor']) retrieved from /home/airflow/.local/lib/python3.8/site-packages/airflow/example_dags/example_kubernetes_executor.py
[2025-05-04T03:34:38.625+0000] {logging_mixin.py:154} INFO - [2025-05-04T03:34:38.625+0000] {dag.py:2941} INFO - Sync 1 DAGs
[2025-05-04T03:34:38.630+0000] {logging_mixin.py:154} INFO - [2025-05-04T03:34:38.630+0000] {dag.py:3722} INFO - Setting next_dagrun for example_kubernetes_executor to None, run_after=None
[2025-05-04T03:34:38.636+0000] {processor.py:179} INFO - Processing /home/airflow/.local/lib/python3.8/site-packages/airflow/example_dags/example_kubernetes_executor.py took 0.042 seconds
[2025-05-04T03:35:09.493+0000] {processor.py:157} INFO - Started process (PID=783) to work on /home/airflow/.local/lib/python3.8/site-packages/airflow/example_dags/example_kubernetes_executor.py
[2025-05-04T03:35:09.495+0000] {processor.py:829} INFO - Processing file /home/airflow/.local/lib/python3.8/site-packages/airflow/example_dags/example_kubernetes_executor.py for tasks to queue
[2025-05-04T03:35:09.497+0000] {logging_mixin.py:154} INFO - [2025-05-04T03:35:09.497+0000] {dagbag.py:536} INFO - Filling up the DagBag from /home/airflow/.local/lib/python3.8/site-packages/airflow/example_dags/example_kubernetes_executor.py
[2025-05-04T03:35:09.512+0000] {processor.py:839} INFO - DAG(s) dict_keys(['example_kubernetes_executor']) retrieved from /home/airflow/.local/lib/python3.8/site-packages/airflow/example_dags/example_kubernetes_executor.py
[2025-05-04T03:35:09.567+0000] {logging_mixin.py:154} INFO - [2025-05-04T03:35:09.567+0000] {dag.py:2941} INFO - Sync 1 DAGs
[2025-05-04T03:35:09.577+0000] {logging_mixin.py:154} INFO - [2025-05-04T03:35:09.577+0000] {dag.py:3722} INFO - Setting next_dagrun for example_kubernetes_executor to None, run_after=None
[2025-05-04T03:35:09.591+0000] {processor.py:179} INFO - Processing /home/airflow/.local/lib/python3.8/site-packages/airflow/example_dags/example_kubernetes_executor.py took 0.102 seconds
