[2025-05-04T03:28:33.067+0000] {processor.py:157} INFO - Started process (PID=63) to work on /home/airflow/.local/lib/python3.8/site-packages/airflow/example_dags/example_local_kubernetes_executor.py
[2025-05-04T03:28:33.068+0000] {processor.py:829} INFO - Processing file /home/airflow/.local/lib/python3.8/site-packages/airflow/example_dags/example_local_kubernetes_executor.py for tasks to queue
[2025-05-04T03:28:33.070+0000] {logging_mixin.py:154} INFO - [2025-05-04T03:28:33.070+0000] {dagbag.py:536} INFO - Filling up the DagBag from /home/airflow/.local/lib/python3.8/site-packages/airflow/example_dags/example_local_kubernetes_executor.py
[2025-05-04T03:28:33.077+0000] {processor.py:839} INFO - DAG(s) dict_keys(['example_local_kubernetes_executor']) retrieved from /home/airflow/.local/lib/python3.8/site-packages/airflow/example_dags/example_local_kubernetes_executor.py
[2025-05-04T03:28:33.099+0000] {logging_mixin.py:154} INFO - [2025-05-04T03:28:33.097+0000] {dag.py:2941} INFO - Sync 1 DAGs
[2025-05-04T03:28:33.113+0000] {logging_mixin.py:154} INFO - [2025-05-04T03:28:33.113+0000] {dag.py:3722} INFO - Setting next_dagrun for example_local_kubernetes_executor to None, run_after=None
[2025-05-04T03:28:33.146+0000] {processor.py:179} INFO - Processing /home/airflow/.local/lib/python3.8/site-packages/airflow/example_dags/example_local_kubernetes_executor.py took 0.080 seconds
[2025-05-04T03:29:03.316+0000] {processor.py:157} INFO - Started process (PID=118) to work on /home/airflow/.local/lib/python3.8/site-packages/airflow/example_dags/example_local_kubernetes_executor.py
[2025-05-04T03:29:03.317+0000] {processor.py:829} INFO - Processing file /home/airflow/.local/lib/python3.8/site-packages/airflow/example_dags/example_local_kubernetes_executor.py for tasks to queue
[2025-05-04T03:29:03.318+0000] {logging_mixin.py:154} INFO - [2025-05-04T03:29:03.318+0000] {dagbag.py:536} INFO - Filling up the DagBag from /home/airflow/.local/lib/python3.8/site-packages/airflow/example_dags/example_local_kubernetes_executor.py
[2025-05-04T03:29:03.325+0000] {processor.py:839} INFO - DAG(s) dict_keys(['example_local_kubernetes_executor']) retrieved from /home/airflow/.local/lib/python3.8/site-packages/airflow/example_dags/example_local_kubernetes_executor.py
[2025-05-04T03:29:03.343+0000] {logging_mixin.py:154} INFO - [2025-05-04T03:29:03.343+0000] {dag.py:2941} INFO - Sync 1 DAGs
[2025-05-04T03:29:03.352+0000] {logging_mixin.py:154} INFO - [2025-05-04T03:29:03.352+0000] {dag.py:3722} INFO - Setting next_dagrun for example_local_kubernetes_executor to None, run_after=None
[2025-05-04T03:29:03.361+0000] {processor.py:179} INFO - Processing /home/airflow/.local/lib/python3.8/site-packages/airflow/example_dags/example_local_kubernetes_executor.py took 0.047 seconds
[2025-05-04T03:29:34.235+0000] {processor.py:157} INFO - Started process (PID=173) to work on /home/airflow/.local/lib/python3.8/site-packages/airflow/example_dags/example_local_kubernetes_executor.py
[2025-05-04T03:29:34.237+0000] {processor.py:829} INFO - Processing file /home/airflow/.local/lib/python3.8/site-packages/airflow/example_dags/example_local_kubernetes_executor.py for tasks to queue
[2025-05-04T03:29:34.238+0000] {logging_mixin.py:154} INFO - [2025-05-04T03:29:34.238+0000] {dagbag.py:536} INFO - Filling up the DagBag from /home/airflow/.local/lib/python3.8/site-packages/airflow/example_dags/example_local_kubernetes_executor.py
[2025-05-04T03:29:34.243+0000] {processor.py:839} INFO - DAG(s) dict_keys(['example_local_kubernetes_executor']) retrieved from /home/airflow/.local/lib/python3.8/site-packages/airflow/example_dags/example_local_kubernetes_executor.py
[2025-05-04T03:29:34.270+0000] {logging_mixin.py:154} INFO - [2025-05-04T03:29:34.270+0000] {dag.py:2941} INFO - Sync 1 DAGs
[2025-05-04T03:29:34.276+0000] {logging_mixin.py:154} INFO - [2025-05-04T03:29:34.276+0000] {dag.py:3722} INFO - Setting next_dagrun for example_local_kubernetes_executor to None, run_after=None
[2025-05-04T03:29:34.286+0000] {processor.py:179} INFO - Processing /home/airflow/.local/lib/python3.8/site-packages/airflow/example_dags/example_local_kubernetes_executor.py took 0.053 seconds
[2025-05-04T03:30:04.531+0000] {processor.py:157} INFO - Started process (PID=235) to work on /home/airflow/.local/lib/python3.8/site-packages/airflow/example_dags/example_local_kubernetes_executor.py
[2025-05-04T03:30:04.531+0000] {processor.py:829} INFO - Processing file /home/airflow/.local/lib/python3.8/site-packages/airflow/example_dags/example_local_kubernetes_executor.py for tasks to queue
[2025-05-04T03:30:04.532+0000] {logging_mixin.py:154} INFO - [2025-05-04T03:30:04.532+0000] {dagbag.py:536} INFO - Filling up the DagBag from /home/airflow/.local/lib/python3.8/site-packages/airflow/example_dags/example_local_kubernetes_executor.py
[2025-05-04T03:30:04.535+0000] {processor.py:839} INFO - DAG(s) dict_keys(['example_local_kubernetes_executor']) retrieved from /home/airflow/.local/lib/python3.8/site-packages/airflow/example_dags/example_local_kubernetes_executor.py
[2025-05-04T03:30:04.551+0000] {logging_mixin.py:154} INFO - [2025-05-04T03:30:04.551+0000] {dag.py:2941} INFO - Sync 1 DAGs
[2025-05-04T03:30:04.556+0000] {logging_mixin.py:154} INFO - [2025-05-04T03:30:04.555+0000] {dag.py:3722} INFO - Setting next_dagrun for example_local_kubernetes_executor to None, run_after=None
[2025-05-04T03:30:04.563+0000] {processor.py:179} INFO - Processing /home/airflow/.local/lib/python3.8/site-packages/airflow/example_dags/example_local_kubernetes_executor.py took 0.034 seconds
[2025-05-04T03:30:34.889+0000] {processor.py:157} INFO - Started process (PID=290) to work on /home/airflow/.local/lib/python3.8/site-packages/airflow/example_dags/example_local_kubernetes_executor.py
[2025-05-04T03:30:34.890+0000] {processor.py:829} INFO - Processing file /home/airflow/.local/lib/python3.8/site-packages/airflow/example_dags/example_local_kubernetes_executor.py for tasks to queue
[2025-05-04T03:30:34.892+0000] {logging_mixin.py:154} INFO - [2025-05-04T03:30:34.892+0000] {dagbag.py:536} INFO - Filling up the DagBag from /home/airflow/.local/lib/python3.8/site-packages/airflow/example_dags/example_local_kubernetes_executor.py
[2025-05-04T03:30:34.900+0000] {processor.py:839} INFO - DAG(s) dict_keys(['example_local_kubernetes_executor']) retrieved from /home/airflow/.local/lib/python3.8/site-packages/airflow/example_dags/example_local_kubernetes_executor.py
[2025-05-04T03:30:34.922+0000] {logging_mixin.py:154} INFO - [2025-05-04T03:30:34.922+0000] {dag.py:2941} INFO - Sync 1 DAGs
[2025-05-04T03:30:34.930+0000] {logging_mixin.py:154} INFO - [2025-05-04T03:30:34.930+0000] {dag.py:3722} INFO - Setting next_dagrun for example_local_kubernetes_executor to None, run_after=None
[2025-05-04T03:30:34.939+0000] {processor.py:179} INFO - Processing /home/airflow/.local/lib/python3.8/site-packages/airflow/example_dags/example_local_kubernetes_executor.py took 0.051 seconds
[2025-05-04T03:31:05.153+0000] {processor.py:157} INFO - Started process (PID=346) to work on /home/airflow/.local/lib/python3.8/site-packages/airflow/example_dags/example_local_kubernetes_executor.py
[2025-05-04T03:31:05.154+0000] {processor.py:829} INFO - Processing file /home/airflow/.local/lib/python3.8/site-packages/airflow/example_dags/example_local_kubernetes_executor.py for tasks to queue
[2025-05-04T03:31:05.155+0000] {logging_mixin.py:154} INFO - [2025-05-04T03:31:05.155+0000] {dagbag.py:536} INFO - Filling up the DagBag from /home/airflow/.local/lib/python3.8/site-packages/airflow/example_dags/example_local_kubernetes_executor.py
[2025-05-04T03:31:05.160+0000] {processor.py:839} INFO - DAG(s) dict_keys(['example_local_kubernetes_executor']) retrieved from /home/airflow/.local/lib/python3.8/site-packages/airflow/example_dags/example_local_kubernetes_executor.py
[2025-05-04T03:31:05.176+0000] {logging_mixin.py:154} INFO - [2025-05-04T03:31:05.176+0000] {dag.py:2941} INFO - Sync 1 DAGs
[2025-05-04T03:31:05.182+0000] {logging_mixin.py:154} INFO - [2025-05-04T03:31:05.182+0000] {dag.py:3722} INFO - Setting next_dagrun for example_local_kubernetes_executor to None, run_after=None
[2025-05-04T03:31:05.198+0000] {processor.py:179} INFO - Processing /home/airflow/.local/lib/python3.8/site-packages/airflow/example_dags/example_local_kubernetes_executor.py took 0.046 seconds
[2025-05-04T03:31:36.136+0000] {processor.py:157} INFO - Started process (PID=401) to work on /home/airflow/.local/lib/python3.8/site-packages/airflow/example_dags/example_local_kubernetes_executor.py
[2025-05-04T03:31:36.137+0000] {processor.py:829} INFO - Processing file /home/airflow/.local/lib/python3.8/site-packages/airflow/example_dags/example_local_kubernetes_executor.py for tasks to queue
[2025-05-04T03:31:36.139+0000] {logging_mixin.py:154} INFO - [2025-05-04T03:31:36.139+0000] {dagbag.py:536} INFO - Filling up the DagBag from /home/airflow/.local/lib/python3.8/site-packages/airflow/example_dags/example_local_kubernetes_executor.py
[2025-05-04T03:31:36.144+0000] {processor.py:839} INFO - DAG(s) dict_keys(['example_local_kubernetes_executor']) retrieved from /home/airflow/.local/lib/python3.8/site-packages/airflow/example_dags/example_local_kubernetes_executor.py
[2025-05-04T03:31:36.166+0000] {logging_mixin.py:154} INFO - [2025-05-04T03:31:36.166+0000] {dag.py:2941} INFO - Sync 1 DAGs
[2025-05-04T03:31:36.176+0000] {logging_mixin.py:154} INFO - [2025-05-04T03:31:36.176+0000] {dag.py:3722} INFO - Setting next_dagrun for example_local_kubernetes_executor to None, run_after=None
[2025-05-04T03:31:36.187+0000] {processor.py:179} INFO - Processing /home/airflow/.local/lib/python3.8/site-packages/airflow/example_dags/example_local_kubernetes_executor.py took 0.053 seconds
[2025-05-04T03:32:06.286+0000] {processor.py:157} INFO - Started process (PID=456) to work on /home/airflow/.local/lib/python3.8/site-packages/airflow/example_dags/example_local_kubernetes_executor.py
[2025-05-04T03:32:06.286+0000] {processor.py:829} INFO - Processing file /home/airflow/.local/lib/python3.8/site-packages/airflow/example_dags/example_local_kubernetes_executor.py for tasks to queue
[2025-05-04T03:32:06.288+0000] {logging_mixin.py:154} INFO - [2025-05-04T03:32:06.287+0000] {dagbag.py:536} INFO - Filling up the DagBag from /home/airflow/.local/lib/python3.8/site-packages/airflow/example_dags/example_local_kubernetes_executor.py
[2025-05-04T03:32:06.295+0000] {processor.py:839} INFO - DAG(s) dict_keys(['example_local_kubernetes_executor']) retrieved from /home/airflow/.local/lib/python3.8/site-packages/airflow/example_dags/example_local_kubernetes_executor.py
[2025-05-04T03:32:06.318+0000] {logging_mixin.py:154} INFO - [2025-05-04T03:32:06.317+0000] {dag.py:2941} INFO - Sync 1 DAGs
[2025-05-04T03:32:06.324+0000] {logging_mixin.py:154} INFO - [2025-05-04T03:32:06.324+0000] {dag.py:3722} INFO - Setting next_dagrun for example_local_kubernetes_executor to None, run_after=None
[2025-05-04T03:32:06.333+0000] {processor.py:179} INFO - Processing /home/airflow/.local/lib/python3.8/site-packages/airflow/example_dags/example_local_kubernetes_executor.py took 0.049 seconds
[2025-05-04T03:32:36.404+0000] {processor.py:157} INFO - Started process (PID=511) to work on /home/airflow/.local/lib/python3.8/site-packages/airflow/example_dags/example_local_kubernetes_executor.py
[2025-05-04T03:32:36.404+0000] {processor.py:829} INFO - Processing file /home/airflow/.local/lib/python3.8/site-packages/airflow/example_dags/example_local_kubernetes_executor.py for tasks to queue
[2025-05-04T03:32:36.405+0000] {logging_mixin.py:154} INFO - [2025-05-04T03:32:36.405+0000] {dagbag.py:536} INFO - Filling up the DagBag from /home/airflow/.local/lib/python3.8/site-packages/airflow/example_dags/example_local_kubernetes_executor.py
[2025-05-04T03:32:36.409+0000] {processor.py:839} INFO - DAG(s) dict_keys(['example_local_kubernetes_executor']) retrieved from /home/airflow/.local/lib/python3.8/site-packages/airflow/example_dags/example_local_kubernetes_executor.py
[2025-05-04T03:32:36.434+0000] {logging_mixin.py:154} INFO - [2025-05-04T03:32:36.434+0000] {dag.py:2941} INFO - Sync 1 DAGs
[2025-05-04T03:32:36.441+0000] {logging_mixin.py:154} INFO - [2025-05-04T03:32:36.441+0000] {dag.py:3722} INFO - Setting next_dagrun for example_local_kubernetes_executor to None, run_after=None
[2025-05-04T03:32:36.453+0000] {processor.py:179} INFO - Processing /home/airflow/.local/lib/python3.8/site-packages/airflow/example_dags/example_local_kubernetes_executor.py took 0.051 seconds
[2025-05-04T03:33:06.697+0000] {processor.py:157} INFO - Started process (PID=566) to work on /home/airflow/.local/lib/python3.8/site-packages/airflow/example_dags/example_local_kubernetes_executor.py
[2025-05-04T03:33:06.697+0000] {processor.py:829} INFO - Processing file /home/airflow/.local/lib/python3.8/site-packages/airflow/example_dags/example_local_kubernetes_executor.py for tasks to queue
[2025-05-04T03:33:06.698+0000] {logging_mixin.py:154} INFO - [2025-05-04T03:33:06.698+0000] {dagbag.py:536} INFO - Filling up the DagBag from /home/airflow/.local/lib/python3.8/site-packages/airflow/example_dags/example_local_kubernetes_executor.py
[2025-05-04T03:33:06.705+0000] {processor.py:839} INFO - DAG(s) dict_keys(['example_local_kubernetes_executor']) retrieved from /home/airflow/.local/lib/python3.8/site-packages/airflow/example_dags/example_local_kubernetes_executor.py
[2025-05-04T03:33:06.728+0000] {logging_mixin.py:154} INFO - [2025-05-04T03:33:06.728+0000] {dag.py:2941} INFO - Sync 1 DAGs
[2025-05-04T03:33:06.738+0000] {logging_mixin.py:154} INFO - [2025-05-04T03:33:06.738+0000] {dag.py:3722} INFO - Setting next_dagrun for example_local_kubernetes_executor to None, run_after=None
[2025-05-04T03:33:06.752+0000] {processor.py:179} INFO - Processing /home/airflow/.local/lib/python3.8/site-packages/airflow/example_dags/example_local_kubernetes_executor.py took 0.056 seconds
[2025-05-04T03:33:36.836+0000] {processor.py:157} INFO - Started process (PID=621) to work on /home/airflow/.local/lib/python3.8/site-packages/airflow/example_dags/example_local_kubernetes_executor.py
[2025-05-04T03:33:36.837+0000] {processor.py:829} INFO - Processing file /home/airflow/.local/lib/python3.8/site-packages/airflow/example_dags/example_local_kubernetes_executor.py for tasks to queue
[2025-05-04T03:33:36.838+0000] {logging_mixin.py:154} INFO - [2025-05-04T03:33:36.838+0000] {dagbag.py:536} INFO - Filling up the DagBag from /home/airflow/.local/lib/python3.8/site-packages/airflow/example_dags/example_local_kubernetes_executor.py
[2025-05-04T03:33:36.847+0000] {processor.py:839} INFO - DAG(s) dict_keys(['example_local_kubernetes_executor']) retrieved from /home/airflow/.local/lib/python3.8/site-packages/airflow/example_dags/example_local_kubernetes_executor.py
[2025-05-04T03:33:36.867+0000] {logging_mixin.py:154} INFO - [2025-05-04T03:33:36.867+0000] {dag.py:2941} INFO - Sync 1 DAGs
[2025-05-04T03:33:36.874+0000] {logging_mixin.py:154} INFO - [2025-05-04T03:33:36.874+0000] {dag.py:3722} INFO - Setting next_dagrun for example_local_kubernetes_executor to None, run_after=None
[2025-05-04T03:33:36.881+0000] {processor.py:179} INFO - Processing /home/airflow/.local/lib/python3.8/site-packages/airflow/example_dags/example_local_kubernetes_executor.py took 0.048 seconds
[2025-05-04T03:34:07.650+0000] {processor.py:157} INFO - Started process (PID=676) to work on /home/airflow/.local/lib/python3.8/site-packages/airflow/example_dags/example_local_kubernetes_executor.py
[2025-05-04T03:34:07.651+0000] {processor.py:829} INFO - Processing file /home/airflow/.local/lib/python3.8/site-packages/airflow/example_dags/example_local_kubernetes_executor.py for tasks to queue
[2025-05-04T03:34:07.653+0000] {logging_mixin.py:154} INFO - [2025-05-04T03:34:07.653+0000] {dagbag.py:536} INFO - Filling up the DagBag from /home/airflow/.local/lib/python3.8/site-packages/airflow/example_dags/example_local_kubernetes_executor.py
[2025-05-04T03:34:07.659+0000] {processor.py:839} INFO - DAG(s) dict_keys(['example_local_kubernetes_executor']) retrieved from /home/airflow/.local/lib/python3.8/site-packages/airflow/example_dags/example_local_kubernetes_executor.py
[2025-05-04T03:34:07.678+0000] {logging_mixin.py:154} INFO - [2025-05-04T03:34:07.678+0000] {dag.py:2941} INFO - Sync 1 DAGs
[2025-05-04T03:34:07.684+0000] {logging_mixin.py:154} INFO - [2025-05-04T03:34:07.684+0000] {dag.py:3722} INFO - Setting next_dagrun for example_local_kubernetes_executor to None, run_after=None
[2025-05-04T03:34:07.695+0000] {processor.py:179} INFO - Processing /home/airflow/.local/lib/python3.8/site-packages/airflow/example_dags/example_local_kubernetes_executor.py took 0.046 seconds
[2025-05-04T03:34:38.703+0000] {processor.py:157} INFO - Started process (PID=731) to work on /home/airflow/.local/lib/python3.8/site-packages/airflow/example_dags/example_local_kubernetes_executor.py
[2025-05-04T03:34:38.703+0000] {processor.py:829} INFO - Processing file /home/airflow/.local/lib/python3.8/site-packages/airflow/example_dags/example_local_kubernetes_executor.py for tasks to queue
[2025-05-04T03:34:38.704+0000] {logging_mixin.py:154} INFO - [2025-05-04T03:34:38.704+0000] {dagbag.py:536} INFO - Filling up the DagBag from /home/airflow/.local/lib/python3.8/site-packages/airflow/example_dags/example_local_kubernetes_executor.py
[2025-05-04T03:34:38.707+0000] {processor.py:839} INFO - DAG(s) dict_keys(['example_local_kubernetes_executor']) retrieved from /home/airflow/.local/lib/python3.8/site-packages/airflow/example_dags/example_local_kubernetes_executor.py
[2025-05-04T03:34:38.720+0000] {logging_mixin.py:154} INFO - [2025-05-04T03:34:38.720+0000] {dag.py:2941} INFO - Sync 1 DAGs
[2025-05-04T03:34:38.724+0000] {logging_mixin.py:154} INFO - [2025-05-04T03:34:38.724+0000] {dag.py:3722} INFO - Setting next_dagrun for example_local_kubernetes_executor to None, run_after=None
[2025-05-04T03:34:38.730+0000] {processor.py:179} INFO - Processing /home/airflow/.local/lib/python3.8/site-packages/airflow/example_dags/example_local_kubernetes_executor.py took 0.028 seconds
[2025-05-04T03:35:09.640+0000] {processor.py:157} INFO - Started process (PID=786) to work on /home/airflow/.local/lib/python3.8/site-packages/airflow/example_dags/example_local_kubernetes_executor.py
[2025-05-04T03:35:09.641+0000] {processor.py:829} INFO - Processing file /home/airflow/.local/lib/python3.8/site-packages/airflow/example_dags/example_local_kubernetes_executor.py for tasks to queue
[2025-05-04T03:35:09.642+0000] {logging_mixin.py:154} INFO - [2025-05-04T03:35:09.642+0000] {dagbag.py:536} INFO - Filling up the DagBag from /home/airflow/.local/lib/python3.8/site-packages/airflow/example_dags/example_local_kubernetes_executor.py
[2025-05-04T03:35:09.647+0000] {processor.py:839} INFO - DAG(s) dict_keys(['example_local_kubernetes_executor']) retrieved from /home/airflow/.local/lib/python3.8/site-packages/airflow/example_dags/example_local_kubernetes_executor.py
[2025-05-04T03:35:09.669+0000] {logging_mixin.py:154} INFO - [2025-05-04T03:35:09.669+0000] {dag.py:2941} INFO - Sync 1 DAGs
[2025-05-04T03:35:09.677+0000] {logging_mixin.py:154} INFO - [2025-05-04T03:35:09.677+0000] {dag.py:3722} INFO - Setting next_dagrun for example_local_kubernetes_executor to None, run_after=None
[2025-05-04T03:35:09.691+0000] {processor.py:179} INFO - Processing /home/airflow/.local/lib/python3.8/site-packages/airflow/example_dags/example_local_kubernetes_executor.py took 0.053 seconds
