[2025-05-04T03:28:32.929+0000] {processor.py:157} INFO - Started process (PID=61) to work on /home/airflow/.local/lib/python3.8/site-packages/airflow/example_dags/example_skip_dag.py
[2025-05-04T03:28:32.930+0000] {processor.py:829} INFO - Processing file /home/airflow/.local/lib/python3.8/site-packages/airflow/example_dags/example_skip_dag.py for tasks to queue
[2025-05-04T03:28:32.934+0000] {logging_mixin.py:154} INFO - [2025-05-04T03:28:32.934+0000] {dagbag.py:536} INFO - Filling up the DagBag from /home/airflow/.local/lib/python3.8/site-packages/airflow/example_dags/example_skip_dag.py
[2025-05-04T03:28:32.947+0000] {processor.py:839} INFO - DAG(s) dict_keys(['example_skip_dag']) retrieved from /home/airflow/.local/lib/python3.8/site-packages/airflow/example_dags/example_skip_dag.py
[2025-05-04T03:28:32.974+0000] {logging_mixin.py:154} INFO - [2025-05-04T03:28:32.973+0000] {dag.py:2941} INFO - Sync 1 DAGs
[2025-05-04T03:28:33.023+0000] {logging_mixin.py:154} INFO - [2025-05-04T03:28:33.023+0000] {dag.py:3722} INFO - Setting next_dagrun for example_skip_dag to 2025-05-03T03:28:33.022945+00:00, run_after=2025-05-04T03:28:33.022945+00:00
[2025-05-04T03:28:33.050+0000] {processor.py:179} INFO - Processing /home/airflow/.local/lib/python3.8/site-packages/airflow/example_dags/example_skip_dag.py took 0.125 seconds
[2025-05-04T03:29:03.253+0000] {processor.py:157} INFO - Started process (PID=116) to work on /home/airflow/.local/lib/python3.8/site-packages/airflow/example_dags/example_skip_dag.py
[2025-05-04T03:29:03.254+0000] {processor.py:829} INFO - Processing file /home/airflow/.local/lib/python3.8/site-packages/airflow/example_dags/example_skip_dag.py for tasks to queue
[2025-05-04T03:29:03.256+0000] {logging_mixin.py:154} INFO - [2025-05-04T03:29:03.256+0000] {dagbag.py:536} INFO - Filling up the DagBag from /home/airflow/.local/lib/python3.8/site-packages/airflow/example_dags/example_skip_dag.py
[2025-05-04T03:29:03.263+0000] {processor.py:839} INFO - DAG(s) dict_keys(['example_skip_dag']) retrieved from /home/airflow/.local/lib/python3.8/site-packages/airflow/example_dags/example_skip_dag.py
[2025-05-04T03:29:03.280+0000] {logging_mixin.py:154} INFO - [2025-05-04T03:29:03.280+0000] {dag.py:2941} INFO - Sync 1 DAGs
[2025-05-04T03:29:03.295+0000] {logging_mixin.py:154} INFO - [2025-05-04T03:29:03.295+0000] {dag.py:3722} INFO - Setting next_dagrun for example_skip_dag to 2025-05-03T03:29:03.295310+00:00, run_after=2025-05-04T03:29:03.295310+00:00
[2025-05-04T03:29:03.303+0000] {processor.py:179} INFO - Processing /home/airflow/.local/lib/python3.8/site-packages/airflow/example_dags/example_skip_dag.py took 0.053 seconds
[2025-05-04T03:29:34.173+0000] {processor.py:157} INFO - Started process (PID=171) to work on /home/airflow/.local/lib/python3.8/site-packages/airflow/example_dags/example_skip_dag.py
[2025-05-04T03:29:34.175+0000] {processor.py:829} INFO - Processing file /home/airflow/.local/lib/python3.8/site-packages/airflow/example_dags/example_skip_dag.py for tasks to queue
[2025-05-04T03:29:34.177+0000] {logging_mixin.py:154} INFO - [2025-05-04T03:29:34.177+0000] {dagbag.py:536} INFO - Filling up the DagBag from /home/airflow/.local/lib/python3.8/site-packages/airflow/example_dags/example_skip_dag.py
[2025-05-04T03:29:34.182+0000] {processor.py:839} INFO - DAG(s) dict_keys(['example_skip_dag']) retrieved from /home/airflow/.local/lib/python3.8/site-packages/airflow/example_dags/example_skip_dag.py
[2025-05-04T03:29:34.196+0000] {logging_mixin.py:154} INFO - [2025-05-04T03:29:34.195+0000] {dag.py:2941} INFO - Sync 1 DAGs
[2025-05-04T03:29:34.210+0000] {logging_mixin.py:154} INFO - [2025-05-04T03:29:34.210+0000] {dag.py:3722} INFO - Setting next_dagrun for example_skip_dag to 2025-05-03T03:29:34.209867+00:00, run_after=2025-05-04T03:29:34.209867+00:00
[2025-05-04T03:29:34.221+0000] {processor.py:179} INFO - Processing /home/airflow/.local/lib/python3.8/site-packages/airflow/example_dags/example_skip_dag.py took 0.050 seconds
[2025-05-04T03:30:04.472+0000] {processor.py:157} INFO - Started process (PID=233) to work on /home/airflow/.local/lib/python3.8/site-packages/airflow/example_dags/example_skip_dag.py
[2025-05-04T03:30:04.473+0000] {processor.py:829} INFO - Processing file /home/airflow/.local/lib/python3.8/site-packages/airflow/example_dags/example_skip_dag.py for tasks to queue
[2025-05-04T03:30:04.476+0000] {logging_mixin.py:154} INFO - [2025-05-04T03:30:04.475+0000] {dagbag.py:536} INFO - Filling up the DagBag from /home/airflow/.local/lib/python3.8/site-packages/airflow/example_dags/example_skip_dag.py
[2025-05-04T03:30:04.481+0000] {processor.py:839} INFO - DAG(s) dict_keys(['example_skip_dag']) retrieved from /home/airflow/.local/lib/python3.8/site-packages/airflow/example_dags/example_skip_dag.py
[2025-05-04T03:30:04.496+0000] {logging_mixin.py:154} INFO - [2025-05-04T03:30:04.496+0000] {dag.py:2941} INFO - Sync 1 DAGs
[2025-05-04T03:30:04.510+0000] {logging_mixin.py:154} INFO - [2025-05-04T03:30:04.510+0000] {dag.py:3722} INFO - Setting next_dagrun for example_skip_dag to 2025-05-03T03:30:04.510818+00:00, run_after=2025-05-04T03:30:04.510818+00:00
[2025-05-04T03:30:04.521+0000] {processor.py:179} INFO - Processing /home/airflow/.local/lib/python3.8/site-packages/airflow/example_dags/example_skip_dag.py took 0.051 seconds
[2025-05-04T03:30:34.814+0000] {processor.py:157} INFO - Started process (PID=288) to work on /home/airflow/.local/lib/python3.8/site-packages/airflow/example_dags/example_skip_dag.py
[2025-05-04T03:30:34.816+0000] {processor.py:829} INFO - Processing file /home/airflow/.local/lib/python3.8/site-packages/airflow/example_dags/example_skip_dag.py for tasks to queue
[2025-05-04T03:30:34.818+0000] {logging_mixin.py:154} INFO - [2025-05-04T03:30:34.818+0000] {dagbag.py:536} INFO - Filling up the DagBag from /home/airflow/.local/lib/python3.8/site-packages/airflow/example_dags/example_skip_dag.py
[2025-05-04T03:30:34.827+0000] {processor.py:839} INFO - DAG(s) dict_keys(['example_skip_dag']) retrieved from /home/airflow/.local/lib/python3.8/site-packages/airflow/example_dags/example_skip_dag.py
[2025-05-04T03:30:34.850+0000] {logging_mixin.py:154} INFO - [2025-05-04T03:30:34.850+0000] {dag.py:2941} INFO - Sync 1 DAGs
[2025-05-04T03:30:34.862+0000] {logging_mixin.py:154} INFO - [2025-05-04T03:30:34.862+0000] {dag.py:3722} INFO - Setting next_dagrun for example_skip_dag to 2025-05-03T03:30:34.861812+00:00, run_after=2025-05-04T03:30:34.861812+00:00
[2025-05-04T03:30:34.873+0000] {processor.py:179} INFO - Processing /home/airflow/.local/lib/python3.8/site-packages/airflow/example_dags/example_skip_dag.py took 0.062 seconds
[2025-05-04T03:31:05.081+0000] {processor.py:157} INFO - Started process (PID=344) to work on /home/airflow/.local/lib/python3.8/site-packages/airflow/example_dags/example_skip_dag.py
[2025-05-04T03:31:05.084+0000] {processor.py:829} INFO - Processing file /home/airflow/.local/lib/python3.8/site-packages/airflow/example_dags/example_skip_dag.py for tasks to queue
[2025-05-04T03:31:05.088+0000] {logging_mixin.py:154} INFO - [2025-05-04T03:31:05.088+0000] {dagbag.py:536} INFO - Filling up the DagBag from /home/airflow/.local/lib/python3.8/site-packages/airflow/example_dags/example_skip_dag.py
[2025-05-04T03:31:05.093+0000] {processor.py:839} INFO - DAG(s) dict_keys(['example_skip_dag']) retrieved from /home/airflow/.local/lib/python3.8/site-packages/airflow/example_dags/example_skip_dag.py
[2025-05-04T03:31:05.104+0000] {logging_mixin.py:154} INFO - [2025-05-04T03:31:05.103+0000] {dag.py:2941} INFO - Sync 1 DAGs
[2025-05-04T03:31:05.126+0000] {logging_mixin.py:154} INFO - [2025-05-04T03:31:05.126+0000] {dag.py:3722} INFO - Setting next_dagrun for example_skip_dag to 2025-05-03T03:31:05.126515+00:00, run_after=2025-05-04T03:31:05.126515+00:00
[2025-05-04T03:31:05.140+0000] {processor.py:179} INFO - Processing /home/airflow/.local/lib/python3.8/site-packages/airflow/example_dags/example_skip_dag.py took 0.061 seconds
[2025-05-04T03:31:36.076+0000] {processor.py:157} INFO - Started process (PID=399) to work on /home/airflow/.local/lib/python3.8/site-packages/airflow/example_dags/example_skip_dag.py
[2025-05-04T03:31:36.076+0000] {processor.py:829} INFO - Processing file /home/airflow/.local/lib/python3.8/site-packages/airflow/example_dags/example_skip_dag.py for tasks to queue
[2025-05-04T03:31:36.078+0000] {logging_mixin.py:154} INFO - [2025-05-04T03:31:36.077+0000] {dagbag.py:536} INFO - Filling up the DagBag from /home/airflow/.local/lib/python3.8/site-packages/airflow/example_dags/example_skip_dag.py
[2025-05-04T03:31:36.081+0000] {processor.py:839} INFO - DAG(s) dict_keys(['example_skip_dag']) retrieved from /home/airflow/.local/lib/python3.8/site-packages/airflow/example_dags/example_skip_dag.py
[2025-05-04T03:31:36.093+0000] {logging_mixin.py:154} INFO - [2025-05-04T03:31:36.092+0000] {dag.py:2941} INFO - Sync 1 DAGs
[2025-05-04T03:31:36.105+0000] {logging_mixin.py:154} INFO - [2025-05-04T03:31:36.105+0000] {dag.py:3722} INFO - Setting next_dagrun for example_skip_dag to 2025-05-03T03:31:36.105170+00:00, run_after=2025-05-04T03:31:36.105170+00:00
[2025-05-04T03:31:36.122+0000] {processor.py:179} INFO - Processing /home/airflow/.local/lib/python3.8/site-packages/airflow/example_dags/example_skip_dag.py took 0.048 seconds
[2025-05-04T03:32:06.212+0000] {processor.py:157} INFO - Started process (PID=454) to work on /home/airflow/.local/lib/python3.8/site-packages/airflow/example_dags/example_skip_dag.py
[2025-05-04T03:32:06.213+0000] {processor.py:829} INFO - Processing file /home/airflow/.local/lib/python3.8/site-packages/airflow/example_dags/example_skip_dag.py for tasks to queue
[2025-05-04T03:32:06.215+0000] {logging_mixin.py:154} INFO - [2025-05-04T03:32:06.214+0000] {dagbag.py:536} INFO - Filling up the DagBag from /home/airflow/.local/lib/python3.8/site-packages/airflow/example_dags/example_skip_dag.py
[2025-05-04T03:32:06.220+0000] {processor.py:839} INFO - DAG(s) dict_keys(['example_skip_dag']) retrieved from /home/airflow/.local/lib/python3.8/site-packages/airflow/example_dags/example_skip_dag.py
[2025-05-04T03:32:06.235+0000] {logging_mixin.py:154} INFO - [2025-05-04T03:32:06.235+0000] {dag.py:2941} INFO - Sync 1 DAGs
[2025-05-04T03:32:06.246+0000] {logging_mixin.py:154} INFO - [2025-05-04T03:32:06.246+0000] {dag.py:3722} INFO - Setting next_dagrun for example_skip_dag to 2025-05-03T03:32:06.246485+00:00, run_after=2025-05-04T03:32:06.246485+00:00
[2025-05-04T03:32:06.260+0000] {processor.py:179} INFO - Processing /home/airflow/.local/lib/python3.8/site-packages/airflow/example_dags/example_skip_dag.py took 0.051 seconds
[2025-05-04T03:32:36.285+0000] {processor.py:157} INFO - Started process (PID=508) to work on /home/airflow/.local/lib/python3.8/site-packages/airflow/example_dags/example_skip_dag.py
[2025-05-04T03:32:36.286+0000] {processor.py:829} INFO - Processing file /home/airflow/.local/lib/python3.8/site-packages/airflow/example_dags/example_skip_dag.py for tasks to queue
[2025-05-04T03:32:36.289+0000] {logging_mixin.py:154} INFO - [2025-05-04T03:32:36.288+0000] {dagbag.py:536} INFO - Filling up the DagBag from /home/airflow/.local/lib/python3.8/site-packages/airflow/example_dags/example_skip_dag.py
[2025-05-04T03:32:36.295+0000] {processor.py:839} INFO - DAG(s) dict_keys(['example_skip_dag']) retrieved from /home/airflow/.local/lib/python3.8/site-packages/airflow/example_dags/example_skip_dag.py
[2025-05-04T03:32:36.317+0000] {logging_mixin.py:154} INFO - [2025-05-04T03:32:36.316+0000] {dag.py:2941} INFO - Sync 1 DAGs
[2025-05-04T03:32:36.336+0000] {logging_mixin.py:154} INFO - [2025-05-04T03:32:36.336+0000] {dag.py:3722} INFO - Setting next_dagrun for example_skip_dag to 2025-05-03T03:32:36.335911+00:00, run_after=2025-05-04T03:32:36.335911+00:00
[2025-05-04T03:32:36.345+0000] {processor.py:179} INFO - Processing /home/airflow/.local/lib/python3.8/site-packages/airflow/example_dags/example_skip_dag.py took 0.062 seconds
[2025-05-04T03:33:06.539+0000] {processor.py:157} INFO - Started process (PID=563) to work on /home/airflow/.local/lib/python3.8/site-packages/airflow/example_dags/example_skip_dag.py
[2025-05-04T03:33:06.539+0000] {processor.py:829} INFO - Processing file /home/airflow/.local/lib/python3.8/site-packages/airflow/example_dags/example_skip_dag.py for tasks to queue
[2025-05-04T03:33:06.541+0000] {logging_mixin.py:154} INFO - [2025-05-04T03:33:06.541+0000] {dagbag.py:536} INFO - Filling up the DagBag from /home/airflow/.local/lib/python3.8/site-packages/airflow/example_dags/example_skip_dag.py
[2025-05-04T03:33:06.546+0000] {processor.py:839} INFO - DAG(s) dict_keys(['example_skip_dag']) retrieved from /home/airflow/.local/lib/python3.8/site-packages/airflow/example_dags/example_skip_dag.py
[2025-05-04T03:33:06.591+0000] {logging_mixin.py:154} INFO - [2025-05-04T03:33:06.591+0000] {dag.py:2941} INFO - Sync 1 DAGs
[2025-05-04T03:33:06.604+0000] {logging_mixin.py:154} INFO - [2025-05-04T03:33:06.604+0000] {dag.py:3722} INFO - Setting next_dagrun for example_skip_dag to 2025-05-03T03:33:06.604272+00:00, run_after=2025-05-04T03:33:06.604272+00:00
[2025-05-04T03:33:06.612+0000] {processor.py:179} INFO - Processing /home/airflow/.local/lib/python3.8/site-packages/airflow/example_dags/example_skip_dag.py took 0.076 seconds
[2025-05-04T03:33:36.763+0000] {processor.py:157} INFO - Started process (PID=619) to work on /home/airflow/.local/lib/python3.8/site-packages/airflow/example_dags/example_skip_dag.py
[2025-05-04T03:33:36.764+0000] {processor.py:829} INFO - Processing file /home/airflow/.local/lib/python3.8/site-packages/airflow/example_dags/example_skip_dag.py for tasks to queue
[2025-05-04T03:33:36.767+0000] {logging_mixin.py:154} INFO - [2025-05-04T03:33:36.767+0000] {dagbag.py:536} INFO - Filling up the DagBag from /home/airflow/.local/lib/python3.8/site-packages/airflow/example_dags/example_skip_dag.py
[2025-05-04T03:33:36.774+0000] {processor.py:839} INFO - DAG(s) dict_keys(['example_skip_dag']) retrieved from /home/airflow/.local/lib/python3.8/site-packages/airflow/example_dags/example_skip_dag.py
[2025-05-04T03:33:36.790+0000] {logging_mixin.py:154} INFO - [2025-05-04T03:33:36.790+0000] {dag.py:2941} INFO - Sync 1 DAGs
[2025-05-04T03:33:36.806+0000] {logging_mixin.py:154} INFO - [2025-05-04T03:33:36.806+0000] {dag.py:3722} INFO - Setting next_dagrun for example_skip_dag to 2025-05-03T03:33:36.806067+00:00, run_after=2025-05-04T03:33:36.806067+00:00
[2025-05-04T03:33:36.817+0000] {processor.py:179} INFO - Processing /home/airflow/.local/lib/python3.8/site-packages/airflow/example_dags/example_skip_dag.py took 0.055 seconds
[2025-05-04T03:34:07.597+0000] {processor.py:157} INFO - Started process (PID=674) to work on /home/airflow/.local/lib/python3.8/site-packages/airflow/example_dags/example_skip_dag.py
[2025-05-04T03:34:07.597+0000] {processor.py:829} INFO - Processing file /home/airflow/.local/lib/python3.8/site-packages/airflow/example_dags/example_skip_dag.py for tasks to queue
[2025-05-04T03:34:07.598+0000] {logging_mixin.py:154} INFO - [2025-05-04T03:34:07.598+0000] {dagbag.py:536} INFO - Filling up the DagBag from /home/airflow/.local/lib/python3.8/site-packages/airflow/example_dags/example_skip_dag.py
[2025-05-04T03:34:07.603+0000] {processor.py:839} INFO - DAG(s) dict_keys(['example_skip_dag']) retrieved from /home/airflow/.local/lib/python3.8/site-packages/airflow/example_dags/example_skip_dag.py
[2025-05-04T03:34:07.617+0000] {logging_mixin.py:154} INFO - [2025-05-04T03:34:07.616+0000] {dag.py:2941} INFO - Sync 1 DAGs
[2025-05-04T03:34:07.626+0000] {logging_mixin.py:154} INFO - [2025-05-04T03:34:07.626+0000] {dag.py:3722} INFO - Setting next_dagrun for example_skip_dag to 2025-05-03T03:34:07.626715+00:00, run_after=2025-05-04T03:34:07.626715+00:00
[2025-05-04T03:34:07.638+0000] {processor.py:179} INFO - Processing /home/airflow/.local/lib/python3.8/site-packages/airflow/example_dags/example_skip_dag.py took 0.042 seconds
[2025-05-04T03:34:38.646+0000] {processor.py:157} INFO - Started process (PID=729) to work on /home/airflow/.local/lib/python3.8/site-packages/airflow/example_dags/example_skip_dag.py
[2025-05-04T03:34:38.647+0000] {processor.py:829} INFO - Processing file /home/airflow/.local/lib/python3.8/site-packages/airflow/example_dags/example_skip_dag.py for tasks to queue
[2025-05-04T03:34:38.652+0000] {logging_mixin.py:154} INFO - [2025-05-04T03:34:38.649+0000] {dagbag.py:536} INFO - Filling up the DagBag from /home/airflow/.local/lib/python3.8/site-packages/airflow/example_dags/example_skip_dag.py
[2025-05-04T03:34:38.659+0000] {processor.py:839} INFO - DAG(s) dict_keys(['example_skip_dag']) retrieved from /home/airflow/.local/lib/python3.8/site-packages/airflow/example_dags/example_skip_dag.py
[2025-05-04T03:34:38.673+0000] {logging_mixin.py:154} INFO - [2025-05-04T03:34:38.672+0000] {dag.py:2941} INFO - Sync 1 DAGs
[2025-05-04T03:34:38.684+0000] {logging_mixin.py:154} INFO - [2025-05-04T03:34:38.684+0000] {dag.py:3722} INFO - Setting next_dagrun for example_skip_dag to 2025-05-03T03:34:38.684122+00:00, run_after=2025-05-04T03:34:38.684122+00:00
[2025-05-04T03:34:38.693+0000] {processor.py:179} INFO - Processing /home/airflow/.local/lib/python3.8/site-packages/airflow/example_dags/example_skip_dag.py took 0.049 seconds
[2025-05-04T03:35:09.569+0000] {processor.py:157} INFO - Started process (PID=784) to work on /home/airflow/.local/lib/python3.8/site-packages/airflow/example_dags/example_skip_dag.py
[2025-05-04T03:35:09.570+0000] {processor.py:829} INFO - Processing file /home/airflow/.local/lib/python3.8/site-packages/airflow/example_dags/example_skip_dag.py for tasks to queue
[2025-05-04T03:35:09.572+0000] {logging_mixin.py:154} INFO - [2025-05-04T03:35:09.572+0000] {dagbag.py:536} INFO - Filling up the DagBag from /home/airflow/.local/lib/python3.8/site-packages/airflow/example_dags/example_skip_dag.py
[2025-05-04T03:35:09.579+0000] {processor.py:839} INFO - DAG(s) dict_keys(['example_skip_dag']) retrieved from /home/airflow/.local/lib/python3.8/site-packages/airflow/example_dags/example_skip_dag.py
[2025-05-04T03:35:09.594+0000] {logging_mixin.py:154} INFO - [2025-05-04T03:35:09.594+0000] {dag.py:2941} INFO - Sync 1 DAGs
[2025-05-04T03:35:09.608+0000] {logging_mixin.py:154} INFO - [2025-05-04T03:35:09.608+0000] {dag.py:3722} INFO - Setting next_dagrun for example_skip_dag to 2025-05-03T03:35:09.608352+00:00, run_after=2025-05-04T03:35:09.608352+00:00
[2025-05-04T03:35:09.624+0000] {processor.py:179} INFO - Processing /home/airflow/.local/lib/python3.8/site-packages/airflow/example_dags/example_skip_dag.py took 0.058 seconds
