[2025-05-04T03:28:33.550+0000] {processor.py:157} INFO - Started process (PID=73) to work on /home/airflow/.local/lib/python3.8/site-packages/airflow/example_dags/example_external_task_marker_dag.py
[2025-05-04T03:28:33.552+0000] {processor.py:829} INFO - Processing file /home/airflow/.local/lib/python3.8/site-packages/airflow/example_dags/example_external_task_marker_dag.py for tasks to queue
[2025-05-04T03:28:33.554+0000] {logging_mixin.py:154} INFO - [2025-05-04T03:28:33.554+0000] {dagbag.py:536} INFO - Filling up the DagBag from /home/airflow/.local/lib/python3.8/site-packages/airflow/example_dags/example_external_task_marker_dag.py
[2025-05-04T03:28:33.562+0000] {processor.py:839} INFO - DAG(s) dict_keys(['example_external_task_marker_parent', 'example_external_task_marker_child']) retrieved from /home/airflow/.local/lib/python3.8/site-packages/airflow/example_dags/example_external_task_marker_dag.py
[2025-05-04T03:28:33.574+0000] {logging_mixin.py:154} INFO - [2025-05-04T03:28:33.574+0000] {dag.py:2941} INFO - Sync 2 DAGs
[2025-05-04T03:28:33.594+0000] {logging_mixin.py:154} INFO - [2025-05-04T03:28:33.593+0000] {dag.py:3722} INFO - Setting next_dagrun for example_external_task_marker_child to None, run_after=None
[2025-05-04T03:28:33.598+0000] {logging_mixin.py:154} INFO - [2025-05-04T03:28:33.598+0000] {dag.py:3722} INFO - Setting next_dagrun for example_external_task_marker_parent to None, run_after=None
[2025-05-04T03:28:33.610+0000] {processor.py:179} INFO - Processing /home/airflow/.local/lib/python3.8/site-packages/airflow/example_dags/example_external_task_marker_dag.py took 0.065 seconds
[2025-05-04T03:29:04.617+0000] {processor.py:157} INFO - Started process (PID=135) to work on /home/airflow/.local/lib/python3.8/site-packages/airflow/example_dags/example_external_task_marker_dag.py
[2025-05-04T03:29:04.618+0000] {processor.py:829} INFO - Processing file /home/airflow/.local/lib/python3.8/site-packages/airflow/example_dags/example_external_task_marker_dag.py for tasks to queue
[2025-05-04T03:29:04.620+0000] {logging_mixin.py:154} INFO - [2025-05-04T03:29:04.620+0000] {dagbag.py:536} INFO - Filling up the DagBag from /home/airflow/.local/lib/python3.8/site-packages/airflow/example_dags/example_external_task_marker_dag.py
[2025-05-04T03:29:04.630+0000] {processor.py:839} INFO - DAG(s) dict_keys(['example_external_task_marker_child', 'example_external_task_marker_parent']) retrieved from /home/airflow/.local/lib/python3.8/site-packages/airflow/example_dags/example_external_task_marker_dag.py
[2025-05-04T03:29:04.660+0000] {logging_mixin.py:154} INFO - [2025-05-04T03:29:04.660+0000] {dag.py:2941} INFO - Sync 2 DAGs
[2025-05-04T03:29:04.675+0000] {logging_mixin.py:154} INFO - [2025-05-04T03:29:04.675+0000] {dag.py:3722} INFO - Setting next_dagrun for example_external_task_marker_child to None, run_after=None
[2025-05-04T03:29:04.677+0000] {logging_mixin.py:154} INFO - [2025-05-04T03:29:04.676+0000] {dag.py:3722} INFO - Setting next_dagrun for example_external_task_marker_parent to None, run_after=None
[2025-05-04T03:29:04.685+0000] {processor.py:179} INFO - Processing /home/airflow/.local/lib/python3.8/site-packages/airflow/example_dags/example_external_task_marker_dag.py took 0.072 seconds
[2025-05-04T03:29:35.584+0000] {processor.py:157} INFO - Started process (PID=190) to work on /home/airflow/.local/lib/python3.8/site-packages/airflow/example_dags/example_external_task_marker_dag.py
[2025-05-04T03:29:35.586+0000] {processor.py:829} INFO - Processing file /home/airflow/.local/lib/python3.8/site-packages/airflow/example_dags/example_external_task_marker_dag.py for tasks to queue
[2025-05-04T03:29:35.588+0000] {logging_mixin.py:154} INFO - [2025-05-04T03:29:35.587+0000] {dagbag.py:536} INFO - Filling up the DagBag from /home/airflow/.local/lib/python3.8/site-packages/airflow/example_dags/example_external_task_marker_dag.py
[2025-05-04T03:29:35.594+0000] {processor.py:839} INFO - DAG(s) dict_keys(['example_external_task_marker_child', 'example_external_task_marker_parent']) retrieved from /home/airflow/.local/lib/python3.8/site-packages/airflow/example_dags/example_external_task_marker_dag.py
[2025-05-04T03:29:35.620+0000] {logging_mixin.py:154} INFO - [2025-05-04T03:29:35.619+0000] {dag.py:2941} INFO - Sync 2 DAGs
[2025-05-04T03:29:35.628+0000] {logging_mixin.py:154} INFO - [2025-05-04T03:29:35.628+0000] {dag.py:3722} INFO - Setting next_dagrun for example_external_task_marker_child to None, run_after=None
[2025-05-04T03:29:35.630+0000] {logging_mixin.py:154} INFO - [2025-05-04T03:29:35.630+0000] {dag.py:3722} INFO - Setting next_dagrun for example_external_task_marker_parent to None, run_after=None
[2025-05-04T03:29:35.640+0000] {processor.py:179} INFO - Processing /home/airflow/.local/lib/python3.8/site-packages/airflow/example_dags/example_external_task_marker_dag.py took 0.059 seconds
[2025-05-04T03:30:05.888+0000] {processor.py:157} INFO - Started process (PID=245) to work on /home/airflow/.local/lib/python3.8/site-packages/airflow/example_dags/example_external_task_marker_dag.py
[2025-05-04T03:30:05.890+0000] {processor.py:829} INFO - Processing file /home/airflow/.local/lib/python3.8/site-packages/airflow/example_dags/example_external_task_marker_dag.py for tasks to queue
[2025-05-04T03:30:05.892+0000] {logging_mixin.py:154} INFO - [2025-05-04T03:30:05.892+0000] {dagbag.py:536} INFO - Filling up the DagBag from /home/airflow/.local/lib/python3.8/site-packages/airflow/example_dags/example_external_task_marker_dag.py
[2025-05-04T03:30:05.900+0000] {processor.py:839} INFO - DAG(s) dict_keys(['example_external_task_marker_child', 'example_external_task_marker_parent']) retrieved from /home/airflow/.local/lib/python3.8/site-packages/airflow/example_dags/example_external_task_marker_dag.py
[2025-05-04T03:30:05.920+0000] {logging_mixin.py:154} INFO - [2025-05-04T03:30:05.920+0000] {dag.py:2941} INFO - Sync 2 DAGs
[2025-05-04T03:30:06.090+0000] {logging_mixin.py:154} INFO - [2025-05-04T03:30:06.090+0000] {dag.py:3722} INFO - Setting next_dagrun for example_external_task_marker_child to None, run_after=None
[2025-05-04T03:30:06.104+0000] {logging_mixin.py:154} INFO - [2025-05-04T03:30:06.103+0000] {dag.py:3722} INFO - Setting next_dagrun for example_external_task_marker_parent to None, run_after=None
[2025-05-04T03:30:06.186+0000] {processor.py:179} INFO - Processing /home/airflow/.local/lib/python3.8/site-packages/airflow/example_dags/example_external_task_marker_dag.py took 0.302 seconds
[2025-05-04T03:30:36.264+0000] {processor.py:157} INFO - Started process (PID=300) to work on /home/airflow/.local/lib/python3.8/site-packages/airflow/example_dags/example_external_task_marker_dag.py
[2025-05-04T03:30:36.264+0000] {processor.py:829} INFO - Processing file /home/airflow/.local/lib/python3.8/site-packages/airflow/example_dags/example_external_task_marker_dag.py for tasks to queue
[2025-05-04T03:30:36.266+0000] {logging_mixin.py:154} INFO - [2025-05-04T03:30:36.266+0000] {dagbag.py:536} INFO - Filling up the DagBag from /home/airflow/.local/lib/python3.8/site-packages/airflow/example_dags/example_external_task_marker_dag.py
[2025-05-04T03:30:36.272+0000] {processor.py:839} INFO - DAG(s) dict_keys(['example_external_task_marker_child', 'example_external_task_marker_parent']) retrieved from /home/airflow/.local/lib/python3.8/site-packages/airflow/example_dags/example_external_task_marker_dag.py
[2025-05-04T03:30:36.290+0000] {logging_mixin.py:154} INFO - [2025-05-04T03:30:36.290+0000] {dag.py:2941} INFO - Sync 2 DAGs
[2025-05-04T03:30:36.299+0000] {logging_mixin.py:154} INFO - [2025-05-04T03:30:36.299+0000] {dag.py:3722} INFO - Setting next_dagrun for example_external_task_marker_child to None, run_after=None
[2025-05-04T03:30:36.301+0000] {logging_mixin.py:154} INFO - [2025-05-04T03:30:36.301+0000] {dag.py:3722} INFO - Setting next_dagrun for example_external_task_marker_parent to None, run_after=None
[2025-05-04T03:30:36.310+0000] {processor.py:179} INFO - Processing /home/airflow/.local/lib/python3.8/site-packages/airflow/example_dags/example_external_task_marker_dag.py took 0.049 seconds
[2025-05-04T03:31:06.457+0000] {processor.py:157} INFO - Started process (PID=356) to work on /home/airflow/.local/lib/python3.8/site-packages/airflow/example_dags/example_external_task_marker_dag.py
[2025-05-04T03:31:06.458+0000] {processor.py:829} INFO - Processing file /home/airflow/.local/lib/python3.8/site-packages/airflow/example_dags/example_external_task_marker_dag.py for tasks to queue
[2025-05-04T03:31:06.460+0000] {logging_mixin.py:154} INFO - [2025-05-04T03:31:06.460+0000] {dagbag.py:536} INFO - Filling up the DagBag from /home/airflow/.local/lib/python3.8/site-packages/airflow/example_dags/example_external_task_marker_dag.py
[2025-05-04T03:31:06.465+0000] {processor.py:839} INFO - DAG(s) dict_keys(['example_external_task_marker_child', 'example_external_task_marker_parent']) retrieved from /home/airflow/.local/lib/python3.8/site-packages/airflow/example_dags/example_external_task_marker_dag.py
[2025-05-04T03:31:06.480+0000] {logging_mixin.py:154} INFO - [2025-05-04T03:31:06.480+0000] {dag.py:2941} INFO - Sync 2 DAGs
[2025-05-04T03:31:06.488+0000] {logging_mixin.py:154} INFO - [2025-05-04T03:31:06.487+0000] {dag.py:3722} INFO - Setting next_dagrun for example_external_task_marker_child to None, run_after=None
[2025-05-04T03:31:06.489+0000] {logging_mixin.py:154} INFO - [2025-05-04T03:31:06.489+0000] {dag.py:3722} INFO - Setting next_dagrun for example_external_task_marker_parent to None, run_after=None
[2025-05-04T03:31:06.496+0000] {processor.py:179} INFO - Processing /home/airflow/.local/lib/python3.8/site-packages/airflow/example_dags/example_external_task_marker_dag.py took 0.043 seconds
[2025-05-04T03:31:37.509+0000] {processor.py:157} INFO - Started process (PID=411) to work on /home/airflow/.local/lib/python3.8/site-packages/airflow/example_dags/example_external_task_marker_dag.py
[2025-05-04T03:31:37.510+0000] {processor.py:829} INFO - Processing file /home/airflow/.local/lib/python3.8/site-packages/airflow/example_dags/example_external_task_marker_dag.py for tasks to queue
[2025-05-04T03:31:37.512+0000] {logging_mixin.py:154} INFO - [2025-05-04T03:31:37.512+0000] {dagbag.py:536} INFO - Filling up the DagBag from /home/airflow/.local/lib/python3.8/site-packages/airflow/example_dags/example_external_task_marker_dag.py
[2025-05-04T03:31:37.517+0000] {processor.py:839} INFO - DAG(s) dict_keys(['example_external_task_marker_child', 'example_external_task_marker_parent']) retrieved from /home/airflow/.local/lib/python3.8/site-packages/airflow/example_dags/example_external_task_marker_dag.py
[2025-05-04T03:31:37.532+0000] {logging_mixin.py:154} INFO - [2025-05-04T03:31:37.532+0000] {dag.py:2941} INFO - Sync 2 DAGs
[2025-05-04T03:31:37.540+0000] {logging_mixin.py:154} INFO - [2025-05-04T03:31:37.540+0000] {dag.py:3722} INFO - Setting next_dagrun for example_external_task_marker_child to None, run_after=None
[2025-05-04T03:31:37.541+0000] {logging_mixin.py:154} INFO - [2025-05-04T03:31:37.541+0000] {dag.py:3722} INFO - Setting next_dagrun for example_external_task_marker_parent to None, run_after=None
[2025-05-04T03:31:37.549+0000] {processor.py:179} INFO - Processing /home/airflow/.local/lib/python3.8/site-packages/airflow/example_dags/example_external_task_marker_dag.py took 0.043 seconds
[2025-05-04T03:32:07.574+0000] {processor.py:157} INFO - Started process (PID=466) to work on /home/airflow/.local/lib/python3.8/site-packages/airflow/example_dags/example_external_task_marker_dag.py
[2025-05-04T03:32:07.574+0000] {processor.py:829} INFO - Processing file /home/airflow/.local/lib/python3.8/site-packages/airflow/example_dags/example_external_task_marker_dag.py for tasks to queue
[2025-05-04T03:32:07.575+0000] {logging_mixin.py:154} INFO - [2025-05-04T03:32:07.575+0000] {dagbag.py:536} INFO - Filling up the DagBag from /home/airflow/.local/lib/python3.8/site-packages/airflow/example_dags/example_external_task_marker_dag.py
[2025-05-04T03:32:07.578+0000] {processor.py:839} INFO - DAG(s) dict_keys(['example_external_task_marker_child', 'example_external_task_marker_parent']) retrieved from /home/airflow/.local/lib/python3.8/site-packages/airflow/example_dags/example_external_task_marker_dag.py
[2025-05-04T03:32:07.588+0000] {logging_mixin.py:154} INFO - [2025-05-04T03:32:07.588+0000] {dag.py:2941} INFO - Sync 2 DAGs
[2025-05-04T03:32:07.594+0000] {logging_mixin.py:154} INFO - [2025-05-04T03:32:07.594+0000] {dag.py:3722} INFO - Setting next_dagrun for example_external_task_marker_child to None, run_after=None
[2025-05-04T03:32:07.595+0000] {logging_mixin.py:154} INFO - [2025-05-04T03:32:07.595+0000] {dag.py:3722} INFO - Setting next_dagrun for example_external_task_marker_parent to None, run_after=None
[2025-05-04T03:32:07.601+0000] {processor.py:179} INFO - Processing /home/airflow/.local/lib/python3.8/site-packages/airflow/example_dags/example_external_task_marker_dag.py took 0.029 seconds
[2025-05-04T03:32:37.713+0000] {processor.py:157} INFO - Started process (PID=521) to work on /home/airflow/.local/lib/python3.8/site-packages/airflow/example_dags/example_external_task_marker_dag.py
[2025-05-04T03:32:37.714+0000] {processor.py:829} INFO - Processing file /home/airflow/.local/lib/python3.8/site-packages/airflow/example_dags/example_external_task_marker_dag.py for tasks to queue
[2025-05-04T03:32:37.716+0000] {logging_mixin.py:154} INFO - [2025-05-04T03:32:37.716+0000] {dagbag.py:536} INFO - Filling up the DagBag from /home/airflow/.local/lib/python3.8/site-packages/airflow/example_dags/example_external_task_marker_dag.py
[2025-05-04T03:32:37.722+0000] {processor.py:839} INFO - DAG(s) dict_keys(['example_external_task_marker_child', 'example_external_task_marker_parent']) retrieved from /home/airflow/.local/lib/python3.8/site-packages/airflow/example_dags/example_external_task_marker_dag.py
[2025-05-04T03:32:37.746+0000] {logging_mixin.py:154} INFO - [2025-05-04T03:32:37.746+0000] {dag.py:2941} INFO - Sync 2 DAGs
[2025-05-04T03:32:37.755+0000] {logging_mixin.py:154} INFO - [2025-05-04T03:32:37.754+0000] {dag.py:3722} INFO - Setting next_dagrun for example_external_task_marker_child to None, run_after=None
[2025-05-04T03:32:37.759+0000] {logging_mixin.py:154} INFO - [2025-05-04T03:32:37.759+0000] {dag.py:3722} INFO - Setting next_dagrun for example_external_task_marker_parent to None, run_after=None
[2025-05-04T03:32:37.774+0000] {processor.py:179} INFO - Processing /home/airflow/.local/lib/python3.8/site-packages/airflow/example_dags/example_external_task_marker_dag.py took 0.064 seconds
[2025-05-04T03:33:08.037+0000] {processor.py:157} INFO - Started process (PID=576) to work on /home/airflow/.local/lib/python3.8/site-packages/airflow/example_dags/example_external_task_marker_dag.py
[2025-05-04T03:33:08.038+0000] {processor.py:829} INFO - Processing file /home/airflow/.local/lib/python3.8/site-packages/airflow/example_dags/example_external_task_marker_dag.py for tasks to queue
[2025-05-04T03:33:08.040+0000] {logging_mixin.py:154} INFO - [2025-05-04T03:33:08.040+0000] {dagbag.py:536} INFO - Filling up the DagBag from /home/airflow/.local/lib/python3.8/site-packages/airflow/example_dags/example_external_task_marker_dag.py
[2025-05-04T03:33:08.047+0000] {processor.py:839} INFO - DAG(s) dict_keys(['example_external_task_marker_parent', 'example_external_task_marker_child']) retrieved from /home/airflow/.local/lib/python3.8/site-packages/airflow/example_dags/example_external_task_marker_dag.py
[2025-05-04T03:33:08.082+0000] {logging_mixin.py:154} INFO - [2025-05-04T03:33:08.082+0000] {dag.py:2941} INFO - Sync 2 DAGs
[2025-05-04T03:33:08.093+0000] {logging_mixin.py:154} INFO - [2025-05-04T03:33:08.093+0000] {dag.py:3722} INFO - Setting next_dagrun for example_external_task_marker_child to None, run_after=None
[2025-05-04T03:33:08.095+0000] {logging_mixin.py:154} INFO - [2025-05-04T03:33:08.095+0000] {dag.py:3722} INFO - Setting next_dagrun for example_external_task_marker_parent to None, run_after=None
[2025-05-04T03:33:08.109+0000] {processor.py:179} INFO - Processing /home/airflow/.local/lib/python3.8/site-packages/airflow/example_dags/example_external_task_marker_dag.py took 0.076 seconds
[2025-05-04T03:33:38.142+0000] {processor.py:157} INFO - Started process (PID=631) to work on /home/airflow/.local/lib/python3.8/site-packages/airflow/example_dags/example_external_task_marker_dag.py
[2025-05-04T03:33:38.143+0000] {processor.py:829} INFO - Processing file /home/airflow/.local/lib/python3.8/site-packages/airflow/example_dags/example_external_task_marker_dag.py for tasks to queue
[2025-05-04T03:33:38.145+0000] {logging_mixin.py:154} INFO - [2025-05-04T03:33:38.145+0000] {dagbag.py:536} INFO - Filling up the DagBag from /home/airflow/.local/lib/python3.8/site-packages/airflow/example_dags/example_external_task_marker_dag.py
[2025-05-04T03:33:38.155+0000] {processor.py:839} INFO - DAG(s) dict_keys(['example_external_task_marker_parent', 'example_external_task_marker_child']) retrieved from /home/airflow/.local/lib/python3.8/site-packages/airflow/example_dags/example_external_task_marker_dag.py
[2025-05-04T03:33:38.178+0000] {logging_mixin.py:154} INFO - [2025-05-04T03:33:38.178+0000] {dag.py:2941} INFO - Sync 2 DAGs
[2025-05-04T03:33:38.185+0000] {logging_mixin.py:154} INFO - [2025-05-04T03:33:38.185+0000] {dag.py:3722} INFO - Setting next_dagrun for example_external_task_marker_child to None, run_after=None
[2025-05-04T03:33:38.187+0000] {logging_mixin.py:154} INFO - [2025-05-04T03:33:38.187+0000] {dag.py:3722} INFO - Setting next_dagrun for example_external_task_marker_parent to None, run_after=None
[2025-05-04T03:33:38.198+0000] {processor.py:179} INFO - Processing /home/airflow/.local/lib/python3.8/site-packages/airflow/example_dags/example_external_task_marker_dag.py took 0.062 seconds
[2025-05-04T03:34:08.948+0000] {processor.py:157} INFO - Started process (PID=686) to work on /home/airflow/.local/lib/python3.8/site-packages/airflow/example_dags/example_external_task_marker_dag.py
[2025-05-04T03:34:08.949+0000] {processor.py:829} INFO - Processing file /home/airflow/.local/lib/python3.8/site-packages/airflow/example_dags/example_external_task_marker_dag.py for tasks to queue
[2025-05-04T03:34:08.952+0000] {logging_mixin.py:154} INFO - [2025-05-04T03:34:08.951+0000] {dagbag.py:536} INFO - Filling up the DagBag from /home/airflow/.local/lib/python3.8/site-packages/airflow/example_dags/example_external_task_marker_dag.py
[2025-05-04T03:34:08.963+0000] {processor.py:839} INFO - DAG(s) dict_keys(['example_external_task_marker_parent', 'example_external_task_marker_child']) retrieved from /home/airflow/.local/lib/python3.8/site-packages/airflow/example_dags/example_external_task_marker_dag.py
[2025-05-04T03:34:08.987+0000] {logging_mixin.py:154} INFO - [2025-05-04T03:34:08.987+0000] {dag.py:2941} INFO - Sync 2 DAGs
[2025-05-04T03:34:08.995+0000] {logging_mixin.py:154} INFO - [2025-05-04T03:34:08.995+0000] {dag.py:3722} INFO - Setting next_dagrun for example_external_task_marker_child to None, run_after=None
[2025-05-04T03:34:08.998+0000] {logging_mixin.py:154} INFO - [2025-05-04T03:34:08.997+0000] {dag.py:3722} INFO - Setting next_dagrun for example_external_task_marker_parent to None, run_after=None
[2025-05-04T03:34:09.010+0000] {processor.py:179} INFO - Processing /home/airflow/.local/lib/python3.8/site-packages/airflow/example_dags/example_external_task_marker_dag.py took 0.071 seconds
[2025-05-04T03:34:39.977+0000] {processor.py:157} INFO - Started process (PID=741) to work on /home/airflow/.local/lib/python3.8/site-packages/airflow/example_dags/example_external_task_marker_dag.py
[2025-05-04T03:34:39.978+0000] {processor.py:829} INFO - Processing file /home/airflow/.local/lib/python3.8/site-packages/airflow/example_dags/example_external_task_marker_dag.py for tasks to queue
[2025-05-04T03:34:39.982+0000] {logging_mixin.py:154} INFO - [2025-05-04T03:34:39.982+0000] {dagbag.py:536} INFO - Filling up the DagBag from /home/airflow/.local/lib/python3.8/site-packages/airflow/example_dags/example_external_task_marker_dag.py
[2025-05-04T03:34:39.992+0000] {processor.py:839} INFO - DAG(s) dict_keys(['example_external_task_marker_child', 'example_external_task_marker_parent']) retrieved from /home/airflow/.local/lib/python3.8/site-packages/airflow/example_dags/example_external_task_marker_dag.py
[2025-05-04T03:34:40.016+0000] {logging_mixin.py:154} INFO - [2025-05-04T03:34:40.016+0000] {dag.py:2941} INFO - Sync 2 DAGs
[2025-05-04T03:34:40.023+0000] {logging_mixin.py:154} INFO - [2025-05-04T03:34:40.023+0000] {dag.py:3722} INFO - Setting next_dagrun for example_external_task_marker_child to None, run_after=None
[2025-05-04T03:34:40.025+0000] {logging_mixin.py:154} INFO - [2025-05-04T03:34:40.025+0000] {dag.py:3722} INFO - Setting next_dagrun for example_external_task_marker_parent to None, run_after=None
[2025-05-04T03:34:40.036+0000] {processor.py:179} INFO - Processing /home/airflow/.local/lib/python3.8/site-packages/airflow/example_dags/example_external_task_marker_dag.py took 0.064 seconds
[2025-05-04T03:35:10.949+0000] {processor.py:157} INFO - Started process (PID=796) to work on /home/airflow/.local/lib/python3.8/site-packages/airflow/example_dags/example_external_task_marker_dag.py
[2025-05-04T03:35:10.950+0000] {processor.py:829} INFO - Processing file /home/airflow/.local/lib/python3.8/site-packages/airflow/example_dags/example_external_task_marker_dag.py for tasks to queue
[2025-05-04T03:35:10.955+0000] {logging_mixin.py:154} INFO - [2025-05-04T03:35:10.955+0000] {dagbag.py:536} INFO - Filling up the DagBag from /home/airflow/.local/lib/python3.8/site-packages/airflow/example_dags/example_external_task_marker_dag.py
[2025-05-04T03:35:10.964+0000] {processor.py:839} INFO - DAG(s) dict_keys(['example_external_task_marker_parent', 'example_external_task_marker_child']) retrieved from /home/airflow/.local/lib/python3.8/site-packages/airflow/example_dags/example_external_task_marker_dag.py
[2025-05-04T03:35:10.986+0000] {logging_mixin.py:154} INFO - [2025-05-04T03:35:10.986+0000] {dag.py:2941} INFO - Sync 2 DAGs
[2025-05-04T03:35:10.994+0000] {logging_mixin.py:154} INFO - [2025-05-04T03:35:10.993+0000] {dag.py:3722} INFO - Setting next_dagrun for example_external_task_marker_child to None, run_after=None
[2025-05-04T03:35:10.996+0000] {logging_mixin.py:154} INFO - [2025-05-04T03:35:10.996+0000] {dag.py:3722} INFO - Setting next_dagrun for example_external_task_marker_parent to None, run_after=None
[2025-05-04T03:35:11.006+0000] {processor.py:179} INFO - Processing /home/airflow/.local/lib/python3.8/site-packages/airflow/example_dags/example_external_task_marker_dag.py took 0.061 seconds
