[2025-05-04T03:28:33.181+0000] {processor.py:157} INFO - Started process (PID=65) to work on /home/airflow/.local/lib/python3.8/site-packages/airflow/example_dags/example_datasets.py
[2025-05-04T03:28:33.182+0000] {processor.py:829} INFO - Processing file /home/airflow/.local/lib/python3.8/site-packages/airflow/example_dags/example_datasets.py for tasks to queue
[2025-05-04T03:28:33.186+0000] {logging_mixin.py:154} INFO - [2025-05-04T03:28:33.186+0000] {dagbag.py:536} INFO - Filling up the DagBag from /home/airflow/.local/lib/python3.8/site-packages/airflow/example_dags/example_datasets.py
[2025-05-04T03:28:33.195+0000] {processor.py:839} INFO - DAG(s) dict_keys(['dataset_consumes_1', 'dataset_consumes_1_never_scheduled', 'dataset_produces_2', 'dataset_consumes_unknown_never_scheduled', 'dataset_produces_1', 'dataset_consumes_1_and_2']) retrieved from /home/airflow/.local/lib/python3.8/site-packages/airflow/example_dags/example_datasets.py
[2025-05-04T03:28:33.213+0000] {logging_mixin.py:154} INFO - [2025-05-04T03:28:33.213+0000] {dag.py:2941} INFO - Sync 6 DAGs
[2025-05-04T03:28:33.237+0000] {logging_mixin.py:154} INFO - [2025-05-04T03:28:33.236+0000] {dag.py:3722} INFO - Setting next_dagrun for dataset_consumes_1 to None, run_after=None
[2025-05-04T03:28:33.240+0000] {logging_mixin.py:154} INFO - [2025-05-04T03:28:33.240+0000] {dag.py:3722} INFO - Setting next_dagrun for dataset_consumes_1_and_2 to None, run_after=None
[2025-05-04T03:28:33.244+0000] {logging_mixin.py:154} INFO - [2025-05-04T03:28:33.244+0000] {dag.py:3722} INFO - Setting next_dagrun for dataset_consumes_1_never_scheduled to None, run_after=None
[2025-05-04T03:28:33.247+0000] {logging_mixin.py:154} INFO - [2025-05-04T03:28:33.247+0000] {dag.py:3722} INFO - Setting next_dagrun for dataset_consumes_unknown_never_scheduled to None, run_after=None
[2025-05-04T03:28:33.252+0000] {logging_mixin.py:154} INFO - [2025-05-04T03:28:33.251+0000] {dag.py:3722} INFO - Setting next_dagrun for dataset_produces_1 to 2025-05-03T00:00:00+00:00, run_after=2025-05-04T00:00:00+00:00
[2025-05-04T03:28:33.254+0000] {logging_mixin.py:154} INFO - [2025-05-04T03:28:33.254+0000] {dag.py:3722} INFO - Setting next_dagrun for dataset_produces_2 to None, run_after=None
[2025-05-04T03:28:33.308+0000] {processor.py:179} INFO - Processing /home/airflow/.local/lib/python3.8/site-packages/airflow/example_dags/example_datasets.py took 0.130 seconds
[2025-05-04T03:29:03.375+0000] {processor.py:157} INFO - Started process (PID=120) to work on /home/airflow/.local/lib/python3.8/site-packages/airflow/example_dags/example_datasets.py
[2025-05-04T03:29:03.376+0000] {processor.py:829} INFO - Processing file /home/airflow/.local/lib/python3.8/site-packages/airflow/example_dags/example_datasets.py for tasks to queue
[2025-05-04T03:29:03.377+0000] {logging_mixin.py:154} INFO - [2025-05-04T03:29:03.377+0000] {dagbag.py:536} INFO - Filling up the DagBag from /home/airflow/.local/lib/python3.8/site-packages/airflow/example_dags/example_datasets.py
[2025-05-04T03:29:03.382+0000] {processor.py:839} INFO - DAG(s) dict_keys(['dataset_consumes_1_and_2', 'dataset_consumes_1_never_scheduled', 'dataset_consumes_unknown_never_scheduled', 'dataset_produces_1', 'dataset_produces_2', 'dataset_consumes_1']) retrieved from /home/airflow/.local/lib/python3.8/site-packages/airflow/example_dags/example_datasets.py
[2025-05-04T03:29:03.399+0000] {logging_mixin.py:154} INFO - [2025-05-04T03:29:03.399+0000] {dag.py:2941} INFO - Sync 6 DAGs
[2025-05-04T03:29:03.417+0000] {logging_mixin.py:154} INFO - [2025-05-04T03:29:03.417+0000] {dag.py:3722} INFO - Setting next_dagrun for dataset_consumes_1 to None, run_after=None
[2025-05-04T03:29:03.419+0000] {logging_mixin.py:154} INFO - [2025-05-04T03:29:03.419+0000] {dag.py:3722} INFO - Setting next_dagrun for dataset_consumes_1_and_2 to None, run_after=None
[2025-05-04T03:29:03.420+0000] {logging_mixin.py:154} INFO - [2025-05-04T03:29:03.420+0000] {dag.py:3722} INFO - Setting next_dagrun for dataset_consumes_1_never_scheduled to None, run_after=None
[2025-05-04T03:29:03.421+0000] {logging_mixin.py:154} INFO - [2025-05-04T03:29:03.421+0000] {dag.py:3722} INFO - Setting next_dagrun for dataset_consumes_unknown_never_scheduled to None, run_after=None
[2025-05-04T03:29:03.424+0000] {logging_mixin.py:154} INFO - [2025-05-04T03:29:03.424+0000] {dag.py:3722} INFO - Setting next_dagrun for dataset_produces_1 to 2025-05-03T00:00:00+00:00, run_after=2025-05-04T00:00:00+00:00
[2025-05-04T03:29:03.426+0000] {logging_mixin.py:154} INFO - [2025-05-04T03:29:03.426+0000] {dag.py:3722} INFO - Setting next_dagrun for dataset_produces_2 to None, run_after=None
[2025-05-04T03:29:03.444+0000] {processor.py:179} INFO - Processing /home/airflow/.local/lib/python3.8/site-packages/airflow/example_dags/example_datasets.py took 0.071 seconds
[2025-05-04T03:29:34.298+0000] {processor.py:157} INFO - Started process (PID=175) to work on /home/airflow/.local/lib/python3.8/site-packages/airflow/example_dags/example_datasets.py
[2025-05-04T03:29:34.299+0000] {processor.py:829} INFO - Processing file /home/airflow/.local/lib/python3.8/site-packages/airflow/example_dags/example_datasets.py for tasks to queue
[2025-05-04T03:29:34.300+0000] {logging_mixin.py:154} INFO - [2025-05-04T03:29:34.300+0000] {dagbag.py:536} INFO - Filling up the DagBag from /home/airflow/.local/lib/python3.8/site-packages/airflow/example_dags/example_datasets.py
[2025-05-04T03:29:34.306+0000] {processor.py:839} INFO - DAG(s) dict_keys(['dataset_consumes_1_never_scheduled', 'dataset_consumes_1_and_2', 'dataset_consumes_unknown_never_scheduled', 'dataset_consumes_1', 'dataset_produces_1', 'dataset_produces_2']) retrieved from /home/airflow/.local/lib/python3.8/site-packages/airflow/example_dags/example_datasets.py
[2025-05-04T03:29:34.327+0000] {logging_mixin.py:154} INFO - [2025-05-04T03:29:34.327+0000] {dag.py:2941} INFO - Sync 6 DAGs
[2025-05-04T03:29:34.344+0000] {logging_mixin.py:154} INFO - [2025-05-04T03:29:34.344+0000] {dag.py:3722} INFO - Setting next_dagrun for dataset_consumes_1 to None, run_after=None
[2025-05-04T03:29:34.347+0000] {logging_mixin.py:154} INFO - [2025-05-04T03:29:34.347+0000] {dag.py:3722} INFO - Setting next_dagrun for dataset_consumes_1_and_2 to None, run_after=None
[2025-05-04T03:29:34.349+0000] {logging_mixin.py:154} INFO - [2025-05-04T03:29:34.349+0000] {dag.py:3722} INFO - Setting next_dagrun for dataset_consumes_1_never_scheduled to None, run_after=None
[2025-05-04T03:29:34.350+0000] {logging_mixin.py:154} INFO - [2025-05-04T03:29:34.350+0000] {dag.py:3722} INFO - Setting next_dagrun for dataset_consumes_unknown_never_scheduled to None, run_after=None
[2025-05-04T03:29:34.351+0000] {logging_mixin.py:154} INFO - [2025-05-04T03:29:34.351+0000] {dag.py:3722} INFO - Setting next_dagrun for dataset_produces_1 to 2025-05-03T00:00:00+00:00, run_after=2025-05-04T00:00:00+00:00
[2025-05-04T03:29:34.353+0000] {logging_mixin.py:154} INFO - [2025-05-04T03:29:34.353+0000] {dag.py:3722} INFO - Setting next_dagrun for dataset_produces_2 to None, run_after=None
[2025-05-04T03:29:34.375+0000] {processor.py:179} INFO - Processing /home/airflow/.local/lib/python3.8/site-packages/airflow/example_dags/example_datasets.py took 0.078 seconds
[2025-05-04T03:30:04.581+0000] {processor.py:157} INFO - Started process (PID=237) to work on /home/airflow/.local/lib/python3.8/site-packages/airflow/example_dags/example_datasets.py
[2025-05-04T03:30:04.582+0000] {processor.py:829} INFO - Processing file /home/airflow/.local/lib/python3.8/site-packages/airflow/example_dags/example_datasets.py for tasks to queue
[2025-05-04T03:30:04.585+0000] {logging_mixin.py:154} INFO - [2025-05-04T03:30:04.584+0000] {dagbag.py:536} INFO - Filling up the DagBag from /home/airflow/.local/lib/python3.8/site-packages/airflow/example_dags/example_datasets.py
[2025-05-04T03:30:04.594+0000] {processor.py:839} INFO - DAG(s) dict_keys(['dataset_produces_2', 'dataset_produces_1', 'dataset_consumes_unknown_never_scheduled', 'dataset_consumes_1_and_2', 'dataset_consumes_1', 'dataset_consumes_1_never_scheduled']) retrieved from /home/airflow/.local/lib/python3.8/site-packages/airflow/example_dags/example_datasets.py
[2025-05-04T03:30:04.621+0000] {logging_mixin.py:154} INFO - [2025-05-04T03:30:04.621+0000] {dag.py:2941} INFO - Sync 6 DAGs
[2025-05-04T03:30:04.638+0000] {logging_mixin.py:154} INFO - [2025-05-04T03:30:04.638+0000] {dag.py:3722} INFO - Setting next_dagrun for dataset_consumes_1 to None, run_after=None
[2025-05-04T03:30:04.641+0000] {logging_mixin.py:154} INFO - [2025-05-04T03:30:04.641+0000] {dag.py:3722} INFO - Setting next_dagrun for dataset_consumes_1_and_2 to None, run_after=None
[2025-05-04T03:30:04.643+0000] {logging_mixin.py:154} INFO - [2025-05-04T03:30:04.643+0000] {dag.py:3722} INFO - Setting next_dagrun for dataset_consumes_1_never_scheduled to None, run_after=None
[2025-05-04T03:30:04.643+0000] {logging_mixin.py:154} INFO - [2025-05-04T03:30:04.643+0000] {dag.py:3722} INFO - Setting next_dagrun for dataset_consumes_unknown_never_scheduled to None, run_after=None
[2025-05-04T03:30:04.645+0000] {logging_mixin.py:154} INFO - [2025-05-04T03:30:04.645+0000] {dag.py:3722} INFO - Setting next_dagrun for dataset_produces_1 to 2025-05-03T00:00:00+00:00, run_after=2025-05-04T00:00:00+00:00
[2025-05-04T03:30:04.647+0000] {logging_mixin.py:154} INFO - [2025-05-04T03:30:04.647+0000] {dag.py:3722} INFO - Setting next_dagrun for dataset_produces_2 to None, run_after=None
[2025-05-04T03:30:04.664+0000] {processor.py:179} INFO - Processing /home/airflow/.local/lib/python3.8/site-packages/airflow/example_dags/example_datasets.py took 0.085 seconds
[2025-05-04T03:30:34.959+0000] {processor.py:157} INFO - Started process (PID=292) to work on /home/airflow/.local/lib/python3.8/site-packages/airflow/example_dags/example_datasets.py
[2025-05-04T03:30:34.960+0000] {processor.py:829} INFO - Processing file /home/airflow/.local/lib/python3.8/site-packages/airflow/example_dags/example_datasets.py for tasks to queue
[2025-05-04T03:30:34.964+0000] {logging_mixin.py:154} INFO - [2025-05-04T03:30:34.964+0000] {dagbag.py:536} INFO - Filling up the DagBag from /home/airflow/.local/lib/python3.8/site-packages/airflow/example_dags/example_datasets.py
[2025-05-04T03:30:34.972+0000] {processor.py:839} INFO - DAG(s) dict_keys(['dataset_produces_2', 'dataset_consumes_1_and_2', 'dataset_consumes_unknown_never_scheduled', 'dataset_produces_1', 'dataset_consumes_1_never_scheduled', 'dataset_consumes_1']) retrieved from /home/airflow/.local/lib/python3.8/site-packages/airflow/example_dags/example_datasets.py
[2025-05-04T03:30:35.002+0000] {logging_mixin.py:154} INFO - [2025-05-04T03:30:35.002+0000] {dag.py:2941} INFO - Sync 6 DAGs
[2025-05-04T03:30:35.015+0000] {logging_mixin.py:154} INFO - [2025-05-04T03:30:35.015+0000] {dag.py:3722} INFO - Setting next_dagrun for dataset_consumes_1 to None, run_after=None
[2025-05-04T03:30:35.017+0000] {logging_mixin.py:154} INFO - [2025-05-04T03:30:35.017+0000] {dag.py:3722} INFO - Setting next_dagrun for dataset_consumes_1_and_2 to None, run_after=None
[2025-05-04T03:30:35.018+0000] {logging_mixin.py:154} INFO - [2025-05-04T03:30:35.018+0000] {dag.py:3722} INFO - Setting next_dagrun for dataset_consumes_1_never_scheduled to None, run_after=None
[2025-05-04T03:30:35.019+0000] {logging_mixin.py:154} INFO - [2025-05-04T03:30:35.019+0000] {dag.py:3722} INFO - Setting next_dagrun for dataset_consumes_unknown_never_scheduled to None, run_after=None
[2025-05-04T03:30:35.022+0000] {logging_mixin.py:154} INFO - [2025-05-04T03:30:35.022+0000] {dag.py:3722} INFO - Setting next_dagrun for dataset_produces_1 to 2025-05-03T00:00:00+00:00, run_after=2025-05-04T00:00:00+00:00
[2025-05-04T03:30:35.022+0000] {logging_mixin.py:154} INFO - [2025-05-04T03:30:35.022+0000] {dag.py:3722} INFO - Setting next_dagrun for dataset_produces_2 to None, run_after=None
[2025-05-04T03:30:35.050+0000] {processor.py:179} INFO - Processing /home/airflow/.local/lib/python3.8/site-packages/airflow/example_dags/example_datasets.py took 0.094 seconds
[2025-05-04T03:31:05.208+0000] {processor.py:157} INFO - Started process (PID=348) to work on /home/airflow/.local/lib/python3.8/site-packages/airflow/example_dags/example_datasets.py
[2025-05-04T03:31:05.209+0000] {processor.py:829} INFO - Processing file /home/airflow/.local/lib/python3.8/site-packages/airflow/example_dags/example_datasets.py for tasks to queue
[2025-05-04T03:31:05.210+0000] {logging_mixin.py:154} INFO - [2025-05-04T03:31:05.210+0000] {dagbag.py:536} INFO - Filling up the DagBag from /home/airflow/.local/lib/python3.8/site-packages/airflow/example_dags/example_datasets.py
[2025-05-04T03:31:05.218+0000] {processor.py:839} INFO - DAG(s) dict_keys(['dataset_consumes_1_never_scheduled', 'dataset_produces_2', 'dataset_consumes_1_and_2', 'dataset_consumes_unknown_never_scheduled', 'dataset_produces_1', 'dataset_consumes_1']) retrieved from /home/airflow/.local/lib/python3.8/site-packages/airflow/example_dags/example_datasets.py
[2025-05-04T03:31:05.237+0000] {logging_mixin.py:154} INFO - [2025-05-04T03:31:05.236+0000] {dag.py:2941} INFO - Sync 6 DAGs
[2025-05-04T03:31:05.253+0000] {logging_mixin.py:154} INFO - [2025-05-04T03:31:05.253+0000] {dag.py:3722} INFO - Setting next_dagrun for dataset_consumes_1 to None, run_after=None
[2025-05-04T03:31:05.256+0000] {logging_mixin.py:154} INFO - [2025-05-04T03:31:05.256+0000] {dag.py:3722} INFO - Setting next_dagrun for dataset_consumes_1_and_2 to None, run_after=None
[2025-05-04T03:31:05.256+0000] {logging_mixin.py:154} INFO - [2025-05-04T03:31:05.256+0000] {dag.py:3722} INFO - Setting next_dagrun for dataset_consumes_1_never_scheduled to None, run_after=None
[2025-05-04T03:31:05.257+0000] {logging_mixin.py:154} INFO - [2025-05-04T03:31:05.257+0000] {dag.py:3722} INFO - Setting next_dagrun for dataset_consumes_unknown_never_scheduled to None, run_after=None
[2025-05-04T03:31:05.259+0000] {logging_mixin.py:154} INFO - [2025-05-04T03:31:05.258+0000] {dag.py:3722} INFO - Setting next_dagrun for dataset_produces_1 to 2025-05-03T00:00:00+00:00, run_after=2025-05-04T00:00:00+00:00
[2025-05-04T03:31:05.260+0000] {logging_mixin.py:154} INFO - [2025-05-04T03:31:05.260+0000] {dag.py:3722} INFO - Setting next_dagrun for dataset_produces_2 to None, run_after=None
[2025-05-04T03:31:05.276+0000] {processor.py:179} INFO - Processing /home/airflow/.local/lib/python3.8/site-packages/airflow/example_dags/example_datasets.py took 0.070 seconds
[2025-05-04T03:31:36.200+0000] {processor.py:157} INFO - Started process (PID=403) to work on /home/airflow/.local/lib/python3.8/site-packages/airflow/example_dags/example_datasets.py
[2025-05-04T03:31:36.201+0000] {processor.py:829} INFO - Processing file /home/airflow/.local/lib/python3.8/site-packages/airflow/example_dags/example_datasets.py for tasks to queue
[2025-05-04T03:31:36.203+0000] {logging_mixin.py:154} INFO - [2025-05-04T03:31:36.203+0000] {dagbag.py:536} INFO - Filling up the DagBag from /home/airflow/.local/lib/python3.8/site-packages/airflow/example_dags/example_datasets.py
[2025-05-04T03:31:36.211+0000] {processor.py:839} INFO - DAG(s) dict_keys(['dataset_consumes_1_and_2', 'dataset_consumes_1', 'dataset_consumes_unknown_never_scheduled', 'dataset_produces_2', 'dataset_produces_1', 'dataset_consumes_1_never_scheduled']) retrieved from /home/airflow/.local/lib/python3.8/site-packages/airflow/example_dags/example_datasets.py
[2025-05-04T03:31:36.229+0000] {logging_mixin.py:154} INFO - [2025-05-04T03:31:36.229+0000] {dag.py:2941} INFO - Sync 6 DAGs
[2025-05-04T03:31:36.246+0000] {logging_mixin.py:154} INFO - [2025-05-04T03:31:36.246+0000] {dag.py:3722} INFO - Setting next_dagrun for dataset_consumes_1 to None, run_after=None
[2025-05-04T03:31:36.249+0000] {logging_mixin.py:154} INFO - [2025-05-04T03:31:36.249+0000] {dag.py:3722} INFO - Setting next_dagrun for dataset_consumes_1_and_2 to None, run_after=None
[2025-05-04T03:31:36.249+0000] {logging_mixin.py:154} INFO - [2025-05-04T03:31:36.249+0000] {dag.py:3722} INFO - Setting next_dagrun for dataset_consumes_1_never_scheduled to None, run_after=None
[2025-05-04T03:31:36.250+0000] {logging_mixin.py:154} INFO - [2025-05-04T03:31:36.250+0000] {dag.py:3722} INFO - Setting next_dagrun for dataset_consumes_unknown_never_scheduled to None, run_after=None
[2025-05-04T03:31:36.251+0000] {logging_mixin.py:154} INFO - [2025-05-04T03:31:36.251+0000] {dag.py:3722} INFO - Setting next_dagrun for dataset_produces_1 to 2025-05-03T00:00:00+00:00, run_after=2025-05-04T00:00:00+00:00
[2025-05-04T03:31:36.252+0000] {logging_mixin.py:154} INFO - [2025-05-04T03:31:36.252+0000] {dag.py:3722} INFO - Setting next_dagrun for dataset_produces_2 to None, run_after=None
[2025-05-04T03:31:36.271+0000] {processor.py:179} INFO - Processing /home/airflow/.local/lib/python3.8/site-packages/airflow/example_dags/example_datasets.py took 0.073 seconds
[2025-05-04T03:32:06.345+0000] {processor.py:157} INFO - Started process (PID=458) to work on /home/airflow/.local/lib/python3.8/site-packages/airflow/example_dags/example_datasets.py
[2025-05-04T03:32:06.345+0000] {processor.py:829} INFO - Processing file /home/airflow/.local/lib/python3.8/site-packages/airflow/example_dags/example_datasets.py for tasks to queue
[2025-05-04T03:32:06.346+0000] {logging_mixin.py:154} INFO - [2025-05-04T03:32:06.346+0000] {dagbag.py:536} INFO - Filling up the DagBag from /home/airflow/.local/lib/python3.8/site-packages/airflow/example_dags/example_datasets.py
[2025-05-04T03:32:06.354+0000] {processor.py:839} INFO - DAG(s) dict_keys(['dataset_produces_1', 'dataset_consumes_unknown_never_scheduled', 'dataset_consumes_1_and_2', 'dataset_consumes_1', 'dataset_produces_2', 'dataset_consumes_1_never_scheduled']) retrieved from /home/airflow/.local/lib/python3.8/site-packages/airflow/example_dags/example_datasets.py
[2025-05-04T03:32:06.374+0000] {logging_mixin.py:154} INFO - [2025-05-04T03:32:06.374+0000] {dag.py:2941} INFO - Sync 6 DAGs
[2025-05-04T03:32:06.387+0000] {logging_mixin.py:154} INFO - [2025-05-04T03:32:06.387+0000] {dag.py:3722} INFO - Setting next_dagrun for dataset_consumes_1 to None, run_after=None
[2025-05-04T03:32:06.389+0000] {logging_mixin.py:154} INFO - [2025-05-04T03:32:06.389+0000] {dag.py:3722} INFO - Setting next_dagrun for dataset_consumes_1_and_2 to None, run_after=None
[2025-05-04T03:32:06.390+0000] {logging_mixin.py:154} INFO - [2025-05-04T03:32:06.389+0000] {dag.py:3722} INFO - Setting next_dagrun for dataset_consumes_1_never_scheduled to None, run_after=None
[2025-05-04T03:32:06.390+0000] {logging_mixin.py:154} INFO - [2025-05-04T03:32:06.390+0000] {dag.py:3722} INFO - Setting next_dagrun for dataset_consumes_unknown_never_scheduled to None, run_after=None
[2025-05-04T03:32:06.391+0000] {logging_mixin.py:154} INFO - [2025-05-04T03:32:06.391+0000] {dag.py:3722} INFO - Setting next_dagrun for dataset_produces_1 to 2025-05-03T00:00:00+00:00, run_after=2025-05-04T00:00:00+00:00
[2025-05-04T03:32:06.391+0000] {logging_mixin.py:154} INFO - [2025-05-04T03:32:06.391+0000] {dag.py:3722} INFO - Setting next_dagrun for dataset_produces_2 to None, run_after=None
[2025-05-04T03:32:06.403+0000] {processor.py:179} INFO - Processing /home/airflow/.local/lib/python3.8/site-packages/airflow/example_dags/example_datasets.py took 0.060 seconds
[2025-05-04T03:32:36.467+0000] {processor.py:157} INFO - Started process (PID=513) to work on /home/airflow/.local/lib/python3.8/site-packages/airflow/example_dags/example_datasets.py
[2025-05-04T03:32:36.467+0000] {processor.py:829} INFO - Processing file /home/airflow/.local/lib/python3.8/site-packages/airflow/example_dags/example_datasets.py for tasks to queue
[2025-05-04T03:32:36.468+0000] {logging_mixin.py:154} INFO - [2025-05-04T03:32:36.468+0000] {dagbag.py:536} INFO - Filling up the DagBag from /home/airflow/.local/lib/python3.8/site-packages/airflow/example_dags/example_datasets.py
[2025-05-04T03:32:36.473+0000] {processor.py:839} INFO - DAG(s) dict_keys(['dataset_consumes_1_and_2', 'dataset_consumes_1', 'dataset_produces_2', 'dataset_consumes_1_never_scheduled', 'dataset_consumes_unknown_never_scheduled', 'dataset_produces_1']) retrieved from /home/airflow/.local/lib/python3.8/site-packages/airflow/example_dags/example_datasets.py
[2025-05-04T03:32:36.493+0000] {logging_mixin.py:154} INFO - [2025-05-04T03:32:36.493+0000] {dag.py:2941} INFO - Sync 6 DAGs
[2025-05-04T03:32:36.506+0000] {logging_mixin.py:154} INFO - [2025-05-04T03:32:36.506+0000] {dag.py:3722} INFO - Setting next_dagrun for dataset_consumes_1 to None, run_after=None
[2025-05-04T03:32:36.508+0000] {logging_mixin.py:154} INFO - [2025-05-04T03:32:36.508+0000] {dag.py:3722} INFO - Setting next_dagrun for dataset_consumes_1_and_2 to None, run_after=None
[2025-05-04T03:32:36.509+0000] {logging_mixin.py:154} INFO - [2025-05-04T03:32:36.509+0000] {dag.py:3722} INFO - Setting next_dagrun for dataset_consumes_1_never_scheduled to None, run_after=None
[2025-05-04T03:32:36.509+0000] {logging_mixin.py:154} INFO - [2025-05-04T03:32:36.509+0000] {dag.py:3722} INFO - Setting next_dagrun for dataset_consumes_unknown_never_scheduled to None, run_after=None
[2025-05-04T03:32:36.511+0000] {logging_mixin.py:154} INFO - [2025-05-04T03:32:36.511+0000] {dag.py:3722} INFO - Setting next_dagrun for dataset_produces_1 to 2025-05-03T00:00:00+00:00, run_after=2025-05-04T00:00:00+00:00
[2025-05-04T03:32:36.512+0000] {logging_mixin.py:154} INFO - [2025-05-04T03:32:36.512+0000] {dag.py:3722} INFO - Setting next_dagrun for dataset_produces_2 to None, run_after=None
[2025-05-04T03:32:36.530+0000] {processor.py:179} INFO - Processing /home/airflow/.local/lib/python3.8/site-packages/airflow/example_dags/example_datasets.py took 0.064 seconds
[2025-05-04T03:33:06.766+0000] {processor.py:157} INFO - Started process (PID=568) to work on /home/airflow/.local/lib/python3.8/site-packages/airflow/example_dags/example_datasets.py
[2025-05-04T03:33:06.767+0000] {processor.py:829} INFO - Processing file /home/airflow/.local/lib/python3.8/site-packages/airflow/example_dags/example_datasets.py for tasks to queue
[2025-05-04T03:33:06.769+0000] {logging_mixin.py:154} INFO - [2025-05-04T03:33:06.769+0000] {dagbag.py:536} INFO - Filling up the DagBag from /home/airflow/.local/lib/python3.8/site-packages/airflow/example_dags/example_datasets.py
[2025-05-04T03:33:06.777+0000] {processor.py:839} INFO - DAG(s) dict_keys(['dataset_consumes_1_and_2', 'dataset_produces_1', 'dataset_produces_2', 'dataset_consumes_unknown_never_scheduled', 'dataset_consumes_1_never_scheduled', 'dataset_consumes_1']) retrieved from /home/airflow/.local/lib/python3.8/site-packages/airflow/example_dags/example_datasets.py
[2025-05-04T03:33:06.806+0000] {logging_mixin.py:154} INFO - [2025-05-04T03:33:06.806+0000] {dag.py:2941} INFO - Sync 6 DAGs
[2025-05-04T03:33:06.820+0000] {logging_mixin.py:154} INFO - [2025-05-04T03:33:06.820+0000] {dag.py:3722} INFO - Setting next_dagrun for dataset_consumes_1 to None, run_after=None
[2025-05-04T03:33:06.822+0000] {logging_mixin.py:154} INFO - [2025-05-04T03:33:06.822+0000] {dag.py:3722} INFO - Setting next_dagrun for dataset_consumes_1_and_2 to None, run_after=None
[2025-05-04T03:33:06.822+0000] {logging_mixin.py:154} INFO - [2025-05-04T03:33:06.822+0000] {dag.py:3722} INFO - Setting next_dagrun for dataset_consumes_1_never_scheduled to None, run_after=None
[2025-05-04T03:33:06.823+0000] {logging_mixin.py:154} INFO - [2025-05-04T03:33:06.823+0000] {dag.py:3722} INFO - Setting next_dagrun for dataset_consumes_unknown_never_scheduled to None, run_after=None
[2025-05-04T03:33:06.824+0000] {logging_mixin.py:154} INFO - [2025-05-04T03:33:06.824+0000] {dag.py:3722} INFO - Setting next_dagrun for dataset_produces_1 to 2025-05-03T00:00:00+00:00, run_after=2025-05-04T00:00:00+00:00
[2025-05-04T03:33:06.826+0000] {logging_mixin.py:154} INFO - [2025-05-04T03:33:06.826+0000] {dag.py:3722} INFO - Setting next_dagrun for dataset_produces_2 to None, run_after=None
[2025-05-04T03:33:06.846+0000] {processor.py:179} INFO - Processing /home/airflow/.local/lib/python3.8/site-packages/airflow/example_dags/example_datasets.py took 0.082 seconds
[2025-05-04T03:33:36.897+0000] {processor.py:157} INFO - Started process (PID=623) to work on /home/airflow/.local/lib/python3.8/site-packages/airflow/example_dags/example_datasets.py
[2025-05-04T03:33:36.898+0000] {processor.py:829} INFO - Processing file /home/airflow/.local/lib/python3.8/site-packages/airflow/example_dags/example_datasets.py for tasks to queue
[2025-05-04T03:33:36.900+0000] {logging_mixin.py:154} INFO - [2025-05-04T03:33:36.900+0000] {dagbag.py:536} INFO - Filling up the DagBag from /home/airflow/.local/lib/python3.8/site-packages/airflow/example_dags/example_datasets.py
[2025-05-04T03:33:36.908+0000] {processor.py:839} INFO - DAG(s) dict_keys(['dataset_consumes_1_and_2', 'dataset_consumes_1_never_scheduled', 'dataset_produces_1', 'dataset_consumes_1', 'dataset_consumes_unknown_never_scheduled', 'dataset_produces_2']) retrieved from /home/airflow/.local/lib/python3.8/site-packages/airflow/example_dags/example_datasets.py
[2025-05-04T03:33:36.938+0000] {logging_mixin.py:154} INFO - [2025-05-04T03:33:36.938+0000] {dag.py:2941} INFO - Sync 6 DAGs
[2025-05-04T03:33:36.949+0000] {logging_mixin.py:154} INFO - [2025-05-04T03:33:36.949+0000] {dag.py:3722} INFO - Setting next_dagrun for dataset_consumes_1 to None, run_after=None
[2025-05-04T03:33:36.950+0000] {logging_mixin.py:154} INFO - [2025-05-04T03:33:36.950+0000] {dag.py:3722} INFO - Setting next_dagrun for dataset_consumes_1_and_2 to None, run_after=None
[2025-05-04T03:33:36.951+0000] {logging_mixin.py:154} INFO - [2025-05-04T03:33:36.951+0000] {dag.py:3722} INFO - Setting next_dagrun for dataset_consumes_1_never_scheduled to None, run_after=None
[2025-05-04T03:33:36.951+0000] {logging_mixin.py:154} INFO - [2025-05-04T03:33:36.951+0000] {dag.py:3722} INFO - Setting next_dagrun for dataset_consumes_unknown_never_scheduled to None, run_after=None
[2025-05-04T03:33:36.952+0000] {logging_mixin.py:154} INFO - [2025-05-04T03:33:36.952+0000] {dag.py:3722} INFO - Setting next_dagrun for dataset_produces_1 to 2025-05-03T00:00:00+00:00, run_after=2025-05-04T00:00:00+00:00
[2025-05-04T03:33:36.953+0000] {logging_mixin.py:154} INFO - [2025-05-04T03:33:36.952+0000] {dag.py:3722} INFO - Setting next_dagrun for dataset_produces_2 to None, run_after=None
[2025-05-04T03:33:36.964+0000] {processor.py:179} INFO - Processing /home/airflow/.local/lib/python3.8/site-packages/airflow/example_dags/example_datasets.py took 0.072 seconds
[2025-05-04T03:34:07.706+0000] {processor.py:157} INFO - Started process (PID=678) to work on /home/airflow/.local/lib/python3.8/site-packages/airflow/example_dags/example_datasets.py
[2025-05-04T03:34:07.707+0000] {processor.py:829} INFO - Processing file /home/airflow/.local/lib/python3.8/site-packages/airflow/example_dags/example_datasets.py for tasks to queue
[2025-05-04T03:34:07.708+0000] {logging_mixin.py:154} INFO - [2025-05-04T03:34:07.708+0000] {dagbag.py:536} INFO - Filling up the DagBag from /home/airflow/.local/lib/python3.8/site-packages/airflow/example_dags/example_datasets.py
[2025-05-04T03:34:07.713+0000] {processor.py:839} INFO - DAG(s) dict_keys(['dataset_produces_1', 'dataset_consumes_1_never_scheduled', 'dataset_consumes_unknown_never_scheduled', 'dataset_consumes_1', 'dataset_consumes_1_and_2', 'dataset_produces_2']) retrieved from /home/airflow/.local/lib/python3.8/site-packages/airflow/example_dags/example_datasets.py
[2025-05-04T03:34:07.732+0000] {logging_mixin.py:154} INFO - [2025-05-04T03:34:07.732+0000] {dag.py:2941} INFO - Sync 6 DAGs
[2025-05-04T03:34:07.745+0000] {logging_mixin.py:154} INFO - [2025-05-04T03:34:07.745+0000] {dag.py:3722} INFO - Setting next_dagrun for dataset_consumes_1 to None, run_after=None
[2025-05-04T03:34:07.747+0000] {logging_mixin.py:154} INFO - [2025-05-04T03:34:07.747+0000] {dag.py:3722} INFO - Setting next_dagrun for dataset_consumes_1_and_2 to None, run_after=None
[2025-05-04T03:34:07.748+0000] {logging_mixin.py:154} INFO - [2025-05-04T03:34:07.747+0000] {dag.py:3722} INFO - Setting next_dagrun for dataset_consumes_1_never_scheduled to None, run_after=None
[2025-05-04T03:34:07.748+0000] {logging_mixin.py:154} INFO - [2025-05-04T03:34:07.748+0000] {dag.py:3722} INFO - Setting next_dagrun for dataset_consumes_unknown_never_scheduled to None, run_after=None
[2025-05-04T03:34:07.749+0000] {logging_mixin.py:154} INFO - [2025-05-04T03:34:07.749+0000] {dag.py:3722} INFO - Setting next_dagrun for dataset_produces_1 to 2025-05-03T00:00:00+00:00, run_after=2025-05-04T00:00:00+00:00
[2025-05-04T03:34:07.750+0000] {logging_mixin.py:154} INFO - [2025-05-04T03:34:07.750+0000] {dag.py:3722} INFO - Setting next_dagrun for dataset_produces_2 to None, run_after=None
[2025-05-04T03:34:07.760+0000] {processor.py:179} INFO - Processing /home/airflow/.local/lib/python3.8/site-packages/airflow/example_dags/example_datasets.py took 0.055 seconds
[2025-05-04T03:34:38.740+0000] {processor.py:157} INFO - Started process (PID=733) to work on /home/airflow/.local/lib/python3.8/site-packages/airflow/example_dags/example_datasets.py
[2025-05-04T03:34:38.740+0000] {processor.py:829} INFO - Processing file /home/airflow/.local/lib/python3.8/site-packages/airflow/example_dags/example_datasets.py for tasks to queue
[2025-05-04T03:34:38.741+0000] {logging_mixin.py:154} INFO - [2025-05-04T03:34:38.741+0000] {dagbag.py:536} INFO - Filling up the DagBag from /home/airflow/.local/lib/python3.8/site-packages/airflow/example_dags/example_datasets.py
[2025-05-04T03:34:38.746+0000] {processor.py:839} INFO - DAG(s) dict_keys(['dataset_produces_1', 'dataset_consumes_1_and_2', 'dataset_consumes_unknown_never_scheduled', 'dataset_consumes_1', 'dataset_produces_2', 'dataset_consumes_1_never_scheduled']) retrieved from /home/airflow/.local/lib/python3.8/site-packages/airflow/example_dags/example_datasets.py
[2025-05-04T03:34:38.765+0000] {logging_mixin.py:154} INFO - [2025-05-04T03:34:38.765+0000] {dag.py:2941} INFO - Sync 6 DAGs
[2025-05-04T03:34:38.774+0000] {logging_mixin.py:154} INFO - [2025-05-04T03:34:38.774+0000] {dag.py:3722} INFO - Setting next_dagrun for dataset_consumes_1 to None, run_after=None
[2025-05-04T03:34:38.777+0000] {logging_mixin.py:154} INFO - [2025-05-04T03:34:38.777+0000] {dag.py:3722} INFO - Setting next_dagrun for dataset_consumes_1_and_2 to None, run_after=None
[2025-05-04T03:34:38.777+0000] {logging_mixin.py:154} INFO - [2025-05-04T03:34:38.777+0000] {dag.py:3722} INFO - Setting next_dagrun for dataset_consumes_1_never_scheduled to None, run_after=None
[2025-05-04T03:34:38.778+0000] {logging_mixin.py:154} INFO - [2025-05-04T03:34:38.778+0000] {dag.py:3722} INFO - Setting next_dagrun for dataset_consumes_unknown_never_scheduled to None, run_after=None
[2025-05-04T03:34:38.779+0000] {logging_mixin.py:154} INFO - [2025-05-04T03:34:38.779+0000] {dag.py:3722} INFO - Setting next_dagrun for dataset_produces_1 to 2025-05-03T00:00:00+00:00, run_after=2025-05-04T00:00:00+00:00
[2025-05-04T03:34:38.780+0000] {logging_mixin.py:154} INFO - [2025-05-04T03:34:38.780+0000] {dag.py:3722} INFO - Setting next_dagrun for dataset_produces_2 to None, run_after=None
[2025-05-04T03:34:38.793+0000] {processor.py:179} INFO - Processing /home/airflow/.local/lib/python3.8/site-packages/airflow/example_dags/example_datasets.py took 0.054 seconds
[2025-05-04T03:35:09.706+0000] {processor.py:157} INFO - Started process (PID=788) to work on /home/airflow/.local/lib/python3.8/site-packages/airflow/example_dags/example_datasets.py
[2025-05-04T03:35:09.706+0000] {processor.py:829} INFO - Processing file /home/airflow/.local/lib/python3.8/site-packages/airflow/example_dags/example_datasets.py for tasks to queue
[2025-05-04T03:35:09.707+0000] {logging_mixin.py:154} INFO - [2025-05-04T03:35:09.707+0000] {dagbag.py:536} INFO - Filling up the DagBag from /home/airflow/.local/lib/python3.8/site-packages/airflow/example_dags/example_datasets.py
[2025-05-04T03:35:09.712+0000] {processor.py:839} INFO - DAG(s) dict_keys(['dataset_consumes_unknown_never_scheduled', 'dataset_consumes_1_and_2', 'dataset_produces_1', 'dataset_consumes_1', 'dataset_produces_2', 'dataset_consumes_1_never_scheduled']) retrieved from /home/airflow/.local/lib/python3.8/site-packages/airflow/example_dags/example_datasets.py
[2025-05-04T03:35:09.729+0000] {logging_mixin.py:154} INFO - [2025-05-04T03:35:09.729+0000] {dag.py:2941} INFO - Sync 6 DAGs
[2025-05-04T03:35:09.743+0000] {logging_mixin.py:154} INFO - [2025-05-04T03:35:09.743+0000] {dag.py:3722} INFO - Setting next_dagrun for dataset_consumes_1 to None, run_after=None
[2025-05-04T03:35:09.745+0000] {logging_mixin.py:154} INFO - [2025-05-04T03:35:09.745+0000] {dag.py:3722} INFO - Setting next_dagrun for dataset_consumes_1_and_2 to None, run_after=None
[2025-05-04T03:35:09.746+0000] {logging_mixin.py:154} INFO - [2025-05-04T03:35:09.746+0000] {dag.py:3722} INFO - Setting next_dagrun for dataset_consumes_1_never_scheduled to None, run_after=None
[2025-05-04T03:35:09.747+0000] {logging_mixin.py:154} INFO - [2025-05-04T03:35:09.747+0000] {dag.py:3722} INFO - Setting next_dagrun for dataset_consumes_unknown_never_scheduled to None, run_after=None
[2025-05-04T03:35:09.748+0000] {logging_mixin.py:154} INFO - [2025-05-04T03:35:09.748+0000] {dag.py:3722} INFO - Setting next_dagrun for dataset_produces_1 to 2025-05-03T00:00:00+00:00, run_after=2025-05-04T00:00:00+00:00
[2025-05-04T03:35:09.749+0000] {logging_mixin.py:154} INFO - [2025-05-04T03:35:09.748+0000] {dag.py:3722} INFO - Setting next_dagrun for dataset_produces_2 to None, run_after=None
[2025-05-04T03:35:09.765+0000] {processor.py:179} INFO - Processing /home/airflow/.local/lib/python3.8/site-packages/airflow/example_dags/example_datasets.py took 0.061 seconds
