[2025-05-04T03:28:32.089+0000] {processor.py:157} INFO - Started process (PID=48) to work on /home/airflow/.local/lib/python3.8/site-packages/airflow/example_dags/example_sensor_decorator.py
[2025-05-04T03:28:32.089+0000] {processor.py:829} INFO - Processing file /home/airflow/.local/lib/python3.8/site-packages/airflow/example_dags/example_sensor_decorator.py for tasks to queue
[2025-05-04T03:28:32.092+0000] {logging_mixin.py:154} INFO - [2025-05-04T03:28:32.091+0000] {dagbag.py:536} INFO - Filling up the DagBag from /home/airflow/.local/lib/python3.8/site-packages/airflow/example_dags/example_sensor_decorator.py
[2025-05-04T03:28:32.102+0000] {processor.py:839} INFO - DAG(s) dict_keys(['example_sensor_decorator']) retrieved from /home/airflow/.local/lib/python3.8/site-packages/airflow/example_dags/example_sensor_decorator.py
[2025-05-04T03:28:32.113+0000] {logging_mixin.py:154} INFO - [2025-05-04T03:28:32.113+0000] {dag.py:2941} INFO - Sync 1 DAGs
[2025-05-04T03:28:32.124+0000] {logging_mixin.py:154} INFO - [2025-05-04T03:28:32.124+0000] {dag.py:3722} INFO - Setting next_dagrun for example_sensor_decorator to None, run_after=None
[2025-05-04T03:28:32.142+0000] {processor.py:179} INFO - Processing /home/airflow/.local/lib/python3.8/site-packages/airflow/example_dags/example_sensor_decorator.py took 0.056 seconds
[2025-05-04T03:29:02.536+0000] {processor.py:157} INFO - Started process (PID=103) to work on /home/airflow/.local/lib/python3.8/site-packages/airflow/example_dags/example_sensor_decorator.py
[2025-05-04T03:29:02.536+0000] {processor.py:829} INFO - Processing file /home/airflow/.local/lib/python3.8/site-packages/airflow/example_dags/example_sensor_decorator.py for tasks to queue
[2025-05-04T03:29:02.538+0000] {logging_mixin.py:154} INFO - [2025-05-04T03:29:02.537+0000] {dagbag.py:536} INFO - Filling up the DagBag from /home/airflow/.local/lib/python3.8/site-packages/airflow/example_dags/example_sensor_decorator.py
[2025-05-04T03:29:02.543+0000] {processor.py:839} INFO - DAG(s) dict_keys(['example_sensor_decorator']) retrieved from /home/airflow/.local/lib/python3.8/site-packages/airflow/example_dags/example_sensor_decorator.py
[2025-05-04T03:29:02.556+0000] {logging_mixin.py:154} INFO - [2025-05-04T03:29:02.556+0000] {dag.py:2941} INFO - Sync 1 DAGs
[2025-05-04T03:29:02.561+0000] {logging_mixin.py:154} INFO - [2025-05-04T03:29:02.561+0000] {dag.py:3722} INFO - Setting next_dagrun for example_sensor_decorator to None, run_after=None
[2025-05-04T03:29:02.573+0000] {processor.py:179} INFO - Processing /home/airflow/.local/lib/python3.8/site-packages/airflow/example_dags/example_sensor_decorator.py took 0.039 seconds
[2025-05-04T03:29:32.726+0000] {processor.py:157} INFO - Started process (PID=158) to work on /home/airflow/.local/lib/python3.8/site-packages/airflow/example_dags/example_sensor_decorator.py
[2025-05-04T03:29:32.727+0000] {processor.py:829} INFO - Processing file /home/airflow/.local/lib/python3.8/site-packages/airflow/example_dags/example_sensor_decorator.py for tasks to queue
[2025-05-04T03:29:32.729+0000] {logging_mixin.py:154} INFO - [2025-05-04T03:29:32.729+0000] {dagbag.py:536} INFO - Filling up the DagBag from /home/airflow/.local/lib/python3.8/site-packages/airflow/example_dags/example_sensor_decorator.py
[2025-05-04T03:29:32.733+0000] {processor.py:839} INFO - DAG(s) dict_keys(['example_sensor_decorator']) retrieved from /home/airflow/.local/lib/python3.8/site-packages/airflow/example_dags/example_sensor_decorator.py
[2025-05-04T03:29:32.747+0000] {logging_mixin.py:154} INFO - [2025-05-04T03:29:32.747+0000] {dag.py:2941} INFO - Sync 1 DAGs
[2025-05-04T03:29:32.753+0000] {logging_mixin.py:154} INFO - [2025-05-04T03:29:32.753+0000] {dag.py:3722} INFO - Setting next_dagrun for example_sensor_decorator to None, run_after=None
[2025-05-04T03:29:32.762+0000] {processor.py:179} INFO - Processing /home/airflow/.local/lib/python3.8/site-packages/airflow/example_dags/example_sensor_decorator.py took 0.038 seconds
[2025-05-04T03:30:03.015+0000] {processor.py:157} INFO - Started process (PID=213) to work on /home/airflow/.local/lib/python3.8/site-packages/airflow/example_dags/example_sensor_decorator.py
[2025-05-04T03:30:03.016+0000] {processor.py:829} INFO - Processing file /home/airflow/.local/lib/python3.8/site-packages/airflow/example_dags/example_sensor_decorator.py for tasks to queue
[2025-05-04T03:30:03.018+0000] {logging_mixin.py:154} INFO - [2025-05-04T03:30:03.018+0000] {dagbag.py:536} INFO - Filling up the DagBag from /home/airflow/.local/lib/python3.8/site-packages/airflow/example_dags/example_sensor_decorator.py
[2025-05-04T03:30:03.021+0000] {processor.py:839} INFO - DAG(s) dict_keys(['example_sensor_decorator']) retrieved from /home/airflow/.local/lib/python3.8/site-packages/airflow/example_dags/example_sensor_decorator.py
[2025-05-04T03:30:03.034+0000] {logging_mixin.py:154} INFO - [2025-05-04T03:30:03.034+0000] {dag.py:2941} INFO - Sync 1 DAGs
[2025-05-04T03:30:03.042+0000] {logging_mixin.py:154} INFO - [2025-05-04T03:30:03.042+0000] {dag.py:3722} INFO - Setting next_dagrun for example_sensor_decorator to None, run_after=None
[2025-05-04T03:30:03.057+0000] {processor.py:179} INFO - Processing /home/airflow/.local/lib/python3.8/site-packages/airflow/example_dags/example_sensor_decorator.py took 0.044 seconds
[2025-05-04T03:30:33.393+0000] {processor.py:157} INFO - Started process (PID=268) to work on /home/airflow/.local/lib/python3.8/site-packages/airflow/example_dags/example_sensor_decorator.py
[2025-05-04T03:30:33.393+0000] {processor.py:829} INFO - Processing file /home/airflow/.local/lib/python3.8/site-packages/airflow/example_dags/example_sensor_decorator.py for tasks to queue
[2025-05-04T03:30:33.396+0000] {logging_mixin.py:154} INFO - [2025-05-04T03:30:33.395+0000] {dagbag.py:536} INFO - Filling up the DagBag from /home/airflow/.local/lib/python3.8/site-packages/airflow/example_dags/example_sensor_decorator.py
[2025-05-04T03:30:33.400+0000] {processor.py:839} INFO - DAG(s) dict_keys(['example_sensor_decorator']) retrieved from /home/airflow/.local/lib/python3.8/site-packages/airflow/example_dags/example_sensor_decorator.py
[2025-05-04T03:30:33.410+0000] {logging_mixin.py:154} INFO - [2025-05-04T03:30:33.410+0000] {dag.py:2941} INFO - Sync 1 DAGs
[2025-05-04T03:30:33.417+0000] {logging_mixin.py:154} INFO - [2025-05-04T03:30:33.417+0000] {dag.py:3722} INFO - Setting next_dagrun for example_sensor_decorator to None, run_after=None
[2025-05-04T03:30:33.429+0000] {processor.py:179} INFO - Processing /home/airflow/.local/lib/python3.8/site-packages/airflow/example_dags/example_sensor_decorator.py took 0.037 seconds
[2025-05-04T03:31:03.536+0000] {processor.py:157} INFO - Started process (PID=324) to work on /home/airflow/.local/lib/python3.8/site-packages/airflow/example_dags/example_sensor_decorator.py
[2025-05-04T03:31:03.537+0000] {processor.py:829} INFO - Processing file /home/airflow/.local/lib/python3.8/site-packages/airflow/example_dags/example_sensor_decorator.py for tasks to queue
[2025-05-04T03:31:03.538+0000] {logging_mixin.py:154} INFO - [2025-05-04T03:31:03.538+0000] {dagbag.py:536} INFO - Filling up the DagBag from /home/airflow/.local/lib/python3.8/site-packages/airflow/example_dags/example_sensor_decorator.py
[2025-05-04T03:31:03.540+0000] {processor.py:839} INFO - DAG(s) dict_keys(['example_sensor_decorator']) retrieved from /home/airflow/.local/lib/python3.8/site-packages/airflow/example_dags/example_sensor_decorator.py
[2025-05-04T03:31:03.549+0000] {logging_mixin.py:154} INFO - [2025-05-04T03:31:03.549+0000] {dag.py:2941} INFO - Sync 1 DAGs
[2025-05-04T03:31:03.554+0000] {logging_mixin.py:154} INFO - [2025-05-04T03:31:03.554+0000] {dag.py:3722} INFO - Setting next_dagrun for example_sensor_decorator to None, run_after=None
[2025-05-04T03:31:03.560+0000] {processor.py:179} INFO - Processing /home/airflow/.local/lib/python3.8/site-packages/airflow/example_dags/example_sensor_decorator.py took 0.025 seconds
[2025-05-04T03:31:33.635+0000] {processor.py:157} INFO - Started process (PID=379) to work on /home/airflow/.local/lib/python3.8/site-packages/airflow/example_dags/example_sensor_decorator.py
[2025-05-04T03:31:33.635+0000] {processor.py:829} INFO - Processing file /home/airflow/.local/lib/python3.8/site-packages/airflow/example_dags/example_sensor_decorator.py for tasks to queue
[2025-05-04T03:31:33.636+0000] {logging_mixin.py:154} INFO - [2025-05-04T03:31:33.636+0000] {dagbag.py:536} INFO - Filling up the DagBag from /home/airflow/.local/lib/python3.8/site-packages/airflow/example_dags/example_sensor_decorator.py
[2025-05-04T03:31:33.643+0000] {processor.py:839} INFO - DAG(s) dict_keys(['example_sensor_decorator']) retrieved from /home/airflow/.local/lib/python3.8/site-packages/airflow/example_dags/example_sensor_decorator.py
[2025-05-04T03:31:33.660+0000] {logging_mixin.py:154} INFO - [2025-05-04T03:31:33.660+0000] {dag.py:2941} INFO - Sync 1 DAGs
[2025-05-04T03:31:33.669+0000] {logging_mixin.py:154} INFO - [2025-05-04T03:31:33.669+0000] {dag.py:3722} INFO - Setting next_dagrun for example_sensor_decorator to None, run_after=None
[2025-05-04T03:31:33.682+0000] {processor.py:179} INFO - Processing /home/airflow/.local/lib/python3.8/site-packages/airflow/example_dags/example_sensor_decorator.py took 0.049 seconds
[2025-05-04T03:32:03.762+0000] {processor.py:157} INFO - Started process (PID=434) to work on /home/airflow/.local/lib/python3.8/site-packages/airflow/example_dags/example_sensor_decorator.py
[2025-05-04T03:32:03.763+0000] {processor.py:829} INFO - Processing file /home/airflow/.local/lib/python3.8/site-packages/airflow/example_dags/example_sensor_decorator.py for tasks to queue
[2025-05-04T03:32:03.764+0000] {logging_mixin.py:154} INFO - [2025-05-04T03:32:03.764+0000] {dagbag.py:536} INFO - Filling up the DagBag from /home/airflow/.local/lib/python3.8/site-packages/airflow/example_dags/example_sensor_decorator.py
[2025-05-04T03:32:03.769+0000] {processor.py:839} INFO - DAG(s) dict_keys(['example_sensor_decorator']) retrieved from /home/airflow/.local/lib/python3.8/site-packages/airflow/example_dags/example_sensor_decorator.py
[2025-05-04T03:32:03.784+0000] {logging_mixin.py:154} INFO - [2025-05-04T03:32:03.784+0000] {dag.py:2941} INFO - Sync 1 DAGs
[2025-05-04T03:32:03.793+0000] {logging_mixin.py:154} INFO - [2025-05-04T03:32:03.793+0000] {dag.py:3722} INFO - Setting next_dagrun for example_sensor_decorator to None, run_after=None
[2025-05-04T03:32:03.804+0000] {processor.py:179} INFO - Processing /home/airflow/.local/lib/python3.8/site-packages/airflow/example_dags/example_sensor_decorator.py took 0.043 seconds
[2025-05-04T03:32:34.825+0000] {processor.py:157} INFO - Started process (PID=496) to work on /home/airflow/.local/lib/python3.8/site-packages/airflow/example_dags/example_sensor_decorator.py
[2025-05-04T03:32:34.825+0000] {processor.py:829} INFO - Processing file /home/airflow/.local/lib/python3.8/site-packages/airflow/example_dags/example_sensor_decorator.py for tasks to queue
[2025-05-04T03:32:34.827+0000] {logging_mixin.py:154} INFO - [2025-05-04T03:32:34.827+0000] {dagbag.py:536} INFO - Filling up the DagBag from /home/airflow/.local/lib/python3.8/site-packages/airflow/example_dags/example_sensor_decorator.py
[2025-05-04T03:32:34.832+0000] {processor.py:839} INFO - DAG(s) dict_keys(['example_sensor_decorator']) retrieved from /home/airflow/.local/lib/python3.8/site-packages/airflow/example_dags/example_sensor_decorator.py
[2025-05-04T03:32:34.846+0000] {logging_mixin.py:154} INFO - [2025-05-04T03:32:34.845+0000] {dag.py:2941} INFO - Sync 1 DAGs
[2025-05-04T03:32:34.853+0000] {logging_mixin.py:154} INFO - [2025-05-04T03:32:34.853+0000] {dag.py:3722} INFO - Setting next_dagrun for example_sensor_decorator to None, run_after=None
[2025-05-04T03:32:34.863+0000] {processor.py:179} INFO - Processing /home/airflow/.local/lib/python3.8/site-packages/airflow/example_dags/example_sensor_decorator.py took 0.040 seconds
[2025-05-04T03:33:05.152+0000] {processor.py:157} INFO - Started process (PID=551) to work on /home/airflow/.local/lib/python3.8/site-packages/airflow/example_dags/example_sensor_decorator.py
[2025-05-04T03:33:05.153+0000] {processor.py:829} INFO - Processing file /home/airflow/.local/lib/python3.8/site-packages/airflow/example_dags/example_sensor_decorator.py for tasks to queue
[2025-05-04T03:33:05.154+0000] {logging_mixin.py:154} INFO - [2025-05-04T03:33:05.154+0000] {dagbag.py:536} INFO - Filling up the DagBag from /home/airflow/.local/lib/python3.8/site-packages/airflow/example_dags/example_sensor_decorator.py
[2025-05-04T03:33:05.158+0000] {processor.py:839} INFO - DAG(s) dict_keys(['example_sensor_decorator']) retrieved from /home/airflow/.local/lib/python3.8/site-packages/airflow/example_dags/example_sensor_decorator.py
[2025-05-04T03:33:05.172+0000] {logging_mixin.py:154} INFO - [2025-05-04T03:33:05.172+0000] {dag.py:2941} INFO - Sync 1 DAGs
[2025-05-04T03:33:05.181+0000] {logging_mixin.py:154} INFO - [2025-05-04T03:33:05.181+0000] {dag.py:3722} INFO - Setting next_dagrun for example_sensor_decorator to None, run_after=None
[2025-05-04T03:33:05.192+0000] {processor.py:179} INFO - Processing /home/airflow/.local/lib/python3.8/site-packages/airflow/example_dags/example_sensor_decorator.py took 0.041 seconds
[2025-05-04T03:33:35.323+0000] {processor.py:157} INFO - Started process (PID=606) to work on /home/airflow/.local/lib/python3.8/site-packages/airflow/example_dags/example_sensor_decorator.py
[2025-05-04T03:33:35.324+0000] {processor.py:829} INFO - Processing file /home/airflow/.local/lib/python3.8/site-packages/airflow/example_dags/example_sensor_decorator.py for tasks to queue
[2025-05-04T03:33:35.325+0000] {logging_mixin.py:154} INFO - [2025-05-04T03:33:35.325+0000] {dagbag.py:536} INFO - Filling up the DagBag from /home/airflow/.local/lib/python3.8/site-packages/airflow/example_dags/example_sensor_decorator.py
[2025-05-04T03:33:35.327+0000] {processor.py:839} INFO - DAG(s) dict_keys(['example_sensor_decorator']) retrieved from /home/airflow/.local/lib/python3.8/site-packages/airflow/example_dags/example_sensor_decorator.py
[2025-05-04T03:33:35.336+0000] {logging_mixin.py:154} INFO - [2025-05-04T03:33:35.336+0000] {dag.py:2941} INFO - Sync 1 DAGs
[2025-05-04T03:33:35.341+0000] {logging_mixin.py:154} INFO - [2025-05-04T03:33:35.341+0000] {dag.py:3722} INFO - Setting next_dagrun for example_sensor_decorator to None, run_after=None
[2025-05-04T03:33:35.347+0000] {processor.py:179} INFO - Processing /home/airflow/.local/lib/python3.8/site-packages/airflow/example_dags/example_sensor_decorator.py took 0.025 seconds
[2025-05-04T03:34:06.241+0000] {processor.py:157} INFO - Started process (PID=661) to work on /home/airflow/.local/lib/python3.8/site-packages/airflow/example_dags/example_sensor_decorator.py
[2025-05-04T03:34:06.243+0000] {processor.py:829} INFO - Processing file /home/airflow/.local/lib/python3.8/site-packages/airflow/example_dags/example_sensor_decorator.py for tasks to queue
[2025-05-04T03:34:06.244+0000] {logging_mixin.py:154} INFO - [2025-05-04T03:34:06.244+0000] {dagbag.py:536} INFO - Filling up the DagBag from /home/airflow/.local/lib/python3.8/site-packages/airflow/example_dags/example_sensor_decorator.py
[2025-05-04T03:34:06.250+0000] {processor.py:839} INFO - DAG(s) dict_keys(['example_sensor_decorator']) retrieved from /home/airflow/.local/lib/python3.8/site-packages/airflow/example_dags/example_sensor_decorator.py
[2025-05-04T03:34:06.266+0000] {logging_mixin.py:154} INFO - [2025-05-04T03:34:06.266+0000] {dag.py:2941} INFO - Sync 1 DAGs
[2025-05-04T03:34:06.272+0000] {logging_mixin.py:154} INFO - [2025-05-04T03:34:06.272+0000] {dag.py:3722} INFO - Setting next_dagrun for example_sensor_decorator to None, run_after=None
[2025-05-04T03:34:06.284+0000] {processor.py:179} INFO - Processing /home/airflow/.local/lib/python3.8/site-packages/airflow/example_dags/example_sensor_decorator.py took 0.045 seconds
[2025-05-04T03:34:37.187+0000] {processor.py:157} INFO - Started process (PID=716) to work on /home/airflow/.local/lib/python3.8/site-packages/airflow/example_dags/example_sensor_decorator.py
[2025-05-04T03:34:37.187+0000] {processor.py:829} INFO - Processing file /home/airflow/.local/lib/python3.8/site-packages/airflow/example_dags/example_sensor_decorator.py for tasks to queue
[2025-05-04T03:34:37.189+0000] {logging_mixin.py:154} INFO - [2025-05-04T03:34:37.189+0000] {dagbag.py:536} INFO - Filling up the DagBag from /home/airflow/.local/lib/python3.8/site-packages/airflow/example_dags/example_sensor_decorator.py
[2025-05-04T03:34:37.196+0000] {processor.py:839} INFO - DAG(s) dict_keys(['example_sensor_decorator']) retrieved from /home/airflow/.local/lib/python3.8/site-packages/airflow/example_dags/example_sensor_decorator.py
[2025-05-04T03:34:37.209+0000] {logging_mixin.py:154} INFO - [2025-05-04T03:34:37.208+0000] {dag.py:2941} INFO - Sync 1 DAGs
[2025-05-04T03:34:37.221+0000] {logging_mixin.py:154} INFO - [2025-05-04T03:34:37.221+0000] {dag.py:3722} INFO - Setting next_dagrun for example_sensor_decorator to None, run_after=None
[2025-05-04T03:34:37.238+0000] {processor.py:179} INFO - Processing /home/airflow/.local/lib/python3.8/site-packages/airflow/example_dags/example_sensor_decorator.py took 0.053 seconds
[2025-05-04T03:35:08.102+0000] {processor.py:157} INFO - Started process (PID=771) to work on /home/airflow/.local/lib/python3.8/site-packages/airflow/example_dags/example_sensor_decorator.py
[2025-05-04T03:35:08.103+0000] {processor.py:829} INFO - Processing file /home/airflow/.local/lib/python3.8/site-packages/airflow/example_dags/example_sensor_decorator.py for tasks to queue
[2025-05-04T03:35:08.104+0000] {logging_mixin.py:154} INFO - [2025-05-04T03:35:08.104+0000] {dagbag.py:536} INFO - Filling up the DagBag from /home/airflow/.local/lib/python3.8/site-packages/airflow/example_dags/example_sensor_decorator.py
[2025-05-04T03:35:08.107+0000] {processor.py:839} INFO - DAG(s) dict_keys(['example_sensor_decorator']) retrieved from /home/airflow/.local/lib/python3.8/site-packages/airflow/example_dags/example_sensor_decorator.py
[2025-05-04T03:35:08.119+0000] {logging_mixin.py:154} INFO - [2025-05-04T03:35:08.119+0000] {dag.py:2941} INFO - Sync 1 DAGs
[2025-05-04T03:35:08.130+0000] {logging_mixin.py:154} INFO - [2025-05-04T03:35:08.130+0000] {dag.py:3722} INFO - Setting next_dagrun for example_sensor_decorator to None, run_after=None
[2025-05-04T03:35:08.139+0000] {processor.py:179} INFO - Processing /home/airflow/.local/lib/python3.8/site-packages/airflow/example_dags/example_sensor_decorator.py took 0.038 seconds
