[2025-05-04T03:28:32.067+0000] {processor.py:157} INFO - Started process (PID=47) to work on /home/airflow/.local/lib/python3.8/site-packages/airflow/example_dags/example_short_circuit_decorator.py
[2025-05-04T03:28:32.068+0000] {processor.py:829} INFO - Processing file /home/airflow/.local/lib/python3.8/site-packages/airflow/example_dags/example_short_circuit_decorator.py for tasks to queue
[2025-05-04T03:28:32.070+0000] {logging_mixin.py:154} INFO - [2025-05-04T03:28:32.070+0000] {dagbag.py:536} INFO - Filling up the DagBag from /home/airflow/.local/lib/python3.8/site-packages/airflow/example_dags/example_short_circuit_decorator.py
[2025-05-04T03:28:32.079+0000] {processor.py:839} INFO - DAG(s) dict_keys(['example_short_circuit_decorator']) retrieved from /home/airflow/.local/lib/python3.8/site-packages/airflow/example_dags/example_short_circuit_decorator.py
[2025-05-04T03:28:32.091+0000] {logging_mixin.py:154} INFO - [2025-05-04T03:28:32.091+0000] {dag.py:2941} INFO - Sync 1 DAGs
[2025-05-04T03:28:32.114+0000] {logging_mixin.py:154} INFO - [2025-05-04T03:28:32.114+0000] {dag.py:3722} INFO - Setting next_dagrun for example_short_circuit_decorator to 2025-05-03T03:28:32.113991+00:00, run_after=2025-05-04T03:28:32.113991+00:00
[2025-05-04T03:28:32.134+0000] {processor.py:179} INFO - Processing /home/airflow/.local/lib/python3.8/site-packages/airflow/example_dags/example_short_circuit_decorator.py took 0.075 seconds
[2025-05-04T03:29:02.503+0000] {processor.py:157} INFO - Started process (PID=102) to work on /home/airflow/.local/lib/python3.8/site-packages/airflow/example_dags/example_short_circuit_decorator.py
[2025-05-04T03:29:02.504+0000] {processor.py:829} INFO - Processing file /home/airflow/.local/lib/python3.8/site-packages/airflow/example_dags/example_short_circuit_decorator.py for tasks to queue
[2025-05-04T03:29:02.506+0000] {logging_mixin.py:154} INFO - [2025-05-04T03:29:02.506+0000] {dagbag.py:536} INFO - Filling up the DagBag from /home/airflow/.local/lib/python3.8/site-packages/airflow/example_dags/example_short_circuit_decorator.py
[2025-05-04T03:29:02.514+0000] {processor.py:839} INFO - DAG(s) dict_keys(['example_short_circuit_decorator']) retrieved from /home/airflow/.local/lib/python3.8/site-packages/airflow/example_dags/example_short_circuit_decorator.py
[2025-05-04T03:29:02.528+0000] {logging_mixin.py:154} INFO - [2025-05-04T03:29:02.527+0000] {dag.py:2941} INFO - Sync 1 DAGs
[2025-05-04T03:29:02.538+0000] {logging_mixin.py:154} INFO - [2025-05-04T03:29:02.538+0000] {dag.py:3722} INFO - Setting next_dagrun for example_short_circuit_decorator to 2025-05-03T03:29:02.538197+00:00, run_after=2025-05-04T03:29:02.538197+00:00
[2025-05-04T03:29:02.551+0000] {processor.py:179} INFO - Processing /home/airflow/.local/lib/python3.8/site-packages/airflow/example_dags/example_short_circuit_decorator.py took 0.050 seconds
[2025-05-04T03:29:32.695+0000] {processor.py:157} INFO - Started process (PID=157) to work on /home/airflow/.local/lib/python3.8/site-packages/airflow/example_dags/example_short_circuit_decorator.py
[2025-05-04T03:29:32.697+0000] {processor.py:829} INFO - Processing file /home/airflow/.local/lib/python3.8/site-packages/airflow/example_dags/example_short_circuit_decorator.py for tasks to queue
[2025-05-04T03:29:32.698+0000] {logging_mixin.py:154} INFO - [2025-05-04T03:29:32.698+0000] {dagbag.py:536} INFO - Filling up the DagBag from /home/airflow/.local/lib/python3.8/site-packages/airflow/example_dags/example_short_circuit_decorator.py
[2025-05-04T03:29:32.705+0000] {processor.py:839} INFO - DAG(s) dict_keys(['example_short_circuit_decorator']) retrieved from /home/airflow/.local/lib/python3.8/site-packages/airflow/example_dags/example_short_circuit_decorator.py
[2025-05-04T03:29:32.720+0000] {logging_mixin.py:154} INFO - [2025-05-04T03:29:32.720+0000] {dag.py:2941} INFO - Sync 1 DAGs
[2025-05-04T03:29:32.733+0000] {logging_mixin.py:154} INFO - [2025-05-04T03:29:32.733+0000] {dag.py:3722} INFO - Setting next_dagrun for example_short_circuit_decorator to 2025-05-03T03:29:32.733145+00:00, run_after=2025-05-04T03:29:32.733145+00:00
[2025-05-04T03:29:32.745+0000] {processor.py:179} INFO - Processing /home/airflow/.local/lib/python3.8/site-packages/airflow/example_dags/example_short_circuit_decorator.py took 0.051 seconds
[2025-05-04T03:30:02.963+0000] {processor.py:157} INFO - Started process (PID=212) to work on /home/airflow/.local/lib/python3.8/site-packages/airflow/example_dags/example_short_circuit_decorator.py
[2025-05-04T03:30:02.964+0000] {processor.py:829} INFO - Processing file /home/airflow/.local/lib/python3.8/site-packages/airflow/example_dags/example_short_circuit_decorator.py for tasks to queue
[2025-05-04T03:30:02.966+0000] {logging_mixin.py:154} INFO - [2025-05-04T03:30:02.966+0000] {dagbag.py:536} INFO - Filling up the DagBag from /home/airflow/.local/lib/python3.8/site-packages/airflow/example_dags/example_short_circuit_decorator.py
[2025-05-04T03:30:02.978+0000] {processor.py:839} INFO - DAG(s) dict_keys(['example_short_circuit_decorator']) retrieved from /home/airflow/.local/lib/python3.8/site-packages/airflow/example_dags/example_short_circuit_decorator.py
[2025-05-04T03:30:02.998+0000] {logging_mixin.py:154} INFO - [2025-05-04T03:30:02.998+0000] {dag.py:2941} INFO - Sync 1 DAGs
[2025-05-04T03:30:03.012+0000] {logging_mixin.py:154} INFO - [2025-05-04T03:30:03.012+0000] {dag.py:3722} INFO - Setting next_dagrun for example_short_circuit_decorator to 2025-05-03T03:30:03.012529+00:00, run_after=2025-05-04T03:30:03.012529+00:00
[2025-05-04T03:30:03.021+0000] {processor.py:179} INFO - Processing /home/airflow/.local/lib/python3.8/site-packages/airflow/example_dags/example_short_circuit_decorator.py took 0.060 seconds
[2025-05-04T03:30:33.363+0000] {processor.py:157} INFO - Started process (PID=267) to work on /home/airflow/.local/lib/python3.8/site-packages/airflow/example_dags/example_short_circuit_decorator.py
[2025-05-04T03:30:33.365+0000] {processor.py:829} INFO - Processing file /home/airflow/.local/lib/python3.8/site-packages/airflow/example_dags/example_short_circuit_decorator.py for tasks to queue
[2025-05-04T03:30:33.366+0000] {logging_mixin.py:154} INFO - [2025-05-04T03:30:33.366+0000] {dagbag.py:536} INFO - Filling up the DagBag from /home/airflow/.local/lib/python3.8/site-packages/airflow/example_dags/example_short_circuit_decorator.py
[2025-05-04T03:30:33.371+0000] {processor.py:839} INFO - DAG(s) dict_keys(['example_short_circuit_decorator']) retrieved from /home/airflow/.local/lib/python3.8/site-packages/airflow/example_dags/example_short_circuit_decorator.py
[2025-05-04T03:30:33.381+0000] {logging_mixin.py:154} INFO - [2025-05-04T03:30:33.381+0000] {dag.py:2941} INFO - Sync 1 DAGs
[2025-05-04T03:30:33.392+0000] {logging_mixin.py:154} INFO - [2025-05-04T03:30:33.392+0000] {dag.py:3722} INFO - Setting next_dagrun for example_short_circuit_decorator to 2025-05-03T03:30:33.392583+00:00, run_after=2025-05-04T03:30:33.392583+00:00
[2025-05-04T03:30:33.402+0000] {processor.py:179} INFO - Processing /home/airflow/.local/lib/python3.8/site-packages/airflow/example_dags/example_short_circuit_decorator.py took 0.041 seconds
[2025-05-04T03:31:03.476+0000] {processor.py:157} INFO - Started process (PID=323) to work on /home/airflow/.local/lib/python3.8/site-packages/airflow/example_dags/example_short_circuit_decorator.py
[2025-05-04T03:31:03.478+0000] {processor.py:829} INFO - Processing file /home/airflow/.local/lib/python3.8/site-packages/airflow/example_dags/example_short_circuit_decorator.py for tasks to queue
[2025-05-04T03:31:03.480+0000] {logging_mixin.py:154} INFO - [2025-05-04T03:31:03.480+0000] {dagbag.py:536} INFO - Filling up the DagBag from /home/airflow/.local/lib/python3.8/site-packages/airflow/example_dags/example_short_circuit_decorator.py
[2025-05-04T03:31:03.486+0000] {processor.py:839} INFO - DAG(s) dict_keys(['example_short_circuit_decorator']) retrieved from /home/airflow/.local/lib/python3.8/site-packages/airflow/example_dags/example_short_circuit_decorator.py
[2025-05-04T03:31:03.497+0000] {logging_mixin.py:154} INFO - [2025-05-04T03:31:03.497+0000] {dag.py:2941} INFO - Sync 1 DAGs
[2025-05-04T03:31:03.511+0000] {logging_mixin.py:154} INFO - [2025-05-04T03:31:03.511+0000] {dag.py:3722} INFO - Setting next_dagrun for example_short_circuit_decorator to 2025-05-03T03:31:03.511417+00:00, run_after=2025-05-04T03:31:03.511417+00:00
[2025-05-04T03:31:03.524+0000] {processor.py:179} INFO - Processing /home/airflow/.local/lib/python3.8/site-packages/airflow/example_dags/example_short_circuit_decorator.py took 0.049 seconds
[2025-05-04T03:31:33.566+0000] {processor.py:157} INFO - Started process (PID=378) to work on /home/airflow/.local/lib/python3.8/site-packages/airflow/example_dags/example_short_circuit_decorator.py
[2025-05-04T03:31:33.567+0000] {processor.py:829} INFO - Processing file /home/airflow/.local/lib/python3.8/site-packages/airflow/example_dags/example_short_circuit_decorator.py for tasks to queue
[2025-05-04T03:31:33.568+0000] {logging_mixin.py:154} INFO - [2025-05-04T03:31:33.568+0000] {dagbag.py:536} INFO - Filling up the DagBag from /home/airflow/.local/lib/python3.8/site-packages/airflow/example_dags/example_short_circuit_decorator.py
[2025-05-04T03:31:33.577+0000] {processor.py:839} INFO - DAG(s) dict_keys(['example_short_circuit_decorator']) retrieved from /home/airflow/.local/lib/python3.8/site-packages/airflow/example_dags/example_short_circuit_decorator.py
[2025-05-04T03:31:33.592+0000] {logging_mixin.py:154} INFO - [2025-05-04T03:31:33.592+0000] {dag.py:2941} INFO - Sync 1 DAGs
[2025-05-04T03:31:33.610+0000] {logging_mixin.py:154} INFO - [2025-05-04T03:31:33.609+0000] {dag.py:3722} INFO - Setting next_dagrun for example_short_circuit_decorator to 2025-05-03T03:31:33.609751+00:00, run_after=2025-05-04T03:31:33.609751+00:00
[2025-05-04T03:31:33.622+0000] {processor.py:179} INFO - Processing /home/airflow/.local/lib/python3.8/site-packages/airflow/example_dags/example_short_circuit_decorator.py took 0.057 seconds
[2025-05-04T03:32:03.761+0000] {processor.py:157} INFO - Started process (PID=433) to work on /home/airflow/.local/lib/python3.8/site-packages/airflow/example_dags/example_short_circuit_decorator.py
[2025-05-04T03:32:03.763+0000] {processor.py:829} INFO - Processing file /home/airflow/.local/lib/python3.8/site-packages/airflow/example_dags/example_short_circuit_decorator.py for tasks to queue
[2025-05-04T03:32:03.764+0000] {logging_mixin.py:154} INFO - [2025-05-04T03:32:03.764+0000] {dagbag.py:536} INFO - Filling up the DagBag from /home/airflow/.local/lib/python3.8/site-packages/airflow/example_dags/example_short_circuit_decorator.py
[2025-05-04T03:32:03.772+0000] {processor.py:839} INFO - DAG(s) dict_keys(['example_short_circuit_decorator']) retrieved from /home/airflow/.local/lib/python3.8/site-packages/airflow/example_dags/example_short_circuit_decorator.py
[2025-05-04T03:32:03.784+0000] {logging_mixin.py:154} INFO - [2025-05-04T03:32:03.784+0000] {dag.py:2941} INFO - Sync 1 DAGs
[2025-05-04T03:32:03.798+0000] {logging_mixin.py:154} INFO - [2025-05-04T03:32:03.798+0000] {dag.py:3722} INFO - Setting next_dagrun for example_short_circuit_decorator to 2025-05-03T03:32:03.798011+00:00, run_after=2025-05-04T03:32:03.798011+00:00
[2025-05-04T03:32:03.808+0000] {processor.py:179} INFO - Processing /home/airflow/.local/lib/python3.8/site-packages/airflow/example_dags/example_short_circuit_decorator.py took 0.048 seconds
[2025-05-04T03:32:34.823+0000] {processor.py:157} INFO - Started process (PID=495) to work on /home/airflow/.local/lib/python3.8/site-packages/airflow/example_dags/example_short_circuit_decorator.py
[2025-05-04T03:32:34.824+0000] {processor.py:829} INFO - Processing file /home/airflow/.local/lib/python3.8/site-packages/airflow/example_dags/example_short_circuit_decorator.py for tasks to queue
[2025-05-04T03:32:34.825+0000] {logging_mixin.py:154} INFO - [2025-05-04T03:32:34.825+0000] {dagbag.py:536} INFO - Filling up the DagBag from /home/airflow/.local/lib/python3.8/site-packages/airflow/example_dags/example_short_circuit_decorator.py
[2025-05-04T03:32:34.833+0000] {processor.py:839} INFO - DAG(s) dict_keys(['example_short_circuit_decorator']) retrieved from /home/airflow/.local/lib/python3.8/site-packages/airflow/example_dags/example_short_circuit_decorator.py
[2025-05-04T03:32:34.847+0000] {logging_mixin.py:154} INFO - [2025-05-04T03:32:34.847+0000] {dag.py:2941} INFO - Sync 1 DAGs
[2025-05-04T03:32:34.857+0000] {logging_mixin.py:154} INFO - [2025-05-04T03:32:34.857+0000] {dag.py:3722} INFO - Setting next_dagrun for example_short_circuit_decorator to 2025-05-03T03:32:34.857424+00:00, run_after=2025-05-04T03:32:34.857424+00:00
[2025-05-04T03:32:34.868+0000] {processor.py:179} INFO - Processing /home/airflow/.local/lib/python3.8/site-packages/airflow/example_dags/example_short_circuit_decorator.py took 0.047 seconds
[2025-05-04T03:33:05.032+0000] {processor.py:157} INFO - Started process (PID=550) to work on /home/airflow/.local/lib/python3.8/site-packages/airflow/example_dags/example_short_circuit_decorator.py
[2025-05-04T03:33:05.032+0000] {processor.py:829} INFO - Processing file /home/airflow/.local/lib/python3.8/site-packages/airflow/example_dags/example_short_circuit_decorator.py for tasks to queue
[2025-05-04T03:33:05.035+0000] {logging_mixin.py:154} INFO - [2025-05-04T03:33:05.035+0000] {dagbag.py:536} INFO - Filling up the DagBag from /home/airflow/.local/lib/python3.8/site-packages/airflow/example_dags/example_short_circuit_decorator.py
[2025-05-04T03:33:05.041+0000] {processor.py:839} INFO - DAG(s) dict_keys(['example_short_circuit_decorator']) retrieved from /home/airflow/.local/lib/python3.8/site-packages/airflow/example_dags/example_short_circuit_decorator.py
[2025-05-04T03:33:05.115+0000] {logging_mixin.py:154} INFO - [2025-05-04T03:33:05.114+0000] {dag.py:2941} INFO - Sync 1 DAGs
[2025-05-04T03:33:05.130+0000] {logging_mixin.py:154} INFO - [2025-05-04T03:33:05.130+0000] {dag.py:3722} INFO - Setting next_dagrun for example_short_circuit_decorator to 2025-05-03T03:33:05.129873+00:00, run_after=2025-05-04T03:33:05.129873+00:00
[2025-05-04T03:33:05.144+0000] {processor.py:179} INFO - Processing /home/airflow/.local/lib/python3.8/site-packages/airflow/example_dags/example_short_circuit_decorator.py took 0.114 seconds
[2025-05-04T03:33:35.262+0000] {processor.py:157} INFO - Started process (PID=605) to work on /home/airflow/.local/lib/python3.8/site-packages/airflow/example_dags/example_short_circuit_decorator.py
[2025-05-04T03:33:35.263+0000] {processor.py:829} INFO - Processing file /home/airflow/.local/lib/python3.8/site-packages/airflow/example_dags/example_short_circuit_decorator.py for tasks to queue
[2025-05-04T03:33:35.266+0000] {logging_mixin.py:154} INFO - [2025-05-04T03:33:35.266+0000] {dagbag.py:536} INFO - Filling up the DagBag from /home/airflow/.local/lib/python3.8/site-packages/airflow/example_dags/example_short_circuit_decorator.py
[2025-05-04T03:33:35.273+0000] {processor.py:839} INFO - DAG(s) dict_keys(['example_short_circuit_decorator']) retrieved from /home/airflow/.local/lib/python3.8/site-packages/airflow/example_dags/example_short_circuit_decorator.py
[2025-05-04T03:33:35.284+0000] {logging_mixin.py:154} INFO - [2025-05-04T03:33:35.284+0000] {dag.py:2941} INFO - Sync 1 DAGs
[2025-05-04T03:33:35.300+0000] {logging_mixin.py:154} INFO - [2025-05-04T03:33:35.300+0000] {dag.py:3722} INFO - Setting next_dagrun for example_short_circuit_decorator to 2025-05-03T03:33:35.300109+00:00, run_after=2025-05-04T03:33:35.300109+00:00
[2025-05-04T03:33:35.313+0000] {processor.py:179} INFO - Processing /home/airflow/.local/lib/python3.8/site-packages/airflow/example_dags/example_short_circuit_decorator.py took 0.052 seconds
[2025-05-04T03:34:06.233+0000] {processor.py:157} INFO - Started process (PID=660) to work on /home/airflow/.local/lib/python3.8/site-packages/airflow/example_dags/example_short_circuit_decorator.py
[2025-05-04T03:34:06.234+0000] {processor.py:829} INFO - Processing file /home/airflow/.local/lib/python3.8/site-packages/airflow/example_dags/example_short_circuit_decorator.py for tasks to queue
[2025-05-04T03:34:06.236+0000] {logging_mixin.py:154} INFO - [2025-05-04T03:34:06.235+0000] {dagbag.py:536} INFO - Filling up the DagBag from /home/airflow/.local/lib/python3.8/site-packages/airflow/example_dags/example_short_circuit_decorator.py
[2025-05-04T03:34:06.240+0000] {processor.py:839} INFO - DAG(s) dict_keys(['example_short_circuit_decorator']) retrieved from /home/airflow/.local/lib/python3.8/site-packages/airflow/example_dags/example_short_circuit_decorator.py
[2025-05-04T03:34:06.260+0000] {logging_mixin.py:154} INFO - [2025-05-04T03:34:06.259+0000] {dag.py:2941} INFO - Sync 1 DAGs
[2025-05-04T03:34:06.271+0000] {logging_mixin.py:154} INFO - [2025-05-04T03:34:06.271+0000] {dag.py:3722} INFO - Setting next_dagrun for example_short_circuit_decorator to 2025-05-03T03:34:06.271462+00:00, run_after=2025-05-04T03:34:06.271462+00:00
[2025-05-04T03:34:06.285+0000] {processor.py:179} INFO - Processing /home/airflow/.local/lib/python3.8/site-packages/airflow/example_dags/example_short_circuit_decorator.py took 0.053 seconds
[2025-05-04T03:34:37.134+0000] {processor.py:157} INFO - Started process (PID=715) to work on /home/airflow/.local/lib/python3.8/site-packages/airflow/example_dags/example_short_circuit_decorator.py
[2025-05-04T03:34:37.135+0000] {processor.py:829} INFO - Processing file /home/airflow/.local/lib/python3.8/site-packages/airflow/example_dags/example_short_circuit_decorator.py for tasks to queue
[2025-05-04T03:34:37.136+0000] {logging_mixin.py:154} INFO - [2025-05-04T03:34:37.136+0000] {dagbag.py:536} INFO - Filling up the DagBag from /home/airflow/.local/lib/python3.8/site-packages/airflow/example_dags/example_short_circuit_decorator.py
[2025-05-04T03:34:37.141+0000] {processor.py:839} INFO - DAG(s) dict_keys(['example_short_circuit_decorator']) retrieved from /home/airflow/.local/lib/python3.8/site-packages/airflow/example_dags/example_short_circuit_decorator.py
[2025-05-04T03:34:37.154+0000] {logging_mixin.py:154} INFO - [2025-05-04T03:34:37.154+0000] {dag.py:2941} INFO - Sync 1 DAGs
[2025-05-04T03:34:37.169+0000] {logging_mixin.py:154} INFO - [2025-05-04T03:34:37.169+0000] {dag.py:3722} INFO - Setting next_dagrun for example_short_circuit_decorator to 2025-05-03T03:34:37.169134+00:00, run_after=2025-05-04T03:34:37.169134+00:00
[2025-05-04T03:34:37.176+0000] {processor.py:179} INFO - Processing /home/airflow/.local/lib/python3.8/site-packages/airflow/example_dags/example_short_circuit_decorator.py took 0.044 seconds
[2025-05-04T03:35:08.091+0000] {processor.py:157} INFO - Started process (PID=770) to work on /home/airflow/.local/lib/python3.8/site-packages/airflow/example_dags/example_short_circuit_decorator.py
[2025-05-04T03:35:08.092+0000] {processor.py:829} INFO - Processing file /home/airflow/.local/lib/python3.8/site-packages/airflow/example_dags/example_short_circuit_decorator.py for tasks to queue
[2025-05-04T03:35:08.094+0000] {logging_mixin.py:154} INFO - [2025-05-04T03:35:08.093+0000] {dagbag.py:536} INFO - Filling up the DagBag from /home/airflow/.local/lib/python3.8/site-packages/airflow/example_dags/example_short_circuit_decorator.py
[2025-05-04T03:35:08.098+0000] {processor.py:839} INFO - DAG(s) dict_keys(['example_short_circuit_decorator']) retrieved from /home/airflow/.local/lib/python3.8/site-packages/airflow/example_dags/example_short_circuit_decorator.py
[2025-05-04T03:35:08.110+0000] {logging_mixin.py:154} INFO - [2025-05-04T03:35:08.110+0000] {dag.py:2941} INFO - Sync 1 DAGs
[2025-05-04T03:35:08.121+0000] {logging_mixin.py:154} INFO - [2025-05-04T03:35:08.121+0000] {dag.py:3722} INFO - Setting next_dagrun for example_short_circuit_decorator to 2025-05-03T03:35:08.121349+00:00, run_after=2025-05-04T03:35:08.121349+00:00
[2025-05-04T03:35:08.134+0000] {processor.py:179} INFO - Processing /home/airflow/.local/lib/python3.8/site-packages/airflow/example_dags/example_short_circuit_decorator.py took 0.046 seconds
