[2025-05-04T03:28:33.627+0000] {processor.py:157} INFO - Started process (PID=75) to work on /home/airflow/.local/lib/python3.8/site-packages/airflow/example_dags/example_latest_only.py
[2025-05-04T03:28:33.628+0000] {processor.py:829} INFO - Processing file /home/airflow/.local/lib/python3.8/site-packages/airflow/example_dags/example_latest_only.py for tasks to queue
[2025-05-04T03:28:33.630+0000] {logging_mixin.py:154} INFO - [2025-05-04T03:28:33.629+0000] {dagbag.py:536} INFO - Filling up the DagBag from /home/airflow/.local/lib/python3.8/site-packages/airflow/example_dags/example_latest_only.py
[2025-05-04T03:28:33.633+0000] {processor.py:839} INFO - DAG(s) dict_keys(['latest_only']) retrieved from /home/airflow/.local/lib/python3.8/site-packages/airflow/example_dags/example_latest_only.py
[2025-05-04T03:28:33.651+0000] {logging_mixin.py:154} INFO - [2025-05-04T03:28:33.650+0000] {dag.py:2941} INFO - Sync 1 DAGs
[2025-05-04T03:28:33.671+0000] {logging_mixin.py:154} INFO - [2025-05-04T03:28:33.671+0000] {dag.py:3722} INFO - Setting next_dagrun for latest_only to 2025-05-03T23:28:33.670507+00:00, run_after=2025-05-04T03:28:33.670507+00:00
[2025-05-04T03:28:33.692+0000] {processor.py:179} INFO - Processing /home/airflow/.local/lib/python3.8/site-packages/airflow/example_dags/example_latest_only.py took 0.067 seconds
[2025-05-04T03:29:04.698+0000] {processor.py:157} INFO - Started process (PID=137) to work on /home/airflow/.local/lib/python3.8/site-packages/airflow/example_dags/example_latest_only.py
[2025-05-04T03:29:04.699+0000] {processor.py:829} INFO - Processing file /home/airflow/.local/lib/python3.8/site-packages/airflow/example_dags/example_latest_only.py for tasks to queue
[2025-05-04T03:29:04.700+0000] {logging_mixin.py:154} INFO - [2025-05-04T03:29:04.700+0000] {dagbag.py:536} INFO - Filling up the DagBag from /home/airflow/.local/lib/python3.8/site-packages/airflow/example_dags/example_latest_only.py
[2025-05-04T03:29:04.703+0000] {processor.py:839} INFO - DAG(s) dict_keys(['latest_only']) retrieved from /home/airflow/.local/lib/python3.8/site-packages/airflow/example_dags/example_latest_only.py
[2025-05-04T03:29:04.714+0000] {logging_mixin.py:154} INFO - [2025-05-04T03:29:04.714+0000] {dag.py:2941} INFO - Sync 1 DAGs
[2025-05-04T03:29:04.726+0000] {logging_mixin.py:154} INFO - [2025-05-04T03:29:04.725+0000] {dag.py:3722} INFO - Setting next_dagrun for latest_only to 2025-05-03T23:29:04.725752+00:00, run_after=2025-05-04T03:29:04.725752+00:00
[2025-05-04T03:29:04.734+0000] {processor.py:179} INFO - Processing /home/airflow/.local/lib/python3.8/site-packages/airflow/example_dags/example_latest_only.py took 0.038 seconds
[2025-05-04T03:29:35.659+0000] {processor.py:157} INFO - Started process (PID=192) to work on /home/airflow/.local/lib/python3.8/site-packages/airflow/example_dags/example_latest_only.py
[2025-05-04T03:29:35.660+0000] {processor.py:829} INFO - Processing file /home/airflow/.local/lib/python3.8/site-packages/airflow/example_dags/example_latest_only.py for tasks to queue
[2025-05-04T03:29:35.663+0000] {logging_mixin.py:154} INFO - [2025-05-04T03:29:35.662+0000] {dagbag.py:536} INFO - Filling up the DagBag from /home/airflow/.local/lib/python3.8/site-packages/airflow/example_dags/example_latest_only.py
[2025-05-04T03:29:35.670+0000] {processor.py:839} INFO - DAG(s) dict_keys(['latest_only']) retrieved from /home/airflow/.local/lib/python3.8/site-packages/airflow/example_dags/example_latest_only.py
[2025-05-04T03:29:35.694+0000] {logging_mixin.py:154} INFO - [2025-05-04T03:29:35.693+0000] {dag.py:2941} INFO - Sync 1 DAGs
[2025-05-04T03:29:35.711+0000] {logging_mixin.py:154} INFO - [2025-05-04T03:29:35.711+0000] {dag.py:3722} INFO - Setting next_dagrun for latest_only to 2025-05-03T23:29:35.711023+00:00, run_after=2025-05-04T03:29:35.711023+00:00
[2025-05-04T03:29:35.721+0000] {processor.py:179} INFO - Processing /home/airflow/.local/lib/python3.8/site-packages/airflow/example_dags/example_latest_only.py took 0.066 seconds
[2025-05-04T03:30:06.264+0000] {processor.py:157} INFO - Started process (PID=247) to work on /home/airflow/.local/lib/python3.8/site-packages/airflow/example_dags/example_latest_only.py
[2025-05-04T03:30:06.267+0000] {processor.py:829} INFO - Processing file /home/airflow/.local/lib/python3.8/site-packages/airflow/example_dags/example_latest_only.py for tasks to queue
[2025-05-04T03:30:06.269+0000] {logging_mixin.py:154} INFO - [2025-05-04T03:30:06.269+0000] {dagbag.py:536} INFO - Filling up the DagBag from /home/airflow/.local/lib/python3.8/site-packages/airflow/example_dags/example_latest_only.py
[2025-05-04T03:30:06.273+0000] {processor.py:839} INFO - DAG(s) dict_keys(['latest_only']) retrieved from /home/airflow/.local/lib/python3.8/site-packages/airflow/example_dags/example_latest_only.py
[2025-05-04T03:30:06.289+0000] {logging_mixin.py:154} INFO - [2025-05-04T03:30:06.288+0000] {dag.py:2941} INFO - Sync 1 DAGs
[2025-05-04T03:30:06.307+0000] {logging_mixin.py:154} INFO - [2025-05-04T03:30:06.307+0000] {dag.py:3722} INFO - Setting next_dagrun for latest_only to 2025-05-03T23:30:06.306839+00:00, run_after=2025-05-04T03:30:06.306839+00:00
[2025-05-04T03:30:06.318+0000] {processor.py:179} INFO - Processing /home/airflow/.local/lib/python3.8/site-packages/airflow/example_dags/example_latest_only.py took 0.057 seconds
[2025-05-04T03:30:37.292+0000] {processor.py:157} INFO - Started process (PID=302) to work on /home/airflow/.local/lib/python3.8/site-packages/airflow/example_dags/example_latest_only.py
[2025-05-04T03:30:37.294+0000] {processor.py:829} INFO - Processing file /home/airflow/.local/lib/python3.8/site-packages/airflow/example_dags/example_latest_only.py for tasks to queue
[2025-05-04T03:30:37.296+0000] {logging_mixin.py:154} INFO - [2025-05-04T03:30:37.296+0000] {dagbag.py:536} INFO - Filling up the DagBag from /home/airflow/.local/lib/python3.8/site-packages/airflow/example_dags/example_latest_only.py
[2025-05-04T03:30:37.301+0000] {processor.py:839} INFO - DAG(s) dict_keys(['latest_only']) retrieved from /home/airflow/.local/lib/python3.8/site-packages/airflow/example_dags/example_latest_only.py
[2025-05-04T03:30:37.315+0000] {logging_mixin.py:154} INFO - [2025-05-04T03:30:37.315+0000] {dag.py:2941} INFO - Sync 1 DAGs
[2025-05-04T03:30:37.326+0000] {logging_mixin.py:154} INFO - [2025-05-04T03:30:37.326+0000] {dag.py:3722} INFO - Setting next_dagrun for latest_only to 2025-05-03T23:30:37.326702+00:00, run_after=2025-05-04T03:30:37.326702+00:00
[2025-05-04T03:30:37.334+0000] {processor.py:179} INFO - Processing /home/airflow/.local/lib/python3.8/site-packages/airflow/example_dags/example_latest_only.py took 0.045 seconds
[2025-05-04T03:31:07.506+0000] {processor.py:157} INFO - Started process (PID=357) to work on /home/airflow/.local/lib/python3.8/site-packages/airflow/example_dags/example_latest_only.py
[2025-05-04T03:31:07.507+0000] {processor.py:829} INFO - Processing file /home/airflow/.local/lib/python3.8/site-packages/airflow/example_dags/example_latest_only.py for tasks to queue
[2025-05-04T03:31:07.508+0000] {logging_mixin.py:154} INFO - [2025-05-04T03:31:07.508+0000] {dagbag.py:536} INFO - Filling up the DagBag from /home/airflow/.local/lib/python3.8/site-packages/airflow/example_dags/example_latest_only.py
[2025-05-04T03:31:07.513+0000] {processor.py:839} INFO - DAG(s) dict_keys(['latest_only']) retrieved from /home/airflow/.local/lib/python3.8/site-packages/airflow/example_dags/example_latest_only.py
[2025-05-04T03:31:07.526+0000] {logging_mixin.py:154} INFO - [2025-05-04T03:31:07.526+0000] {dag.py:2941} INFO - Sync 1 DAGs
[2025-05-04T03:31:07.536+0000] {logging_mixin.py:154} INFO - [2025-05-04T03:31:07.536+0000] {dag.py:3722} INFO - Setting next_dagrun for latest_only to 2025-05-03T23:31:07.535881+00:00, run_after=2025-05-04T03:31:07.535881+00:00
[2025-05-04T03:31:07.547+0000] {processor.py:179} INFO - Processing /home/airflow/.local/lib/python3.8/site-packages/airflow/example_dags/example_latest_only.py took 0.043 seconds
[2025-05-04T03:31:37.559+0000] {processor.py:157} INFO - Started process (PID=412) to work on /home/airflow/.local/lib/python3.8/site-packages/airflow/example_dags/example_latest_only.py
[2025-05-04T03:31:37.560+0000] {processor.py:829} INFO - Processing file /home/airflow/.local/lib/python3.8/site-packages/airflow/example_dags/example_latest_only.py for tasks to queue
[2025-05-04T03:31:37.561+0000] {logging_mixin.py:154} INFO - [2025-05-04T03:31:37.561+0000] {dagbag.py:536} INFO - Filling up the DagBag from /home/airflow/.local/lib/python3.8/site-packages/airflow/example_dags/example_latest_only.py
[2025-05-04T03:31:37.563+0000] {processor.py:839} INFO - DAG(s) dict_keys(['latest_only']) retrieved from /home/airflow/.local/lib/python3.8/site-packages/airflow/example_dags/example_latest_only.py
[2025-05-04T03:31:37.574+0000] {logging_mixin.py:154} INFO - [2025-05-04T03:31:37.574+0000] {dag.py:2941} INFO - Sync 1 DAGs
[2025-05-04T03:31:37.583+0000] {logging_mixin.py:154} INFO - [2025-05-04T03:31:37.583+0000] {dag.py:3722} INFO - Setting next_dagrun for latest_only to 2025-05-03T23:31:37.583126+00:00, run_after=2025-05-04T03:31:37.583126+00:00
[2025-05-04T03:31:37.590+0000] {processor.py:179} INFO - Processing /home/airflow/.local/lib/python3.8/site-packages/airflow/example_dags/example_latest_only.py took 0.033 seconds
[2025-05-04T03:32:07.611+0000] {processor.py:157} INFO - Started process (PID=467) to work on /home/airflow/.local/lib/python3.8/site-packages/airflow/example_dags/example_latest_only.py
[2025-05-04T03:32:07.612+0000] {processor.py:829} INFO - Processing file /home/airflow/.local/lib/python3.8/site-packages/airflow/example_dags/example_latest_only.py for tasks to queue
[2025-05-04T03:32:07.613+0000] {logging_mixin.py:154} INFO - [2025-05-04T03:32:07.613+0000] {dagbag.py:536} INFO - Filling up the DagBag from /home/airflow/.local/lib/python3.8/site-packages/airflow/example_dags/example_latest_only.py
[2025-05-04T03:32:07.615+0000] {processor.py:839} INFO - DAG(s) dict_keys(['latest_only']) retrieved from /home/airflow/.local/lib/python3.8/site-packages/airflow/example_dags/example_latest_only.py
[2025-05-04T03:32:07.626+0000] {logging_mixin.py:154} INFO - [2025-05-04T03:32:07.626+0000] {dag.py:2941} INFO - Sync 1 DAGs
[2025-05-04T03:32:07.634+0000] {logging_mixin.py:154} INFO - [2025-05-04T03:32:07.634+0000] {dag.py:3722} INFO - Setting next_dagrun for latest_only to 2025-05-03T23:32:07.634380+00:00, run_after=2025-05-04T03:32:07.634380+00:00
[2025-05-04T03:32:07.641+0000] {processor.py:179} INFO - Processing /home/airflow/.local/lib/python3.8/site-packages/airflow/example_dags/example_latest_only.py took 0.031 seconds
[2025-05-04T03:32:37.719+0000] {processor.py:157} INFO - Started process (PID=522) to work on /home/airflow/.local/lib/python3.8/site-packages/airflow/example_dags/example_latest_only.py
[2025-05-04T03:32:37.720+0000] {processor.py:829} INFO - Processing file /home/airflow/.local/lib/python3.8/site-packages/airflow/example_dags/example_latest_only.py for tasks to queue
[2025-05-04T03:32:37.723+0000] {logging_mixin.py:154} INFO - [2025-05-04T03:32:37.723+0000] {dagbag.py:536} INFO - Filling up the DagBag from /home/airflow/.local/lib/python3.8/site-packages/airflow/example_dags/example_latest_only.py
[2025-05-04T03:32:37.729+0000] {processor.py:839} INFO - DAG(s) dict_keys(['latest_only']) retrieved from /home/airflow/.local/lib/python3.8/site-packages/airflow/example_dags/example_latest_only.py
[2025-05-04T03:32:37.745+0000] {logging_mixin.py:154} INFO - [2025-05-04T03:32:37.744+0000] {dag.py:2941} INFO - Sync 1 DAGs
[2025-05-04T03:32:37.761+0000] {logging_mixin.py:154} INFO - [2025-05-04T03:32:37.761+0000] {dag.py:3722} INFO - Setting next_dagrun for latest_only to 2025-05-03T23:32:37.761228+00:00, run_after=2025-05-04T03:32:37.761228+00:00
[2025-05-04T03:32:37.774+0000] {processor.py:179} INFO - Processing /home/airflow/.local/lib/python3.8/site-packages/airflow/example_dags/example_latest_only.py took 0.059 seconds
[2025-05-04T03:33:08.044+0000] {processor.py:157} INFO - Started process (PID=577) to work on /home/airflow/.local/lib/python3.8/site-packages/airflow/example_dags/example_latest_only.py
[2025-05-04T03:33:08.045+0000] {processor.py:829} INFO - Processing file /home/airflow/.local/lib/python3.8/site-packages/airflow/example_dags/example_latest_only.py for tasks to queue
[2025-05-04T03:33:08.046+0000] {logging_mixin.py:154} INFO - [2025-05-04T03:33:08.046+0000] {dagbag.py:536} INFO - Filling up the DagBag from /home/airflow/.local/lib/python3.8/site-packages/airflow/example_dags/example_latest_only.py
[2025-05-04T03:33:08.052+0000] {processor.py:839} INFO - DAG(s) dict_keys(['latest_only']) retrieved from /home/airflow/.local/lib/python3.8/site-packages/airflow/example_dags/example_latest_only.py
[2025-05-04T03:33:08.078+0000] {logging_mixin.py:154} INFO - [2025-05-04T03:33:08.078+0000] {dag.py:2941} INFO - Sync 1 DAGs
[2025-05-04T03:33:08.098+0000] {logging_mixin.py:154} INFO - [2025-05-04T03:33:08.098+0000] {dag.py:3722} INFO - Setting next_dagrun for latest_only to 2025-05-03T23:33:08.098290+00:00, run_after=2025-05-04T03:33:08.098290+00:00
[2025-05-04T03:33:08.112+0000] {processor.py:179} INFO - Processing /home/airflow/.local/lib/python3.8/site-packages/airflow/example_dags/example_latest_only.py took 0.073 seconds
[2025-05-04T03:33:38.149+0000] {processor.py:157} INFO - Started process (PID=632) to work on /home/airflow/.local/lib/python3.8/site-packages/airflow/example_dags/example_latest_only.py
[2025-05-04T03:33:38.151+0000] {processor.py:829} INFO - Processing file /home/airflow/.local/lib/python3.8/site-packages/airflow/example_dags/example_latest_only.py for tasks to queue
[2025-05-04T03:33:38.154+0000] {logging_mixin.py:154} INFO - [2025-05-04T03:33:38.153+0000] {dagbag.py:536} INFO - Filling up the DagBag from /home/airflow/.local/lib/python3.8/site-packages/airflow/example_dags/example_latest_only.py
[2025-05-04T03:33:38.159+0000] {processor.py:839} INFO - DAG(s) dict_keys(['latest_only']) retrieved from /home/airflow/.local/lib/python3.8/site-packages/airflow/example_dags/example_latest_only.py
[2025-05-04T03:33:38.174+0000] {logging_mixin.py:154} INFO - [2025-05-04T03:33:38.174+0000] {dag.py:2941} INFO - Sync 1 DAGs
[2025-05-04T03:33:38.190+0000] {logging_mixin.py:154} INFO - [2025-05-04T03:33:38.190+0000] {dag.py:3722} INFO - Setting next_dagrun for latest_only to 2025-05-03T23:33:38.190543+00:00, run_after=2025-05-04T03:33:38.190543+00:00
[2025-05-04T03:33:38.201+0000] {processor.py:179} INFO - Processing /home/airflow/.local/lib/python3.8/site-packages/airflow/example_dags/example_latest_only.py took 0.055 seconds
[2025-05-04T03:34:08.952+0000] {processor.py:157} INFO - Started process (PID=687) to work on /home/airflow/.local/lib/python3.8/site-packages/airflow/example_dags/example_latest_only.py
[2025-05-04T03:34:08.953+0000] {processor.py:829} INFO - Processing file /home/airflow/.local/lib/python3.8/site-packages/airflow/example_dags/example_latest_only.py for tasks to queue
[2025-05-04T03:34:08.956+0000] {logging_mixin.py:154} INFO - [2025-05-04T03:34:08.956+0000] {dagbag.py:536} INFO - Filling up the DagBag from /home/airflow/.local/lib/python3.8/site-packages/airflow/example_dags/example_latest_only.py
[2025-05-04T03:34:08.963+0000] {processor.py:839} INFO - DAG(s) dict_keys(['latest_only']) retrieved from /home/airflow/.local/lib/python3.8/site-packages/airflow/example_dags/example_latest_only.py
[2025-05-04T03:34:08.982+0000] {logging_mixin.py:154} INFO - [2025-05-04T03:34:08.982+0000] {dag.py:2941} INFO - Sync 1 DAGs
[2025-05-04T03:34:09.001+0000] {logging_mixin.py:154} INFO - [2025-05-04T03:34:09.001+0000] {dag.py:3722} INFO - Setting next_dagrun for latest_only to 2025-05-03T23:34:09.001460+00:00, run_after=2025-05-04T03:34:09.001460+00:00
[2025-05-04T03:34:09.011+0000] {processor.py:179} INFO - Processing /home/airflow/.local/lib/python3.8/site-packages/airflow/example_dags/example_latest_only.py took 0.062 seconds
[2025-05-04T03:34:39.982+0000] {processor.py:157} INFO - Started process (PID=742) to work on /home/airflow/.local/lib/python3.8/site-packages/airflow/example_dags/example_latest_only.py
[2025-05-04T03:34:39.984+0000] {processor.py:829} INFO - Processing file /home/airflow/.local/lib/python3.8/site-packages/airflow/example_dags/example_latest_only.py for tasks to queue
[2025-05-04T03:34:39.986+0000] {logging_mixin.py:154} INFO - [2025-05-04T03:34:39.986+0000] {dagbag.py:536} INFO - Filling up the DagBag from /home/airflow/.local/lib/python3.8/site-packages/airflow/example_dags/example_latest_only.py
[2025-05-04T03:34:39.993+0000] {processor.py:839} INFO - DAG(s) dict_keys(['latest_only']) retrieved from /home/airflow/.local/lib/python3.8/site-packages/airflow/example_dags/example_latest_only.py
[2025-05-04T03:34:40.013+0000] {logging_mixin.py:154} INFO - [2025-05-04T03:34:40.012+0000] {dag.py:2941} INFO - Sync 1 DAGs
[2025-05-04T03:34:40.024+0000] {logging_mixin.py:154} INFO - [2025-05-04T03:34:40.024+0000] {dag.py:3722} INFO - Setting next_dagrun for latest_only to 2025-05-03T23:34:40.024576+00:00, run_after=2025-05-04T03:34:40.024576+00:00
[2025-05-04T03:34:40.036+0000] {processor.py:179} INFO - Processing /home/airflow/.local/lib/python3.8/site-packages/airflow/example_dags/example_latest_only.py took 0.057 seconds
[2025-05-04T03:35:10.953+0000] {processor.py:157} INFO - Started process (PID=797) to work on /home/airflow/.local/lib/python3.8/site-packages/airflow/example_dags/example_latest_only.py
[2025-05-04T03:35:10.954+0000] {processor.py:829} INFO - Processing file /home/airflow/.local/lib/python3.8/site-packages/airflow/example_dags/example_latest_only.py for tasks to queue
[2025-05-04T03:35:10.957+0000] {logging_mixin.py:154} INFO - [2025-05-04T03:35:10.957+0000] {dagbag.py:536} INFO - Filling up the DagBag from /home/airflow/.local/lib/python3.8/site-packages/airflow/example_dags/example_latest_only.py
[2025-05-04T03:35:10.963+0000] {processor.py:839} INFO - DAG(s) dict_keys(['latest_only']) retrieved from /home/airflow/.local/lib/python3.8/site-packages/airflow/example_dags/example_latest_only.py
[2025-05-04T03:35:10.983+0000] {logging_mixin.py:154} INFO - [2025-05-04T03:35:10.983+0000] {dag.py:2941} INFO - Sync 1 DAGs
[2025-05-04T03:35:10.997+0000] {logging_mixin.py:154} INFO - [2025-05-04T03:35:10.997+0000] {dag.py:3722} INFO - Setting next_dagrun for latest_only to 2025-05-03T23:35:10.997003+00:00, run_after=2025-05-04T03:35:10.997003+00:00
[2025-05-04T03:35:11.007+0000] {processor.py:179} INFO - Processing /home/airflow/.local/lib/python3.8/site-packages/airflow/example_dags/example_latest_only.py took 0.059 seconds
