[2025-05-04T03:28:33.994+0000] {processor.py:157} INFO - Started process (PID=81) to work on /home/airflow/.local/lib/python3.8/site-packages/airflow/example_dags/example_bash_operator.py
[2025-05-04T03:28:33.996+0000] {processor.py:829} INFO - Processing file /home/airflow/.local/lib/python3.8/site-packages/airflow/example_dags/example_bash_operator.py for tasks to queue
[2025-05-04T03:28:33.998+0000] {logging_mixin.py:154} INFO - [2025-05-04T03:28:33.998+0000] {dagbag.py:536} INFO - Filling up the DagBag from /home/airflow/.local/lib/python3.8/site-packages/airflow/example_dags/example_bash_operator.py
[2025-05-04T03:28:34.015+0000] {processor.py:839} INFO - DAG(s) dict_keys(['example_bash_operator']) retrieved from /home/airflow/.local/lib/python3.8/site-packages/airflow/example_dags/example_bash_operator.py
[2025-05-04T03:28:34.032+0000] {logging_mixin.py:154} INFO - [2025-05-04T03:28:34.032+0000] {dag.py:2941} INFO - Sync 1 DAGs
[2025-05-04T03:28:34.053+0000] {logging_mixin.py:154} INFO - [2025-05-04T03:28:34.053+0000] {dag.py:3722} INFO - Setting next_dagrun for example_bash_operator to 2025-05-03T00:00:00+00:00, run_after=2025-05-04T00:00:00+00:00
[2025-05-04T03:28:34.070+0000] {processor.py:179} INFO - Processing /home/airflow/.local/lib/python3.8/site-packages/airflow/example_dags/example_bash_operator.py took 0.077 seconds
[2025-05-04T03:29:05.006+0000] {processor.py:157} INFO - Started process (PID=143) to work on /home/airflow/.local/lib/python3.8/site-packages/airflow/example_dags/example_bash_operator.py
[2025-05-04T03:29:05.007+0000] {processor.py:829} INFO - Processing file /home/airflow/.local/lib/python3.8/site-packages/airflow/example_dags/example_bash_operator.py for tasks to queue
[2025-05-04T03:29:05.008+0000] {logging_mixin.py:154} INFO - [2025-05-04T03:29:05.008+0000] {dagbag.py:536} INFO - Filling up the DagBag from /home/airflow/.local/lib/python3.8/site-packages/airflow/example_dags/example_bash_operator.py
[2025-05-04T03:29:05.016+0000] {processor.py:839} INFO - DAG(s) dict_keys(['example_bash_operator']) retrieved from /home/airflow/.local/lib/python3.8/site-packages/airflow/example_dags/example_bash_operator.py
[2025-05-04T03:29:05.042+0000] {logging_mixin.py:154} INFO - [2025-05-04T03:29:05.042+0000] {dag.py:2941} INFO - Sync 1 DAGs
[2025-05-04T03:29:05.053+0000] {logging_mixin.py:154} INFO - [2025-05-04T03:29:05.052+0000] {dag.py:3722} INFO - Setting next_dagrun for example_bash_operator to 2025-05-03T00:00:00+00:00, run_after=2025-05-04T00:00:00+00:00
[2025-05-04T03:29:05.060+0000] {processor.py:179} INFO - Processing /home/airflow/.local/lib/python3.8/site-packages/airflow/example_dags/example_bash_operator.py took 0.055 seconds
[2025-05-04T03:29:35.990+0000] {processor.py:157} INFO - Started process (PID=198) to work on /home/airflow/.local/lib/python3.8/site-packages/airflow/example_dags/example_bash_operator.py
[2025-05-04T03:29:35.991+0000] {processor.py:829} INFO - Processing file /home/airflow/.local/lib/python3.8/site-packages/airflow/example_dags/example_bash_operator.py for tasks to queue
[2025-05-04T03:29:35.993+0000] {logging_mixin.py:154} INFO - [2025-05-04T03:29:35.992+0000] {dagbag.py:536} INFO - Filling up the DagBag from /home/airflow/.local/lib/python3.8/site-packages/airflow/example_dags/example_bash_operator.py
[2025-05-04T03:29:35.999+0000] {processor.py:839} INFO - DAG(s) dict_keys(['example_bash_operator']) retrieved from /home/airflow/.local/lib/python3.8/site-packages/airflow/example_dags/example_bash_operator.py
[2025-05-04T03:29:36.053+0000] {logging_mixin.py:154} INFO - [2025-05-04T03:29:36.052+0000] {dag.py:2941} INFO - Sync 1 DAGs
[2025-05-04T03:29:36.080+0000] {logging_mixin.py:154} INFO - [2025-05-04T03:29:36.079+0000] {dag.py:3722} INFO - Setting next_dagrun for example_bash_operator to 2025-05-03T00:00:00+00:00, run_after=2025-05-04T00:00:00+00:00
[2025-05-04T03:29:36.096+0000] {processor.py:179} INFO - Processing /home/airflow/.local/lib/python3.8/site-packages/airflow/example_dags/example_bash_operator.py took 0.109 seconds
[2025-05-04T03:30:06.594+0000] {processor.py:157} INFO - Started process (PID=253) to work on /home/airflow/.local/lib/python3.8/site-packages/airflow/example_dags/example_bash_operator.py
[2025-05-04T03:30:06.595+0000] {processor.py:829} INFO - Processing file /home/airflow/.local/lib/python3.8/site-packages/airflow/example_dags/example_bash_operator.py for tasks to queue
[2025-05-04T03:30:06.596+0000] {logging_mixin.py:154} INFO - [2025-05-04T03:30:06.596+0000] {dagbag.py:536} INFO - Filling up the DagBag from /home/airflow/.local/lib/python3.8/site-packages/airflow/example_dags/example_bash_operator.py
[2025-05-04T03:30:06.607+0000] {processor.py:839} INFO - DAG(s) dict_keys(['example_bash_operator']) retrieved from /home/airflow/.local/lib/python3.8/site-packages/airflow/example_dags/example_bash_operator.py
[2025-05-04T03:30:06.623+0000] {logging_mixin.py:154} INFO - [2025-05-04T03:30:06.623+0000] {dag.py:2941} INFO - Sync 1 DAGs
[2025-05-04T03:30:06.645+0000] {logging_mixin.py:154} INFO - [2025-05-04T03:30:06.644+0000] {dag.py:3722} INFO - Setting next_dagrun for example_bash_operator to 2025-05-03T00:00:00+00:00, run_after=2025-05-04T00:00:00+00:00
[2025-05-04T03:30:06.658+0000] {processor.py:179} INFO - Processing /home/airflow/.local/lib/python3.8/site-packages/airflow/example_dags/example_bash_operator.py took 0.065 seconds
[2025-05-04T03:30:37.591+0000] {processor.py:157} INFO - Started process (PID=308) to work on /home/airflow/.local/lib/python3.8/site-packages/airflow/example_dags/example_bash_operator.py
[2025-05-04T03:30:37.592+0000] {processor.py:829} INFO - Processing file /home/airflow/.local/lib/python3.8/site-packages/airflow/example_dags/example_bash_operator.py for tasks to queue
[2025-05-04T03:30:37.593+0000] {logging_mixin.py:154} INFO - [2025-05-04T03:30:37.593+0000] {dagbag.py:536} INFO - Filling up the DagBag from /home/airflow/.local/lib/python3.8/site-packages/airflow/example_dags/example_bash_operator.py
[2025-05-04T03:30:37.604+0000] {processor.py:839} INFO - DAG(s) dict_keys(['example_bash_operator']) retrieved from /home/airflow/.local/lib/python3.8/site-packages/airflow/example_dags/example_bash_operator.py
[2025-05-04T03:30:37.620+0000] {logging_mixin.py:154} INFO - [2025-05-04T03:30:37.620+0000] {dag.py:2941} INFO - Sync 1 DAGs
[2025-05-04T03:30:37.632+0000] {logging_mixin.py:154} INFO - [2025-05-04T03:30:37.631+0000] {dag.py:3722} INFO - Setting next_dagrun for example_bash_operator to 2025-05-03T00:00:00+00:00, run_after=2025-05-04T00:00:00+00:00
[2025-05-04T03:30:37.640+0000] {processor.py:179} INFO - Processing /home/airflow/.local/lib/python3.8/site-packages/airflow/example_dags/example_bash_operator.py took 0.050 seconds
[2025-05-04T03:31:07.782+0000] {processor.py:157} INFO - Started process (PID=364) to work on /home/airflow/.local/lib/python3.8/site-packages/airflow/example_dags/example_bash_operator.py
[2025-05-04T03:31:07.782+0000] {processor.py:829} INFO - Processing file /home/airflow/.local/lib/python3.8/site-packages/airflow/example_dags/example_bash_operator.py for tasks to queue
[2025-05-04T03:31:07.784+0000] {logging_mixin.py:154} INFO - [2025-05-04T03:31:07.783+0000] {dagbag.py:536} INFO - Filling up the DagBag from /home/airflow/.local/lib/python3.8/site-packages/airflow/example_dags/example_bash_operator.py
[2025-05-04T03:31:07.790+0000] {processor.py:839} INFO - DAG(s) dict_keys(['example_bash_operator']) retrieved from /home/airflow/.local/lib/python3.8/site-packages/airflow/example_dags/example_bash_operator.py
[2025-05-04T03:31:07.802+0000] {logging_mixin.py:154} INFO - [2025-05-04T03:31:07.802+0000] {dag.py:2941} INFO - Sync 1 DAGs
[2025-05-04T03:31:07.812+0000] {logging_mixin.py:154} INFO - [2025-05-04T03:31:07.812+0000] {dag.py:3722} INFO - Setting next_dagrun for example_bash_operator to 2025-05-03T00:00:00+00:00, run_after=2025-05-04T00:00:00+00:00
[2025-05-04T03:31:07.821+0000] {processor.py:179} INFO - Processing /home/airflow/.local/lib/python3.8/site-packages/airflow/example_dags/example_bash_operator.py took 0.041 seconds
[2025-05-04T03:31:38.846+0000] {processor.py:157} INFO - Started process (PID=419) to work on /home/airflow/.local/lib/python3.8/site-packages/airflow/example_dags/example_bash_operator.py
[2025-05-04T03:31:38.848+0000] {processor.py:829} INFO - Processing file /home/airflow/.local/lib/python3.8/site-packages/airflow/example_dags/example_bash_operator.py for tasks to queue
[2025-05-04T03:31:38.849+0000] {logging_mixin.py:154} INFO - [2025-05-04T03:31:38.849+0000] {dagbag.py:536} INFO - Filling up the DagBag from /home/airflow/.local/lib/python3.8/site-packages/airflow/example_dags/example_bash_operator.py
[2025-05-04T03:31:38.855+0000] {processor.py:839} INFO - DAG(s) dict_keys(['example_bash_operator']) retrieved from /home/airflow/.local/lib/python3.8/site-packages/airflow/example_dags/example_bash_operator.py
[2025-05-04T03:31:38.869+0000] {logging_mixin.py:154} INFO - [2025-05-04T03:31:38.868+0000] {dag.py:2941} INFO - Sync 1 DAGs
[2025-05-04T03:31:38.881+0000] {logging_mixin.py:154} INFO - [2025-05-04T03:31:38.881+0000] {dag.py:3722} INFO - Setting next_dagrun for example_bash_operator to 2025-05-03T00:00:00+00:00, run_after=2025-05-04T00:00:00+00:00
[2025-05-04T03:31:38.889+0000] {processor.py:179} INFO - Processing /home/airflow/.local/lib/python3.8/site-packages/airflow/example_dags/example_bash_operator.py took 0.045 seconds
[2025-05-04T03:32:08.906+0000] {processor.py:157} INFO - Started process (PID=473) to work on /home/airflow/.local/lib/python3.8/site-packages/airflow/example_dags/example_bash_operator.py
[2025-05-04T03:32:08.906+0000] {processor.py:829} INFO - Processing file /home/airflow/.local/lib/python3.8/site-packages/airflow/example_dags/example_bash_operator.py for tasks to queue
[2025-05-04T03:32:08.907+0000] {logging_mixin.py:154} INFO - [2025-05-04T03:32:08.907+0000] {dagbag.py:536} INFO - Filling up the DagBag from /home/airflow/.local/lib/python3.8/site-packages/airflow/example_dags/example_bash_operator.py
[2025-05-04T03:32:08.914+0000] {processor.py:839} INFO - DAG(s) dict_keys(['example_bash_operator']) retrieved from /home/airflow/.local/lib/python3.8/site-packages/airflow/example_dags/example_bash_operator.py
[2025-05-04T03:32:08.930+0000] {logging_mixin.py:154} INFO - [2025-05-04T03:32:08.930+0000] {dag.py:2941} INFO - Sync 1 DAGs
[2025-05-04T03:32:08.942+0000] {logging_mixin.py:154} INFO - [2025-05-04T03:32:08.942+0000] {dag.py:3722} INFO - Setting next_dagrun for example_bash_operator to 2025-05-03T00:00:00+00:00, run_after=2025-05-04T00:00:00+00:00
[2025-05-04T03:32:08.953+0000] {processor.py:179} INFO - Processing /home/airflow/.local/lib/python3.8/site-packages/airflow/example_dags/example_bash_operator.py took 0.049 seconds
[2025-05-04T03:32:38.978+0000] {processor.py:157} INFO - Started process (PID=528) to work on /home/airflow/.local/lib/python3.8/site-packages/airflow/example_dags/example_bash_operator.py
[2025-05-04T03:32:38.978+0000] {processor.py:829} INFO - Processing file /home/airflow/.local/lib/python3.8/site-packages/airflow/example_dags/example_bash_operator.py for tasks to queue
[2025-05-04T03:32:38.979+0000] {logging_mixin.py:154} INFO - [2025-05-04T03:32:38.979+0000] {dagbag.py:536} INFO - Filling up the DagBag from /home/airflow/.local/lib/python3.8/site-packages/airflow/example_dags/example_bash_operator.py
[2025-05-04T03:32:38.984+0000] {processor.py:839} INFO - DAG(s) dict_keys(['example_bash_operator']) retrieved from /home/airflow/.local/lib/python3.8/site-packages/airflow/example_dags/example_bash_operator.py
[2025-05-04T03:32:38.998+0000] {logging_mixin.py:154} INFO - [2025-05-04T03:32:38.998+0000] {dag.py:2941} INFO - Sync 1 DAGs
[2025-05-04T03:32:39.008+0000] {logging_mixin.py:154} INFO - [2025-05-04T03:32:39.008+0000] {dag.py:3722} INFO - Setting next_dagrun for example_bash_operator to 2025-05-03T00:00:00+00:00, run_after=2025-05-04T00:00:00+00:00
[2025-05-04T03:32:39.016+0000] {processor.py:179} INFO - Processing /home/airflow/.local/lib/python3.8/site-packages/airflow/example_dags/example_bash_operator.py took 0.040 seconds
[2025-05-04T03:33:09.282+0000] {processor.py:157} INFO - Started process (PID=583) to work on /home/airflow/.local/lib/python3.8/site-packages/airflow/example_dags/example_bash_operator.py
[2025-05-04T03:33:09.282+0000] {processor.py:829} INFO - Processing file /home/airflow/.local/lib/python3.8/site-packages/airflow/example_dags/example_bash_operator.py for tasks to queue
[2025-05-04T03:33:09.284+0000] {logging_mixin.py:154} INFO - [2025-05-04T03:33:09.284+0000] {dagbag.py:536} INFO - Filling up the DagBag from /home/airflow/.local/lib/python3.8/site-packages/airflow/example_dags/example_bash_operator.py
[2025-05-04T03:33:09.294+0000] {processor.py:839} INFO - DAG(s) dict_keys(['example_bash_operator']) retrieved from /home/airflow/.local/lib/python3.8/site-packages/airflow/example_dags/example_bash_operator.py
[2025-05-04T03:33:09.323+0000] {logging_mixin.py:154} INFO - [2025-05-04T03:33:09.323+0000] {dag.py:2941} INFO - Sync 1 DAGs
[2025-05-04T03:33:09.342+0000] {logging_mixin.py:154} INFO - [2025-05-04T03:33:09.341+0000] {dag.py:3722} INFO - Setting next_dagrun for example_bash_operator to 2025-05-03T00:00:00+00:00, run_after=2025-05-04T00:00:00+00:00
[2025-05-04T03:33:09.362+0000] {processor.py:179} INFO - Processing /home/airflow/.local/lib/python3.8/site-packages/airflow/example_dags/example_bash_operator.py took 0.082 seconds
[2025-05-04T03:33:39.384+0000] {processor.py:157} INFO - Started process (PID=638) to work on /home/airflow/.local/lib/python3.8/site-packages/airflow/example_dags/example_bash_operator.py
[2025-05-04T03:33:39.385+0000] {processor.py:829} INFO - Processing file /home/airflow/.local/lib/python3.8/site-packages/airflow/example_dags/example_bash_operator.py for tasks to queue
[2025-05-04T03:33:39.387+0000] {logging_mixin.py:154} INFO - [2025-05-04T03:33:39.387+0000] {dagbag.py:536} INFO - Filling up the DagBag from /home/airflow/.local/lib/python3.8/site-packages/airflow/example_dags/example_bash_operator.py
[2025-05-04T03:33:39.397+0000] {processor.py:839} INFO - DAG(s) dict_keys(['example_bash_operator']) retrieved from /home/airflow/.local/lib/python3.8/site-packages/airflow/example_dags/example_bash_operator.py
[2025-05-04T03:33:39.415+0000] {logging_mixin.py:154} INFO - [2025-05-04T03:33:39.415+0000] {dag.py:2941} INFO - Sync 1 DAGs
[2025-05-04T03:33:39.428+0000] {logging_mixin.py:154} INFO - [2025-05-04T03:33:39.428+0000] {dag.py:3722} INFO - Setting next_dagrun for example_bash_operator to 2025-05-03T00:00:00+00:00, run_after=2025-05-04T00:00:00+00:00
[2025-05-04T03:33:39.440+0000] {processor.py:179} INFO - Processing /home/airflow/.local/lib/python3.8/site-packages/airflow/example_dags/example_bash_operator.py took 0.059 seconds
[2025-05-04T03:34:10.205+0000] {processor.py:157} INFO - Started process (PID=693) to work on /home/airflow/.local/lib/python3.8/site-packages/airflow/example_dags/example_bash_operator.py
[2025-05-04T03:34:10.205+0000] {processor.py:829} INFO - Processing file /home/airflow/.local/lib/python3.8/site-packages/airflow/example_dags/example_bash_operator.py for tasks to queue
[2025-05-04T03:34:10.208+0000] {logging_mixin.py:154} INFO - [2025-05-04T03:34:10.208+0000] {dagbag.py:536} INFO - Filling up the DagBag from /home/airflow/.local/lib/python3.8/site-packages/airflow/example_dags/example_bash_operator.py
[2025-05-04T03:34:10.216+0000] {processor.py:839} INFO - DAG(s) dict_keys(['example_bash_operator']) retrieved from /home/airflow/.local/lib/python3.8/site-packages/airflow/example_dags/example_bash_operator.py
[2025-05-04T03:34:10.241+0000] {logging_mixin.py:154} INFO - [2025-05-04T03:34:10.241+0000] {dag.py:2941} INFO - Sync 1 DAGs
[2025-05-04T03:34:10.259+0000] {logging_mixin.py:154} INFO - [2025-05-04T03:34:10.259+0000] {dag.py:3722} INFO - Setting next_dagrun for example_bash_operator to 2025-05-03T00:00:00+00:00, run_after=2025-05-04T00:00:00+00:00
[2025-05-04T03:34:10.275+0000] {processor.py:179} INFO - Processing /home/airflow/.local/lib/python3.8/site-packages/airflow/example_dags/example_bash_operator.py took 0.073 seconds
[2025-05-04T03:34:41.205+0000] {processor.py:157} INFO - Started process (PID=748) to work on /home/airflow/.local/lib/python3.8/site-packages/airflow/example_dags/example_bash_operator.py
[2025-05-04T03:34:41.206+0000] {processor.py:829} INFO - Processing file /home/airflow/.local/lib/python3.8/site-packages/airflow/example_dags/example_bash_operator.py for tasks to queue
[2025-05-04T03:34:41.206+0000] {logging_mixin.py:154} INFO - [2025-05-04T03:34:41.206+0000] {dagbag.py:536} INFO - Filling up the DagBag from /home/airflow/.local/lib/python3.8/site-packages/airflow/example_dags/example_bash_operator.py
[2025-05-04T03:34:41.212+0000] {processor.py:839} INFO - DAG(s) dict_keys(['example_bash_operator']) retrieved from /home/airflow/.local/lib/python3.8/site-packages/airflow/example_dags/example_bash_operator.py
[2025-05-04T03:34:41.229+0000] {logging_mixin.py:154} INFO - [2025-05-04T03:34:41.228+0000] {dag.py:2941} INFO - Sync 1 DAGs
[2025-05-04T03:34:41.242+0000] {logging_mixin.py:154} INFO - [2025-05-04T03:34:41.242+0000] {dag.py:3722} INFO - Setting next_dagrun for example_bash_operator to 2025-05-03T00:00:00+00:00, run_after=2025-05-04T00:00:00+00:00
[2025-05-04T03:34:41.253+0000] {processor.py:179} INFO - Processing /home/airflow/.local/lib/python3.8/site-packages/airflow/example_dags/example_bash_operator.py took 0.050 seconds
[2025-05-04T03:35:12.203+0000] {processor.py:157} INFO - Started process (PID=803) to work on /home/airflow/.local/lib/python3.8/site-packages/airflow/example_dags/example_bash_operator.py
[2025-05-04T03:35:12.204+0000] {processor.py:829} INFO - Processing file /home/airflow/.local/lib/python3.8/site-packages/airflow/example_dags/example_bash_operator.py for tasks to queue
[2025-05-04T03:35:12.205+0000] {logging_mixin.py:154} INFO - [2025-05-04T03:35:12.205+0000] {dagbag.py:536} INFO - Filling up the DagBag from /home/airflow/.local/lib/python3.8/site-packages/airflow/example_dags/example_bash_operator.py
[2025-05-04T03:35:12.211+0000] {processor.py:839} INFO - DAG(s) dict_keys(['example_bash_operator']) retrieved from /home/airflow/.local/lib/python3.8/site-packages/airflow/example_dags/example_bash_operator.py
[2025-05-04T03:35:12.225+0000] {logging_mixin.py:154} INFO - [2025-05-04T03:35:12.225+0000] {dag.py:2941} INFO - Sync 1 DAGs
[2025-05-04T03:35:12.235+0000] {logging_mixin.py:154} INFO - [2025-05-04T03:35:12.235+0000] {dag.py:3722} INFO - Setting next_dagrun for example_bash_operator to 2025-05-03T00:00:00+00:00, run_after=2025-05-04T00:00:00+00:00
[2025-05-04T03:35:12.243+0000] {processor.py:179} INFO - Processing /home/airflow/.local/lib/python3.8/site-packages/airflow/example_dags/example_bash_operator.py took 0.042 seconds
