[2025-05-04T03:28:33.335+0000] {processor.py:157} INFO - Started process (PID=68) to work on /home/airflow/.local/lib/python3.8/site-packages/airflow/example_dags/example_short_circuit_operator.py
[2025-05-04T03:28:33.336+0000] {processor.py:829} INFO - Processing file /home/airflow/.local/lib/python3.8/site-packages/airflow/example_dags/example_short_circuit_operator.py for tasks to queue
[2025-05-04T03:28:33.339+0000] {logging_mixin.py:154} INFO - [2025-05-04T03:28:33.339+0000] {dagbag.py:536} INFO - Filling up the DagBag from /home/airflow/.local/lib/python3.8/site-packages/airflow/example_dags/example_short_circuit_operator.py
[2025-05-04T03:28:33.347+0000] {processor.py:839} INFO - DAG(s) dict_keys(['example_short_circuit_operator']) retrieved from /home/airflow/.local/lib/python3.8/site-packages/airflow/example_dags/example_short_circuit_operator.py
[2025-05-04T03:28:33.360+0000] {logging_mixin.py:154} INFO - [2025-05-04T03:28:33.360+0000] {dag.py:2941} INFO - Sync 1 DAGs
[2025-05-04T03:28:33.375+0000] {logging_mixin.py:154} INFO - [2025-05-04T03:28:33.374+0000] {dag.py:3722} INFO - Setting next_dagrun for example_short_circuit_operator to 2025-05-03T03:28:33.374677+00:00, run_after=2025-05-04T03:28:33.374677+00:00
[2025-05-04T03:28:33.387+0000] {processor.py:179} INFO - Processing /home/airflow/.local/lib/python3.8/site-packages/airflow/example_dags/example_short_circuit_operator.py took 0.055 seconds
[2025-05-04T03:29:03.479+0000] {processor.py:157} INFO - Started process (PID=123) to work on /home/airflow/.local/lib/python3.8/site-packages/airflow/example_dags/example_short_circuit_operator.py
[2025-05-04T03:29:03.479+0000] {processor.py:829} INFO - Processing file /home/airflow/.local/lib/python3.8/site-packages/airflow/example_dags/example_short_circuit_operator.py for tasks to queue
[2025-05-04T03:29:03.481+0000] {logging_mixin.py:154} INFO - [2025-05-04T03:29:03.481+0000] {dagbag.py:536} INFO - Filling up the DagBag from /home/airflow/.local/lib/python3.8/site-packages/airflow/example_dags/example_short_circuit_operator.py
[2025-05-04T03:29:03.487+0000] {processor.py:839} INFO - DAG(s) dict_keys(['example_short_circuit_operator']) retrieved from /home/airflow/.local/lib/python3.8/site-packages/airflow/example_dags/example_short_circuit_operator.py
[2025-05-04T03:29:03.499+0000] {logging_mixin.py:154} INFO - [2025-05-04T03:29:03.499+0000] {dag.py:2941} INFO - Sync 1 DAGs
[2025-05-04T03:29:03.509+0000] {logging_mixin.py:154} INFO - [2025-05-04T03:29:03.509+0000] {dag.py:3722} INFO - Setting next_dagrun for example_short_circuit_operator to 2025-05-03T03:29:03.508906+00:00, run_after=2025-05-04T03:29:03.508906+00:00
[2025-05-04T03:29:03.519+0000] {processor.py:179} INFO - Processing /home/airflow/.local/lib/python3.8/site-packages/airflow/example_dags/example_short_circuit_operator.py took 0.042 seconds
[2025-05-04T03:29:34.414+0000] {processor.py:157} INFO - Started process (PID=185) to work on /home/airflow/.local/lib/python3.8/site-packages/airflow/example_dags/example_short_circuit_operator.py
[2025-05-04T03:29:34.415+0000] {processor.py:829} INFO - Processing file /home/airflow/.local/lib/python3.8/site-packages/airflow/example_dags/example_short_circuit_operator.py for tasks to queue
[2025-05-04T03:29:34.417+0000] {logging_mixin.py:154} INFO - [2025-05-04T03:29:34.416+0000] {dagbag.py:536} INFO - Filling up the DagBag from /home/airflow/.local/lib/python3.8/site-packages/airflow/example_dags/example_short_circuit_operator.py
[2025-05-04T03:29:34.421+0000] {processor.py:839} INFO - DAG(s) dict_keys(['example_short_circuit_operator']) retrieved from /home/airflow/.local/lib/python3.8/site-packages/airflow/example_dags/example_short_circuit_operator.py
[2025-05-04T03:29:34.433+0000] {logging_mixin.py:154} INFO - [2025-05-04T03:29:34.432+0000] {dag.py:2941} INFO - Sync 1 DAGs
[2025-05-04T03:29:34.447+0000] {logging_mixin.py:154} INFO - [2025-05-04T03:29:34.447+0000] {dag.py:3722} INFO - Setting next_dagrun for example_short_circuit_operator to 2025-05-03T03:29:34.447223+00:00, run_after=2025-05-04T03:29:34.447223+00:00
[2025-05-04T03:29:34.459+0000] {processor.py:179} INFO - Processing /home/airflow/.local/lib/python3.8/site-packages/airflow/example_dags/example_short_circuit_operator.py took 0.046 seconds
[2025-05-04T03:30:04.728+0000] {processor.py:157} INFO - Started process (PID=240) to work on /home/airflow/.local/lib/python3.8/site-packages/airflow/example_dags/example_short_circuit_operator.py
[2025-05-04T03:30:04.729+0000] {processor.py:829} INFO - Processing file /home/airflow/.local/lib/python3.8/site-packages/airflow/example_dags/example_short_circuit_operator.py for tasks to queue
[2025-05-04T03:30:04.731+0000] {logging_mixin.py:154} INFO - [2025-05-04T03:30:04.731+0000] {dagbag.py:536} INFO - Filling up the DagBag from /home/airflow/.local/lib/python3.8/site-packages/airflow/example_dags/example_short_circuit_operator.py
[2025-05-04T03:30:04.735+0000] {processor.py:839} INFO - DAG(s) dict_keys(['example_short_circuit_operator']) retrieved from /home/airflow/.local/lib/python3.8/site-packages/airflow/example_dags/example_short_circuit_operator.py
[2025-05-04T03:30:04.749+0000] {logging_mixin.py:154} INFO - [2025-05-04T03:30:04.749+0000] {dag.py:2941} INFO - Sync 1 DAGs
[2025-05-04T03:30:04.767+0000] {logging_mixin.py:154} INFO - [2025-05-04T03:30:04.767+0000] {dag.py:3722} INFO - Setting next_dagrun for example_short_circuit_operator to 2025-05-03T03:30:04.767012+00:00, run_after=2025-05-04T03:30:04.767012+00:00
[2025-05-04T03:30:04.780+0000] {processor.py:179} INFO - Processing /home/airflow/.local/lib/python3.8/site-packages/airflow/example_dags/example_short_circuit_operator.py took 0.054 seconds
[2025-05-04T03:30:35.090+0000] {processor.py:157} INFO - Started process (PID=295) to work on /home/airflow/.local/lib/python3.8/site-packages/airflow/example_dags/example_short_circuit_operator.py
[2025-05-04T03:30:35.090+0000] {processor.py:829} INFO - Processing file /home/airflow/.local/lib/python3.8/site-packages/airflow/example_dags/example_short_circuit_operator.py for tasks to queue
[2025-05-04T03:30:35.093+0000] {logging_mixin.py:154} INFO - [2025-05-04T03:30:35.093+0000] {dagbag.py:536} INFO - Filling up the DagBag from /home/airflow/.local/lib/python3.8/site-packages/airflow/example_dags/example_short_circuit_operator.py
[2025-05-04T03:30:35.101+0000] {processor.py:839} INFO - DAG(s) dict_keys(['example_short_circuit_operator']) retrieved from /home/airflow/.local/lib/python3.8/site-packages/airflow/example_dags/example_short_circuit_operator.py
[2025-05-04T03:30:35.123+0000] {logging_mixin.py:154} INFO - [2025-05-04T03:30:35.123+0000] {dag.py:2941} INFO - Sync 1 DAGs
[2025-05-04T03:30:35.133+0000] {logging_mixin.py:154} INFO - [2025-05-04T03:30:35.133+0000] {dag.py:3722} INFO - Setting next_dagrun for example_short_circuit_operator to 2025-05-03T03:30:35.133346+00:00, run_after=2025-05-04T03:30:35.133346+00:00
[2025-05-04T03:30:35.143+0000] {processor.py:179} INFO - Processing /home/airflow/.local/lib/python3.8/site-packages/airflow/example_dags/example_short_circuit_operator.py took 0.055 seconds
[2025-05-04T03:31:05.293+0000] {processor.py:157} INFO - Started process (PID=351) to work on /home/airflow/.local/lib/python3.8/site-packages/airflow/example_dags/example_short_circuit_operator.py
[2025-05-04T03:31:05.293+0000] {processor.py:829} INFO - Processing file /home/airflow/.local/lib/python3.8/site-packages/airflow/example_dags/example_short_circuit_operator.py for tasks to queue
[2025-05-04T03:31:05.295+0000] {logging_mixin.py:154} INFO - [2025-05-04T03:31:05.295+0000] {dagbag.py:536} INFO - Filling up the DagBag from /home/airflow/.local/lib/python3.8/site-packages/airflow/example_dags/example_short_circuit_operator.py
[2025-05-04T03:31:05.300+0000] {processor.py:839} INFO - DAG(s) dict_keys(['example_short_circuit_operator']) retrieved from /home/airflow/.local/lib/python3.8/site-packages/airflow/example_dags/example_short_circuit_operator.py
[2025-05-04T03:31:05.315+0000] {logging_mixin.py:154} INFO - [2025-05-04T03:31:05.315+0000] {dag.py:2941} INFO - Sync 1 DAGs
[2025-05-04T03:31:05.329+0000] {logging_mixin.py:154} INFO - [2025-05-04T03:31:05.329+0000] {dag.py:3722} INFO - Setting next_dagrun for example_short_circuit_operator to 2025-05-03T03:31:05.329712+00:00, run_after=2025-05-04T03:31:05.329712+00:00
[2025-05-04T03:31:05.338+0000] {processor.py:179} INFO - Processing /home/airflow/.local/lib/python3.8/site-packages/airflow/example_dags/example_short_circuit_operator.py took 0.047 seconds
[2025-05-04T03:31:36.351+0000] {processor.py:157} INFO - Started process (PID=406) to work on /home/airflow/.local/lib/python3.8/site-packages/airflow/example_dags/example_short_circuit_operator.py
[2025-05-04T03:31:36.352+0000] {processor.py:829} INFO - Processing file /home/airflow/.local/lib/python3.8/site-packages/airflow/example_dags/example_short_circuit_operator.py for tasks to queue
[2025-05-04T03:31:36.353+0000] {logging_mixin.py:154} INFO - [2025-05-04T03:31:36.353+0000] {dagbag.py:536} INFO - Filling up the DagBag from /home/airflow/.local/lib/python3.8/site-packages/airflow/example_dags/example_short_circuit_operator.py
[2025-05-04T03:31:36.359+0000] {processor.py:839} INFO - DAG(s) dict_keys(['example_short_circuit_operator']) retrieved from /home/airflow/.local/lib/python3.8/site-packages/airflow/example_dags/example_short_circuit_operator.py
[2025-05-04T03:31:36.376+0000] {logging_mixin.py:154} INFO - [2025-05-04T03:31:36.376+0000] {dag.py:2941} INFO - Sync 1 DAGs
[2025-05-04T03:31:36.386+0000] {logging_mixin.py:154} INFO - [2025-05-04T03:31:36.386+0000] {dag.py:3722} INFO - Setting next_dagrun for example_short_circuit_operator to 2025-05-03T03:31:36.386300+00:00, run_after=2025-05-04T03:31:36.386300+00:00
[2025-05-04T03:31:36.398+0000] {processor.py:179} INFO - Processing /home/airflow/.local/lib/python3.8/site-packages/airflow/example_dags/example_short_circuit_operator.py took 0.048 seconds
[2025-05-04T03:32:06.452+0000] {processor.py:157} INFO - Started process (PID=461) to work on /home/airflow/.local/lib/python3.8/site-packages/airflow/example_dags/example_short_circuit_operator.py
[2025-05-04T03:32:06.452+0000] {processor.py:829} INFO - Processing file /home/airflow/.local/lib/python3.8/site-packages/airflow/example_dags/example_short_circuit_operator.py for tasks to queue
[2025-05-04T03:32:06.453+0000] {logging_mixin.py:154} INFO - [2025-05-04T03:32:06.453+0000] {dagbag.py:536} INFO - Filling up the DagBag from /home/airflow/.local/lib/python3.8/site-packages/airflow/example_dags/example_short_circuit_operator.py
[2025-05-04T03:32:06.460+0000] {processor.py:839} INFO - DAG(s) dict_keys(['example_short_circuit_operator']) retrieved from /home/airflow/.local/lib/python3.8/site-packages/airflow/example_dags/example_short_circuit_operator.py
[2025-05-04T03:32:06.472+0000] {logging_mixin.py:154} INFO - [2025-05-04T03:32:06.472+0000] {dag.py:2941} INFO - Sync 1 DAGs
[2025-05-04T03:32:06.484+0000] {logging_mixin.py:154} INFO - [2025-05-04T03:32:06.484+0000] {dag.py:3722} INFO - Setting next_dagrun for example_short_circuit_operator to 2025-05-03T03:32:06.484545+00:00, run_after=2025-05-04T03:32:06.484545+00:00
[2025-05-04T03:32:06.495+0000] {processor.py:179} INFO - Processing /home/airflow/.local/lib/python3.8/site-packages/airflow/example_dags/example_short_circuit_operator.py took 0.045 seconds
[2025-05-04T03:32:36.541+0000] {processor.py:157} INFO - Started process (PID=516) to work on /home/airflow/.local/lib/python3.8/site-packages/airflow/example_dags/example_short_circuit_operator.py
[2025-05-04T03:32:36.542+0000] {processor.py:829} INFO - Processing file /home/airflow/.local/lib/python3.8/site-packages/airflow/example_dags/example_short_circuit_operator.py for tasks to queue
[2025-05-04T03:32:36.544+0000] {logging_mixin.py:154} INFO - [2025-05-04T03:32:36.544+0000] {dagbag.py:536} INFO - Filling up the DagBag from /home/airflow/.local/lib/python3.8/site-packages/airflow/example_dags/example_short_circuit_operator.py
[2025-05-04T03:32:36.550+0000] {processor.py:839} INFO - DAG(s) dict_keys(['example_short_circuit_operator']) retrieved from /home/airflow/.local/lib/python3.8/site-packages/airflow/example_dags/example_short_circuit_operator.py
[2025-05-04T03:32:36.566+0000] {logging_mixin.py:154} INFO - [2025-05-04T03:32:36.566+0000] {dag.py:2941} INFO - Sync 1 DAGs
[2025-05-04T03:32:36.584+0000] {logging_mixin.py:154} INFO - [2025-05-04T03:32:36.584+0000] {dag.py:3722} INFO - Setting next_dagrun for example_short_circuit_operator to 2025-05-03T03:32:36.584463+00:00, run_after=2025-05-04T03:32:36.584463+00:00
[2025-05-04T03:32:36.592+0000] {processor.py:179} INFO - Processing /home/airflow/.local/lib/python3.8/site-packages/airflow/example_dags/example_short_circuit_operator.py took 0.052 seconds
[2025-05-04T03:33:06.898+0000] {processor.py:157} INFO - Started process (PID=571) to work on /home/airflow/.local/lib/python3.8/site-packages/airflow/example_dags/example_short_circuit_operator.py
[2025-05-04T03:33:06.899+0000] {processor.py:829} INFO - Processing file /home/airflow/.local/lib/python3.8/site-packages/airflow/example_dags/example_short_circuit_operator.py for tasks to queue
[2025-05-04T03:33:06.899+0000] {logging_mixin.py:154} INFO - [2025-05-04T03:33:06.899+0000] {dagbag.py:536} INFO - Filling up the DagBag from /home/airflow/.local/lib/python3.8/site-packages/airflow/example_dags/example_short_circuit_operator.py
[2025-05-04T03:33:06.906+0000] {processor.py:839} INFO - DAG(s) dict_keys(['example_short_circuit_operator']) retrieved from /home/airflow/.local/lib/python3.8/site-packages/airflow/example_dags/example_short_circuit_operator.py
[2025-05-04T03:33:06.920+0000] {logging_mixin.py:154} INFO - [2025-05-04T03:33:06.920+0000] {dag.py:2941} INFO - Sync 1 DAGs
[2025-05-04T03:33:06.938+0000] {logging_mixin.py:154} INFO - [2025-05-04T03:33:06.937+0000] {dag.py:3722} INFO - Setting next_dagrun for example_short_circuit_operator to 2025-05-03T03:33:06.937856+00:00, run_after=2025-05-04T03:33:06.937856+00:00
[2025-05-04T03:33:06.948+0000] {processor.py:179} INFO - Processing /home/airflow/.local/lib/python3.8/site-packages/airflow/example_dags/example_short_circuit_operator.py took 0.052 seconds
[2025-05-04T03:33:36.983+0000] {processor.py:157} INFO - Started process (PID=626) to work on /home/airflow/.local/lib/python3.8/site-packages/airflow/example_dags/example_short_circuit_operator.py
[2025-05-04T03:33:36.984+0000] {processor.py:829} INFO - Processing file /home/airflow/.local/lib/python3.8/site-packages/airflow/example_dags/example_short_circuit_operator.py for tasks to queue
[2025-05-04T03:33:36.985+0000] {logging_mixin.py:154} INFO - [2025-05-04T03:33:36.985+0000] {dagbag.py:536} INFO - Filling up the DagBag from /home/airflow/.local/lib/python3.8/site-packages/airflow/example_dags/example_short_circuit_operator.py
[2025-05-04T03:33:36.988+0000] {processor.py:839} INFO - DAG(s) dict_keys(['example_short_circuit_operator']) retrieved from /home/airflow/.local/lib/python3.8/site-packages/airflow/example_dags/example_short_circuit_operator.py
[2025-05-04T03:33:37.001+0000] {logging_mixin.py:154} INFO - [2025-05-04T03:33:37.001+0000] {dag.py:2941} INFO - Sync 1 DAGs
[2025-05-04T03:33:37.011+0000] {logging_mixin.py:154} INFO - [2025-05-04T03:33:37.011+0000] {dag.py:3722} INFO - Setting next_dagrun for example_short_circuit_operator to 2025-05-03T03:33:37.011215+00:00, run_after=2025-05-04T03:33:37.011215+00:00
[2025-05-04T03:33:37.018+0000] {processor.py:179} INFO - Processing /home/airflow/.local/lib/python3.8/site-packages/airflow/example_dags/example_short_circuit_operator.py took 0.036 seconds
[2025-05-04T03:34:07.780+0000] {processor.py:157} INFO - Started process (PID=681) to work on /home/airflow/.local/lib/python3.8/site-packages/airflow/example_dags/example_short_circuit_operator.py
[2025-05-04T03:34:07.780+0000] {processor.py:829} INFO - Processing file /home/airflow/.local/lib/python3.8/site-packages/airflow/example_dags/example_short_circuit_operator.py for tasks to queue
[2025-05-04T03:34:07.782+0000] {logging_mixin.py:154} INFO - [2025-05-04T03:34:07.782+0000] {dagbag.py:536} INFO - Filling up the DagBag from /home/airflow/.local/lib/python3.8/site-packages/airflow/example_dags/example_short_circuit_operator.py
[2025-05-04T03:34:07.788+0000] {processor.py:839} INFO - DAG(s) dict_keys(['example_short_circuit_operator']) retrieved from /home/airflow/.local/lib/python3.8/site-packages/airflow/example_dags/example_short_circuit_operator.py
[2025-05-04T03:34:07.803+0000] {logging_mixin.py:154} INFO - [2025-05-04T03:34:07.803+0000] {dag.py:2941} INFO - Sync 1 DAGs
[2025-05-04T03:34:07.814+0000] {logging_mixin.py:154} INFO - [2025-05-04T03:34:07.814+0000] {dag.py:3722} INFO - Setting next_dagrun for example_short_circuit_operator to 2025-05-03T03:34:07.814639+00:00, run_after=2025-05-04T03:34:07.814639+00:00
[2025-05-04T03:34:07.821+0000] {processor.py:179} INFO - Processing /home/airflow/.local/lib/python3.8/site-packages/airflow/example_dags/example_short_circuit_operator.py took 0.043 seconds
[2025-05-04T03:34:38.842+0000] {processor.py:157} INFO - Started process (PID=736) to work on /home/airflow/.local/lib/python3.8/site-packages/airflow/example_dags/example_short_circuit_operator.py
[2025-05-04T03:34:38.842+0000] {processor.py:829} INFO - Processing file /home/airflow/.local/lib/python3.8/site-packages/airflow/example_dags/example_short_circuit_operator.py for tasks to queue
[2025-05-04T03:34:38.843+0000] {logging_mixin.py:154} INFO - [2025-05-04T03:34:38.843+0000] {dagbag.py:536} INFO - Filling up the DagBag from /home/airflow/.local/lib/python3.8/site-packages/airflow/example_dags/example_short_circuit_operator.py
[2025-05-04T03:34:38.849+0000] {processor.py:839} INFO - DAG(s) dict_keys(['example_short_circuit_operator']) retrieved from /home/airflow/.local/lib/python3.8/site-packages/airflow/example_dags/example_short_circuit_operator.py
[2025-05-04T03:34:38.860+0000] {logging_mixin.py:154} INFO - [2025-05-04T03:34:38.859+0000] {dag.py:2941} INFO - Sync 1 DAGs
[2025-05-04T03:34:38.873+0000] {logging_mixin.py:154} INFO - [2025-05-04T03:34:38.873+0000] {dag.py:3722} INFO - Setting next_dagrun for example_short_circuit_operator to 2025-05-03T03:34:38.873066+00:00, run_after=2025-05-04T03:34:38.873066+00:00
[2025-05-04T03:34:38.884+0000] {processor.py:179} INFO - Processing /home/airflow/.local/lib/python3.8/site-packages/airflow/example_dags/example_short_circuit_operator.py took 0.044 seconds
[2025-05-04T03:35:09.786+0000] {processor.py:157} INFO - Started process (PID=791) to work on /home/airflow/.local/lib/python3.8/site-packages/airflow/example_dags/example_short_circuit_operator.py
[2025-05-04T03:35:09.787+0000] {processor.py:829} INFO - Processing file /home/airflow/.local/lib/python3.8/site-packages/airflow/example_dags/example_short_circuit_operator.py for tasks to queue
[2025-05-04T03:35:09.788+0000] {logging_mixin.py:154} INFO - [2025-05-04T03:35:09.788+0000] {dagbag.py:536} INFO - Filling up the DagBag from /home/airflow/.local/lib/python3.8/site-packages/airflow/example_dags/example_short_circuit_operator.py
[2025-05-04T03:35:09.794+0000] {processor.py:839} INFO - DAG(s) dict_keys(['example_short_circuit_operator']) retrieved from /home/airflow/.local/lib/python3.8/site-packages/airflow/example_dags/example_short_circuit_operator.py
[2025-05-04T03:35:09.809+0000] {logging_mixin.py:154} INFO - [2025-05-04T03:35:09.808+0000] {dag.py:2941} INFO - Sync 1 DAGs
[2025-05-04T03:35:09.820+0000] {logging_mixin.py:154} INFO - [2025-05-04T03:35:09.820+0000] {dag.py:3722} INFO - Setting next_dagrun for example_short_circuit_operator to 2025-05-03T03:35:09.820208+00:00, run_after=2025-05-04T03:35:09.820208+00:00
[2025-05-04T03:35:09.828+0000] {processor.py:179} INFO - Processing /home/airflow/.local/lib/python3.8/site-packages/airflow/example_dags/example_short_circuit_operator.py took 0.044 seconds
