[2025-05-04T03:28:33.967+0000] {processor.py:157} INFO - Started process (PID=80) to work on /home/airflow/.local/lib/python3.8/site-packages/airflow/example_dags/example_xcom.py
[2025-05-04T03:28:33.968+0000] {processor.py:829} INFO - Processing file /home/airflow/.local/lib/python3.8/site-packages/airflow/example_dags/example_xcom.py for tasks to queue
[2025-05-04T03:28:33.970+0000] {logging_mixin.py:154} INFO - [2025-05-04T03:28:33.970+0000] {dagbag.py:536} INFO - Filling up the DagBag from /home/airflow/.local/lib/python3.8/site-packages/airflow/example_dags/example_xcom.py
[2025-05-04T03:28:33.978+0000] {processor.py:839} INFO - DAG(s) dict_keys(['example_xcom']) retrieved from /home/airflow/.local/lib/python3.8/site-packages/airflow/example_dags/example_xcom.py
[2025-05-04T03:28:33.988+0000] {logging_mixin.py:154} INFO - [2025-05-04T03:28:33.988+0000] {dag.py:2941} INFO - Sync 1 DAGs
[2025-05-04T03:28:34.009+0000] {logging_mixin.py:154} INFO - [2025-05-04T03:28:34.009+0000] {dag.py:3722} INFO - Setting next_dagrun for example_xcom to 2021-01-01T00:00:00+00:00, run_after=2021-01-01T00:00:00+00:00
[2025-05-04T03:28:34.036+0000] {processor.py:179} INFO - Processing /home/airflow/.local/lib/python3.8/site-packages/airflow/example_dags/example_xcom.py took 0.072 seconds
[2025-05-04T03:29:04.972+0000] {processor.py:157} INFO - Started process (PID=142) to work on /home/airflow/.local/lib/python3.8/site-packages/airflow/example_dags/example_xcom.py
[2025-05-04T03:29:04.972+0000] {processor.py:829} INFO - Processing file /home/airflow/.local/lib/python3.8/site-packages/airflow/example_dags/example_xcom.py for tasks to queue
[2025-05-04T03:29:04.973+0000] {logging_mixin.py:154} INFO - [2025-05-04T03:29:04.973+0000] {dagbag.py:536} INFO - Filling up the DagBag from /home/airflow/.local/lib/python3.8/site-packages/airflow/example_dags/example_xcom.py
[2025-05-04T03:29:04.976+0000] {processor.py:839} INFO - DAG(s) dict_keys(['example_xcom']) retrieved from /home/airflow/.local/lib/python3.8/site-packages/airflow/example_dags/example_xcom.py
[2025-05-04T03:29:04.984+0000] {logging_mixin.py:154} INFO - [2025-05-04T03:29:04.984+0000] {dag.py:2941} INFO - Sync 1 DAGs
[2025-05-04T03:29:04.992+0000] {logging_mixin.py:154} INFO - [2025-05-04T03:29:04.992+0000] {dag.py:3722} INFO - Setting next_dagrun for example_xcom to 2021-01-01T00:00:00+00:00, run_after=2021-01-01T00:00:00+00:00
[2025-05-04T03:29:04.998+0000] {processor.py:179} INFO - Processing /home/airflow/.local/lib/python3.8/site-packages/airflow/example_dags/example_xcom.py took 0.028 seconds
[2025-05-04T03:29:35.923+0000] {processor.py:157} INFO - Started process (PID=197) to work on /home/airflow/.local/lib/python3.8/site-packages/airflow/example_dags/example_xcom.py
[2025-05-04T03:29:35.924+0000] {processor.py:829} INFO - Processing file /home/airflow/.local/lib/python3.8/site-packages/airflow/example_dags/example_xcom.py for tasks to queue
[2025-05-04T03:29:35.925+0000] {logging_mixin.py:154} INFO - [2025-05-04T03:29:35.925+0000] {dagbag.py:536} INFO - Filling up the DagBag from /home/airflow/.local/lib/python3.8/site-packages/airflow/example_dags/example_xcom.py
[2025-05-04T03:29:35.928+0000] {processor.py:839} INFO - DAG(s) dict_keys(['example_xcom']) retrieved from /home/airflow/.local/lib/python3.8/site-packages/airflow/example_dags/example_xcom.py
[2025-05-04T03:29:35.943+0000] {logging_mixin.py:154} INFO - [2025-05-04T03:29:35.942+0000] {dag.py:2941} INFO - Sync 1 DAGs
[2025-05-04T03:29:35.969+0000] {logging_mixin.py:154} INFO - [2025-05-04T03:29:35.969+0000] {dag.py:3722} INFO - Setting next_dagrun for example_xcom to 2021-01-01T00:00:00+00:00, run_after=2021-01-01T00:00:00+00:00
[2025-05-04T03:29:35.982+0000] {processor.py:179} INFO - Processing /home/airflow/.local/lib/python3.8/site-packages/airflow/example_dags/example_xcom.py took 0.061 seconds
[2025-05-04T03:30:06.566+0000] {processor.py:157} INFO - Started process (PID=252) to work on /home/airflow/.local/lib/python3.8/site-packages/airflow/example_dags/example_xcom.py
[2025-05-04T03:30:06.567+0000] {processor.py:829} INFO - Processing file /home/airflow/.local/lib/python3.8/site-packages/airflow/example_dags/example_xcom.py for tasks to queue
[2025-05-04T03:30:06.568+0000] {logging_mixin.py:154} INFO - [2025-05-04T03:30:06.568+0000] {dagbag.py:536} INFO - Filling up the DagBag from /home/airflow/.local/lib/python3.8/site-packages/airflow/example_dags/example_xcom.py
[2025-05-04T03:30:06.573+0000] {processor.py:839} INFO - DAG(s) dict_keys(['example_xcom']) retrieved from /home/airflow/.local/lib/python3.8/site-packages/airflow/example_dags/example_xcom.py
[2025-05-04T03:30:06.588+0000] {logging_mixin.py:154} INFO - [2025-05-04T03:30:06.588+0000] {dag.py:2941} INFO - Sync 1 DAGs
[2025-05-04T03:30:06.598+0000] {logging_mixin.py:154} INFO - [2025-05-04T03:30:06.598+0000] {dag.py:3722} INFO - Setting next_dagrun for example_xcom to 2021-01-01T00:00:00+00:00, run_after=2021-01-01T00:00:00+00:00
[2025-05-04T03:30:06.611+0000] {processor.py:179} INFO - Processing /home/airflow/.local/lib/python3.8/site-packages/airflow/example_dags/example_xcom.py took 0.047 seconds
[2025-05-04T03:30:37.560+0000] {processor.py:157} INFO - Started process (PID=307) to work on /home/airflow/.local/lib/python3.8/site-packages/airflow/example_dags/example_xcom.py
[2025-05-04T03:30:37.562+0000] {processor.py:829} INFO - Processing file /home/airflow/.local/lib/python3.8/site-packages/airflow/example_dags/example_xcom.py for tasks to queue
[2025-05-04T03:30:37.564+0000] {logging_mixin.py:154} INFO - [2025-05-04T03:30:37.564+0000] {dagbag.py:536} INFO - Filling up the DagBag from /home/airflow/.local/lib/python3.8/site-packages/airflow/example_dags/example_xcom.py
[2025-05-04T03:30:37.568+0000] {processor.py:839} INFO - DAG(s) dict_keys(['example_xcom']) retrieved from /home/airflow/.local/lib/python3.8/site-packages/airflow/example_dags/example_xcom.py
[2025-05-04T03:30:37.583+0000] {logging_mixin.py:154} INFO - [2025-05-04T03:30:37.583+0000] {dag.py:2941} INFO - Sync 1 DAGs
[2025-05-04T03:30:37.596+0000] {logging_mixin.py:154} INFO - [2025-05-04T03:30:37.596+0000] {dag.py:3722} INFO - Setting next_dagrun for example_xcom to 2021-01-01T00:00:00+00:00, run_after=2021-01-01T00:00:00+00:00
[2025-05-04T03:30:37.612+0000] {processor.py:179} INFO - Processing /home/airflow/.local/lib/python3.8/site-packages/airflow/example_dags/example_xcom.py took 0.054 seconds
[2025-05-04T03:31:07.727+0000] {processor.py:157} INFO - Started process (PID=363) to work on /home/airflow/.local/lib/python3.8/site-packages/airflow/example_dags/example_xcom.py
[2025-05-04T03:31:07.728+0000] {processor.py:829} INFO - Processing file /home/airflow/.local/lib/python3.8/site-packages/airflow/example_dags/example_xcom.py for tasks to queue
[2025-05-04T03:31:07.729+0000] {logging_mixin.py:154} INFO - [2025-05-04T03:31:07.729+0000] {dagbag.py:536} INFO - Filling up the DagBag from /home/airflow/.local/lib/python3.8/site-packages/airflow/example_dags/example_xcom.py
[2025-05-04T03:31:07.733+0000] {processor.py:839} INFO - DAG(s) dict_keys(['example_xcom']) retrieved from /home/airflow/.local/lib/python3.8/site-packages/airflow/example_dags/example_xcom.py
[2025-05-04T03:31:07.743+0000] {logging_mixin.py:154} INFO - [2025-05-04T03:31:07.743+0000] {dag.py:2941} INFO - Sync 1 DAGs
[2025-05-04T03:31:07.762+0000] {logging_mixin.py:154} INFO - [2025-05-04T03:31:07.762+0000] {dag.py:3722} INFO - Setting next_dagrun for example_xcom to 2021-01-01T00:00:00+00:00, run_after=2021-01-01T00:00:00+00:00
[2025-05-04T03:31:07.771+0000] {processor.py:179} INFO - Processing /home/airflow/.local/lib/python3.8/site-packages/airflow/example_dags/example_xcom.py took 0.046 seconds
[2025-05-04T03:31:38.770+0000] {processor.py:157} INFO - Started process (PID=418) to work on /home/airflow/.local/lib/python3.8/site-packages/airflow/example_dags/example_xcom.py
[2025-05-04T03:31:38.773+0000] {processor.py:829} INFO - Processing file /home/airflow/.local/lib/python3.8/site-packages/airflow/example_dags/example_xcom.py for tasks to queue
[2025-05-04T03:31:38.776+0000] {logging_mixin.py:154} INFO - [2025-05-04T03:31:38.775+0000] {dagbag.py:536} INFO - Filling up the DagBag from /home/airflow/.local/lib/python3.8/site-packages/airflow/example_dags/example_xcom.py
[2025-05-04T03:31:38.786+0000] {processor.py:839} INFO - DAG(s) dict_keys(['example_xcom']) retrieved from /home/airflow/.local/lib/python3.8/site-packages/airflow/example_dags/example_xcom.py
[2025-05-04T03:31:38.806+0000] {logging_mixin.py:154} INFO - [2025-05-04T03:31:38.806+0000] {dag.py:2941} INFO - Sync 1 DAGs
[2025-05-04T03:31:38.820+0000] {logging_mixin.py:154} INFO - [2025-05-04T03:31:38.820+0000] {dag.py:3722} INFO - Setting next_dagrun for example_xcom to 2021-01-01T00:00:00+00:00, run_after=2021-01-01T00:00:00+00:00
[2025-05-04T03:31:38.834+0000] {processor.py:179} INFO - Processing /home/airflow/.local/lib/python3.8/site-packages/airflow/example_dags/example_xcom.py took 0.069 seconds
[2025-05-04T03:32:08.853+0000] {processor.py:157} INFO - Started process (PID=472) to work on /home/airflow/.local/lib/python3.8/site-packages/airflow/example_dags/example_xcom.py
[2025-05-04T03:32:08.854+0000] {processor.py:829} INFO - Processing file /home/airflow/.local/lib/python3.8/site-packages/airflow/example_dags/example_xcom.py for tasks to queue
[2025-05-04T03:32:08.855+0000] {logging_mixin.py:154} INFO - [2025-05-04T03:32:08.855+0000] {dagbag.py:536} INFO - Filling up the DagBag from /home/airflow/.local/lib/python3.8/site-packages/airflow/example_dags/example_xcom.py
[2025-05-04T03:32:08.859+0000] {processor.py:839} INFO - DAG(s) dict_keys(['example_xcom']) retrieved from /home/airflow/.local/lib/python3.8/site-packages/airflow/example_dags/example_xcom.py
[2025-05-04T03:32:08.874+0000] {logging_mixin.py:154} INFO - [2025-05-04T03:32:08.874+0000] {dag.py:2941} INFO - Sync 1 DAGs
[2025-05-04T03:32:08.885+0000] {logging_mixin.py:154} INFO - [2025-05-04T03:32:08.885+0000] {dag.py:3722} INFO - Setting next_dagrun for example_xcom to 2021-01-01T00:00:00+00:00, run_after=2021-01-01T00:00:00+00:00
[2025-05-04T03:32:08.893+0000] {processor.py:179} INFO - Processing /home/airflow/.local/lib/python3.8/site-packages/airflow/example_dags/example_xcom.py took 0.043 seconds
[2025-05-04T03:32:38.934+0000] {processor.py:157} INFO - Started process (PID=527) to work on /home/airflow/.local/lib/python3.8/site-packages/airflow/example_dags/example_xcom.py
[2025-05-04T03:32:38.934+0000] {processor.py:829} INFO - Processing file /home/airflow/.local/lib/python3.8/site-packages/airflow/example_dags/example_xcom.py for tasks to queue
[2025-05-04T03:32:38.935+0000] {logging_mixin.py:154} INFO - [2025-05-04T03:32:38.935+0000] {dagbag.py:536} INFO - Filling up the DagBag from /home/airflow/.local/lib/python3.8/site-packages/airflow/example_dags/example_xcom.py
[2025-05-04T03:32:38.939+0000] {processor.py:839} INFO - DAG(s) dict_keys(['example_xcom']) retrieved from /home/airflow/.local/lib/python3.8/site-packages/airflow/example_dags/example_xcom.py
[2025-05-04T03:32:38.952+0000] {logging_mixin.py:154} INFO - [2025-05-04T03:32:38.951+0000] {dag.py:2941} INFO - Sync 1 DAGs
[2025-05-04T03:32:38.961+0000] {logging_mixin.py:154} INFO - [2025-05-04T03:32:38.961+0000] {dag.py:3722} INFO - Setting next_dagrun for example_xcom to 2021-01-01T00:00:00+00:00, run_after=2021-01-01T00:00:00+00:00
[2025-05-04T03:32:38.968+0000] {processor.py:179} INFO - Processing /home/airflow/.local/lib/python3.8/site-packages/airflow/example_dags/example_xcom.py took 0.035 seconds
[2025-05-04T03:33:09.229+0000] {processor.py:157} INFO - Started process (PID=582) to work on /home/airflow/.local/lib/python3.8/site-packages/airflow/example_dags/example_xcom.py
[2025-05-04T03:33:09.229+0000] {processor.py:829} INFO - Processing file /home/airflow/.local/lib/python3.8/site-packages/airflow/example_dags/example_xcom.py for tasks to queue
[2025-05-04T03:33:09.231+0000] {logging_mixin.py:154} INFO - [2025-05-04T03:33:09.231+0000] {dagbag.py:536} INFO - Filling up the DagBag from /home/airflow/.local/lib/python3.8/site-packages/airflow/example_dags/example_xcom.py
[2025-05-04T03:33:09.238+0000] {processor.py:839} INFO - DAG(s) dict_keys(['example_xcom']) retrieved from /home/airflow/.local/lib/python3.8/site-packages/airflow/example_dags/example_xcom.py
[2025-05-04T03:33:09.251+0000] {logging_mixin.py:154} INFO - [2025-05-04T03:33:09.251+0000] {dag.py:2941} INFO - Sync 1 DAGs
[2025-05-04T03:33:09.264+0000] {logging_mixin.py:154} INFO - [2025-05-04T03:33:09.264+0000] {dag.py:3722} INFO - Setting next_dagrun for example_xcom to 2021-01-01T00:00:00+00:00, run_after=2021-01-01T00:00:00+00:00
[2025-05-04T03:33:09.275+0000] {processor.py:179} INFO - Processing /home/airflow/.local/lib/python3.8/site-packages/airflow/example_dags/example_xcom.py took 0.048 seconds
[2025-05-04T03:33:39.366+0000] {processor.py:157} INFO - Started process (PID=637) to work on /home/airflow/.local/lib/python3.8/site-packages/airflow/example_dags/example_xcom.py
[2025-05-04T03:33:39.366+0000] {processor.py:829} INFO - Processing file /home/airflow/.local/lib/python3.8/site-packages/airflow/example_dags/example_xcom.py for tasks to queue
[2025-05-04T03:33:39.368+0000] {logging_mixin.py:154} INFO - [2025-05-04T03:33:39.368+0000] {dagbag.py:536} INFO - Filling up the DagBag from /home/airflow/.local/lib/python3.8/site-packages/airflow/example_dags/example_xcom.py
[2025-05-04T03:33:39.372+0000] {processor.py:839} INFO - DAG(s) dict_keys(['example_xcom']) retrieved from /home/airflow/.local/lib/python3.8/site-packages/airflow/example_dags/example_xcom.py
[2025-05-04T03:33:39.383+0000] {logging_mixin.py:154} INFO - [2025-05-04T03:33:39.382+0000] {dag.py:2941} INFO - Sync 1 DAGs
[2025-05-04T03:33:39.398+0000] {logging_mixin.py:154} INFO - [2025-05-04T03:33:39.398+0000] {dag.py:3722} INFO - Setting next_dagrun for example_xcom to 2021-01-01T00:00:00+00:00, run_after=2021-01-01T00:00:00+00:00
[2025-05-04T03:33:39.410+0000] {processor.py:179} INFO - Processing /home/airflow/.local/lib/python3.8/site-packages/airflow/example_dags/example_xcom.py took 0.047 seconds
[2025-05-04T03:34:10.132+0000] {processor.py:157} INFO - Started process (PID=692) to work on /home/airflow/.local/lib/python3.8/site-packages/airflow/example_dags/example_xcom.py
[2025-05-04T03:34:10.133+0000] {processor.py:829} INFO - Processing file /home/airflow/.local/lib/python3.8/site-packages/airflow/example_dags/example_xcom.py for tasks to queue
[2025-05-04T03:34:10.136+0000] {logging_mixin.py:154} INFO - [2025-05-04T03:34:10.136+0000] {dagbag.py:536} INFO - Filling up the DagBag from /home/airflow/.local/lib/python3.8/site-packages/airflow/example_dags/example_xcom.py
[2025-05-04T03:34:10.149+0000] {processor.py:839} INFO - DAG(s) dict_keys(['example_xcom']) retrieved from /home/airflow/.local/lib/python3.8/site-packages/airflow/example_dags/example_xcom.py
[2025-05-04T03:34:10.168+0000] {logging_mixin.py:154} INFO - [2025-05-04T03:34:10.167+0000] {dag.py:2941} INFO - Sync 1 DAGs
[2025-05-04T03:34:10.189+0000] {logging_mixin.py:154} INFO - [2025-05-04T03:34:10.188+0000] {dag.py:3722} INFO - Setting next_dagrun for example_xcom to 2021-01-01T00:00:00+00:00, run_after=2021-01-01T00:00:00+00:00
[2025-05-04T03:34:10.201+0000] {processor.py:179} INFO - Processing /home/airflow/.local/lib/python3.8/site-packages/airflow/example_dags/example_xcom.py took 0.072 seconds
[2025-05-04T03:34:41.155+0000] {processor.py:157} INFO - Started process (PID=747) to work on /home/airflow/.local/lib/python3.8/site-packages/airflow/example_dags/example_xcom.py
[2025-05-04T03:34:41.156+0000] {processor.py:829} INFO - Processing file /home/airflow/.local/lib/python3.8/site-packages/airflow/example_dags/example_xcom.py for tasks to queue
[2025-05-04T03:34:41.157+0000] {logging_mixin.py:154} INFO - [2025-05-04T03:34:41.157+0000] {dagbag.py:536} INFO - Filling up the DagBag from /home/airflow/.local/lib/python3.8/site-packages/airflow/example_dags/example_xcom.py
[2025-05-04T03:34:41.163+0000] {processor.py:839} INFO - DAG(s) dict_keys(['example_xcom']) retrieved from /home/airflow/.local/lib/python3.8/site-packages/airflow/example_dags/example_xcom.py
[2025-05-04T03:34:41.179+0000] {logging_mixin.py:154} INFO - [2025-05-04T03:34:41.178+0000] {dag.py:2941} INFO - Sync 1 DAGs
[2025-05-04T03:34:41.190+0000] {logging_mixin.py:154} INFO - [2025-05-04T03:34:41.190+0000] {dag.py:3722} INFO - Setting next_dagrun for example_xcom to 2021-01-01T00:00:00+00:00, run_after=2021-01-01T00:00:00+00:00
[2025-05-04T03:34:41.200+0000] {processor.py:179} INFO - Processing /home/airflow/.local/lib/python3.8/site-packages/airflow/example_dags/example_xcom.py took 0.047 seconds
[2025-05-04T03:35:12.155+0000] {processor.py:157} INFO - Started process (PID=802) to work on /home/airflow/.local/lib/python3.8/site-packages/airflow/example_dags/example_xcom.py
[2025-05-04T03:35:12.156+0000] {processor.py:829} INFO - Processing file /home/airflow/.local/lib/python3.8/site-packages/airflow/example_dags/example_xcom.py for tasks to queue
[2025-05-04T03:35:12.158+0000] {logging_mixin.py:154} INFO - [2025-05-04T03:35:12.158+0000] {dagbag.py:536} INFO - Filling up the DagBag from /home/airflow/.local/lib/python3.8/site-packages/airflow/example_dags/example_xcom.py
[2025-05-04T03:35:12.167+0000] {processor.py:839} INFO - DAG(s) dict_keys(['example_xcom']) retrieved from /home/airflow/.local/lib/python3.8/site-packages/airflow/example_dags/example_xcom.py
[2025-05-04T03:35:12.181+0000] {logging_mixin.py:154} INFO - [2025-05-04T03:35:12.181+0000] {dag.py:2941} INFO - Sync 1 DAGs
[2025-05-04T03:35:12.195+0000] {logging_mixin.py:154} INFO - [2025-05-04T03:35:12.195+0000] {dag.py:3722} INFO - Setting next_dagrun for example_xcom to 2021-01-01T00:00:00+00:00, run_after=2021-01-01T00:00:00+00:00
[2025-05-04T03:35:12.202+0000] {processor.py:179} INFO - Processing /home/airflow/.local/lib/python3.8/site-packages/airflow/example_dags/example_xcom.py took 0.049 seconds
