[2025-05-04T03:28:32.273+0000] {processor.py:157} INFO - Started process (PID=50) to work on /home/airflow/.local/lib/python3.8/site-packages/airflow/example_dags/example_dynamic_task_mapping_with_no_taskflow_operators.py
[2025-05-04T03:28:32.279+0000] {processor.py:829} INFO - Processing file /home/airflow/.local/lib/python3.8/site-packages/airflow/example_dags/example_dynamic_task_mapping_with_no_taskflow_operators.py for tasks to queue
[2025-05-04T03:28:32.285+0000] {logging_mixin.py:154} INFO - [2025-05-04T03:28:32.284+0000] {dagbag.py:536} INFO - Filling up the DagBag from /home/airflow/.local/lib/python3.8/site-packages/airflow/example_dags/example_dynamic_task_mapping_with_no_taskflow_operators.py
[2025-05-04T03:28:32.302+0000] {processor.py:839} INFO - DAG(s) dict_keys(['example_dynamic_task_mapping_with_no_taskflow_operators']) retrieved from /home/airflow/.local/lib/python3.8/site-packages/airflow/example_dags/example_dynamic_task_mapping_with_no_taskflow_operators.py
[2025-05-04T03:28:32.318+0000] {logging_mixin.py:154} INFO - [2025-05-04T03:28:32.318+0000] {dag.py:2941} INFO - Sync 1 DAGs
[2025-05-04T03:28:32.346+0000] {logging_mixin.py:154} INFO - [2025-05-04T03:28:32.346+0000] {dag.py:3722} INFO - Setting next_dagrun for example_dynamic_task_mapping_with_no_taskflow_operators to 2025-05-03T03:28:32.345787+00:00, run_after=2025-05-04T03:28:32.345787+00:00
[2025-05-04T03:28:32.384+0000] {processor.py:179} INFO - Processing /home/airflow/.local/lib/python3.8/site-packages/airflow/example_dags/example_dynamic_task_mapping_with_no_taskflow_operators.py took 0.113 seconds
[2025-05-04T03:29:02.585+0000] {processor.py:157} INFO - Started process (PID=105) to work on /home/airflow/.local/lib/python3.8/site-packages/airflow/example_dags/example_dynamic_task_mapping_with_no_taskflow_operators.py
[2025-05-04T03:29:02.585+0000] {processor.py:829} INFO - Processing file /home/airflow/.local/lib/python3.8/site-packages/airflow/example_dags/example_dynamic_task_mapping_with_no_taskflow_operators.py for tasks to queue
[2025-05-04T03:29:02.588+0000] {logging_mixin.py:154} INFO - [2025-05-04T03:29:02.588+0000] {dagbag.py:536} INFO - Filling up the DagBag from /home/airflow/.local/lib/python3.8/site-packages/airflow/example_dags/example_dynamic_task_mapping_with_no_taskflow_operators.py
[2025-05-04T03:29:02.592+0000] {processor.py:839} INFO - DAG(s) dict_keys(['example_dynamic_task_mapping_with_no_taskflow_operators']) retrieved from /home/airflow/.local/lib/python3.8/site-packages/airflow/example_dags/example_dynamic_task_mapping_with_no_taskflow_operators.py
[2025-05-04T03:29:02.605+0000] {logging_mixin.py:154} INFO - [2025-05-04T03:29:02.605+0000] {dag.py:2941} INFO - Sync 1 DAGs
[2025-05-04T03:29:02.617+0000] {logging_mixin.py:154} INFO - [2025-05-04T03:29:02.617+0000] {dag.py:3722} INFO - Setting next_dagrun for example_dynamic_task_mapping_with_no_taskflow_operators to 2025-05-03T03:29:02.617410+00:00, run_after=2025-05-04T03:29:02.617410+00:00
[2025-05-04T03:29:02.633+0000] {processor.py:179} INFO - Processing /home/airflow/.local/lib/python3.8/site-packages/airflow/example_dags/example_dynamic_task_mapping_with_no_taskflow_operators.py took 0.050 seconds
[2025-05-04T03:29:32.776+0000] {processor.py:157} INFO - Started process (PID=160) to work on /home/airflow/.local/lib/python3.8/site-packages/airflow/example_dags/example_dynamic_task_mapping_with_no_taskflow_operators.py
[2025-05-04T03:29:32.778+0000] {processor.py:829} INFO - Processing file /home/airflow/.local/lib/python3.8/site-packages/airflow/example_dags/example_dynamic_task_mapping_with_no_taskflow_operators.py for tasks to queue
[2025-05-04T03:29:32.779+0000] {logging_mixin.py:154} INFO - [2025-05-04T03:29:32.779+0000] {dagbag.py:536} INFO - Filling up the DagBag from /home/airflow/.local/lib/python3.8/site-packages/airflow/example_dags/example_dynamic_task_mapping_with_no_taskflow_operators.py
[2025-05-04T03:29:32.785+0000] {processor.py:839} INFO - DAG(s) dict_keys(['example_dynamic_task_mapping_with_no_taskflow_operators']) retrieved from /home/airflow/.local/lib/python3.8/site-packages/airflow/example_dags/example_dynamic_task_mapping_with_no_taskflow_operators.py
[2025-05-04T03:29:32.796+0000] {logging_mixin.py:154} INFO - [2025-05-04T03:29:32.796+0000] {dag.py:2941} INFO - Sync 1 DAGs
[2025-05-04T03:29:32.809+0000] {logging_mixin.py:154} INFO - [2025-05-04T03:29:32.808+0000] {dag.py:3722} INFO - Setting next_dagrun for example_dynamic_task_mapping_with_no_taskflow_operators to 2025-05-03T03:29:32.808819+00:00, run_after=2025-05-04T03:29:32.808819+00:00
[2025-05-04T03:29:32.816+0000] {processor.py:179} INFO - Processing /home/airflow/.local/lib/python3.8/site-packages/airflow/example_dags/example_dynamic_task_mapping_with_no_taskflow_operators.py took 0.041 seconds
[2025-05-04T03:30:03.073+0000] {processor.py:157} INFO - Started process (PID=215) to work on /home/airflow/.local/lib/python3.8/site-packages/airflow/example_dags/example_dynamic_task_mapping_with_no_taskflow_operators.py
[2025-05-04T03:30:03.073+0000] {processor.py:829} INFO - Processing file /home/airflow/.local/lib/python3.8/site-packages/airflow/example_dags/example_dynamic_task_mapping_with_no_taskflow_operators.py for tasks to queue
[2025-05-04T03:30:03.075+0000] {logging_mixin.py:154} INFO - [2025-05-04T03:30:03.075+0000] {dagbag.py:536} INFO - Filling up the DagBag from /home/airflow/.local/lib/python3.8/site-packages/airflow/example_dags/example_dynamic_task_mapping_with_no_taskflow_operators.py
[2025-05-04T03:30:03.079+0000] {processor.py:839} INFO - DAG(s) dict_keys(['example_dynamic_task_mapping_with_no_taskflow_operators']) retrieved from /home/airflow/.local/lib/python3.8/site-packages/airflow/example_dags/example_dynamic_task_mapping_with_no_taskflow_operators.py
[2025-05-04T03:30:03.088+0000] {logging_mixin.py:154} INFO - [2025-05-04T03:30:03.087+0000] {dag.py:2941} INFO - Sync 1 DAGs
[2025-05-04T03:30:03.099+0000] {logging_mixin.py:154} INFO - [2025-05-04T03:30:03.099+0000] {dag.py:3722} INFO - Setting next_dagrun for example_dynamic_task_mapping_with_no_taskflow_operators to 2025-05-03T03:30:03.099239+00:00, run_after=2025-05-04T03:30:03.099239+00:00
[2025-05-04T03:30:03.109+0000] {processor.py:179} INFO - Processing /home/airflow/.local/lib/python3.8/site-packages/airflow/example_dags/example_dynamic_task_mapping_with_no_taskflow_operators.py took 0.038 seconds
[2025-05-04T03:30:33.442+0000] {processor.py:157} INFO - Started process (PID=270) to work on /home/airflow/.local/lib/python3.8/site-packages/airflow/example_dags/example_dynamic_task_mapping_with_no_taskflow_operators.py
[2025-05-04T03:30:33.442+0000] {processor.py:829} INFO - Processing file /home/airflow/.local/lib/python3.8/site-packages/airflow/example_dags/example_dynamic_task_mapping_with_no_taskflow_operators.py for tasks to queue
[2025-05-04T03:30:33.443+0000] {logging_mixin.py:154} INFO - [2025-05-04T03:30:33.443+0000] {dagbag.py:536} INFO - Filling up the DagBag from /home/airflow/.local/lib/python3.8/site-packages/airflow/example_dags/example_dynamic_task_mapping_with_no_taskflow_operators.py
[2025-05-04T03:30:33.447+0000] {processor.py:839} INFO - DAG(s) dict_keys(['example_dynamic_task_mapping_with_no_taskflow_operators']) retrieved from /home/airflow/.local/lib/python3.8/site-packages/airflow/example_dags/example_dynamic_task_mapping_with_no_taskflow_operators.py
[2025-05-04T03:30:33.461+0000] {logging_mixin.py:154} INFO - [2025-05-04T03:30:33.460+0000] {dag.py:2941} INFO - Sync 1 DAGs
[2025-05-04T03:30:33.470+0000] {logging_mixin.py:154} INFO - [2025-05-04T03:30:33.470+0000] {dag.py:3722} INFO - Setting next_dagrun for example_dynamic_task_mapping_with_no_taskflow_operators to 2025-05-03T03:30:33.470111+00:00, run_after=2025-05-04T03:30:33.470111+00:00
[2025-05-04T03:30:33.480+0000] {processor.py:179} INFO - Processing /home/airflow/.local/lib/python3.8/site-packages/airflow/example_dags/example_dynamic_task_mapping_with_no_taskflow_operators.py took 0.040 seconds
[2025-05-04T03:31:03.628+0000] {processor.py:157} INFO - Started process (PID=326) to work on /home/airflow/.local/lib/python3.8/site-packages/airflow/example_dags/example_dynamic_task_mapping_with_no_taskflow_operators.py
[2025-05-04T03:31:03.630+0000] {processor.py:829} INFO - Processing file /home/airflow/.local/lib/python3.8/site-packages/airflow/example_dags/example_dynamic_task_mapping_with_no_taskflow_operators.py for tasks to queue
[2025-05-04T03:31:03.632+0000] {logging_mixin.py:154} INFO - [2025-05-04T03:31:03.632+0000] {dagbag.py:536} INFO - Filling up the DagBag from /home/airflow/.local/lib/python3.8/site-packages/airflow/example_dags/example_dynamic_task_mapping_with_no_taskflow_operators.py
[2025-05-04T03:31:03.637+0000] {processor.py:839} INFO - DAG(s) dict_keys(['example_dynamic_task_mapping_with_no_taskflow_operators']) retrieved from /home/airflow/.local/lib/python3.8/site-packages/airflow/example_dags/example_dynamic_task_mapping_with_no_taskflow_operators.py
[2025-05-04T03:31:03.656+0000] {logging_mixin.py:154} INFO - [2025-05-04T03:31:03.656+0000] {dag.py:2941} INFO - Sync 1 DAGs
[2025-05-04T03:31:03.673+0000] {logging_mixin.py:154} INFO - [2025-05-04T03:31:03.673+0000] {dag.py:3722} INFO - Setting next_dagrun for example_dynamic_task_mapping_with_no_taskflow_operators to 2025-05-03T03:31:03.673119+00:00, run_after=2025-05-04T03:31:03.673119+00:00
[2025-05-04T03:31:03.684+0000] {processor.py:179} INFO - Processing /home/airflow/.local/lib/python3.8/site-packages/airflow/example_dags/example_dynamic_task_mapping_with_no_taskflow_operators.py took 0.059 seconds
[2025-05-04T03:31:33.695+0000] {processor.py:157} INFO - Started process (PID=381) to work on /home/airflow/.local/lib/python3.8/site-packages/airflow/example_dags/example_dynamic_task_mapping_with_no_taskflow_operators.py
[2025-05-04T03:31:33.696+0000] {processor.py:829} INFO - Processing file /home/airflow/.local/lib/python3.8/site-packages/airflow/example_dags/example_dynamic_task_mapping_with_no_taskflow_operators.py for tasks to queue
[2025-05-04T03:31:33.697+0000] {logging_mixin.py:154} INFO - [2025-05-04T03:31:33.697+0000] {dagbag.py:536} INFO - Filling up the DagBag from /home/airflow/.local/lib/python3.8/site-packages/airflow/example_dags/example_dynamic_task_mapping_with_no_taskflow_operators.py
[2025-05-04T03:31:33.701+0000] {processor.py:839} INFO - DAG(s) dict_keys(['example_dynamic_task_mapping_with_no_taskflow_operators']) retrieved from /home/airflow/.local/lib/python3.8/site-packages/airflow/example_dags/example_dynamic_task_mapping_with_no_taskflow_operators.py
[2025-05-04T03:31:33.710+0000] {logging_mixin.py:154} INFO - [2025-05-04T03:31:33.710+0000] {dag.py:2941} INFO - Sync 1 DAGs
[2025-05-04T03:31:33.718+0000] {logging_mixin.py:154} INFO - [2025-05-04T03:31:33.718+0000] {dag.py:3722} INFO - Setting next_dagrun for example_dynamic_task_mapping_with_no_taskflow_operators to 2025-05-03T03:31:33.718325+00:00, run_after=2025-05-04T03:31:33.718325+00:00
[2025-05-04T03:31:33.766+0000] {processor.py:179} INFO - Processing /home/airflow/.local/lib/python3.8/site-packages/airflow/example_dags/example_dynamic_task_mapping_with_no_taskflow_operators.py took 0.072 seconds
[2025-05-04T03:32:03.849+0000] {processor.py:157} INFO - Started process (PID=436) to work on /home/airflow/.local/lib/python3.8/site-packages/airflow/example_dags/example_dynamic_task_mapping_with_no_taskflow_operators.py
[2025-05-04T03:32:03.850+0000] {processor.py:829} INFO - Processing file /home/airflow/.local/lib/python3.8/site-packages/airflow/example_dags/example_dynamic_task_mapping_with_no_taskflow_operators.py for tasks to queue
[2025-05-04T03:32:03.851+0000] {logging_mixin.py:154} INFO - [2025-05-04T03:32:03.850+0000] {dagbag.py:536} INFO - Filling up the DagBag from /home/airflow/.local/lib/python3.8/site-packages/airflow/example_dags/example_dynamic_task_mapping_with_no_taskflow_operators.py
[2025-05-04T03:32:03.853+0000] {processor.py:839} INFO - DAG(s) dict_keys(['example_dynamic_task_mapping_with_no_taskflow_operators']) retrieved from /home/airflow/.local/lib/python3.8/site-packages/airflow/example_dags/example_dynamic_task_mapping_with_no_taskflow_operators.py
[2025-05-04T03:32:03.861+0000] {logging_mixin.py:154} INFO - [2025-05-04T03:32:03.861+0000] {dag.py:2941} INFO - Sync 1 DAGs
[2025-05-04T03:32:03.869+0000] {logging_mixin.py:154} INFO - [2025-05-04T03:32:03.869+0000] {dag.py:3722} INFO - Setting next_dagrun for example_dynamic_task_mapping_with_no_taskflow_operators to 2025-05-03T03:32:03.869243+00:00, run_after=2025-05-04T03:32:03.869243+00:00
[2025-05-04T03:32:03.875+0000] {processor.py:179} INFO - Processing /home/airflow/.local/lib/python3.8/site-packages/airflow/example_dags/example_dynamic_task_mapping_with_no_taskflow_operators.py took 0.027 seconds
[2025-05-04T03:32:34.909+0000] {processor.py:157} INFO - Started process (PID=498) to work on /home/airflow/.local/lib/python3.8/site-packages/airflow/example_dags/example_dynamic_task_mapping_with_no_taskflow_operators.py
[2025-05-04T03:32:34.910+0000] {processor.py:829} INFO - Processing file /home/airflow/.local/lib/python3.8/site-packages/airflow/example_dags/example_dynamic_task_mapping_with_no_taskflow_operators.py for tasks to queue
[2025-05-04T03:32:34.912+0000] {logging_mixin.py:154} INFO - [2025-05-04T03:32:34.912+0000] {dagbag.py:536} INFO - Filling up the DagBag from /home/airflow/.local/lib/python3.8/site-packages/airflow/example_dags/example_dynamic_task_mapping_with_no_taskflow_operators.py
[2025-05-04T03:32:34.917+0000] {processor.py:839} INFO - DAG(s) dict_keys(['example_dynamic_task_mapping_with_no_taskflow_operators']) retrieved from /home/airflow/.local/lib/python3.8/site-packages/airflow/example_dags/example_dynamic_task_mapping_with_no_taskflow_operators.py
[2025-05-04T03:32:34.928+0000] {logging_mixin.py:154} INFO - [2025-05-04T03:32:34.928+0000] {dag.py:2941} INFO - Sync 1 DAGs
[2025-05-04T03:32:34.940+0000] {logging_mixin.py:154} INFO - [2025-05-04T03:32:34.940+0000] {dag.py:3722} INFO - Setting next_dagrun for example_dynamic_task_mapping_with_no_taskflow_operators to 2025-05-03T03:32:34.940543+00:00, run_after=2025-05-04T03:32:34.940543+00:00
[2025-05-04T03:32:34.951+0000] {processor.py:179} INFO - Processing /home/airflow/.local/lib/python3.8/site-packages/airflow/example_dags/example_dynamic_task_mapping_with_no_taskflow_operators.py took 0.043 seconds
[2025-05-04T03:33:05.202+0000] {processor.py:157} INFO - Started process (PID=553) to work on /home/airflow/.local/lib/python3.8/site-packages/airflow/example_dags/example_dynamic_task_mapping_with_no_taskflow_operators.py
[2025-05-04T03:33:05.202+0000] {processor.py:829} INFO - Processing file /home/airflow/.local/lib/python3.8/site-packages/airflow/example_dags/example_dynamic_task_mapping_with_no_taskflow_operators.py for tasks to queue
[2025-05-04T03:33:05.203+0000] {logging_mixin.py:154} INFO - [2025-05-04T03:33:05.203+0000] {dagbag.py:536} INFO - Filling up the DagBag from /home/airflow/.local/lib/python3.8/site-packages/airflow/example_dags/example_dynamic_task_mapping_with_no_taskflow_operators.py
[2025-05-04T03:33:05.206+0000] {processor.py:839} INFO - DAG(s) dict_keys(['example_dynamic_task_mapping_with_no_taskflow_operators']) retrieved from /home/airflow/.local/lib/python3.8/site-packages/airflow/example_dags/example_dynamic_task_mapping_with_no_taskflow_operators.py
[2025-05-04T03:33:05.213+0000] {logging_mixin.py:154} INFO - [2025-05-04T03:33:05.213+0000] {dag.py:2941} INFO - Sync 1 DAGs
[2025-05-04T03:33:05.221+0000] {logging_mixin.py:154} INFO - [2025-05-04T03:33:05.221+0000] {dag.py:3722} INFO - Setting next_dagrun for example_dynamic_task_mapping_with_no_taskflow_operators to 2025-05-03T03:33:05.221426+00:00, run_after=2025-05-04T03:33:05.221426+00:00
[2025-05-04T03:33:05.227+0000] {processor.py:179} INFO - Processing /home/airflow/.local/lib/python3.8/site-packages/airflow/example_dags/example_dynamic_task_mapping_with_no_taskflow_operators.py took 0.026 seconds
[2025-05-04T03:33:35.359+0000] {processor.py:157} INFO - Started process (PID=608) to work on /home/airflow/.local/lib/python3.8/site-packages/airflow/example_dags/example_dynamic_task_mapping_with_no_taskflow_operators.py
[2025-05-04T03:33:35.360+0000] {processor.py:829} INFO - Processing file /home/airflow/.local/lib/python3.8/site-packages/airflow/example_dags/example_dynamic_task_mapping_with_no_taskflow_operators.py for tasks to queue
[2025-05-04T03:33:35.362+0000] {logging_mixin.py:154} INFO - [2025-05-04T03:33:35.362+0000] {dagbag.py:536} INFO - Filling up the DagBag from /home/airflow/.local/lib/python3.8/site-packages/airflow/example_dags/example_dynamic_task_mapping_with_no_taskflow_operators.py
[2025-05-04T03:33:35.367+0000] {processor.py:839} INFO - DAG(s) dict_keys(['example_dynamic_task_mapping_with_no_taskflow_operators']) retrieved from /home/airflow/.local/lib/python3.8/site-packages/airflow/example_dags/example_dynamic_task_mapping_with_no_taskflow_operators.py
[2025-05-04T03:33:35.379+0000] {logging_mixin.py:154} INFO - [2025-05-04T03:33:35.379+0000] {dag.py:2941} INFO - Sync 1 DAGs
[2025-05-04T03:33:35.395+0000] {logging_mixin.py:154} INFO - [2025-05-04T03:33:35.395+0000] {dag.py:3722} INFO - Setting next_dagrun for example_dynamic_task_mapping_with_no_taskflow_operators to 2025-05-03T03:33:35.395057+00:00, run_after=2025-05-04T03:33:35.395057+00:00
[2025-05-04T03:33:35.411+0000] {processor.py:179} INFO - Processing /home/airflow/.local/lib/python3.8/site-packages/airflow/example_dags/example_dynamic_task_mapping_with_no_taskflow_operators.py took 0.054 seconds
[2025-05-04T03:34:06.332+0000] {processor.py:157} INFO - Started process (PID=663) to work on /home/airflow/.local/lib/python3.8/site-packages/airflow/example_dags/example_dynamic_task_mapping_with_no_taskflow_operators.py
[2025-05-04T03:34:06.333+0000] {processor.py:829} INFO - Processing file /home/airflow/.local/lib/python3.8/site-packages/airflow/example_dags/example_dynamic_task_mapping_with_no_taskflow_operators.py for tasks to queue
[2025-05-04T03:34:06.334+0000] {logging_mixin.py:154} INFO - [2025-05-04T03:34:06.334+0000] {dagbag.py:536} INFO - Filling up the DagBag from /home/airflow/.local/lib/python3.8/site-packages/airflow/example_dags/example_dynamic_task_mapping_with_no_taskflow_operators.py
[2025-05-04T03:34:06.340+0000] {processor.py:839} INFO - DAG(s) dict_keys(['example_dynamic_task_mapping_with_no_taskflow_operators']) retrieved from /home/airflow/.local/lib/python3.8/site-packages/airflow/example_dags/example_dynamic_task_mapping_with_no_taskflow_operators.py
[2025-05-04T03:34:06.352+0000] {logging_mixin.py:154} INFO - [2025-05-04T03:34:06.352+0000] {dag.py:2941} INFO - Sync 1 DAGs
[2025-05-04T03:34:06.364+0000] {logging_mixin.py:154} INFO - [2025-05-04T03:34:06.364+0000] {dag.py:3722} INFO - Setting next_dagrun for example_dynamic_task_mapping_with_no_taskflow_operators to 2025-05-03T03:34:06.364532+00:00, run_after=2025-05-04T03:34:06.364532+00:00
[2025-05-04T03:34:06.374+0000] {processor.py:179} INFO - Processing /home/airflow/.local/lib/python3.8/site-packages/airflow/example_dags/example_dynamic_task_mapping_with_no_taskflow_operators.py took 0.044 seconds
[2025-05-04T03:34:37.252+0000] {processor.py:157} INFO - Started process (PID=718) to work on /home/airflow/.local/lib/python3.8/site-packages/airflow/example_dags/example_dynamic_task_mapping_with_no_taskflow_operators.py
[2025-05-04T03:34:37.253+0000] {processor.py:829} INFO - Processing file /home/airflow/.local/lib/python3.8/site-packages/airflow/example_dags/example_dynamic_task_mapping_with_no_taskflow_operators.py for tasks to queue
[2025-05-04T03:34:37.254+0000] {logging_mixin.py:154} INFO - [2025-05-04T03:34:37.254+0000] {dagbag.py:536} INFO - Filling up the DagBag from /home/airflow/.local/lib/python3.8/site-packages/airflow/example_dags/example_dynamic_task_mapping_with_no_taskflow_operators.py
[2025-05-04T03:34:37.258+0000] {processor.py:839} INFO - DAG(s) dict_keys(['example_dynamic_task_mapping_with_no_taskflow_operators']) retrieved from /home/airflow/.local/lib/python3.8/site-packages/airflow/example_dags/example_dynamic_task_mapping_with_no_taskflow_operators.py
[2025-05-04T03:34:37.272+0000] {logging_mixin.py:154} INFO - [2025-05-04T03:34:37.272+0000] {dag.py:2941} INFO - Sync 1 DAGs
[2025-05-04T03:34:37.289+0000] {logging_mixin.py:154} INFO - [2025-05-04T03:34:37.289+0000] {dag.py:3722} INFO - Setting next_dagrun for example_dynamic_task_mapping_with_no_taskflow_operators to 2025-05-03T03:34:37.289096+00:00, run_after=2025-05-04T03:34:37.289096+00:00
[2025-05-04T03:34:37.302+0000] {processor.py:179} INFO - Processing /home/airflow/.local/lib/python3.8/site-packages/airflow/example_dags/example_dynamic_task_mapping_with_no_taskflow_operators.py took 0.051 seconds
[2025-05-04T03:35:08.152+0000] {processor.py:157} INFO - Started process (PID=773) to work on /home/airflow/.local/lib/python3.8/site-packages/airflow/example_dags/example_dynamic_task_mapping_with_no_taskflow_operators.py
[2025-05-04T03:35:08.153+0000] {processor.py:829} INFO - Processing file /home/airflow/.local/lib/python3.8/site-packages/airflow/example_dags/example_dynamic_task_mapping_with_no_taskflow_operators.py for tasks to queue
[2025-05-04T03:35:08.156+0000] {logging_mixin.py:154} INFO - [2025-05-04T03:35:08.155+0000] {dagbag.py:536} INFO - Filling up the DagBag from /home/airflow/.local/lib/python3.8/site-packages/airflow/example_dags/example_dynamic_task_mapping_with_no_taskflow_operators.py
[2025-05-04T03:35:08.161+0000] {processor.py:839} INFO - DAG(s) dict_keys(['example_dynamic_task_mapping_with_no_taskflow_operators']) retrieved from /home/airflow/.local/lib/python3.8/site-packages/airflow/example_dags/example_dynamic_task_mapping_with_no_taskflow_operators.py
[2025-05-04T03:35:08.176+0000] {logging_mixin.py:154} INFO - [2025-05-04T03:35:08.176+0000] {dag.py:2941} INFO - Sync 1 DAGs
[2025-05-04T03:35:08.188+0000] {logging_mixin.py:154} INFO - [2025-05-04T03:35:08.188+0000] {dag.py:3722} INFO - Setting next_dagrun for example_dynamic_task_mapping_with_no_taskflow_operators to 2025-05-03T03:35:08.188111+00:00, run_after=2025-05-04T03:35:08.188111+00:00
[2025-05-04T03:35:08.197+0000] {processor.py:179} INFO - Processing /home/airflow/.local/lib/python3.8/site-packages/airflow/example_dags/example_dynamic_task_mapping_with_no_taskflow_operators.py took 0.048 seconds
