[2025-05-04T03:28:32.729+0000] {processor.py:157} INFO - Started process (PID=58) to work on /home/airflow/.local/lib/python3.8/site-packages/airflow/example_dags/example_task_group_decorator.py
[2025-05-04T03:28:32.730+0000] {processor.py:829} INFO - Processing file /home/airflow/.local/lib/python3.8/site-packages/airflow/example_dags/example_task_group_decorator.py for tasks to queue
[2025-05-04T03:28:32.732+0000] {logging_mixin.py:154} INFO - [2025-05-04T03:28:32.732+0000] {dagbag.py:536} INFO - Filling up the DagBag from /home/airflow/.local/lib/python3.8/site-packages/airflow/example_dags/example_task_group_decorator.py
[2025-05-04T03:28:32.747+0000] {processor.py:839} INFO - DAG(s) dict_keys(['example_task_group_decorator']) retrieved from /home/airflow/.local/lib/python3.8/site-packages/airflow/example_dags/example_task_group_decorator.py
[2025-05-04T03:28:32.765+0000] {logging_mixin.py:154} INFO - [2025-05-04T03:28:32.765+0000] {dag.py:2941} INFO - Sync 1 DAGs
[2025-05-04T03:28:32.787+0000] {logging_mixin.py:154} INFO - [2025-05-04T03:28:32.787+0000] {dag.py:3722} INFO - Setting next_dagrun for example_task_group_decorator to 2025-05-03T03:28:32.787417+00:00, run_after=2025-05-04T03:28:32.787417+00:00
[2025-05-04T03:28:32.820+0000] {processor.py:179} INFO - Processing /home/airflow/.local/lib/python3.8/site-packages/airflow/example_dags/example_task_group_decorator.py took 0.098 seconds
[2025-05-04T03:29:03.152+0000] {processor.py:157} INFO - Started process (PID=113) to work on /home/airflow/.local/lib/python3.8/site-packages/airflow/example_dags/example_task_group_decorator.py
[2025-05-04T03:29:03.153+0000] {processor.py:829} INFO - Processing file /home/airflow/.local/lib/python3.8/site-packages/airflow/example_dags/example_task_group_decorator.py for tasks to queue
[2025-05-04T03:29:03.154+0000] {logging_mixin.py:154} INFO - [2025-05-04T03:29:03.154+0000] {dagbag.py:536} INFO - Filling up the DagBag from /home/airflow/.local/lib/python3.8/site-packages/airflow/example_dags/example_task_group_decorator.py
[2025-05-04T03:29:03.163+0000] {processor.py:839} INFO - DAG(s) dict_keys(['example_task_group_decorator']) retrieved from /home/airflow/.local/lib/python3.8/site-packages/airflow/example_dags/example_task_group_decorator.py
[2025-05-04T03:29:03.176+0000] {logging_mixin.py:154} INFO - [2025-05-04T03:29:03.176+0000] {dag.py:2941} INFO - Sync 1 DAGs
[2025-05-04T03:29:03.190+0000] {logging_mixin.py:154} INFO - [2025-05-04T03:29:03.190+0000] {dag.py:3722} INFO - Setting next_dagrun for example_task_group_decorator to 2025-05-03T03:29:03.190604+00:00, run_after=2025-05-04T03:29:03.190604+00:00
[2025-05-04T03:29:03.200+0000] {processor.py:179} INFO - Processing /home/airflow/.local/lib/python3.8/site-packages/airflow/example_dags/example_task_group_decorator.py took 0.050 seconds
[2025-05-04T03:29:34.037+0000] {processor.py:157} INFO - Started process (PID=168) to work on /home/airflow/.local/lib/python3.8/site-packages/airflow/example_dags/example_task_group_decorator.py
[2025-05-04T03:29:34.038+0000] {processor.py:829} INFO - Processing file /home/airflow/.local/lib/python3.8/site-packages/airflow/example_dags/example_task_group_decorator.py for tasks to queue
[2025-05-04T03:29:34.040+0000] {logging_mixin.py:154} INFO - [2025-05-04T03:29:34.040+0000] {dagbag.py:536} INFO - Filling up the DagBag from /home/airflow/.local/lib/python3.8/site-packages/airflow/example_dags/example_task_group_decorator.py
[2025-05-04T03:29:34.049+0000] {processor.py:839} INFO - DAG(s) dict_keys(['example_task_group_decorator']) retrieved from /home/airflow/.local/lib/python3.8/site-packages/airflow/example_dags/example_task_group_decorator.py
[2025-05-04T03:29:34.069+0000] {logging_mixin.py:154} INFO - [2025-05-04T03:29:34.069+0000] {dag.py:2941} INFO - Sync 1 DAGs
[2025-05-04T03:29:34.079+0000] {logging_mixin.py:154} INFO - [2025-05-04T03:29:34.079+0000] {dag.py:3722} INFO - Setting next_dagrun for example_task_group_decorator to 2025-05-03T03:29:34.079333+00:00, run_after=2025-05-04T03:29:34.079333+00:00
[2025-05-04T03:29:34.090+0000] {processor.py:179} INFO - Processing /home/airflow/.local/lib/python3.8/site-packages/airflow/example_dags/example_task_group_decorator.py took 0.056 seconds
[2025-05-04T03:30:04.344+0000] {processor.py:157} INFO - Started process (PID=223) to work on /home/airflow/.local/lib/python3.8/site-packages/airflow/example_dags/example_task_group_decorator.py
[2025-05-04T03:30:04.345+0000] {processor.py:829} INFO - Processing file /home/airflow/.local/lib/python3.8/site-packages/airflow/example_dags/example_task_group_decorator.py for tasks to queue
[2025-05-04T03:30:04.347+0000] {logging_mixin.py:154} INFO - [2025-05-04T03:30:04.346+0000] {dagbag.py:536} INFO - Filling up the DagBag from /home/airflow/.local/lib/python3.8/site-packages/airflow/example_dags/example_task_group_decorator.py
[2025-05-04T03:30:04.357+0000] {processor.py:839} INFO - DAG(s) dict_keys(['example_task_group_decorator']) retrieved from /home/airflow/.local/lib/python3.8/site-packages/airflow/example_dags/example_task_group_decorator.py
[2025-05-04T03:30:04.370+0000] {logging_mixin.py:154} INFO - [2025-05-04T03:30:04.370+0000] {dag.py:2941} INFO - Sync 1 DAGs
[2025-05-04T03:30:04.386+0000] {logging_mixin.py:154} INFO - [2025-05-04T03:30:04.386+0000] {dag.py:3722} INFO - Setting next_dagrun for example_task_group_decorator to 2025-05-03T03:30:04.386631+00:00, run_after=2025-05-04T03:30:04.386631+00:00
[2025-05-04T03:30:04.402+0000] {processor.py:179} INFO - Processing /home/airflow/.local/lib/python3.8/site-packages/airflow/example_dags/example_task_group_decorator.py took 0.060 seconds
[2025-05-04T03:30:34.661+0000] {processor.py:157} INFO - Started process (PID=285) to work on /home/airflow/.local/lib/python3.8/site-packages/airflow/example_dags/example_task_group_decorator.py
[2025-05-04T03:30:34.662+0000] {processor.py:829} INFO - Processing file /home/airflow/.local/lib/python3.8/site-packages/airflow/example_dags/example_task_group_decorator.py for tasks to queue
[2025-05-04T03:30:34.663+0000] {logging_mixin.py:154} INFO - [2025-05-04T03:30:34.663+0000] {dagbag.py:536} INFO - Filling up the DagBag from /home/airflow/.local/lib/python3.8/site-packages/airflow/example_dags/example_task_group_decorator.py
[2025-05-04T03:30:34.672+0000] {processor.py:839} INFO - DAG(s) dict_keys(['example_task_group_decorator']) retrieved from /home/airflow/.local/lib/python3.8/site-packages/airflow/example_dags/example_task_group_decorator.py
[2025-05-04T03:30:34.688+0000] {logging_mixin.py:154} INFO - [2025-05-04T03:30:34.688+0000] {dag.py:2941} INFO - Sync 1 DAGs
[2025-05-04T03:30:34.710+0000] {logging_mixin.py:154} INFO - [2025-05-04T03:30:34.710+0000] {dag.py:3722} INFO - Setting next_dagrun for example_task_group_decorator to 2025-05-03T03:30:34.710578+00:00, run_after=2025-05-04T03:30:34.710578+00:00
[2025-05-04T03:30:34.728+0000] {processor.py:179} INFO - Processing /home/airflow/.local/lib/python3.8/site-packages/airflow/example_dags/example_task_group_decorator.py took 0.069 seconds
[2025-05-04T03:31:04.916+0000] {processor.py:157} INFO - Started process (PID=341) to work on /home/airflow/.local/lib/python3.8/site-packages/airflow/example_dags/example_task_group_decorator.py
[2025-05-04T03:31:04.917+0000] {processor.py:829} INFO - Processing file /home/airflow/.local/lib/python3.8/site-packages/airflow/example_dags/example_task_group_decorator.py for tasks to queue
[2025-05-04T03:31:04.919+0000] {logging_mixin.py:154} INFO - [2025-05-04T03:31:04.919+0000] {dagbag.py:536} INFO - Filling up the DagBag from /home/airflow/.local/lib/python3.8/site-packages/airflow/example_dags/example_task_group_decorator.py
[2025-05-04T03:31:04.957+0000] {processor.py:839} INFO - DAG(s) dict_keys(['example_task_group_decorator']) retrieved from /home/airflow/.local/lib/python3.8/site-packages/airflow/example_dags/example_task_group_decorator.py
[2025-05-04T03:31:04.977+0000] {logging_mixin.py:154} INFO - [2025-05-04T03:31:04.977+0000] {dag.py:2941} INFO - Sync 1 DAGs
[2025-05-04T03:31:04.995+0000] {logging_mixin.py:154} INFO - [2025-05-04T03:31:04.995+0000] {dag.py:3722} INFO - Setting next_dagrun for example_task_group_decorator to 2025-05-03T03:31:04.995466+00:00, run_after=2025-05-04T03:31:04.995466+00:00
[2025-05-04T03:31:05.007+0000] {processor.py:179} INFO - Processing /home/airflow/.local/lib/python3.8/site-packages/airflow/example_dags/example_task_group_decorator.py took 0.095 seconds
[2025-05-04T03:31:35.957+0000] {processor.py:157} INFO - Started process (PID=396) to work on /home/airflow/.local/lib/python3.8/site-packages/airflow/example_dags/example_task_group_decorator.py
[2025-05-04T03:31:35.959+0000] {processor.py:829} INFO - Processing file /home/airflow/.local/lib/python3.8/site-packages/airflow/example_dags/example_task_group_decorator.py for tasks to queue
[2025-05-04T03:31:35.961+0000] {logging_mixin.py:154} INFO - [2025-05-04T03:31:35.961+0000] {dagbag.py:536} INFO - Filling up the DagBag from /home/airflow/.local/lib/python3.8/site-packages/airflow/example_dags/example_task_group_decorator.py
[2025-05-04T03:31:35.972+0000] {processor.py:839} INFO - DAG(s) dict_keys(['example_task_group_decorator']) retrieved from /home/airflow/.local/lib/python3.8/site-packages/airflow/example_dags/example_task_group_decorator.py
[2025-05-04T03:31:35.989+0000] {logging_mixin.py:154} INFO - [2025-05-04T03:31:35.989+0000] {dag.py:2941} INFO - Sync 1 DAGs
[2025-05-04T03:31:36.001+0000] {logging_mixin.py:154} INFO - [2025-05-04T03:31:36.001+0000] {dag.py:3722} INFO - Setting next_dagrun for example_task_group_decorator to 2025-05-03T03:31:36.001362+00:00, run_after=2025-05-04T03:31:36.001362+00:00
[2025-05-04T03:31:36.014+0000] {processor.py:179} INFO - Processing /home/airflow/.local/lib/python3.8/site-packages/airflow/example_dags/example_task_group_decorator.py took 0.063 seconds
[2025-05-04T03:32:06.092+0000] {processor.py:157} INFO - Started process (PID=451) to work on /home/airflow/.local/lib/python3.8/site-packages/airflow/example_dags/example_task_group_decorator.py
[2025-05-04T03:32:06.094+0000] {processor.py:829} INFO - Processing file /home/airflow/.local/lib/python3.8/site-packages/airflow/example_dags/example_task_group_decorator.py for tasks to queue
[2025-05-04T03:32:06.096+0000] {logging_mixin.py:154} INFO - [2025-05-04T03:32:06.096+0000] {dagbag.py:536} INFO - Filling up the DagBag from /home/airflow/.local/lib/python3.8/site-packages/airflow/example_dags/example_task_group_decorator.py
[2025-05-04T03:32:06.112+0000] {processor.py:839} INFO - DAG(s) dict_keys(['example_task_group_decorator']) retrieved from /home/airflow/.local/lib/python3.8/site-packages/airflow/example_dags/example_task_group_decorator.py
[2025-05-04T03:32:06.132+0000] {logging_mixin.py:154} INFO - [2025-05-04T03:32:06.132+0000] {dag.py:2941} INFO - Sync 1 DAGs
[2025-05-04T03:32:06.144+0000] {logging_mixin.py:154} INFO - [2025-05-04T03:32:06.144+0000] {dag.py:3722} INFO - Setting next_dagrun for example_task_group_decorator to 2025-05-03T03:32:06.144528+00:00, run_after=2025-05-04T03:32:06.144528+00:00
[2025-05-04T03:32:06.157+0000] {processor.py:179} INFO - Processing /home/airflow/.local/lib/python3.8/site-packages/airflow/example_dags/example_task_group_decorator.py took 0.068 seconds
[2025-05-04T03:32:36.229+0000] {processor.py:157} INFO - Started process (PID=506) to work on /home/airflow/.local/lib/python3.8/site-packages/airflow/example_dags/example_task_group_decorator.py
[2025-05-04T03:32:36.230+0000] {processor.py:829} INFO - Processing file /home/airflow/.local/lib/python3.8/site-packages/airflow/example_dags/example_task_group_decorator.py for tasks to queue
[2025-05-04T03:32:36.231+0000] {logging_mixin.py:154} INFO - [2025-05-04T03:32:36.231+0000] {dagbag.py:536} INFO - Filling up the DagBag from /home/airflow/.local/lib/python3.8/site-packages/airflow/example_dags/example_task_group_decorator.py
[2025-05-04T03:32:36.237+0000] {processor.py:839} INFO - DAG(s) dict_keys(['example_task_group_decorator']) retrieved from /home/airflow/.local/lib/python3.8/site-packages/airflow/example_dags/example_task_group_decorator.py
[2025-05-04T03:32:36.248+0000] {logging_mixin.py:154} INFO - [2025-05-04T03:32:36.248+0000] {dag.py:2941} INFO - Sync 1 DAGs
[2025-05-04T03:32:36.260+0000] {logging_mixin.py:154} INFO - [2025-05-04T03:32:36.260+0000] {dag.py:3722} INFO - Setting next_dagrun for example_task_group_decorator to 2025-05-03T03:32:36.259919+00:00, run_after=2025-05-04T03:32:36.259919+00:00
[2025-05-04T03:32:36.268+0000] {processor.py:179} INFO - Processing /home/airflow/.local/lib/python3.8/site-packages/airflow/example_dags/example_task_group_decorator.py took 0.040 seconds
[2025-05-04T03:33:06.460+0000] {processor.py:157} INFO - Started process (PID=561) to work on /home/airflow/.local/lib/python3.8/site-packages/airflow/example_dags/example_task_group_decorator.py
[2025-05-04T03:33:06.460+0000] {processor.py:829} INFO - Processing file /home/airflow/.local/lib/python3.8/site-packages/airflow/example_dags/example_task_group_decorator.py for tasks to queue
[2025-05-04T03:33:06.462+0000] {logging_mixin.py:154} INFO - [2025-05-04T03:33:06.462+0000] {dagbag.py:536} INFO - Filling up the DagBag from /home/airflow/.local/lib/python3.8/site-packages/airflow/example_dags/example_task_group_decorator.py
[2025-05-04T03:33:06.473+0000] {processor.py:839} INFO - DAG(s) dict_keys(['example_task_group_decorator']) retrieved from /home/airflow/.local/lib/python3.8/site-packages/airflow/example_dags/example_task_group_decorator.py
[2025-05-04T03:33:06.491+0000] {logging_mixin.py:154} INFO - [2025-05-04T03:33:06.489+0000] {dag.py:2941} INFO - Sync 1 DAGs
[2025-05-04T03:33:06.510+0000] {logging_mixin.py:154} INFO - [2025-05-04T03:33:06.510+0000] {dag.py:3722} INFO - Setting next_dagrun for example_task_group_decorator to 2025-05-03T03:33:06.510271+00:00, run_after=2025-05-04T03:33:06.510271+00:00
[2025-05-04T03:33:06.521+0000] {processor.py:179} INFO - Processing /home/airflow/.local/lib/python3.8/site-packages/airflow/example_dags/example_task_group_decorator.py took 0.063 seconds
[2025-05-04T03:33:36.662+0000] {processor.py:157} INFO - Started process (PID=616) to work on /home/airflow/.local/lib/python3.8/site-packages/airflow/example_dags/example_task_group_decorator.py
[2025-05-04T03:33:36.663+0000] {processor.py:829} INFO - Processing file /home/airflow/.local/lib/python3.8/site-packages/airflow/example_dags/example_task_group_decorator.py for tasks to queue
[2025-05-04T03:33:36.665+0000] {logging_mixin.py:154} INFO - [2025-05-04T03:33:36.665+0000] {dagbag.py:536} INFO - Filling up the DagBag from /home/airflow/.local/lib/python3.8/site-packages/airflow/example_dags/example_task_group_decorator.py
[2025-05-04T03:33:36.673+0000] {processor.py:839} INFO - DAG(s) dict_keys(['example_task_group_decorator']) retrieved from /home/airflow/.local/lib/python3.8/site-packages/airflow/example_dags/example_task_group_decorator.py
[2025-05-04T03:33:36.690+0000] {logging_mixin.py:154} INFO - [2025-05-04T03:33:36.690+0000] {dag.py:2941} INFO - Sync 1 DAGs
[2025-05-04T03:33:36.708+0000] {logging_mixin.py:154} INFO - [2025-05-04T03:33:36.708+0000] {dag.py:3722} INFO - Setting next_dagrun for example_task_group_decorator to 2025-05-03T03:33:36.708283+00:00, run_after=2025-05-04T03:33:36.708283+00:00
[2025-05-04T03:33:36.716+0000] {processor.py:179} INFO - Processing /home/airflow/.local/lib/python3.8/site-packages/airflow/example_dags/example_task_group_decorator.py took 0.057 seconds
[2025-05-04T03:34:07.501+0000] {processor.py:157} INFO - Started process (PID=671) to work on /home/airflow/.local/lib/python3.8/site-packages/airflow/example_dags/example_task_group_decorator.py
[2025-05-04T03:34:07.501+0000] {processor.py:829} INFO - Processing file /home/airflow/.local/lib/python3.8/site-packages/airflow/example_dags/example_task_group_decorator.py for tasks to queue
[2025-05-04T03:34:07.503+0000] {logging_mixin.py:154} INFO - [2025-05-04T03:34:07.503+0000] {dagbag.py:536} INFO - Filling up the DagBag from /home/airflow/.local/lib/python3.8/site-packages/airflow/example_dags/example_task_group_decorator.py
[2025-05-04T03:34:07.513+0000] {processor.py:839} INFO - DAG(s) dict_keys(['example_task_group_decorator']) retrieved from /home/airflow/.local/lib/python3.8/site-packages/airflow/example_dags/example_task_group_decorator.py
[2025-05-04T03:34:07.529+0000] {logging_mixin.py:154} INFO - [2025-05-04T03:34:07.529+0000] {dag.py:2941} INFO - Sync 1 DAGs
[2025-05-04T03:34:07.543+0000] {logging_mixin.py:154} INFO - [2025-05-04T03:34:07.543+0000] {dag.py:3722} INFO - Setting next_dagrun for example_task_group_decorator to 2025-05-03T03:34:07.543043+00:00, run_after=2025-05-04T03:34:07.543043+00:00
[2025-05-04T03:34:07.551+0000] {processor.py:179} INFO - Processing /home/airflow/.local/lib/python3.8/site-packages/airflow/example_dags/example_task_group_decorator.py took 0.052 seconds
[2025-05-04T03:34:38.539+0000] {processor.py:157} INFO - Started process (PID=726) to work on /home/airflow/.local/lib/python3.8/site-packages/airflow/example_dags/example_task_group_decorator.py
[2025-05-04T03:34:38.540+0000] {processor.py:829} INFO - Processing file /home/airflow/.local/lib/python3.8/site-packages/airflow/example_dags/example_task_group_decorator.py for tasks to queue
[2025-05-04T03:34:38.542+0000] {logging_mixin.py:154} INFO - [2025-05-04T03:34:38.542+0000] {dagbag.py:536} INFO - Filling up the DagBag from /home/airflow/.local/lib/python3.8/site-packages/airflow/example_dags/example_task_group_decorator.py
[2025-05-04T03:34:38.555+0000] {processor.py:839} INFO - DAG(s) dict_keys(['example_task_group_decorator']) retrieved from /home/airflow/.local/lib/python3.8/site-packages/airflow/example_dags/example_task_group_decorator.py
[2025-05-04T03:34:38.568+0000] {logging_mixin.py:154} INFO - [2025-05-04T03:34:38.568+0000] {dag.py:2941} INFO - Sync 1 DAGs
[2025-05-04T03:34:38.579+0000] {logging_mixin.py:154} INFO - [2025-05-04T03:34:38.579+0000] {dag.py:3722} INFO - Setting next_dagrun for example_task_group_decorator to 2025-05-03T03:34:38.579329+00:00, run_after=2025-05-04T03:34:38.579329+00:00
[2025-05-04T03:34:38.589+0000] {processor.py:179} INFO - Processing /home/airflow/.local/lib/python3.8/site-packages/airflow/example_dags/example_task_group_decorator.py took 0.052 seconds
[2025-05-04T03:35:09.419+0000] {processor.py:157} INFO - Started process (PID=781) to work on /home/airflow/.local/lib/python3.8/site-packages/airflow/example_dags/example_task_group_decorator.py
[2025-05-04T03:35:09.419+0000] {processor.py:829} INFO - Processing file /home/airflow/.local/lib/python3.8/site-packages/airflow/example_dags/example_task_group_decorator.py for tasks to queue
[2025-05-04T03:35:09.422+0000] {logging_mixin.py:154} INFO - [2025-05-04T03:35:09.421+0000] {dagbag.py:536} INFO - Filling up the DagBag from /home/airflow/.local/lib/python3.8/site-packages/airflow/example_dags/example_task_group_decorator.py
[2025-05-04T03:35:09.433+0000] {processor.py:839} INFO - DAG(s) dict_keys(['example_task_group_decorator']) retrieved from /home/airflow/.local/lib/python3.8/site-packages/airflow/example_dags/example_task_group_decorator.py
[2025-05-04T03:35:09.451+0000] {logging_mixin.py:154} INFO - [2025-05-04T03:35:09.451+0000] {dag.py:2941} INFO - Sync 1 DAGs
[2025-05-04T03:35:09.463+0000] {logging_mixin.py:154} INFO - [2025-05-04T03:35:09.463+0000] {dag.py:3722} INFO - Setting next_dagrun for example_task_group_decorator to 2025-05-03T03:35:09.462944+00:00, run_after=2025-05-04T03:35:09.462944+00:00
[2025-05-04T03:35:09.472+0000] {processor.py:179} INFO - Processing /home/airflow/.local/lib/python3.8/site-packages/airflow/example_dags/example_task_group_decorator.py took 0.056 seconds
