[2025-05-04T03:28:33.580+0000] {processor.py:157} INFO - Started process (PID=74) to work on /home/airflow/.local/lib/python3.8/site-packages/airflow/example_dags/example_dag_decorator.py
[2025-05-04T03:28:33.584+0000] {processor.py:829} INFO - Processing file /home/airflow/.local/lib/python3.8/site-packages/airflow/example_dags/example_dag_decorator.py for tasks to queue
[2025-05-04T03:28:33.588+0000] {logging_mixin.py:154} INFO - [2025-05-04T03:28:33.587+0000] {dagbag.py:536} INFO - Filling up the DagBag from /home/airflow/.local/lib/python3.8/site-packages/airflow/example_dags/example_dag_decorator.py
[2025-05-04T03:28:33.705+0000] {processor.py:839} INFO - DAG(s) dict_keys(['example_dag_decorator']) retrieved from /home/airflow/.local/lib/python3.8/site-packages/airflow/example_dags/example_dag_decorator.py
[2025-05-04T03:28:33.744+0000] {logging_mixin.py:154} INFO - [2025-05-04T03:28:33.744+0000] {dag.py:2941} INFO - Sync 1 DAGs
[2025-05-04T03:28:33.765+0000] {logging_mixin.py:154} INFO - [2025-05-04T03:28:33.765+0000] {dag.py:3722} INFO - Setting next_dagrun for example_dag_decorator to None, run_after=None
[2025-05-04T03:28:33.785+0000] {processor.py:179} INFO - Processing /home/airflow/.local/lib/python3.8/site-packages/airflow/example_dags/example_dag_decorator.py took 0.213 seconds
[2025-05-04T03:29:04.620+0000] {processor.py:157} INFO - Started process (PID=136) to work on /home/airflow/.local/lib/python3.8/site-packages/airflow/example_dags/example_dag_decorator.py
[2025-05-04T03:29:04.621+0000] {processor.py:829} INFO - Processing file /home/airflow/.local/lib/python3.8/site-packages/airflow/example_dags/example_dag_decorator.py for tasks to queue
[2025-05-04T03:29:04.625+0000] {logging_mixin.py:154} INFO - [2025-05-04T03:29:04.624+0000] {dagbag.py:536} INFO - Filling up the DagBag from /home/airflow/.local/lib/python3.8/site-packages/airflow/example_dags/example_dag_decorator.py
[2025-05-04T03:29:04.692+0000] {processor.py:839} INFO - DAG(s) dict_keys(['example_dag_decorator']) retrieved from /home/airflow/.local/lib/python3.8/site-packages/airflow/example_dags/example_dag_decorator.py
[2025-05-04T03:29:04.805+0000] {logging_mixin.py:154} INFO - [2025-05-04T03:29:04.805+0000] {dag.py:2941} INFO - Sync 1 DAGs
[2025-05-04T03:29:04.949+0000] {logging_mixin.py:154} INFO - [2025-05-04T03:29:04.949+0000] {dag.py:3722} INFO - Setting next_dagrun for example_dag_decorator to None, run_after=None
[2025-05-04T03:29:04.961+0000] {processor.py:179} INFO - Processing /home/airflow/.local/lib/python3.8/site-packages/airflow/example_dags/example_dag_decorator.py took 0.343 seconds
[2025-05-04T03:29:35.591+0000] {processor.py:157} INFO - Started process (PID=191) to work on /home/airflow/.local/lib/python3.8/site-packages/airflow/example_dags/example_dag_decorator.py
[2025-05-04T03:29:35.592+0000] {processor.py:829} INFO - Processing file /home/airflow/.local/lib/python3.8/site-packages/airflow/example_dags/example_dag_decorator.py for tasks to queue
[2025-05-04T03:29:35.595+0000] {logging_mixin.py:154} INFO - [2025-05-04T03:29:35.594+0000] {dagbag.py:536} INFO - Filling up the DagBag from /home/airflow/.local/lib/python3.8/site-packages/airflow/example_dags/example_dag_decorator.py
[2025-05-04T03:29:35.661+0000] {processor.py:839} INFO - DAG(s) dict_keys(['example_dag_decorator']) retrieved from /home/airflow/.local/lib/python3.8/site-packages/airflow/example_dags/example_dag_decorator.py
[2025-05-04T03:29:35.804+0000] {logging_mixin.py:154} INFO - [2025-05-04T03:29:35.803+0000] {dag.py:2941} INFO - Sync 1 DAGs
[2025-05-04T03:29:35.812+0000] {logging_mixin.py:154} INFO - [2025-05-04T03:29:35.811+0000] {dag.py:3722} INFO - Setting next_dagrun for example_dag_decorator to None, run_after=None
[2025-05-04T03:29:35.825+0000] {processor.py:179} INFO - Processing /home/airflow/.local/lib/python3.8/site-packages/airflow/example_dags/example_dag_decorator.py took 0.237 seconds
[2025-05-04T03:30:05.898+0000] {processor.py:157} INFO - Started process (PID=246) to work on /home/airflow/.local/lib/python3.8/site-packages/airflow/example_dags/example_dag_decorator.py
[2025-05-04T03:30:05.899+0000] {processor.py:829} INFO - Processing file /home/airflow/.local/lib/python3.8/site-packages/airflow/example_dags/example_dag_decorator.py for tasks to queue
[2025-05-04T03:30:05.903+0000] {logging_mixin.py:154} INFO - [2025-05-04T03:30:05.903+0000] {dagbag.py:536} INFO - Filling up the DagBag from /home/airflow/.local/lib/python3.8/site-packages/airflow/example_dags/example_dag_decorator.py
[2025-05-04T03:30:06.256+0000] {processor.py:839} INFO - DAG(s) dict_keys(['example_dag_decorator']) retrieved from /home/airflow/.local/lib/python3.8/site-packages/airflow/example_dags/example_dag_decorator.py
[2025-05-04T03:30:06.489+0000] {logging_mixin.py:154} INFO - [2025-05-04T03:30:06.489+0000] {dag.py:2941} INFO - Sync 1 DAGs
[2025-05-04T03:30:06.494+0000] {logging_mixin.py:154} INFO - [2025-05-04T03:30:06.493+0000] {dag.py:3722} INFO - Setting next_dagrun for example_dag_decorator to None, run_after=None
[2025-05-04T03:30:06.507+0000] {processor.py:179} INFO - Processing /home/airflow/.local/lib/python3.8/site-packages/airflow/example_dags/example_dag_decorator.py took 0.613 seconds
[2025-05-04T03:30:37.287+0000] {processor.py:157} INFO - Started process (PID=301) to work on /home/airflow/.local/lib/python3.8/site-packages/airflow/example_dags/example_dag_decorator.py
[2025-05-04T03:30:37.288+0000] {processor.py:829} INFO - Processing file /home/airflow/.local/lib/python3.8/site-packages/airflow/example_dags/example_dag_decorator.py for tasks to queue
[2025-05-04T03:30:37.289+0000] {logging_mixin.py:154} INFO - [2025-05-04T03:30:37.289+0000] {dagbag.py:536} INFO - Filling up the DagBag from /home/airflow/.local/lib/python3.8/site-packages/airflow/example_dags/example_dag_decorator.py
[2025-05-04T03:30:37.336+0000] {processor.py:839} INFO - DAG(s) dict_keys(['example_dag_decorator']) retrieved from /home/airflow/.local/lib/python3.8/site-packages/airflow/example_dags/example_dag_decorator.py
[2025-05-04T03:30:37.523+0000] {logging_mixin.py:154} INFO - [2025-05-04T03:30:37.523+0000] {dag.py:2941} INFO - Sync 1 DAGs
[2025-05-04T03:30:37.529+0000] {logging_mixin.py:154} INFO - [2025-05-04T03:30:37.529+0000] {dag.py:3722} INFO - Setting next_dagrun for example_dag_decorator to None, run_after=None
[2025-05-04T03:30:37.542+0000] {processor.py:179} INFO - Processing /home/airflow/.local/lib/python3.8/site-packages/airflow/example_dags/example_dag_decorator.py took 0.258 seconds
[2025-05-04T03:31:07.573+0000] {processor.py:157} INFO - Started process (PID=360) to work on /home/airflow/.local/lib/python3.8/site-packages/airflow/example_dags/example_dag_decorator.py
[2025-05-04T03:31:07.573+0000] {processor.py:829} INFO - Processing file /home/airflow/.local/lib/python3.8/site-packages/airflow/example_dags/example_dag_decorator.py for tasks to queue
[2025-05-04T03:31:07.574+0000] {logging_mixin.py:154} INFO - [2025-05-04T03:31:07.574+0000] {dagbag.py:536} INFO - Filling up the DagBag from /home/airflow/.local/lib/python3.8/site-packages/airflow/example_dags/example_dag_decorator.py
[2025-05-04T03:31:07.612+0000] {processor.py:839} INFO - DAG(s) dict_keys(['example_dag_decorator']) retrieved from /home/airflow/.local/lib/python3.8/site-packages/airflow/example_dags/example_dag_decorator.py
[2025-05-04T03:31:07.673+0000] {logging_mixin.py:154} INFO - [2025-05-04T03:31:07.673+0000] {dag.py:2941} INFO - Sync 1 DAGs
[2025-05-04T03:31:07.818+0000] {logging_mixin.py:154} INFO - [2025-05-04T03:31:07.818+0000] {dag.py:3722} INFO - Setting next_dagrun for example_dag_decorator to None, run_after=None
[2025-05-04T03:31:07.828+0000] {processor.py:179} INFO - Processing /home/airflow/.local/lib/python3.8/site-packages/airflow/example_dags/example_dag_decorator.py took 0.256 seconds
[2025-05-04T03:31:38.763+0000] {processor.py:157} INFO - Started process (PID=417) to work on /home/airflow/.local/lib/python3.8/site-packages/airflow/example_dags/example_dag_decorator.py
[2025-05-04T03:31:38.764+0000] {processor.py:829} INFO - Processing file /home/airflow/.local/lib/python3.8/site-packages/airflow/example_dags/example_dag_decorator.py for tasks to queue
[2025-05-04T03:31:38.767+0000] {logging_mixin.py:154} INFO - [2025-05-04T03:31:38.767+0000] {dagbag.py:536} INFO - Filling up the DagBag from /home/airflow/.local/lib/python3.8/site-packages/airflow/example_dags/example_dag_decorator.py
[2025-05-04T03:31:38.833+0000] {processor.py:839} INFO - DAG(s) dict_keys(['example_dag_decorator']) retrieved from /home/airflow/.local/lib/python3.8/site-packages/airflow/example_dags/example_dag_decorator.py
[2025-05-04T03:31:38.992+0000] {logging_mixin.py:154} INFO - [2025-05-04T03:31:38.992+0000] {dag.py:2941} INFO - Sync 1 DAGs
[2025-05-04T03:31:38.997+0000] {logging_mixin.py:154} INFO - [2025-05-04T03:31:38.996+0000] {dag.py:3722} INFO - Setting next_dagrun for example_dag_decorator to None, run_after=None
[2025-05-04T03:31:39.008+0000] {processor.py:179} INFO - Processing /home/airflow/.local/lib/python3.8/site-packages/airflow/example_dags/example_dag_decorator.py took 0.249 seconds
[2025-05-04T03:32:09.085+0000] {processor.py:157} INFO - Started process (PID=476) to work on /home/airflow/.local/lib/python3.8/site-packages/airflow/example_dags/example_dag_decorator.py
[2025-05-04T03:32:09.087+0000] {processor.py:829} INFO - Processing file /home/airflow/.local/lib/python3.8/site-packages/airflow/example_dags/example_dag_decorator.py for tasks to queue
[2025-05-04T03:32:09.088+0000] {logging_mixin.py:154} INFO - [2025-05-04T03:32:09.088+0000] {dagbag.py:536} INFO - Filling up the DagBag from /home/airflow/.local/lib/python3.8/site-packages/airflow/example_dags/example_dag_decorator.py
[2025-05-04T03:32:09.142+0000] {processor.py:839} INFO - DAG(s) dict_keys(['example_dag_decorator']) retrieved from /home/airflow/.local/lib/python3.8/site-packages/airflow/example_dags/example_dag_decorator.py
[2025-05-04T03:32:09.339+0000] {logging_mixin.py:154} INFO - [2025-05-04T03:32:09.339+0000] {dag.py:2941} INFO - Sync 1 DAGs
[2025-05-04T03:32:09.343+0000] {logging_mixin.py:154} INFO - [2025-05-04T03:32:09.343+0000] {dag.py:3722} INFO - Setting next_dagrun for example_dag_decorator to None, run_after=None
[2025-05-04T03:32:09.351+0000] {processor.py:179} INFO - Processing /home/airflow/.local/lib/python3.8/site-packages/airflow/example_dags/example_dag_decorator.py took 0.269 seconds
[2025-05-04T03:32:40.043+0000] {processor.py:157} INFO - Started process (PID=530) to work on /home/airflow/.local/lib/python3.8/site-packages/airflow/example_dags/example_dag_decorator.py
[2025-05-04T03:32:40.044+0000] {processor.py:829} INFO - Processing file /home/airflow/.local/lib/python3.8/site-packages/airflow/example_dags/example_dag_decorator.py for tasks to queue
[2025-05-04T03:32:40.048+0000] {logging_mixin.py:154} INFO - [2025-05-04T03:32:40.047+0000] {dagbag.py:536} INFO - Filling up the DagBag from /home/airflow/.local/lib/python3.8/site-packages/airflow/example_dags/example_dag_decorator.py
[2025-05-04T03:32:40.111+0000] {processor.py:839} INFO - DAG(s) dict_keys(['example_dag_decorator']) retrieved from /home/airflow/.local/lib/python3.8/site-packages/airflow/example_dags/example_dag_decorator.py
[2025-05-04T03:32:40.370+0000] {logging_mixin.py:154} INFO - [2025-05-04T03:32:40.370+0000] {dag.py:2941} INFO - Sync 1 DAGs
[2025-05-04T03:32:40.379+0000] {logging_mixin.py:154} INFO - [2025-05-04T03:32:40.379+0000] {dag.py:3722} INFO - Setting next_dagrun for example_dag_decorator to None, run_after=None
[2025-05-04T03:32:40.393+0000] {processor.py:179} INFO - Processing /home/airflow/.local/lib/python3.8/site-packages/airflow/example_dags/example_dag_decorator.py took 0.354 seconds
[2025-05-04T03:33:10.421+0000] {processor.py:157} INFO - Started process (PID=586) to work on /home/airflow/.local/lib/python3.8/site-packages/airflow/example_dags/example_dag_decorator.py
[2025-05-04T03:33:10.421+0000] {processor.py:829} INFO - Processing file /home/airflow/.local/lib/python3.8/site-packages/airflow/example_dags/example_dag_decorator.py for tasks to queue
[2025-05-04T03:33:10.422+0000] {logging_mixin.py:154} INFO - [2025-05-04T03:33:10.422+0000] {dagbag.py:536} INFO - Filling up the DagBag from /home/airflow/.local/lib/python3.8/site-packages/airflow/example_dags/example_dag_decorator.py
[2025-05-04T03:33:10.462+0000] {processor.py:839} INFO - DAG(s) dict_keys(['example_dag_decorator']) retrieved from /home/airflow/.local/lib/python3.8/site-packages/airflow/example_dags/example_dag_decorator.py
[2025-05-04T03:33:10.639+0000] {logging_mixin.py:154} INFO - [2025-05-04T03:33:10.639+0000] {dag.py:2941} INFO - Sync 1 DAGs
[2025-05-04T03:33:10.644+0000] {logging_mixin.py:154} INFO - [2025-05-04T03:33:10.644+0000] {dag.py:3722} INFO - Setting next_dagrun for example_dag_decorator to None, run_after=None
[2025-05-04T03:33:10.653+0000] {processor.py:179} INFO - Processing /home/airflow/.local/lib/python3.8/site-packages/airflow/example_dags/example_dag_decorator.py took 0.233 seconds
[2025-05-04T03:33:41.487+0000] {processor.py:157} INFO - Started process (PID=641) to work on /home/airflow/.local/lib/python3.8/site-packages/airflow/example_dags/example_dag_decorator.py
[2025-05-04T03:33:41.488+0000] {processor.py:829} INFO - Processing file /home/airflow/.local/lib/python3.8/site-packages/airflow/example_dags/example_dag_decorator.py for tasks to queue
[2025-05-04T03:33:41.490+0000] {logging_mixin.py:154} INFO - [2025-05-04T03:33:41.489+0000] {dagbag.py:536} INFO - Filling up the DagBag from /home/airflow/.local/lib/python3.8/site-packages/airflow/example_dags/example_dag_decorator.py
[2025-05-04T03:33:41.534+0000] {processor.py:839} INFO - DAG(s) dict_keys(['example_dag_decorator']) retrieved from /home/airflow/.local/lib/python3.8/site-packages/airflow/example_dags/example_dag_decorator.py
[2025-05-04T03:33:41.706+0000] {logging_mixin.py:154} INFO - [2025-05-04T03:33:41.706+0000] {dag.py:2941} INFO - Sync 1 DAGs
[2025-05-04T03:33:41.711+0000] {logging_mixin.py:154} INFO - [2025-05-04T03:33:41.711+0000] {dag.py:3722} INFO - Setting next_dagrun for example_dag_decorator to None, run_after=None
[2025-05-04T03:33:41.719+0000] {processor.py:179} INFO - Processing /home/airflow/.local/lib/python3.8/site-packages/airflow/example_dags/example_dag_decorator.py took 0.233 seconds
[2025-05-04T03:34:12.299+0000] {processor.py:157} INFO - Started process (PID=696) to work on /home/airflow/.local/lib/python3.8/site-packages/airflow/example_dags/example_dag_decorator.py
[2025-05-04T03:34:12.300+0000] {processor.py:829} INFO - Processing file /home/airflow/.local/lib/python3.8/site-packages/airflow/example_dags/example_dag_decorator.py for tasks to queue
[2025-05-04T03:34:12.302+0000] {logging_mixin.py:154} INFO - [2025-05-04T03:34:12.302+0000] {dagbag.py:536} INFO - Filling up the DagBag from /home/airflow/.local/lib/python3.8/site-packages/airflow/example_dags/example_dag_decorator.py
[2025-05-04T03:34:12.349+0000] {processor.py:839} INFO - DAG(s) dict_keys(['example_dag_decorator']) retrieved from /home/airflow/.local/lib/python3.8/site-packages/airflow/example_dags/example_dag_decorator.py
[2025-05-04T03:34:12.572+0000] {logging_mixin.py:154} INFO - [2025-05-04T03:34:12.572+0000] {dag.py:2941} INFO - Sync 1 DAGs
[2025-05-04T03:34:12.577+0000] {logging_mixin.py:154} INFO - [2025-05-04T03:34:12.577+0000] {dag.py:3722} INFO - Setting next_dagrun for example_dag_decorator to None, run_after=None
[2025-05-04T03:34:12.589+0000] {processor.py:179} INFO - Processing /home/airflow/.local/lib/python3.8/site-packages/airflow/example_dags/example_dag_decorator.py took 0.292 seconds
[2025-05-04T03:34:43.275+0000] {processor.py:157} INFO - Started process (PID=751) to work on /home/airflow/.local/lib/python3.8/site-packages/airflow/example_dags/example_dag_decorator.py
[2025-05-04T03:34:43.276+0000] {processor.py:829} INFO - Processing file /home/airflow/.local/lib/python3.8/site-packages/airflow/example_dags/example_dag_decorator.py for tasks to queue
[2025-05-04T03:34:43.279+0000] {logging_mixin.py:154} INFO - [2025-05-04T03:34:43.279+0000] {dagbag.py:536} INFO - Filling up the DagBag from /home/airflow/.local/lib/python3.8/site-packages/airflow/example_dags/example_dag_decorator.py
[2025-05-04T03:34:43.329+0000] {processor.py:839} INFO - DAG(s) dict_keys(['example_dag_decorator']) retrieved from /home/airflow/.local/lib/python3.8/site-packages/airflow/example_dags/example_dag_decorator.py
[2025-05-04T03:34:43.507+0000] {logging_mixin.py:154} INFO - [2025-05-04T03:34:43.507+0000] {dag.py:2941} INFO - Sync 1 DAGs
[2025-05-04T03:34:43.512+0000] {logging_mixin.py:154} INFO - [2025-05-04T03:34:43.512+0000] {dag.py:3722} INFO - Setting next_dagrun for example_dag_decorator to None, run_after=None
[2025-05-04T03:34:43.519+0000] {processor.py:179} INFO - Processing /home/airflow/.local/lib/python3.8/site-packages/airflow/example_dags/example_dag_decorator.py took 0.246 seconds
[2025-05-04T03:35:14.283+0000] {processor.py:157} INFO - Started process (PID=806) to work on /home/airflow/.local/lib/python3.8/site-packages/airflow/example_dags/example_dag_decorator.py
[2025-05-04T03:35:14.284+0000] {processor.py:829} INFO - Processing file /home/airflow/.local/lib/python3.8/site-packages/airflow/example_dags/example_dag_decorator.py for tasks to queue
[2025-05-04T03:35:14.285+0000] {logging_mixin.py:154} INFO - [2025-05-04T03:35:14.285+0000] {dagbag.py:536} INFO - Filling up the DagBag from /home/airflow/.local/lib/python3.8/site-packages/airflow/example_dags/example_dag_decorator.py
[2025-05-04T03:35:14.334+0000] {processor.py:839} INFO - DAG(s) dict_keys(['example_dag_decorator']) retrieved from /home/airflow/.local/lib/python3.8/site-packages/airflow/example_dags/example_dag_decorator.py
[2025-05-04T03:35:14.539+0000] {logging_mixin.py:154} INFO - [2025-05-04T03:35:14.539+0000] {dag.py:2941} INFO - Sync 1 DAGs
[2025-05-04T03:35:14.544+0000] {logging_mixin.py:154} INFO - [2025-05-04T03:35:14.544+0000] {dag.py:3722} INFO - Setting next_dagrun for example_dag_decorator to None, run_after=None
[2025-05-04T03:35:14.552+0000] {processor.py:179} INFO - Processing /home/airflow/.local/lib/python3.8/site-packages/airflow/example_dags/example_dag_decorator.py took 0.270 seconds
