[2025-05-04T03:28:33.745+0000] {processor.py:157} INFO - Started process (PID=76) to work on /home/airflow/.local/lib/python3.8/site-packages/airflow/example_dags/example_branch_datetime_operator.py
[2025-05-04T03:28:33.748+0000] {processor.py:829} INFO - Processing file /home/airflow/.local/lib/python3.8/site-packages/airflow/example_dags/example_branch_datetime_operator.py for tasks to queue
[2025-05-04T03:28:33.752+0000] {logging_mixin.py:154} INFO - [2025-05-04T03:28:33.751+0000] {dagbag.py:536} INFO - Filling up the DagBag from /home/airflow/.local/lib/python3.8/site-packages/airflow/example_dags/example_branch_datetime_operator.py
[2025-05-04T03:28:33.768+0000] {processor.py:839} INFO - DAG(s) dict_keys(['example_branch_datetime_operator_2', 'example_branch_datetime_operator', 'example_branch_datetime_operator_3']) retrieved from /home/airflow/.local/lib/python3.8/site-packages/airflow/example_dags/example_branch_datetime_operator.py
[2025-05-04T03:28:33.784+0000] {logging_mixin.py:154} INFO - [2025-05-04T03:28:33.783+0000] {dag.py:2941} INFO - Sync 3 DAGs
[2025-05-04T03:28:33.804+0000] {logging_mixin.py:154} INFO - [2025-05-04T03:28:33.804+0000] {dag.py:3722} INFO - Setting next_dagrun for example_branch_datetime_operator to 2025-05-03T00:00:00+00:00, run_after=2025-05-04T00:00:00+00:00
[2025-05-04T03:28:33.814+0000] {logging_mixin.py:154} INFO - [2025-05-04T03:28:33.814+0000] {dag.py:3722} INFO - Setting next_dagrun for example_branch_datetime_operator_2 to 2025-05-03T00:00:00+00:00, run_after=2025-05-04T00:00:00+00:00
[2025-05-04T03:28:33.818+0000] {logging_mixin.py:154} INFO - [2025-05-04T03:28:33.818+0000] {dag.py:3722} INFO - Setting next_dagrun for example_branch_datetime_operator_3 to 2025-05-03T00:00:00+00:00, run_after=2025-05-04T00:00:00+00:00
[2025-05-04T03:28:33.840+0000] {processor.py:179} INFO - Processing /home/airflow/.local/lib/python3.8/site-packages/airflow/example_dags/example_branch_datetime_operator.py took 0.107 seconds
[2025-05-04T03:29:04.747+0000] {processor.py:157} INFO - Started process (PID=138) to work on /home/airflow/.local/lib/python3.8/site-packages/airflow/example_dags/example_branch_datetime_operator.py
[2025-05-04T03:29:04.747+0000] {processor.py:829} INFO - Processing file /home/airflow/.local/lib/python3.8/site-packages/airflow/example_dags/example_branch_datetime_operator.py for tasks to queue
[2025-05-04T03:29:04.748+0000] {logging_mixin.py:154} INFO - [2025-05-04T03:29:04.748+0000] {dagbag.py:536} INFO - Filling up the DagBag from /home/airflow/.local/lib/python3.8/site-packages/airflow/example_dags/example_branch_datetime_operator.py
[2025-05-04T03:29:04.754+0000] {processor.py:839} INFO - DAG(s) dict_keys(['example_branch_datetime_operator_2', 'example_branch_datetime_operator', 'example_branch_datetime_operator_3']) retrieved from /home/airflow/.local/lib/python3.8/site-packages/airflow/example_dags/example_branch_datetime_operator.py
[2025-05-04T03:29:04.769+0000] {logging_mixin.py:154} INFO - [2025-05-04T03:29:04.769+0000] {dag.py:2941} INFO - Sync 3 DAGs
[2025-05-04T03:29:04.782+0000] {logging_mixin.py:154} INFO - [2025-05-04T03:29:04.781+0000] {dag.py:3722} INFO - Setting next_dagrun for example_branch_datetime_operator to 2025-05-03T00:00:00+00:00, run_after=2025-05-04T00:00:00+00:00
[2025-05-04T03:29:04.784+0000] {logging_mixin.py:154} INFO - [2025-05-04T03:29:04.784+0000] {dag.py:3722} INFO - Setting next_dagrun for example_branch_datetime_operator_2 to 2025-05-03T00:00:00+00:00, run_after=2025-05-04T00:00:00+00:00
[2025-05-04T03:29:04.785+0000] {logging_mixin.py:154} INFO - [2025-05-04T03:29:04.785+0000] {dag.py:3722} INFO - Setting next_dagrun for example_branch_datetime_operator_3 to 2025-05-03T00:00:00+00:00, run_after=2025-05-04T00:00:00+00:00
[2025-05-04T03:29:04.792+0000] {processor.py:179} INFO - Processing /home/airflow/.local/lib/python3.8/site-packages/airflow/example_dags/example_branch_datetime_operator.py took 0.047 seconds
[2025-05-04T03:29:35.794+0000] {processor.py:157} INFO - Started process (PID=193) to work on /home/airflow/.local/lib/python3.8/site-packages/airflow/example_dags/example_branch_datetime_operator.py
[2025-05-04T03:29:35.795+0000] {processor.py:829} INFO - Processing file /home/airflow/.local/lib/python3.8/site-packages/airflow/example_dags/example_branch_datetime_operator.py for tasks to queue
[2025-05-04T03:29:35.796+0000] {logging_mixin.py:154} INFO - [2025-05-04T03:29:35.796+0000] {dagbag.py:536} INFO - Filling up the DagBag from /home/airflow/.local/lib/python3.8/site-packages/airflow/example_dags/example_branch_datetime_operator.py
[2025-05-04T03:29:35.802+0000] {processor.py:839} INFO - DAG(s) dict_keys(['example_branch_datetime_operator_3', 'example_branch_datetime_operator', 'example_branch_datetime_operator_2']) retrieved from /home/airflow/.local/lib/python3.8/site-packages/airflow/example_dags/example_branch_datetime_operator.py
[2025-05-04T03:29:35.826+0000] {logging_mixin.py:154} INFO - [2025-05-04T03:29:35.825+0000] {dag.py:2941} INFO - Sync 3 DAGs
[2025-05-04T03:29:35.840+0000] {logging_mixin.py:154} INFO - [2025-05-04T03:29:35.840+0000] {dag.py:3722} INFO - Setting next_dagrun for example_branch_datetime_operator to 2025-05-03T00:00:00+00:00, run_after=2025-05-04T00:00:00+00:00
[2025-05-04T03:29:35.846+0000] {logging_mixin.py:154} INFO - [2025-05-04T03:29:35.846+0000] {dag.py:3722} INFO - Setting next_dagrun for example_branch_datetime_operator_2 to 2025-05-03T00:00:00+00:00, run_after=2025-05-04T00:00:00+00:00
[2025-05-04T03:29:35.847+0000] {logging_mixin.py:154} INFO - [2025-05-04T03:29:35.847+0000] {dag.py:3722} INFO - Setting next_dagrun for example_branch_datetime_operator_3 to 2025-05-03T00:00:00+00:00, run_after=2025-05-04T00:00:00+00:00
[2025-05-04T03:29:35.855+0000] {processor.py:179} INFO - Processing /home/airflow/.local/lib/python3.8/site-packages/airflow/example_dags/example_branch_datetime_operator.py took 0.064 seconds
[2025-05-04T03:30:06.337+0000] {processor.py:157} INFO - Started process (PID=248) to work on /home/airflow/.local/lib/python3.8/site-packages/airflow/example_dags/example_branch_datetime_operator.py
[2025-05-04T03:30:06.340+0000] {processor.py:829} INFO - Processing file /home/airflow/.local/lib/python3.8/site-packages/airflow/example_dags/example_branch_datetime_operator.py for tasks to queue
[2025-05-04T03:30:06.342+0000] {logging_mixin.py:154} INFO - [2025-05-04T03:30:06.342+0000] {dagbag.py:536} INFO - Filling up the DagBag from /home/airflow/.local/lib/python3.8/site-packages/airflow/example_dags/example_branch_datetime_operator.py
[2025-05-04T03:30:06.353+0000] {processor.py:839} INFO - DAG(s) dict_keys(['example_branch_datetime_operator', 'example_branch_datetime_operator_3', 'example_branch_datetime_operator_2']) retrieved from /home/airflow/.local/lib/python3.8/site-packages/airflow/example_dags/example_branch_datetime_operator.py
[2025-05-04T03:30:06.378+0000] {logging_mixin.py:154} INFO - [2025-05-04T03:30:06.378+0000] {dag.py:2941} INFO - Sync 3 DAGs
[2025-05-04T03:30:06.391+0000] {logging_mixin.py:154} INFO - [2025-05-04T03:30:06.391+0000] {dag.py:3722} INFO - Setting next_dagrun for example_branch_datetime_operator to 2025-05-03T00:00:00+00:00, run_after=2025-05-04T00:00:00+00:00
[2025-05-04T03:30:06.394+0000] {logging_mixin.py:154} INFO - [2025-05-04T03:30:06.394+0000] {dag.py:3722} INFO - Setting next_dagrun for example_branch_datetime_operator_2 to 2025-05-03T00:00:00+00:00, run_after=2025-05-04T00:00:00+00:00
[2025-05-04T03:30:06.395+0000] {logging_mixin.py:154} INFO - [2025-05-04T03:30:06.395+0000] {dag.py:3722} INFO - Setting next_dagrun for example_branch_datetime_operator_3 to 2025-05-03T00:00:00+00:00, run_after=2025-05-04T00:00:00+00:00
[2025-05-04T03:30:06.405+0000] {processor.py:179} INFO - Processing /home/airflow/.local/lib/python3.8/site-packages/airflow/example_dags/example_branch_datetime_operator.py took 0.071 seconds
[2025-05-04T03:30:37.347+0000] {processor.py:157} INFO - Started process (PID=303) to work on /home/airflow/.local/lib/python3.8/site-packages/airflow/example_dags/example_branch_datetime_operator.py
[2025-05-04T03:30:37.348+0000] {processor.py:829} INFO - Processing file /home/airflow/.local/lib/python3.8/site-packages/airflow/example_dags/example_branch_datetime_operator.py for tasks to queue
[2025-05-04T03:30:37.349+0000] {logging_mixin.py:154} INFO - [2025-05-04T03:30:37.349+0000] {dagbag.py:536} INFO - Filling up the DagBag from /home/airflow/.local/lib/python3.8/site-packages/airflow/example_dags/example_branch_datetime_operator.py
[2025-05-04T03:30:37.357+0000] {processor.py:839} INFO - DAG(s) dict_keys(['example_branch_datetime_operator_2', 'example_branch_datetime_operator', 'example_branch_datetime_operator_3']) retrieved from /home/airflow/.local/lib/python3.8/site-packages/airflow/example_dags/example_branch_datetime_operator.py
[2025-05-04T03:30:37.375+0000] {logging_mixin.py:154} INFO - [2025-05-04T03:30:37.375+0000] {dag.py:2941} INFO - Sync 3 DAGs
[2025-05-04T03:30:37.387+0000] {logging_mixin.py:154} INFO - [2025-05-04T03:30:37.387+0000] {dag.py:3722} INFO - Setting next_dagrun for example_branch_datetime_operator to 2025-05-03T00:00:00+00:00, run_after=2025-05-04T00:00:00+00:00
[2025-05-04T03:30:37.389+0000] {logging_mixin.py:154} INFO - [2025-05-04T03:30:37.389+0000] {dag.py:3722} INFO - Setting next_dagrun for example_branch_datetime_operator_2 to 2025-05-03T00:00:00+00:00, run_after=2025-05-04T00:00:00+00:00
[2025-05-04T03:30:37.390+0000] {logging_mixin.py:154} INFO - [2025-05-04T03:30:37.390+0000] {dag.py:3722} INFO - Setting next_dagrun for example_branch_datetime_operator_3 to 2025-05-03T00:00:00+00:00, run_after=2025-05-04T00:00:00+00:00
[2025-05-04T03:30:37.400+0000] {processor.py:179} INFO - Processing /home/airflow/.local/lib/python3.8/site-packages/airflow/example_dags/example_branch_datetime_operator.py took 0.055 seconds
[2025-05-04T03:31:07.512+0000] {processor.py:157} INFO - Started process (PID=358) to work on /home/airflow/.local/lib/python3.8/site-packages/airflow/example_dags/example_branch_datetime_operator.py
[2025-05-04T03:31:07.513+0000] {processor.py:829} INFO - Processing file /home/airflow/.local/lib/python3.8/site-packages/airflow/example_dags/example_branch_datetime_operator.py for tasks to queue
[2025-05-04T03:31:07.514+0000] {logging_mixin.py:154} INFO - [2025-05-04T03:31:07.514+0000] {dagbag.py:536} INFO - Filling up the DagBag from /home/airflow/.local/lib/python3.8/site-packages/airflow/example_dags/example_branch_datetime_operator.py
[2025-05-04T03:31:07.521+0000] {processor.py:839} INFO - DAG(s) dict_keys(['example_branch_datetime_operator_3', 'example_branch_datetime_operator', 'example_branch_datetime_operator_2']) retrieved from /home/airflow/.local/lib/python3.8/site-packages/airflow/example_dags/example_branch_datetime_operator.py
[2025-05-04T03:31:07.533+0000] {logging_mixin.py:154} INFO - [2025-05-04T03:31:07.533+0000] {dag.py:2941} INFO - Sync 3 DAGs
[2025-05-04T03:31:07.549+0000] {logging_mixin.py:154} INFO - [2025-05-04T03:31:07.548+0000] {dag.py:3722} INFO - Setting next_dagrun for example_branch_datetime_operator to 2025-05-03T00:00:00+00:00, run_after=2025-05-04T00:00:00+00:00
[2025-05-04T03:31:07.553+0000] {logging_mixin.py:154} INFO - [2025-05-04T03:31:07.553+0000] {dag.py:3722} INFO - Setting next_dagrun for example_branch_datetime_operator_2 to 2025-05-03T00:00:00+00:00, run_after=2025-05-04T00:00:00+00:00
[2025-05-04T03:31:07.554+0000] {logging_mixin.py:154} INFO - [2025-05-04T03:31:07.554+0000] {dag.py:3722} INFO - Setting next_dagrun for example_branch_datetime_operator_3 to 2025-05-03T00:00:00+00:00, run_after=2025-05-04T00:00:00+00:00
[2025-05-04T03:31:07.561+0000] {processor.py:179} INFO - Processing /home/airflow/.local/lib/python3.8/site-packages/airflow/example_dags/example_branch_datetime_operator.py took 0.052 seconds
[2025-05-04T03:31:37.601+0000] {processor.py:157} INFO - Started process (PID=413) to work on /home/airflow/.local/lib/python3.8/site-packages/airflow/example_dags/example_branch_datetime_operator.py
[2025-05-04T03:31:37.601+0000] {processor.py:829} INFO - Processing file /home/airflow/.local/lib/python3.8/site-packages/airflow/example_dags/example_branch_datetime_operator.py for tasks to queue
[2025-05-04T03:31:37.602+0000] {logging_mixin.py:154} INFO - [2025-05-04T03:31:37.602+0000] {dagbag.py:536} INFO - Filling up the DagBag from /home/airflow/.local/lib/python3.8/site-packages/airflow/example_dags/example_branch_datetime_operator.py
[2025-05-04T03:31:37.607+0000] {processor.py:839} INFO - DAG(s) dict_keys(['example_branch_datetime_operator_2', 'example_branch_datetime_operator', 'example_branch_datetime_operator_3']) retrieved from /home/airflow/.local/lib/python3.8/site-packages/airflow/example_dags/example_branch_datetime_operator.py
[2025-05-04T03:31:37.619+0000] {logging_mixin.py:154} INFO - [2025-05-04T03:31:37.619+0000] {dag.py:2941} INFO - Sync 3 DAGs
[2025-05-04T03:31:37.628+0000] {logging_mixin.py:154} INFO - [2025-05-04T03:31:37.628+0000] {dag.py:3722} INFO - Setting next_dagrun for example_branch_datetime_operator to 2025-05-03T00:00:00+00:00, run_after=2025-05-04T00:00:00+00:00
[2025-05-04T03:31:37.630+0000] {logging_mixin.py:154} INFO - [2025-05-04T03:31:37.629+0000] {dag.py:3722} INFO - Setting next_dagrun for example_branch_datetime_operator_2 to 2025-05-03T00:00:00+00:00, run_after=2025-05-04T00:00:00+00:00
[2025-05-04T03:31:37.630+0000] {logging_mixin.py:154} INFO - [2025-05-04T03:31:37.630+0000] {dag.py:3722} INFO - Setting next_dagrun for example_branch_datetime_operator_3 to 2025-05-03T00:00:00+00:00, run_after=2025-05-04T00:00:00+00:00
[2025-05-04T03:31:37.636+0000] {processor.py:179} INFO - Processing /home/airflow/.local/lib/python3.8/site-packages/airflow/example_dags/example_branch_datetime_operator.py took 0.037 seconds
[2025-05-04T03:32:07.651+0000] {processor.py:157} INFO - Started process (PID=468) to work on /home/airflow/.local/lib/python3.8/site-packages/airflow/example_dags/example_branch_datetime_operator.py
[2025-05-04T03:32:07.651+0000] {processor.py:829} INFO - Processing file /home/airflow/.local/lib/python3.8/site-packages/airflow/example_dags/example_branch_datetime_operator.py for tasks to queue
[2025-05-04T03:32:07.652+0000] {logging_mixin.py:154} INFO - [2025-05-04T03:32:07.652+0000] {dagbag.py:536} INFO - Filling up the DagBag from /home/airflow/.local/lib/python3.8/site-packages/airflow/example_dags/example_branch_datetime_operator.py
[2025-05-04T03:32:07.657+0000] {processor.py:839} INFO - DAG(s) dict_keys(['example_branch_datetime_operator_3', 'example_branch_datetime_operator_2', 'example_branch_datetime_operator']) retrieved from /home/airflow/.local/lib/python3.8/site-packages/airflow/example_dags/example_branch_datetime_operator.py
[2025-05-04T03:32:07.669+0000] {logging_mixin.py:154} INFO - [2025-05-04T03:32:07.668+0000] {dag.py:2941} INFO - Sync 3 DAGs
[2025-05-04T03:32:07.678+0000] {logging_mixin.py:154} INFO - [2025-05-04T03:32:07.678+0000] {dag.py:3722} INFO - Setting next_dagrun for example_branch_datetime_operator to 2025-05-03T00:00:00+00:00, run_after=2025-05-04T00:00:00+00:00
[2025-05-04T03:32:07.680+0000] {logging_mixin.py:154} INFO - [2025-05-04T03:32:07.680+0000] {dag.py:3722} INFO - Setting next_dagrun for example_branch_datetime_operator_2 to 2025-05-03T00:00:00+00:00, run_after=2025-05-04T00:00:00+00:00
[2025-05-04T03:32:07.681+0000] {logging_mixin.py:154} INFO - [2025-05-04T03:32:07.681+0000] {dag.py:3722} INFO - Setting next_dagrun for example_branch_datetime_operator_3 to 2025-05-03T00:00:00+00:00, run_after=2025-05-04T00:00:00+00:00
[2025-05-04T03:32:07.687+0000] {processor.py:179} INFO - Processing /home/airflow/.local/lib/python3.8/site-packages/airflow/example_dags/example_branch_datetime_operator.py took 0.038 seconds
[2025-05-04T03:32:37.788+0000] {processor.py:157} INFO - Started process (PID=523) to work on /home/airflow/.local/lib/python3.8/site-packages/airflow/example_dags/example_branch_datetime_operator.py
[2025-05-04T03:32:37.788+0000] {processor.py:829} INFO - Processing file /home/airflow/.local/lib/python3.8/site-packages/airflow/example_dags/example_branch_datetime_operator.py for tasks to queue
[2025-05-04T03:32:37.789+0000] {logging_mixin.py:154} INFO - [2025-05-04T03:32:37.789+0000] {dagbag.py:536} INFO - Filling up the DagBag from /home/airflow/.local/lib/python3.8/site-packages/airflow/example_dags/example_branch_datetime_operator.py
[2025-05-04T03:32:37.795+0000] {processor.py:839} INFO - DAG(s) dict_keys(['example_branch_datetime_operator', 'example_branch_datetime_operator_3', 'example_branch_datetime_operator_2']) retrieved from /home/airflow/.local/lib/python3.8/site-packages/airflow/example_dags/example_branch_datetime_operator.py
[2025-05-04T03:32:37.809+0000] {logging_mixin.py:154} INFO - [2025-05-04T03:32:37.809+0000] {dag.py:2941} INFO - Sync 3 DAGs
[2025-05-04T03:32:37.820+0000] {logging_mixin.py:154} INFO - [2025-05-04T03:32:37.820+0000] {dag.py:3722} INFO - Setting next_dagrun for example_branch_datetime_operator to 2025-05-03T00:00:00+00:00, run_after=2025-05-04T00:00:00+00:00
[2025-05-04T03:32:37.823+0000] {logging_mixin.py:154} INFO - [2025-05-04T03:32:37.823+0000] {dag.py:3722} INFO - Setting next_dagrun for example_branch_datetime_operator_2 to 2025-05-03T00:00:00+00:00, run_after=2025-05-04T00:00:00+00:00
[2025-05-04T03:32:37.824+0000] {logging_mixin.py:154} INFO - [2025-05-04T03:32:37.824+0000] {dag.py:3722} INFO - Setting next_dagrun for example_branch_datetime_operator_3 to 2025-05-03T00:00:00+00:00, run_after=2025-05-04T00:00:00+00:00
[2025-05-04T03:32:37.831+0000] {processor.py:179} INFO - Processing /home/airflow/.local/lib/python3.8/site-packages/airflow/example_dags/example_branch_datetime_operator.py took 0.045 seconds
[2025-05-04T03:33:08.121+0000] {processor.py:157} INFO - Started process (PID=578) to work on /home/airflow/.local/lib/python3.8/site-packages/airflow/example_dags/example_branch_datetime_operator.py
[2025-05-04T03:33:08.122+0000] {processor.py:829} INFO - Processing file /home/airflow/.local/lib/python3.8/site-packages/airflow/example_dags/example_branch_datetime_operator.py for tasks to queue
[2025-05-04T03:33:08.123+0000] {logging_mixin.py:154} INFO - [2025-05-04T03:33:08.123+0000] {dagbag.py:536} INFO - Filling up the DagBag from /home/airflow/.local/lib/python3.8/site-packages/airflow/example_dags/example_branch_datetime_operator.py
[2025-05-04T03:33:08.127+0000] {processor.py:839} INFO - DAG(s) dict_keys(['example_branch_datetime_operator_3', 'example_branch_datetime_operator', 'example_branch_datetime_operator_2']) retrieved from /home/airflow/.local/lib/python3.8/site-packages/airflow/example_dags/example_branch_datetime_operator.py
[2025-05-04T03:33:08.139+0000] {logging_mixin.py:154} INFO - [2025-05-04T03:33:08.139+0000] {dag.py:2941} INFO - Sync 3 DAGs
[2025-05-04T03:33:08.148+0000] {logging_mixin.py:154} INFO - [2025-05-04T03:33:08.148+0000] {dag.py:3722} INFO - Setting next_dagrun for example_branch_datetime_operator to 2025-05-03T00:00:00+00:00, run_after=2025-05-04T00:00:00+00:00
[2025-05-04T03:33:08.150+0000] {logging_mixin.py:154} INFO - [2025-05-04T03:33:08.150+0000] {dag.py:3722} INFO - Setting next_dagrun for example_branch_datetime_operator_2 to 2025-05-03T00:00:00+00:00, run_after=2025-05-04T00:00:00+00:00
[2025-05-04T03:33:08.151+0000] {logging_mixin.py:154} INFO - [2025-05-04T03:33:08.151+0000] {dag.py:3722} INFO - Setting next_dagrun for example_branch_datetime_operator_3 to 2025-05-03T00:00:00+00:00, run_after=2025-05-04T00:00:00+00:00
[2025-05-04T03:33:08.156+0000] {processor.py:179} INFO - Processing /home/airflow/.local/lib/python3.8/site-packages/airflow/example_dags/example_branch_datetime_operator.py took 0.036 seconds
[2025-05-04T03:33:38.209+0000] {processor.py:157} INFO - Started process (PID=633) to work on /home/airflow/.local/lib/python3.8/site-packages/airflow/example_dags/example_branch_datetime_operator.py
[2025-05-04T03:33:38.210+0000] {processor.py:829} INFO - Processing file /home/airflow/.local/lib/python3.8/site-packages/airflow/example_dags/example_branch_datetime_operator.py for tasks to queue
[2025-05-04T03:33:38.211+0000] {logging_mixin.py:154} INFO - [2025-05-04T03:33:38.211+0000] {dagbag.py:536} INFO - Filling up the DagBag from /home/airflow/.local/lib/python3.8/site-packages/airflow/example_dags/example_branch_datetime_operator.py
[2025-05-04T03:33:38.215+0000] {processor.py:839} INFO - DAG(s) dict_keys(['example_branch_datetime_operator', 'example_branch_datetime_operator_2', 'example_branch_datetime_operator_3']) retrieved from /home/airflow/.local/lib/python3.8/site-packages/airflow/example_dags/example_branch_datetime_operator.py
[2025-05-04T03:33:38.227+0000] {logging_mixin.py:154} INFO - [2025-05-04T03:33:38.227+0000] {dag.py:2941} INFO - Sync 3 DAGs
[2025-05-04T03:33:38.235+0000] {logging_mixin.py:154} INFO - [2025-05-04T03:33:38.235+0000] {dag.py:3722} INFO - Setting next_dagrun for example_branch_datetime_operator to 2025-05-03T00:00:00+00:00, run_after=2025-05-04T00:00:00+00:00
[2025-05-04T03:33:38.237+0000] {logging_mixin.py:154} INFO - [2025-05-04T03:33:38.237+0000] {dag.py:3722} INFO - Setting next_dagrun for example_branch_datetime_operator_2 to 2025-05-03T00:00:00+00:00, run_after=2025-05-04T00:00:00+00:00
[2025-05-04T03:33:38.238+0000] {logging_mixin.py:154} INFO - [2025-05-04T03:33:38.238+0000] {dag.py:3722} INFO - Setting next_dagrun for example_branch_datetime_operator_3 to 2025-05-03T00:00:00+00:00, run_after=2025-05-04T00:00:00+00:00
[2025-05-04T03:33:38.244+0000] {processor.py:179} INFO - Processing /home/airflow/.local/lib/python3.8/site-packages/airflow/example_dags/example_branch_datetime_operator.py took 0.036 seconds
[2025-05-04T03:34:09.023+0000] {processor.py:157} INFO - Started process (PID=688) to work on /home/airflow/.local/lib/python3.8/site-packages/airflow/example_dags/example_branch_datetime_operator.py
[2025-05-04T03:34:09.023+0000] {processor.py:829} INFO - Processing file /home/airflow/.local/lib/python3.8/site-packages/airflow/example_dags/example_branch_datetime_operator.py for tasks to queue
[2025-05-04T03:34:09.024+0000] {logging_mixin.py:154} INFO - [2025-05-04T03:34:09.024+0000] {dagbag.py:536} INFO - Filling up the DagBag from /home/airflow/.local/lib/python3.8/site-packages/airflow/example_dags/example_branch_datetime_operator.py
[2025-05-04T03:34:09.029+0000] {processor.py:839} INFO - DAG(s) dict_keys(['example_branch_datetime_operator_3', 'example_branch_datetime_operator', 'example_branch_datetime_operator_2']) retrieved from /home/airflow/.local/lib/python3.8/site-packages/airflow/example_dags/example_branch_datetime_operator.py
[2025-05-04T03:34:09.042+0000] {logging_mixin.py:154} INFO - [2025-05-04T03:34:09.042+0000] {dag.py:2941} INFO - Sync 3 DAGs
[2025-05-04T03:34:09.052+0000] {logging_mixin.py:154} INFO - [2025-05-04T03:34:09.051+0000] {dag.py:3722} INFO - Setting next_dagrun for example_branch_datetime_operator to 2025-05-03T00:00:00+00:00, run_after=2025-05-04T00:00:00+00:00
[2025-05-04T03:34:09.054+0000] {logging_mixin.py:154} INFO - [2025-05-04T03:34:09.054+0000] {dag.py:3722} INFO - Setting next_dagrun for example_branch_datetime_operator_2 to 2025-05-03T00:00:00+00:00, run_after=2025-05-04T00:00:00+00:00
[2025-05-04T03:34:09.055+0000] {logging_mixin.py:154} INFO - [2025-05-04T03:34:09.055+0000] {dag.py:3722} INFO - Setting next_dagrun for example_branch_datetime_operator_3 to 2025-05-03T00:00:00+00:00, run_after=2025-05-04T00:00:00+00:00
[2025-05-04T03:34:09.061+0000] {processor.py:179} INFO - Processing /home/airflow/.local/lib/python3.8/site-packages/airflow/example_dags/example_branch_datetime_operator.py took 0.040 seconds
[2025-05-04T03:34:40.047+0000] {processor.py:157} INFO - Started process (PID=743) to work on /home/airflow/.local/lib/python3.8/site-packages/airflow/example_dags/example_branch_datetime_operator.py
[2025-05-04T03:34:40.047+0000] {processor.py:829} INFO - Processing file /home/airflow/.local/lib/python3.8/site-packages/airflow/example_dags/example_branch_datetime_operator.py for tasks to queue
[2025-05-04T03:34:40.048+0000] {logging_mixin.py:154} INFO - [2025-05-04T03:34:40.048+0000] {dagbag.py:536} INFO - Filling up the DagBag from /home/airflow/.local/lib/python3.8/site-packages/airflow/example_dags/example_branch_datetime_operator.py
[2025-05-04T03:34:40.052+0000] {processor.py:839} INFO - DAG(s) dict_keys(['example_branch_datetime_operator_3', 'example_branch_datetime_operator_2', 'example_branch_datetime_operator']) retrieved from /home/airflow/.local/lib/python3.8/site-packages/airflow/example_dags/example_branch_datetime_operator.py
[2025-05-04T03:34:40.066+0000] {logging_mixin.py:154} INFO - [2025-05-04T03:34:40.066+0000] {dag.py:2941} INFO - Sync 3 DAGs
[2025-05-04T03:34:40.076+0000] {logging_mixin.py:154} INFO - [2025-05-04T03:34:40.076+0000] {dag.py:3722} INFO - Setting next_dagrun for example_branch_datetime_operator to 2025-05-03T00:00:00+00:00, run_after=2025-05-04T00:00:00+00:00
[2025-05-04T03:34:40.078+0000] {logging_mixin.py:154} INFO - [2025-05-04T03:34:40.078+0000] {dag.py:3722} INFO - Setting next_dagrun for example_branch_datetime_operator_2 to 2025-05-03T00:00:00+00:00, run_after=2025-05-04T00:00:00+00:00
[2025-05-04T03:34:40.079+0000] {logging_mixin.py:154} INFO - [2025-05-04T03:34:40.079+0000] {dag.py:3722} INFO - Setting next_dagrun for example_branch_datetime_operator_3 to 2025-05-03T00:00:00+00:00, run_after=2025-05-04T00:00:00+00:00
[2025-05-04T03:34:40.086+0000] {processor.py:179} INFO - Processing /home/airflow/.local/lib/python3.8/site-packages/airflow/example_dags/example_branch_datetime_operator.py took 0.041 seconds
[2025-05-04T03:35:11.020+0000] {processor.py:157} INFO - Started process (PID=798) to work on /home/airflow/.local/lib/python3.8/site-packages/airflow/example_dags/example_branch_datetime_operator.py
[2025-05-04T03:35:11.020+0000] {processor.py:829} INFO - Processing file /home/airflow/.local/lib/python3.8/site-packages/airflow/example_dags/example_branch_datetime_operator.py for tasks to queue
[2025-05-04T03:35:11.022+0000] {logging_mixin.py:154} INFO - [2025-05-04T03:35:11.021+0000] {dagbag.py:536} INFO - Filling up the DagBag from /home/airflow/.local/lib/python3.8/site-packages/airflow/example_dags/example_branch_datetime_operator.py
[2025-05-04T03:35:11.027+0000] {processor.py:839} INFO - DAG(s) dict_keys(['example_branch_datetime_operator_3', 'example_branch_datetime_operator', 'example_branch_datetime_operator_2']) retrieved from /home/airflow/.local/lib/python3.8/site-packages/airflow/example_dags/example_branch_datetime_operator.py
[2025-05-04T03:35:11.044+0000] {logging_mixin.py:154} INFO - [2025-05-04T03:35:11.044+0000] {dag.py:2941} INFO - Sync 3 DAGs
[2025-05-04T03:35:11.055+0000] {logging_mixin.py:154} INFO - [2025-05-04T03:35:11.055+0000] {dag.py:3722} INFO - Setting next_dagrun for example_branch_datetime_operator to 2025-05-03T00:00:00+00:00, run_after=2025-05-04T00:00:00+00:00
[2025-05-04T03:35:11.058+0000] {logging_mixin.py:154} INFO - [2025-05-04T03:35:11.058+0000] {dag.py:3722} INFO - Setting next_dagrun for example_branch_datetime_operator_2 to 2025-05-03T00:00:00+00:00, run_after=2025-05-04T00:00:00+00:00
[2025-05-04T03:35:11.059+0000] {logging_mixin.py:154} INFO - [2025-05-04T03:35:11.059+0000] {dag.py:3722} INFO - Setting next_dagrun for example_branch_datetime_operator_3 to 2025-05-03T00:00:00+00:00, run_after=2025-05-04T00:00:00+00:00
[2025-05-04T03:35:11.071+0000] {processor.py:179} INFO - Processing /home/airflow/.local/lib/python3.8/site-packages/airflow/example_dags/example_branch_datetime_operator.py took 0.054 seconds
