[2025-05-04T03:28:31.814+0000] {processor.py:157} INFO - Started process (PID=43) to work on /home/airflow/.local/lib/python3.8/site-packages/airflow/example_dags/example_branch_day_of_week_operator.py
[2025-05-04T03:28:31.815+0000] {processor.py:829} INFO - Processing file /home/airflow/.local/lib/python3.8/site-packages/airflow/example_dags/example_branch_day_of_week_operator.py for tasks to queue
[2025-05-04T03:28:31.817+0000] {logging_mixin.py:154} INFO - [2025-05-04T03:28:31.817+0000] {dagbag.py:536} INFO - Filling up the DagBag from /home/airflow/.local/lib/python3.8/site-packages/airflow/example_dags/example_branch_day_of_week_operator.py
[2025-05-04T03:28:31.828+0000] {processor.py:839} INFO - DAG(s) dict_keys(['example_weekday_branch_operator']) retrieved from /home/airflow/.local/lib/python3.8/site-packages/airflow/example_dags/example_branch_day_of_week_operator.py
[2025-05-04T03:28:31.844+0000] {logging_mixin.py:154} INFO - [2025-05-04T03:28:31.844+0000] {dag.py:2941} INFO - Sync 1 DAGs
[2025-05-04T03:28:31.888+0000] {logging_mixin.py:154} INFO - [2025-05-04T03:28:31.888+0000] {dag.py:3722} INFO - Setting next_dagrun for example_weekday_branch_operator to 2025-05-03T00:00:00+00:00, run_after=2025-05-04T00:00:00+00:00
[2025-05-04T03:28:31.920+0000] {processor.py:179} INFO - Processing /home/airflow/.local/lib/python3.8/site-packages/airflow/example_dags/example_branch_day_of_week_operator.py took 0.110 seconds
[2025-05-04T03:29:02.392+0000] {processor.py:157} INFO - Started process (PID=98) to work on /home/airflow/.local/lib/python3.8/site-packages/airflow/example_dags/example_branch_day_of_week_operator.py
[2025-05-04T03:29:02.393+0000] {processor.py:829} INFO - Processing file /home/airflow/.local/lib/python3.8/site-packages/airflow/example_dags/example_branch_day_of_week_operator.py for tasks to queue
[2025-05-04T03:29:02.394+0000] {logging_mixin.py:154} INFO - [2025-05-04T03:29:02.394+0000] {dagbag.py:536} INFO - Filling up the DagBag from /home/airflow/.local/lib/python3.8/site-packages/airflow/example_dags/example_branch_day_of_week_operator.py
[2025-05-04T03:29:02.403+0000] {processor.py:839} INFO - DAG(s) dict_keys(['example_weekday_branch_operator']) retrieved from /home/airflow/.local/lib/python3.8/site-packages/airflow/example_dags/example_branch_day_of_week_operator.py
[2025-05-04T03:29:02.418+0000] {logging_mixin.py:154} INFO - [2025-05-04T03:29:02.418+0000] {dag.py:2941} INFO - Sync 1 DAGs
[2025-05-04T03:29:02.430+0000] {logging_mixin.py:154} INFO - [2025-05-04T03:29:02.430+0000] {dag.py:3722} INFO - Setting next_dagrun for example_weekday_branch_operator to 2025-05-03T00:00:00+00:00, run_after=2025-05-04T00:00:00+00:00
[2025-05-04T03:29:02.440+0000] {processor.py:179} INFO - Processing /home/airflow/.local/lib/python3.8/site-packages/airflow/example_dags/example_branch_day_of_week_operator.py took 0.051 seconds
[2025-05-04T03:29:32.539+0000] {processor.py:157} INFO - Started process (PID=153) to work on /home/airflow/.local/lib/python3.8/site-packages/airflow/example_dags/example_branch_day_of_week_operator.py
[2025-05-04T03:29:32.540+0000] {processor.py:829} INFO - Processing file /home/airflow/.local/lib/python3.8/site-packages/airflow/example_dags/example_branch_day_of_week_operator.py for tasks to queue
[2025-05-04T03:29:32.542+0000] {logging_mixin.py:154} INFO - [2025-05-04T03:29:32.542+0000] {dagbag.py:536} INFO - Filling up the DagBag from /home/airflow/.local/lib/python3.8/site-packages/airflow/example_dags/example_branch_day_of_week_operator.py
[2025-05-04T03:29:32.552+0000] {processor.py:839} INFO - DAG(s) dict_keys(['example_weekday_branch_operator']) retrieved from /home/airflow/.local/lib/python3.8/site-packages/airflow/example_dags/example_branch_day_of_week_operator.py
[2025-05-04T03:29:32.578+0000] {logging_mixin.py:154} INFO - [2025-05-04T03:29:32.577+0000] {dag.py:2941} INFO - Sync 1 DAGs
[2025-05-04T03:29:32.597+0000] {logging_mixin.py:154} INFO - [2025-05-04T03:29:32.597+0000] {dag.py:3722} INFO - Setting next_dagrun for example_weekday_branch_operator to 2025-05-03T00:00:00+00:00, run_after=2025-05-04T00:00:00+00:00
[2025-05-04T03:29:32.609+0000] {processor.py:179} INFO - Processing /home/airflow/.local/lib/python3.8/site-packages/airflow/example_dags/example_branch_day_of_week_operator.py took 0.075 seconds
[2025-05-04T03:30:02.830+0000] {processor.py:157} INFO - Started process (PID=208) to work on /home/airflow/.local/lib/python3.8/site-packages/airflow/example_dags/example_branch_day_of_week_operator.py
[2025-05-04T03:30:02.831+0000] {processor.py:829} INFO - Processing file /home/airflow/.local/lib/python3.8/site-packages/airflow/example_dags/example_branch_day_of_week_operator.py for tasks to queue
[2025-05-04T03:30:02.836+0000] {logging_mixin.py:154} INFO - [2025-05-04T03:30:02.836+0000] {dagbag.py:536} INFO - Filling up the DagBag from /home/airflow/.local/lib/python3.8/site-packages/airflow/example_dags/example_branch_day_of_week_operator.py
[2025-05-04T03:30:02.845+0000] {processor.py:839} INFO - DAG(s) dict_keys(['example_weekday_branch_operator']) retrieved from /home/airflow/.local/lib/python3.8/site-packages/airflow/example_dags/example_branch_day_of_week_operator.py
[2025-05-04T03:30:02.863+0000] {logging_mixin.py:154} INFO - [2025-05-04T03:30:02.863+0000] {dag.py:2941} INFO - Sync 1 DAGs
[2025-05-04T03:30:02.879+0000] {logging_mixin.py:154} INFO - [2025-05-04T03:30:02.879+0000] {dag.py:3722} INFO - Setting next_dagrun for example_weekday_branch_operator to 2025-05-03T00:00:00+00:00, run_after=2025-05-04T00:00:00+00:00
[2025-05-04T03:30:02.893+0000] {processor.py:179} INFO - Processing /home/airflow/.local/lib/python3.8/site-packages/airflow/example_dags/example_branch_day_of_week_operator.py took 0.067 seconds
[2025-05-04T03:30:33.224+0000] {processor.py:157} INFO - Started process (PID=263) to work on /home/airflow/.local/lib/python3.8/site-packages/airflow/example_dags/example_branch_day_of_week_operator.py
[2025-05-04T03:30:33.225+0000] {processor.py:829} INFO - Processing file /home/airflow/.local/lib/python3.8/site-packages/airflow/example_dags/example_branch_day_of_week_operator.py for tasks to queue
[2025-05-04T03:30:33.227+0000] {logging_mixin.py:154} INFO - [2025-05-04T03:30:33.226+0000] {dagbag.py:536} INFO - Filling up the DagBag from /home/airflow/.local/lib/python3.8/site-packages/airflow/example_dags/example_branch_day_of_week_operator.py
[2025-05-04T03:30:33.240+0000] {processor.py:839} INFO - DAG(s) dict_keys(['example_weekday_branch_operator']) retrieved from /home/airflow/.local/lib/python3.8/site-packages/airflow/example_dags/example_branch_day_of_week_operator.py
[2025-05-04T03:30:33.259+0000] {logging_mixin.py:154} INFO - [2025-05-04T03:30:33.259+0000] {dag.py:2941} INFO - Sync 1 DAGs
[2025-05-04T03:30:33.274+0000] {logging_mixin.py:154} INFO - [2025-05-04T03:30:33.274+0000] {dag.py:3722} INFO - Setting next_dagrun for example_weekday_branch_operator to 2025-05-03T00:00:00+00:00, run_after=2025-05-04T00:00:00+00:00
[2025-05-04T03:30:33.286+0000] {processor.py:179} INFO - Processing /home/airflow/.local/lib/python3.8/site-packages/airflow/example_dags/example_branch_day_of_week_operator.py took 0.064 seconds
[2025-05-04T03:31:03.364+0000] {processor.py:157} INFO - Started process (PID=319) to work on /home/airflow/.local/lib/python3.8/site-packages/airflow/example_dags/example_branch_day_of_week_operator.py
[2025-05-04T03:31:03.365+0000] {processor.py:829} INFO - Processing file /home/airflow/.local/lib/python3.8/site-packages/airflow/example_dags/example_branch_day_of_week_operator.py for tasks to queue
[2025-05-04T03:31:03.366+0000] {logging_mixin.py:154} INFO - [2025-05-04T03:31:03.366+0000] {dagbag.py:536} INFO - Filling up the DagBag from /home/airflow/.local/lib/python3.8/site-packages/airflow/example_dags/example_branch_day_of_week_operator.py
[2025-05-04T03:31:03.374+0000] {processor.py:839} INFO - DAG(s) dict_keys(['example_weekday_branch_operator']) retrieved from /home/airflow/.local/lib/python3.8/site-packages/airflow/example_dags/example_branch_day_of_week_operator.py
[2025-05-04T03:31:03.393+0000] {logging_mixin.py:154} INFO - [2025-05-04T03:31:03.393+0000] {dag.py:2941} INFO - Sync 1 DAGs
[2025-05-04T03:31:03.403+0000] {logging_mixin.py:154} INFO - [2025-05-04T03:31:03.403+0000] {dag.py:3722} INFO - Setting next_dagrun for example_weekday_branch_operator to 2025-05-03T00:00:00+00:00, run_after=2025-05-04T00:00:00+00:00
[2025-05-04T03:31:03.417+0000] {processor.py:179} INFO - Processing /home/airflow/.local/lib/python3.8/site-packages/airflow/example_dags/example_branch_day_of_week_operator.py took 0.055 seconds
[2025-05-04T03:31:33.454+0000] {processor.py:157} INFO - Started process (PID=374) to work on /home/airflow/.local/lib/python3.8/site-packages/airflow/example_dags/example_branch_day_of_week_operator.py
[2025-05-04T03:31:33.454+0000] {processor.py:829} INFO - Processing file /home/airflow/.local/lib/python3.8/site-packages/airflow/example_dags/example_branch_day_of_week_operator.py for tasks to queue
[2025-05-04T03:31:33.456+0000] {logging_mixin.py:154} INFO - [2025-05-04T03:31:33.456+0000] {dagbag.py:536} INFO - Filling up the DagBag from /home/airflow/.local/lib/python3.8/site-packages/airflow/example_dags/example_branch_day_of_week_operator.py
[2025-05-04T03:31:33.462+0000] {processor.py:839} INFO - DAG(s) dict_keys(['example_weekday_branch_operator']) retrieved from /home/airflow/.local/lib/python3.8/site-packages/airflow/example_dags/example_branch_day_of_week_operator.py
[2025-05-04T03:31:33.481+0000] {logging_mixin.py:154} INFO - [2025-05-04T03:31:33.481+0000] {dag.py:2941} INFO - Sync 1 DAGs
[2025-05-04T03:31:33.494+0000] {logging_mixin.py:154} INFO - [2025-05-04T03:31:33.494+0000] {dag.py:3722} INFO - Setting next_dagrun for example_weekday_branch_operator to 2025-05-03T00:00:00+00:00, run_after=2025-05-04T00:00:00+00:00
[2025-05-04T03:31:33.507+0000] {processor.py:179} INFO - Processing /home/airflow/.local/lib/python3.8/site-packages/airflow/example_dags/example_branch_day_of_week_operator.py took 0.055 seconds
[2025-05-04T03:32:03.568+0000] {processor.py:157} INFO - Started process (PID=429) to work on /home/airflow/.local/lib/python3.8/site-packages/airflow/example_dags/example_branch_day_of_week_operator.py
[2025-05-04T03:32:03.569+0000] {processor.py:829} INFO - Processing file /home/airflow/.local/lib/python3.8/site-packages/airflow/example_dags/example_branch_day_of_week_operator.py for tasks to queue
[2025-05-04T03:32:03.573+0000] {logging_mixin.py:154} INFO - [2025-05-04T03:32:03.573+0000] {dagbag.py:536} INFO - Filling up the DagBag from /home/airflow/.local/lib/python3.8/site-packages/airflow/example_dags/example_branch_day_of_week_operator.py
[2025-05-04T03:32:03.582+0000] {processor.py:839} INFO - DAG(s) dict_keys(['example_weekday_branch_operator']) retrieved from /home/airflow/.local/lib/python3.8/site-packages/airflow/example_dags/example_branch_day_of_week_operator.py
[2025-05-04T03:32:03.607+0000] {logging_mixin.py:154} INFO - [2025-05-04T03:32:03.607+0000] {dag.py:2941} INFO - Sync 1 DAGs
[2025-05-04T03:32:03.629+0000] {logging_mixin.py:154} INFO - [2025-05-04T03:32:03.629+0000] {dag.py:3722} INFO - Setting next_dagrun for example_weekday_branch_operator to 2025-05-03T00:00:00+00:00, run_after=2025-05-04T00:00:00+00:00
[2025-05-04T03:32:03.644+0000] {processor.py:179} INFO - Processing /home/airflow/.local/lib/python3.8/site-packages/airflow/example_dags/example_branch_day_of_week_operator.py took 0.081 seconds
[2025-05-04T03:32:34.632+0000] {processor.py:157} INFO - Started process (PID=484) to work on /home/airflow/.local/lib/python3.8/site-packages/airflow/example_dags/example_branch_day_of_week_operator.py
[2025-05-04T03:32:34.633+0000] {processor.py:829} INFO - Processing file /home/airflow/.local/lib/python3.8/site-packages/airflow/example_dags/example_branch_day_of_week_operator.py for tasks to queue
[2025-05-04T03:32:34.636+0000] {logging_mixin.py:154} INFO - [2025-05-04T03:32:34.635+0000] {dagbag.py:536} INFO - Filling up the DagBag from /home/airflow/.local/lib/python3.8/site-packages/airflow/example_dags/example_branch_day_of_week_operator.py
[2025-05-04T03:32:34.644+0000] {processor.py:839} INFO - DAG(s) dict_keys(['example_weekday_branch_operator']) retrieved from /home/airflow/.local/lib/python3.8/site-packages/airflow/example_dags/example_branch_day_of_week_operator.py
[2025-05-04T03:32:34.666+0000] {logging_mixin.py:154} INFO - [2025-05-04T03:32:34.666+0000] {dag.py:2941} INFO - Sync 1 DAGs
[2025-05-04T03:32:34.686+0000] {logging_mixin.py:154} INFO - [2025-05-04T03:32:34.685+0000] {dag.py:3722} INFO - Setting next_dagrun for example_weekday_branch_operator to 2025-05-03T00:00:00+00:00, run_after=2025-05-04T00:00:00+00:00
[2025-05-04T03:32:34.699+0000] {processor.py:179} INFO - Processing /home/airflow/.local/lib/python3.8/site-packages/airflow/example_dags/example_branch_day_of_week_operator.py took 0.069 seconds
[2025-05-04T03:33:04.833+0000] {processor.py:157} INFO - Started process (PID=546) to work on /home/airflow/.local/lib/python3.8/site-packages/airflow/example_dags/example_branch_day_of_week_operator.py
[2025-05-04T03:33:04.837+0000] {processor.py:829} INFO - Processing file /home/airflow/.local/lib/python3.8/site-packages/airflow/example_dags/example_branch_day_of_week_operator.py for tasks to queue
[2025-05-04T03:33:04.842+0000] {logging_mixin.py:154} INFO - [2025-05-04T03:33:04.841+0000] {dagbag.py:536} INFO - Filling up the DagBag from /home/airflow/.local/lib/python3.8/site-packages/airflow/example_dags/example_branch_day_of_week_operator.py
[2025-05-04T03:33:04.853+0000] {processor.py:839} INFO - DAG(s) dict_keys(['example_weekday_branch_operator']) retrieved from /home/airflow/.local/lib/python3.8/site-packages/airflow/example_dags/example_branch_day_of_week_operator.py
[2025-05-04T03:33:04.887+0000] {logging_mixin.py:154} INFO - [2025-05-04T03:33:04.887+0000] {dag.py:2941} INFO - Sync 1 DAGs
[2025-05-04T03:33:04.921+0000] {logging_mixin.py:154} INFO - [2025-05-04T03:33:04.920+0000] {dag.py:3722} INFO - Setting next_dagrun for example_weekday_branch_operator to 2025-05-03T00:00:00+00:00, run_after=2025-05-04T00:00:00+00:00
[2025-05-04T03:33:04.934+0000] {processor.py:179} INFO - Processing /home/airflow/.local/lib/python3.8/site-packages/airflow/example_dags/example_branch_day_of_week_operator.py took 0.107 seconds
[2025-05-04T03:33:35.079+0000] {processor.py:157} INFO - Started process (PID=601) to work on /home/airflow/.local/lib/python3.8/site-packages/airflow/example_dags/example_branch_day_of_week_operator.py
[2025-05-04T03:33:35.081+0000] {processor.py:829} INFO - Processing file /home/airflow/.local/lib/python3.8/site-packages/airflow/example_dags/example_branch_day_of_week_operator.py for tasks to queue
[2025-05-04T03:33:35.086+0000] {logging_mixin.py:154} INFO - [2025-05-04T03:33:35.086+0000] {dagbag.py:536} INFO - Filling up the DagBag from /home/airflow/.local/lib/python3.8/site-packages/airflow/example_dags/example_branch_day_of_week_operator.py
[2025-05-04T03:33:35.099+0000] {processor.py:839} INFO - DAG(s) dict_keys(['example_weekday_branch_operator']) retrieved from /home/airflow/.local/lib/python3.8/site-packages/airflow/example_dags/example_branch_day_of_week_operator.py
[2025-05-04T03:33:35.130+0000] {logging_mixin.py:154} INFO - [2025-05-04T03:33:35.130+0000] {dag.py:2941} INFO - Sync 1 DAGs
[2025-05-04T03:33:35.149+0000] {logging_mixin.py:154} INFO - [2025-05-04T03:33:35.149+0000] {dag.py:3722} INFO - Setting next_dagrun for example_weekday_branch_operator to 2025-05-03T00:00:00+00:00, run_after=2025-05-04T00:00:00+00:00
[2025-05-04T03:33:35.167+0000] {processor.py:179} INFO - Processing /home/airflow/.local/lib/python3.8/site-packages/airflow/example_dags/example_branch_day_of_week_operator.py took 0.092 seconds
[2025-05-04T03:34:06.020+0000] {processor.py:157} INFO - Started process (PID=656) to work on /home/airflow/.local/lib/python3.8/site-packages/airflow/example_dags/example_branch_day_of_week_operator.py
[2025-05-04T03:34:06.021+0000] {processor.py:829} INFO - Processing file /home/airflow/.local/lib/python3.8/site-packages/airflow/example_dags/example_branch_day_of_week_operator.py for tasks to queue
[2025-05-04T03:34:06.025+0000] {logging_mixin.py:154} INFO - [2025-05-04T03:34:06.024+0000] {dagbag.py:536} INFO - Filling up the DagBag from /home/airflow/.local/lib/python3.8/site-packages/airflow/example_dags/example_branch_day_of_week_operator.py
[2025-05-04T03:34:06.037+0000] {processor.py:839} INFO - DAG(s) dict_keys(['example_weekday_branch_operator']) retrieved from /home/airflow/.local/lib/python3.8/site-packages/airflow/example_dags/example_branch_day_of_week_operator.py
[2025-05-04T03:34:06.065+0000] {logging_mixin.py:154} INFO - [2025-05-04T03:34:06.065+0000] {dag.py:2941} INFO - Sync 1 DAGs
[2025-05-04T03:34:06.089+0000] {logging_mixin.py:154} INFO - [2025-05-04T03:34:06.088+0000] {dag.py:3722} INFO - Setting next_dagrun for example_weekday_branch_operator to 2025-05-03T00:00:00+00:00, run_after=2025-05-04T00:00:00+00:00
[2025-05-04T03:34:06.103+0000] {processor.py:179} INFO - Processing /home/airflow/.local/lib/python3.8/site-packages/airflow/example_dags/example_branch_day_of_week_operator.py took 0.088 seconds
[2025-05-04T03:34:36.954+0000] {processor.py:157} INFO - Started process (PID=711) to work on /home/airflow/.local/lib/python3.8/site-packages/airflow/example_dags/example_branch_day_of_week_operator.py
[2025-05-04T03:34:36.957+0000] {processor.py:829} INFO - Processing file /home/airflow/.local/lib/python3.8/site-packages/airflow/example_dags/example_branch_day_of_week_operator.py for tasks to queue
[2025-05-04T03:34:36.960+0000] {logging_mixin.py:154} INFO - [2025-05-04T03:34:36.960+0000] {dagbag.py:536} INFO - Filling up the DagBag from /home/airflow/.local/lib/python3.8/site-packages/airflow/example_dags/example_branch_day_of_week_operator.py
[2025-05-04T03:34:36.967+0000] {processor.py:839} INFO - DAG(s) dict_keys(['example_weekday_branch_operator']) retrieved from /home/airflow/.local/lib/python3.8/site-packages/airflow/example_dags/example_branch_day_of_week_operator.py
[2025-05-04T03:34:36.987+0000] {logging_mixin.py:154} INFO - [2025-05-04T03:34:36.987+0000] {dag.py:2941} INFO - Sync 1 DAGs
[2025-05-04T03:34:37.005+0000] {logging_mixin.py:154} INFO - [2025-05-04T03:34:37.005+0000] {dag.py:3722} INFO - Setting next_dagrun for example_weekday_branch_operator to 2025-05-03T00:00:00+00:00, run_after=2025-05-04T00:00:00+00:00
[2025-05-04T03:34:37.016+0000] {processor.py:179} INFO - Processing /home/airflow/.local/lib/python3.8/site-packages/airflow/example_dags/example_branch_day_of_week_operator.py took 0.065 seconds
[2025-05-04T03:35:07.921+0000] {processor.py:157} INFO - Started process (PID=766) to work on /home/airflow/.local/lib/python3.8/site-packages/airflow/example_dags/example_branch_day_of_week_operator.py
[2025-05-04T03:35:07.922+0000] {processor.py:829} INFO - Processing file /home/airflow/.local/lib/python3.8/site-packages/airflow/example_dags/example_branch_day_of_week_operator.py for tasks to queue
[2025-05-04T03:35:07.925+0000] {logging_mixin.py:154} INFO - [2025-05-04T03:35:07.925+0000] {dagbag.py:536} INFO - Filling up the DagBag from /home/airflow/.local/lib/python3.8/site-packages/airflow/example_dags/example_branch_day_of_week_operator.py
[2025-05-04T03:35:07.934+0000] {processor.py:839} INFO - DAG(s) dict_keys(['example_weekday_branch_operator']) retrieved from /home/airflow/.local/lib/python3.8/site-packages/airflow/example_dags/example_branch_day_of_week_operator.py
[2025-05-04T03:35:07.950+0000] {logging_mixin.py:154} INFO - [2025-05-04T03:35:07.950+0000] {dag.py:2941} INFO - Sync 1 DAGs
[2025-05-04T03:35:07.973+0000] {logging_mixin.py:154} INFO - [2025-05-04T03:35:07.973+0000] {dag.py:3722} INFO - Setting next_dagrun for example_weekday_branch_operator to 2025-05-03T00:00:00+00:00, run_after=2025-05-04T00:00:00+00:00
[2025-05-04T03:35:07.985+0000] {processor.py:179} INFO - Processing /home/airflow/.local/lib/python3.8/site-packages/airflow/example_dags/example_branch_day_of_week_operator.py took 0.067 seconds
