[2025-05-04T03:28:32.527+0000] {processor.py:157} INFO - Started process (PID=54) to work on /home/airflow/.local/lib/python3.8/site-packages/airflow/example_dags/tutorial.py
[2025-05-04T03:28:32.529+0000] {processor.py:829} INFO - Processing file /home/airflow/.local/lib/python3.8/site-packages/airflow/example_dags/tutorial.py for tasks to queue
[2025-05-04T03:28:32.532+0000] {logging_mixin.py:154} INFO - [2025-05-04T03:28:32.532+0000] {dagbag.py:536} INFO - Filling up the DagBag from /home/airflow/.local/lib/python3.8/site-packages/airflow/example_dags/tutorial.py
[2025-05-04T03:28:32.538+0000] {processor.py:839} INFO - DAG(s) dict_keys(['tutorial']) retrieved from /home/airflow/.local/lib/python3.8/site-packages/airflow/example_dags/tutorial.py
[2025-05-04T03:28:32.550+0000] {logging_mixin.py:154} INFO - [2025-05-04T03:28:32.550+0000] {dag.py:2941} INFO - Sync 1 DAGs
[2025-05-04T03:28:32.571+0000] {logging_mixin.py:154} INFO - [2025-05-04T03:28:32.571+0000] {dag.py:3722} INFO - Setting next_dagrun for tutorial to 2025-05-03T03:28:32.571373+00:00, run_after=2025-05-04T03:28:32.571373+00:00
[2025-05-04T03:28:32.598+0000] {processor.py:179} INFO - Processing /home/airflow/.local/lib/python3.8/site-packages/airflow/example_dags/tutorial.py took 0.075 seconds
[2025-05-04T03:29:02.696+0000] {processor.py:157} INFO - Started process (PID=109) to work on /home/airflow/.local/lib/python3.8/site-packages/airflow/example_dags/tutorial.py
[2025-05-04T03:29:02.697+0000] {processor.py:829} INFO - Processing file /home/airflow/.local/lib/python3.8/site-packages/airflow/example_dags/tutorial.py for tasks to queue
[2025-05-04T03:29:02.699+0000] {logging_mixin.py:154} INFO - [2025-05-04T03:29:02.699+0000] {dagbag.py:536} INFO - Filling up the DagBag from /home/airflow/.local/lib/python3.8/site-packages/airflow/example_dags/tutorial.py
[2025-05-04T03:29:02.704+0000] {processor.py:839} INFO - DAG(s) dict_keys(['tutorial']) retrieved from /home/airflow/.local/lib/python3.8/site-packages/airflow/example_dags/tutorial.py
[2025-05-04T03:29:02.715+0000] {logging_mixin.py:154} INFO - [2025-05-04T03:29:02.715+0000] {dag.py:2941} INFO - Sync 1 DAGs
[2025-05-04T03:29:02.728+0000] {logging_mixin.py:154} INFO - [2025-05-04T03:29:02.728+0000] {dag.py:3722} INFO - Setting next_dagrun for tutorial to 2025-05-03T03:29:02.728712+00:00, run_after=2025-05-04T03:29:02.728712+00:00
[2025-05-04T03:29:02.737+0000] {processor.py:179} INFO - Processing /home/airflow/.local/lib/python3.8/site-packages/airflow/example_dags/tutorial.py took 0.042 seconds
[2025-05-04T03:29:32.864+0000] {processor.py:157} INFO - Started process (PID=163) to work on /home/airflow/.local/lib/python3.8/site-packages/airflow/example_dags/tutorial.py
[2025-05-04T03:29:32.865+0000] {processor.py:829} INFO - Processing file /home/airflow/.local/lib/python3.8/site-packages/airflow/example_dags/tutorial.py for tasks to queue
[2025-05-04T03:29:32.866+0000] {logging_mixin.py:154} INFO - [2025-05-04T03:29:32.866+0000] {dagbag.py:536} INFO - Filling up the DagBag from /home/airflow/.local/lib/python3.8/site-packages/airflow/example_dags/tutorial.py
[2025-05-04T03:29:32.869+0000] {processor.py:839} INFO - DAG(s) dict_keys(['tutorial']) retrieved from /home/airflow/.local/lib/python3.8/site-packages/airflow/example_dags/tutorial.py
[2025-05-04T03:29:32.881+0000] {logging_mixin.py:154} INFO - [2025-05-04T03:29:32.881+0000] {dag.py:2941} INFO - Sync 1 DAGs
[2025-05-04T03:29:32.899+0000] {logging_mixin.py:154} INFO - [2025-05-04T03:29:32.899+0000] {dag.py:3722} INFO - Setting next_dagrun for tutorial to 2025-05-03T03:29:32.899317+00:00, run_after=2025-05-04T03:29:32.899317+00:00
[2025-05-04T03:29:32.909+0000] {processor.py:179} INFO - Processing /home/airflow/.local/lib/python3.8/site-packages/airflow/example_dags/tutorial.py took 0.046 seconds
[2025-05-04T03:30:03.151+0000] {processor.py:157} INFO - Started process (PID=218) to work on /home/airflow/.local/lib/python3.8/site-packages/airflow/example_dags/tutorial.py
[2025-05-04T03:30:03.152+0000] {processor.py:829} INFO - Processing file /home/airflow/.local/lib/python3.8/site-packages/airflow/example_dags/tutorial.py for tasks to queue
[2025-05-04T03:30:03.153+0000] {logging_mixin.py:154} INFO - [2025-05-04T03:30:03.153+0000] {dagbag.py:536} INFO - Filling up the DagBag from /home/airflow/.local/lib/python3.8/site-packages/airflow/example_dags/tutorial.py
[2025-05-04T03:30:03.156+0000] {processor.py:839} INFO - DAG(s) dict_keys(['tutorial']) retrieved from /home/airflow/.local/lib/python3.8/site-packages/airflow/example_dags/tutorial.py
[2025-05-04T03:30:03.168+0000] {logging_mixin.py:154} INFO - [2025-05-04T03:30:03.167+0000] {dag.py:2941} INFO - Sync 1 DAGs
[2025-05-04T03:30:03.180+0000] {logging_mixin.py:154} INFO - [2025-05-04T03:30:03.180+0000] {dag.py:3722} INFO - Setting next_dagrun for tutorial to 2025-05-03T03:30:03.180082+00:00, run_after=2025-05-04T03:30:03.180082+00:00
[2025-05-04T03:30:03.188+0000] {processor.py:179} INFO - Processing /home/airflow/.local/lib/python3.8/site-packages/airflow/example_dags/tutorial.py took 0.038 seconds
[2025-05-04T03:30:33.533+0000] {processor.py:157} INFO - Started process (PID=274) to work on /home/airflow/.local/lib/python3.8/site-packages/airflow/example_dags/tutorial.py
[2025-05-04T03:30:33.534+0000] {processor.py:829} INFO - Processing file /home/airflow/.local/lib/python3.8/site-packages/airflow/example_dags/tutorial.py for tasks to queue
[2025-05-04T03:30:33.536+0000] {logging_mixin.py:154} INFO - [2025-05-04T03:30:33.536+0000] {dagbag.py:536} INFO - Filling up the DagBag from /home/airflow/.local/lib/python3.8/site-packages/airflow/example_dags/tutorial.py
[2025-05-04T03:30:33.540+0000] {processor.py:839} INFO - DAG(s) dict_keys(['tutorial']) retrieved from /home/airflow/.local/lib/python3.8/site-packages/airflow/example_dags/tutorial.py
[2025-05-04T03:30:33.551+0000] {logging_mixin.py:154} INFO - [2025-05-04T03:30:33.551+0000] {dag.py:2941} INFO - Sync 1 DAGs
[2025-05-04T03:30:33.566+0000] {logging_mixin.py:154} INFO - [2025-05-04T03:30:33.565+0000] {dag.py:3722} INFO - Setting next_dagrun for tutorial to 2025-05-03T03:30:33.565800+00:00, run_after=2025-05-04T03:30:33.565800+00:00
[2025-05-04T03:30:33.574+0000] {processor.py:179} INFO - Processing /home/airflow/.local/lib/python3.8/site-packages/airflow/example_dags/tutorial.py took 0.043 seconds
[2025-05-04T03:31:03.742+0000] {processor.py:157} INFO - Started process (PID=330) to work on /home/airflow/.local/lib/python3.8/site-packages/airflow/example_dags/tutorial.py
[2025-05-04T03:31:03.743+0000] {processor.py:829} INFO - Processing file /home/airflow/.local/lib/python3.8/site-packages/airflow/example_dags/tutorial.py for tasks to queue
[2025-05-04T03:31:03.744+0000] {logging_mixin.py:154} INFO - [2025-05-04T03:31:03.744+0000] {dagbag.py:536} INFO - Filling up the DagBag from /home/airflow/.local/lib/python3.8/site-packages/airflow/example_dags/tutorial.py
[2025-05-04T03:31:03.748+0000] {processor.py:839} INFO - DAG(s) dict_keys(['tutorial']) retrieved from /home/airflow/.local/lib/python3.8/site-packages/airflow/example_dags/tutorial.py
[2025-05-04T03:31:03.763+0000] {logging_mixin.py:154} INFO - [2025-05-04T03:31:03.763+0000] {dag.py:2941} INFO - Sync 1 DAGs
[2025-05-04T03:31:03.772+0000] {logging_mixin.py:154} INFO - [2025-05-04T03:31:03.772+0000] {dag.py:3722} INFO - Setting next_dagrun for tutorial to 2025-05-03T03:31:03.772311+00:00, run_after=2025-05-04T03:31:03.772311+00:00
[2025-05-04T03:31:03.783+0000] {processor.py:179} INFO - Processing /home/airflow/.local/lib/python3.8/site-packages/airflow/example_dags/tutorial.py took 0.043 seconds
[2025-05-04T03:31:33.851+0000] {processor.py:157} INFO - Started process (PID=385) to work on /home/airflow/.local/lib/python3.8/site-packages/airflow/example_dags/tutorial.py
[2025-05-04T03:31:33.851+0000] {processor.py:829} INFO - Processing file /home/airflow/.local/lib/python3.8/site-packages/airflow/example_dags/tutorial.py for tasks to queue
[2025-05-04T03:31:33.853+0000] {logging_mixin.py:154} INFO - [2025-05-04T03:31:33.853+0000] {dagbag.py:536} INFO - Filling up the DagBag from /home/airflow/.local/lib/python3.8/site-packages/airflow/example_dags/tutorial.py
[2025-05-04T03:31:33.858+0000] {processor.py:839} INFO - DAG(s) dict_keys(['tutorial']) retrieved from /home/airflow/.local/lib/python3.8/site-packages/airflow/example_dags/tutorial.py
[2025-05-04T03:31:33.869+0000] {logging_mixin.py:154} INFO - [2025-05-04T03:31:33.869+0000] {dag.py:2941} INFO - Sync 1 DAGs
[2025-05-04T03:31:33.877+0000] {logging_mixin.py:154} INFO - [2025-05-04T03:31:33.877+0000] {dag.py:3722} INFO - Setting next_dagrun for tutorial to 2025-05-03T03:31:33.877006+00:00, run_after=2025-05-04T03:31:33.877006+00:00
[2025-05-04T03:31:33.886+0000] {processor.py:179} INFO - Processing /home/airflow/.local/lib/python3.8/site-packages/airflow/example_dags/tutorial.py took 0.037 seconds
[2025-05-04T03:32:03.940+0000] {processor.py:157} INFO - Started process (PID=440) to work on /home/airflow/.local/lib/python3.8/site-packages/airflow/example_dags/tutorial.py
[2025-05-04T03:32:03.942+0000] {processor.py:829} INFO - Processing file /home/airflow/.local/lib/python3.8/site-packages/airflow/example_dags/tutorial.py for tasks to queue
[2025-05-04T03:32:03.943+0000] {logging_mixin.py:154} INFO - [2025-05-04T03:32:03.942+0000] {dagbag.py:536} INFO - Filling up the DagBag from /home/airflow/.local/lib/python3.8/site-packages/airflow/example_dags/tutorial.py
[2025-05-04T03:32:03.946+0000] {processor.py:839} INFO - DAG(s) dict_keys(['tutorial']) retrieved from /home/airflow/.local/lib/python3.8/site-packages/airflow/example_dags/tutorial.py
[2025-05-04T03:32:03.956+0000] {logging_mixin.py:154} INFO - [2025-05-04T03:32:03.956+0000] {dag.py:2941} INFO - Sync 1 DAGs
[2025-05-04T03:32:03.967+0000] {logging_mixin.py:154} INFO - [2025-05-04T03:32:03.967+0000] {dag.py:3722} INFO - Setting next_dagrun for tutorial to 2025-05-03T03:32:03.967789+00:00, run_after=2025-05-04T03:32:03.967789+00:00
[2025-05-04T03:32:03.974+0000] {processor.py:179} INFO - Processing /home/airflow/.local/lib/python3.8/site-packages/airflow/example_dags/tutorial.py took 0.035 seconds
[2025-05-04T03:32:35.004+0000] {processor.py:157} INFO - Started process (PID=502) to work on /home/airflow/.local/lib/python3.8/site-packages/airflow/example_dags/tutorial.py
[2025-05-04T03:32:35.005+0000] {processor.py:829} INFO - Processing file /home/airflow/.local/lib/python3.8/site-packages/airflow/example_dags/tutorial.py for tasks to queue
[2025-05-04T03:32:35.006+0000] {logging_mixin.py:154} INFO - [2025-05-04T03:32:35.006+0000] {dagbag.py:536} INFO - Filling up the DagBag from /home/airflow/.local/lib/python3.8/site-packages/airflow/example_dags/tutorial.py
[2025-05-04T03:32:35.010+0000] {processor.py:839} INFO - DAG(s) dict_keys(['tutorial']) retrieved from /home/airflow/.local/lib/python3.8/site-packages/airflow/example_dags/tutorial.py
[2025-05-04T03:32:35.020+0000] {logging_mixin.py:154} INFO - [2025-05-04T03:32:35.020+0000] {dag.py:2941} INFO - Sync 1 DAGs
[2025-05-04T03:32:35.034+0000] {logging_mixin.py:154} INFO - [2025-05-04T03:32:35.034+0000] {dag.py:3722} INFO - Setting next_dagrun for tutorial to 2025-05-03T03:32:35.034033+00:00, run_after=2025-05-04T03:32:35.034033+00:00
[2025-05-04T03:32:35.043+0000] {processor.py:179} INFO - Processing /home/airflow/.local/lib/python3.8/site-packages/airflow/example_dags/tutorial.py took 0.041 seconds
[2025-05-04T03:33:05.292+0000] {processor.py:157} INFO - Started process (PID=557) to work on /home/airflow/.local/lib/python3.8/site-packages/airflow/example_dags/tutorial.py
[2025-05-04T03:33:05.292+0000] {processor.py:829} INFO - Processing file /home/airflow/.local/lib/python3.8/site-packages/airflow/example_dags/tutorial.py for tasks to queue
[2025-05-04T03:33:05.293+0000] {logging_mixin.py:154} INFO - [2025-05-04T03:33:05.293+0000] {dagbag.py:536} INFO - Filling up the DagBag from /home/airflow/.local/lib/python3.8/site-packages/airflow/example_dags/tutorial.py
[2025-05-04T03:33:05.295+0000] {processor.py:839} INFO - DAG(s) dict_keys(['tutorial']) retrieved from /home/airflow/.local/lib/python3.8/site-packages/airflow/example_dags/tutorial.py
[2025-05-04T03:33:05.311+0000] {logging_mixin.py:154} INFO - [2025-05-04T03:33:05.311+0000] {dag.py:2941} INFO - Sync 1 DAGs
[2025-05-04T03:33:05.322+0000] {logging_mixin.py:154} INFO - [2025-05-04T03:33:05.322+0000] {dag.py:3722} INFO - Setting next_dagrun for tutorial to 2025-05-03T03:33:05.322353+00:00, run_after=2025-05-04T03:33:05.322353+00:00
[2025-05-04T03:33:05.330+0000] {processor.py:179} INFO - Processing /home/airflow/.local/lib/python3.8/site-packages/airflow/example_dags/tutorial.py took 0.040 seconds
[2025-05-04T03:33:35.502+0000] {processor.py:157} INFO - Started process (PID=612) to work on /home/airflow/.local/lib/python3.8/site-packages/airflow/example_dags/tutorial.py
[2025-05-04T03:33:35.503+0000] {processor.py:829} INFO - Processing file /home/airflow/.local/lib/python3.8/site-packages/airflow/example_dags/tutorial.py for tasks to queue
[2025-05-04T03:33:35.504+0000] {logging_mixin.py:154} INFO - [2025-05-04T03:33:35.504+0000] {dagbag.py:536} INFO - Filling up the DagBag from /home/airflow/.local/lib/python3.8/site-packages/airflow/example_dags/tutorial.py
[2025-05-04T03:33:35.510+0000] {processor.py:839} INFO - DAG(s) dict_keys(['tutorial']) retrieved from /home/airflow/.local/lib/python3.8/site-packages/airflow/example_dags/tutorial.py
[2025-05-04T03:33:35.521+0000] {logging_mixin.py:154} INFO - [2025-05-04T03:33:35.521+0000] {dag.py:2941} INFO - Sync 1 DAGs
[2025-05-04T03:33:35.534+0000] {logging_mixin.py:154} INFO - [2025-05-04T03:33:35.534+0000] {dag.py:3722} INFO - Setting next_dagrun for tutorial to 2025-05-03T03:33:35.534499+00:00, run_after=2025-05-04T03:33:35.534499+00:00
[2025-05-04T03:33:35.540+0000] {processor.py:179} INFO - Processing /home/airflow/.local/lib/python3.8/site-packages/airflow/example_dags/tutorial.py took 0.039 seconds
[2025-05-04T03:34:06.430+0000] {processor.py:157} INFO - Started process (PID=667) to work on /home/airflow/.local/lib/python3.8/site-packages/airflow/example_dags/tutorial.py
[2025-05-04T03:34:06.432+0000] {processor.py:829} INFO - Processing file /home/airflow/.local/lib/python3.8/site-packages/airflow/example_dags/tutorial.py for tasks to queue
[2025-05-04T03:34:06.433+0000] {logging_mixin.py:154} INFO - [2025-05-04T03:34:06.433+0000] {dagbag.py:536} INFO - Filling up the DagBag from /home/airflow/.local/lib/python3.8/site-packages/airflow/example_dags/tutorial.py
[2025-05-04T03:34:06.436+0000] {processor.py:839} INFO - DAG(s) dict_keys(['tutorial']) retrieved from /home/airflow/.local/lib/python3.8/site-packages/airflow/example_dags/tutorial.py
[2025-05-04T03:34:06.450+0000] {logging_mixin.py:154} INFO - [2025-05-04T03:34:06.450+0000] {dag.py:2941} INFO - Sync 1 DAGs
[2025-05-04T03:34:06.458+0000] {logging_mixin.py:154} INFO - [2025-05-04T03:34:06.458+0000] {dag.py:3722} INFO - Setting next_dagrun for tutorial to 2025-05-03T03:34:06.458529+00:00, run_after=2025-05-04T03:34:06.458529+00:00
[2025-05-04T03:34:06.465+0000] {processor.py:179} INFO - Processing /home/airflow/.local/lib/python3.8/site-packages/airflow/example_dags/tutorial.py took 0.037 seconds
[2025-05-04T03:34:37.358+0000] {processor.py:157} INFO - Started process (PID=722) to work on /home/airflow/.local/lib/python3.8/site-packages/airflow/example_dags/tutorial.py
[2025-05-04T03:34:37.360+0000] {processor.py:829} INFO - Processing file /home/airflow/.local/lib/python3.8/site-packages/airflow/example_dags/tutorial.py for tasks to queue
[2025-05-04T03:34:37.361+0000] {logging_mixin.py:154} INFO - [2025-05-04T03:34:37.361+0000] {dagbag.py:536} INFO - Filling up the DagBag from /home/airflow/.local/lib/python3.8/site-packages/airflow/example_dags/tutorial.py
[2025-05-04T03:34:37.364+0000] {processor.py:839} INFO - DAG(s) dict_keys(['tutorial']) retrieved from /home/airflow/.local/lib/python3.8/site-packages/airflow/example_dags/tutorial.py
[2025-05-04T03:34:37.373+0000] {logging_mixin.py:154} INFO - [2025-05-04T03:34:37.373+0000] {dag.py:2941} INFO - Sync 1 DAGs
[2025-05-04T03:34:37.383+0000] {logging_mixin.py:154} INFO - [2025-05-04T03:34:37.383+0000] {dag.py:3722} INFO - Setting next_dagrun for tutorial to 2025-05-03T03:34:37.383662+00:00, run_after=2025-05-04T03:34:37.383662+00:00
[2025-05-04T03:34:37.395+0000] {processor.py:179} INFO - Processing /home/airflow/.local/lib/python3.8/site-packages/airflow/example_dags/tutorial.py took 0.038 seconds
[2025-05-04T03:35:08.261+0000] {processor.py:157} INFO - Started process (PID=777) to work on /home/airflow/.local/lib/python3.8/site-packages/airflow/example_dags/tutorial.py
[2025-05-04T03:35:08.262+0000] {processor.py:829} INFO - Processing file /home/airflow/.local/lib/python3.8/site-packages/airflow/example_dags/tutorial.py for tasks to queue
[2025-05-04T03:35:08.264+0000] {logging_mixin.py:154} INFO - [2025-05-04T03:35:08.264+0000] {dagbag.py:536} INFO - Filling up the DagBag from /home/airflow/.local/lib/python3.8/site-packages/airflow/example_dags/tutorial.py
[2025-05-04T03:35:08.268+0000] {processor.py:839} INFO - DAG(s) dict_keys(['tutorial']) retrieved from /home/airflow/.local/lib/python3.8/site-packages/airflow/example_dags/tutorial.py
[2025-05-04T03:35:08.280+0000] {logging_mixin.py:154} INFO - [2025-05-04T03:35:08.280+0000] {dag.py:2941} INFO - Sync 1 DAGs
[2025-05-04T03:35:08.293+0000] {logging_mixin.py:154} INFO - [2025-05-04T03:35:08.293+0000] {dag.py:3722} INFO - Setting next_dagrun for tutorial to 2025-05-03T03:35:08.293428+00:00, run_after=2025-05-04T03:35:08.293428+00:00
[2025-05-04T03:35:08.303+0000] {processor.py:179} INFO - Processing /home/airflow/.local/lib/python3.8/site-packages/airflow/example_dags/tutorial.py took 0.044 seconds
