[2025-05-05T03:04:30.164+0000] {processor.py:157} INFO - Started process (PID=44) to work on /home/airflow/.local/lib/python3.8/site-packages/airflow/example_dags/example_xcomargs.py
[2025-05-05T03:04:30.165+0000] {processor.py:829} INFO - Processing file /home/airflow/.local/lib/python3.8/site-packages/airflow/example_dags/example_xcomargs.py for tasks to queue
[2025-05-05T03:04:30.166+0000] {logging_mixin.py:154} INFO - [2025-05-05T03:04:30.166+0000] {dagbag.py:536} INFO - Filling up the DagBag from /home/airflow/.local/lib/python3.8/site-packages/airflow/example_dags/example_xcomargs.py
[2025-05-05T03:04:30.172+0000] {processor.py:839} INFO - DAG(s) dict_keys(['example_xcom_args_with_operators', 'example_xcom_args']) retrieved from /home/airflow/.local/lib/python3.8/site-packages/airflow/example_dags/example_xcomargs.py
[2025-05-05T03:04:30.182+0000] {logging_mixin.py:154} INFO - [2025-05-05T03:04:30.182+0000] {dag.py:2941} INFO - Sync 2 DAGs
[2025-05-05T03:04:30.191+0000] {logging_mixin.py:154} INFO - [2025-05-05T03:04:30.191+0000] {dag.py:3722} INFO - Setting next_dagrun for example_xcom_args to None, run_after=None
[2025-05-05T03:04:30.195+0000] {logging_mixin.py:154} INFO - [2025-05-05T03:04:30.195+0000] {dag.py:3722} INFO - Setting next_dagrun for example_xcom_args_with_operators to None, run_after=None
[2025-05-05T03:04:30.211+0000] {processor.py:179} INFO - Processing /home/airflow/.local/lib/python3.8/site-packages/airflow/example_dags/example_xcomargs.py took 0.049 seconds
[2025-05-05T03:05:00.530+0000] {processor.py:157} INFO - Started process (PID=98) to work on /home/airflow/.local/lib/python3.8/site-packages/airflow/example_dags/example_xcomargs.py
[2025-05-05T03:05:00.530+0000] {processor.py:829} INFO - Processing file /home/airflow/.local/lib/python3.8/site-packages/airflow/example_dags/example_xcomargs.py for tasks to queue
[2025-05-05T03:05:00.533+0000] {logging_mixin.py:154} INFO - [2025-05-05T03:05:00.533+0000] {dagbag.py:536} INFO - Filling up the DagBag from /home/airflow/.local/lib/python3.8/site-packages/airflow/example_dags/example_xcomargs.py
[2025-05-05T03:05:00.540+0000] {processor.py:839} INFO - DAG(s) dict_keys(['example_xcom_args_with_operators', 'example_xcom_args']) retrieved from /home/airflow/.local/lib/python3.8/site-packages/airflow/example_dags/example_xcomargs.py
[2025-05-05T03:05:00.556+0000] {logging_mixin.py:154} INFO - [2025-05-05T03:05:00.555+0000] {dag.py:2941} INFO - Sync 2 DAGs
[2025-05-05T03:05:00.561+0000] {logging_mixin.py:154} INFO - [2025-05-05T03:05:00.561+0000] {dag.py:3722} INFO - Setting next_dagrun for example_xcom_args to None, run_after=None
[2025-05-05T03:05:00.563+0000] {logging_mixin.py:154} INFO - [2025-05-05T03:05:00.563+0000] {dag.py:3722} INFO - Setting next_dagrun for example_xcom_args_with_operators to None, run_after=None
[2025-05-05T03:05:00.568+0000] {processor.py:179} INFO - Processing /home/airflow/.local/lib/python3.8/site-packages/airflow/example_dags/example_xcomargs.py took 0.041 seconds
[2025-05-05T03:05:31.354+0000] {processor.py:157} INFO - Started process (PID=160) to work on /home/airflow/.local/lib/python3.8/site-packages/airflow/example_dags/example_xcomargs.py
[2025-05-05T03:05:31.355+0000] {processor.py:829} INFO - Processing file /home/airflow/.local/lib/python3.8/site-packages/airflow/example_dags/example_xcomargs.py for tasks to queue
[2025-05-05T03:05:31.357+0000] {logging_mixin.py:154} INFO - [2025-05-05T03:05:31.357+0000] {dagbag.py:536} INFO - Filling up the DagBag from /home/airflow/.local/lib/python3.8/site-packages/airflow/example_dags/example_xcomargs.py
[2025-05-05T03:05:31.363+0000] {processor.py:839} INFO - DAG(s) dict_keys(['example_xcom_args', 'example_xcom_args_with_operators']) retrieved from /home/airflow/.local/lib/python3.8/site-packages/airflow/example_dags/example_xcomargs.py
[2025-05-05T03:05:31.381+0000] {logging_mixin.py:154} INFO - [2025-05-05T03:05:31.381+0000] {dag.py:2941} INFO - Sync 2 DAGs
[2025-05-05T03:05:31.387+0000] {logging_mixin.py:154} INFO - [2025-05-05T03:05:31.387+0000] {dag.py:3722} INFO - Setting next_dagrun for example_xcom_args to None, run_after=None
[2025-05-05T03:05:31.388+0000] {logging_mixin.py:154} INFO - [2025-05-05T03:05:31.388+0000] {dag.py:3722} INFO - Setting next_dagrun for example_xcom_args_with_operators to None, run_after=None
[2025-05-05T03:05:31.395+0000] {processor.py:179} INFO - Processing /home/airflow/.local/lib/python3.8/site-packages/airflow/example_dags/example_xcomargs.py took 0.042 seconds
[2025-05-05T03:06:01.968+0000] {processor.py:157} INFO - Started process (PID=215) to work on /home/airflow/.local/lib/python3.8/site-packages/airflow/example_dags/example_xcomargs.py
[2025-05-05T03:06:01.969+0000] {processor.py:829} INFO - Processing file /home/airflow/.local/lib/python3.8/site-packages/airflow/example_dags/example_xcomargs.py for tasks to queue
[2025-05-05T03:06:01.969+0000] {logging_mixin.py:154} INFO - [2025-05-05T03:06:01.969+0000] {dagbag.py:536} INFO - Filling up the DagBag from /home/airflow/.local/lib/python3.8/site-packages/airflow/example_dags/example_xcomargs.py
[2025-05-05T03:06:01.973+0000] {processor.py:839} INFO - DAG(s) dict_keys(['example_xcom_args', 'example_xcom_args_with_operators']) retrieved from /home/airflow/.local/lib/python3.8/site-packages/airflow/example_dags/example_xcomargs.py
[2025-05-05T03:06:01.984+0000] {logging_mixin.py:154} INFO - [2025-05-05T03:06:01.984+0000] {dag.py:2941} INFO - Sync 2 DAGs
[2025-05-05T03:06:01.990+0000] {logging_mixin.py:154} INFO - [2025-05-05T03:06:01.990+0000] {dag.py:3722} INFO - Setting next_dagrun for example_xcom_args to None, run_after=None
[2025-05-05T03:06:01.991+0000] {logging_mixin.py:154} INFO - [2025-05-05T03:06:01.991+0000] {dag.py:3722} INFO - Setting next_dagrun for example_xcom_args_with_operators to None, run_after=None
[2025-05-05T03:06:01.997+0000] {processor.py:179} INFO - Processing /home/airflow/.local/lib/python3.8/site-packages/airflow/example_dags/example_xcomargs.py took 0.031 seconds
[2025-05-05T03:06:32.085+0000] {processor.py:157} INFO - Started process (PID=270) to work on /home/airflow/.local/lib/python3.8/site-packages/airflow/example_dags/example_xcomargs.py
[2025-05-05T03:06:32.085+0000] {processor.py:829} INFO - Processing file /home/airflow/.local/lib/python3.8/site-packages/airflow/example_dags/example_xcomargs.py for tasks to queue
[2025-05-05T03:06:32.086+0000] {logging_mixin.py:154} INFO - [2025-05-05T03:06:32.086+0000] {dagbag.py:536} INFO - Filling up the DagBag from /home/airflow/.local/lib/python3.8/site-packages/airflow/example_dags/example_xcomargs.py
[2025-05-05T03:06:32.090+0000] {processor.py:839} INFO - DAG(s) dict_keys(['example_xcom_args_with_operators', 'example_xcom_args']) retrieved from /home/airflow/.local/lib/python3.8/site-packages/airflow/example_dags/example_xcomargs.py
[2025-05-05T03:06:32.099+0000] {logging_mixin.py:154} INFO - [2025-05-05T03:06:32.099+0000] {dag.py:2941} INFO - Sync 2 DAGs
[2025-05-05T03:06:32.107+0000] {logging_mixin.py:154} INFO - [2025-05-05T03:06:32.106+0000] {dag.py:3722} INFO - Setting next_dagrun for example_xcom_args to None, run_after=None
[2025-05-05T03:06:32.108+0000] {logging_mixin.py:154} INFO - [2025-05-05T03:06:32.108+0000] {dag.py:3722} INFO - Setting next_dagrun for example_xcom_args_with_operators to None, run_after=None
[2025-05-05T03:06:32.114+0000] {processor.py:179} INFO - Processing /home/airflow/.local/lib/python3.8/site-packages/airflow/example_dags/example_xcomargs.py took 0.031 seconds
[2025-05-05T03:07:02.234+0000] {processor.py:157} INFO - Started process (PID=325) to work on /home/airflow/.local/lib/python3.8/site-packages/airflow/example_dags/example_xcomargs.py
[2025-05-05T03:07:02.234+0000] {processor.py:829} INFO - Processing file /home/airflow/.local/lib/python3.8/site-packages/airflow/example_dags/example_xcomargs.py for tasks to queue
[2025-05-05T03:07:02.237+0000] {logging_mixin.py:154} INFO - [2025-05-05T03:07:02.237+0000] {dagbag.py:536} INFO - Filling up the DagBag from /home/airflow/.local/lib/python3.8/site-packages/airflow/example_dags/example_xcomargs.py
[2025-05-05T03:07:02.244+0000] {processor.py:839} INFO - DAG(s) dict_keys(['example_xcom_args', 'example_xcom_args_with_operators']) retrieved from /home/airflow/.local/lib/python3.8/site-packages/airflow/example_dags/example_xcomargs.py
[2025-05-05T03:07:02.264+0000] {logging_mixin.py:154} INFO - [2025-05-05T03:07:02.263+0000] {dag.py:2941} INFO - Sync 2 DAGs
[2025-05-05T03:07:02.272+0000] {logging_mixin.py:154} INFO - [2025-05-05T03:07:02.272+0000] {dag.py:3722} INFO - Setting next_dagrun for example_xcom_args to None, run_after=None
[2025-05-05T03:07:02.274+0000] {logging_mixin.py:154} INFO - [2025-05-05T03:07:02.274+0000] {dag.py:3722} INFO - Setting next_dagrun for example_xcom_args_with_operators to None, run_after=None
[2025-05-05T03:07:02.284+0000] {processor.py:179} INFO - Processing /home/airflow/.local/lib/python3.8/site-packages/airflow/example_dags/example_xcomargs.py took 0.052 seconds
[2025-05-05T03:07:32.937+0000] {processor.py:157} INFO - Started process (PID=380) to work on /home/airflow/.local/lib/python3.8/site-packages/airflow/example_dags/example_xcomargs.py
[2025-05-05T03:07:32.938+0000] {processor.py:829} INFO - Processing file /home/airflow/.local/lib/python3.8/site-packages/airflow/example_dags/example_xcomargs.py for tasks to queue
[2025-05-05T03:07:32.942+0000] {logging_mixin.py:154} INFO - [2025-05-05T03:07:32.942+0000] {dagbag.py:536} INFO - Filling up the DagBag from /home/airflow/.local/lib/python3.8/site-packages/airflow/example_dags/example_xcomargs.py
[2025-05-05T03:07:32.953+0000] {processor.py:839} INFO - DAG(s) dict_keys(['example_xcom_args', 'example_xcom_args_with_operators']) retrieved from /home/airflow/.local/lib/python3.8/site-packages/airflow/example_dags/example_xcomargs.py
[2025-05-05T03:07:32.972+0000] {logging_mixin.py:154} INFO - [2025-05-05T03:07:32.972+0000] {dag.py:2941} INFO - Sync 2 DAGs
[2025-05-05T03:07:32.980+0000] {logging_mixin.py:154} INFO - [2025-05-05T03:07:32.980+0000] {dag.py:3722} INFO - Setting next_dagrun for example_xcom_args to None, run_after=None
[2025-05-05T03:07:32.983+0000] {logging_mixin.py:154} INFO - [2025-05-05T03:07:32.982+0000] {dag.py:3722} INFO - Setting next_dagrun for example_xcom_args_with_operators to None, run_after=None
[2025-05-05T03:07:32.994+0000] {processor.py:179} INFO - Processing /home/airflow/.local/lib/python3.8/site-packages/airflow/example_dags/example_xcomargs.py took 0.060 seconds
[2025-05-05T03:08:03.050+0000] {processor.py:157} INFO - Started process (PID=435) to work on /home/airflow/.local/lib/python3.8/site-packages/airflow/example_dags/example_xcomargs.py
[2025-05-05T03:08:03.050+0000] {processor.py:829} INFO - Processing file /home/airflow/.local/lib/python3.8/site-packages/airflow/example_dags/example_xcomargs.py for tasks to queue
[2025-05-05T03:08:03.051+0000] {logging_mixin.py:154} INFO - [2025-05-05T03:08:03.051+0000] {dagbag.py:536} INFO - Filling up the DagBag from /home/airflow/.local/lib/python3.8/site-packages/airflow/example_dags/example_xcomargs.py
[2025-05-05T03:08:03.055+0000] {processor.py:839} INFO - DAG(s) dict_keys(['example_xcom_args_with_operators', 'example_xcom_args']) retrieved from /home/airflow/.local/lib/python3.8/site-packages/airflow/example_dags/example_xcomargs.py
[2025-05-05T03:08:03.065+0000] {logging_mixin.py:154} INFO - [2025-05-05T03:08:03.065+0000] {dag.py:2941} INFO - Sync 2 DAGs
[2025-05-05T03:08:03.070+0000] {logging_mixin.py:154} INFO - [2025-05-05T03:08:03.070+0000] {dag.py:3722} INFO - Setting next_dagrun for example_xcom_args to None, run_after=None
[2025-05-05T03:08:03.071+0000] {logging_mixin.py:154} INFO - [2025-05-05T03:08:03.071+0000] {dag.py:3722} INFO - Setting next_dagrun for example_xcom_args_with_operators to None, run_after=None
[2025-05-05T03:08:03.076+0000] {processor.py:179} INFO - Processing /home/airflow/.local/lib/python3.8/site-packages/airflow/example_dags/example_xcomargs.py took 0.028 seconds
[2025-05-05T03:08:33.892+0000] {processor.py:157} INFO - Started process (PID=490) to work on /home/airflow/.local/lib/python3.8/site-packages/airflow/example_dags/example_xcomargs.py
[2025-05-05T03:08:33.894+0000] {processor.py:829} INFO - Processing file /home/airflow/.local/lib/python3.8/site-packages/airflow/example_dags/example_xcomargs.py for tasks to queue
[2025-05-05T03:08:33.897+0000] {logging_mixin.py:154} INFO - [2025-05-05T03:08:33.896+0000] {dagbag.py:536} INFO - Filling up the DagBag from /home/airflow/.local/lib/python3.8/site-packages/airflow/example_dags/example_xcomargs.py
[2025-05-05T03:08:33.901+0000] {processor.py:839} INFO - DAG(s) dict_keys(['example_xcom_args_with_operators', 'example_xcom_args']) retrieved from /home/airflow/.local/lib/python3.8/site-packages/airflow/example_dags/example_xcomargs.py
[2025-05-05T03:08:33.915+0000] {logging_mixin.py:154} INFO - [2025-05-05T03:08:33.915+0000] {dag.py:2941} INFO - Sync 2 DAGs
[2025-05-05T03:08:33.926+0000] {logging_mixin.py:154} INFO - [2025-05-05T03:08:33.925+0000] {dag.py:3722} INFO - Setting next_dagrun for example_xcom_args to None, run_after=None
[2025-05-05T03:08:33.928+0000] {logging_mixin.py:154} INFO - [2025-05-05T03:08:33.928+0000] {dag.py:3722} INFO - Setting next_dagrun for example_xcom_args_with_operators to None, run_after=None
[2025-05-05T03:08:33.937+0000] {processor.py:179} INFO - Processing /home/airflow/.local/lib/python3.8/site-packages/airflow/example_dags/example_xcomargs.py took 0.046 seconds
[2025-05-05T03:09:04.776+0000] {processor.py:157} INFO - Started process (PID=545) to work on /home/airflow/.local/lib/python3.8/site-packages/airflow/example_dags/example_xcomargs.py
[2025-05-05T03:09:04.777+0000] {processor.py:829} INFO - Processing file /home/airflow/.local/lib/python3.8/site-packages/airflow/example_dags/example_xcomargs.py for tasks to queue
[2025-05-05T03:09:04.779+0000] {logging_mixin.py:154} INFO - [2025-05-05T03:09:04.779+0000] {dagbag.py:536} INFO - Filling up the DagBag from /home/airflow/.local/lib/python3.8/site-packages/airflow/example_dags/example_xcomargs.py
[2025-05-05T03:09:04.787+0000] {processor.py:839} INFO - DAG(s) dict_keys(['example_xcom_args', 'example_xcom_args_with_operators']) retrieved from /home/airflow/.local/lib/python3.8/site-packages/airflow/example_dags/example_xcomargs.py
[2025-05-05T03:09:04.801+0000] {logging_mixin.py:154} INFO - [2025-05-05T03:09:04.800+0000] {dag.py:2941} INFO - Sync 2 DAGs
[2025-05-05T03:09:04.807+0000] {logging_mixin.py:154} INFO - [2025-05-05T03:09:04.807+0000] {dag.py:3722} INFO - Setting next_dagrun for example_xcom_args to None, run_after=None
[2025-05-05T03:09:04.810+0000] {logging_mixin.py:154} INFO - [2025-05-05T03:09:04.809+0000] {dag.py:3722} INFO - Setting next_dagrun for example_xcom_args_with_operators to None, run_after=None
[2025-05-05T03:09:04.820+0000] {processor.py:179} INFO - Processing /home/airflow/.local/lib/python3.8/site-packages/airflow/example_dags/example_xcomargs.py took 0.046 seconds
