[2025-05-05T03:04:32.220+0000] {processor.py:157} INFO - Started process (PID=83) to work on /home/airflow/.local/lib/python3.8/site-packages/airflow/example_dags/example_setup_teardown.py
[2025-05-05T03:04:32.221+0000] {processor.py:829} INFO - Processing file /home/airflow/.local/lib/python3.8/site-packages/airflow/example_dags/example_setup_teardown.py for tasks to queue
[2025-05-05T03:04:32.223+0000] {logging_mixin.py:154} INFO - [2025-05-05T03:04:32.223+0000] {dagbag.py:536} INFO - Filling up the DagBag from /home/airflow/.local/lib/python3.8/site-packages/airflow/example_dags/example_setup_teardown.py
[2025-05-05T03:04:32.231+0000] {processor.py:839} INFO - DAG(s) dict_keys(['example_setup_teardown']) retrieved from /home/airflow/.local/lib/python3.8/site-packages/airflow/example_dags/example_setup_teardown.py
[2025-05-05T03:04:32.242+0000] {logging_mixin.py:154} INFO - [2025-05-05T03:04:32.241+0000] {dag.py:2941} INFO - Sync 1 DAGs
[2025-05-05T03:04:32.268+0000] {logging_mixin.py:154} INFO - [2025-05-05T03:04:32.267+0000] {dag.py:3722} INFO - Setting next_dagrun for example_setup_teardown to 2025-05-04T03:04:32.267441+00:00, run_after=2025-05-05T03:04:32.267441+00:00
[2025-05-05T03:04:32.290+0000] {processor.py:179} INFO - Processing /home/airflow/.local/lib/python3.8/site-packages/airflow/example_dags/example_setup_teardown.py took 0.073 seconds
[2025-05-05T03:05:02.594+0000] {processor.py:157} INFO - Started process (PID=138) to work on /home/airflow/.local/lib/python3.8/site-packages/airflow/example_dags/example_setup_teardown.py
[2025-05-05T03:05:02.594+0000] {processor.py:829} INFO - Processing file /home/airflow/.local/lib/python3.8/site-packages/airflow/example_dags/example_setup_teardown.py for tasks to queue
[2025-05-05T03:05:02.595+0000] {logging_mixin.py:154} INFO - [2025-05-05T03:05:02.595+0000] {dagbag.py:536} INFO - Filling up the DagBag from /home/airflow/.local/lib/python3.8/site-packages/airflow/example_dags/example_setup_teardown.py
[2025-05-05T03:05:02.599+0000] {processor.py:839} INFO - DAG(s) dict_keys(['example_setup_teardown']) retrieved from /home/airflow/.local/lib/python3.8/site-packages/airflow/example_dags/example_setup_teardown.py
[2025-05-05T03:05:02.610+0000] {logging_mixin.py:154} INFO - [2025-05-05T03:05:02.610+0000] {dag.py:2941} INFO - Sync 1 DAGs
[2025-05-05T03:05:02.623+0000] {logging_mixin.py:154} INFO - [2025-05-05T03:05:02.622+0000] {dag.py:3722} INFO - Setting next_dagrun for example_setup_teardown to 2025-05-04T03:05:02.622727+00:00, run_after=2025-05-05T03:05:02.622727+00:00
[2025-05-05T03:05:02.633+0000] {processor.py:179} INFO - Processing /home/airflow/.local/lib/python3.8/site-packages/airflow/example_dags/example_setup_teardown.py took 0.045 seconds
[2025-05-05T03:05:33.327+0000] {processor.py:157} INFO - Started process (PID=193) to work on /home/airflow/.local/lib/python3.8/site-packages/airflow/example_dags/example_setup_teardown.py
[2025-05-05T03:05:33.328+0000] {processor.py:829} INFO - Processing file /home/airflow/.local/lib/python3.8/site-packages/airflow/example_dags/example_setup_teardown.py for tasks to queue
[2025-05-05T03:05:33.330+0000] {logging_mixin.py:154} INFO - [2025-05-05T03:05:33.329+0000] {dagbag.py:536} INFO - Filling up the DagBag from /home/airflow/.local/lib/python3.8/site-packages/airflow/example_dags/example_setup_teardown.py
[2025-05-05T03:05:33.334+0000] {processor.py:839} INFO - DAG(s) dict_keys(['example_setup_teardown']) retrieved from /home/airflow/.local/lib/python3.8/site-packages/airflow/example_dags/example_setup_teardown.py
[2025-05-05T03:05:33.345+0000] {logging_mixin.py:154} INFO - [2025-05-05T03:05:33.345+0000] {dag.py:2941} INFO - Sync 1 DAGs
[2025-05-05T03:05:33.354+0000] {logging_mixin.py:154} INFO - [2025-05-05T03:05:33.354+0000] {dag.py:3722} INFO - Setting next_dagrun for example_setup_teardown to 2025-05-04T03:05:33.354720+00:00, run_after=2025-05-05T03:05:33.354720+00:00
[2025-05-05T03:05:33.361+0000] {processor.py:179} INFO - Processing /home/airflow/.local/lib/python3.8/site-packages/airflow/example_dags/example_setup_teardown.py took 0.035 seconds
[2025-05-05T03:06:04.149+0000] {processor.py:157} INFO - Started process (PID=248) to work on /home/airflow/.local/lib/python3.8/site-packages/airflow/example_dags/example_setup_teardown.py
[2025-05-05T03:06:04.149+0000] {processor.py:829} INFO - Processing file /home/airflow/.local/lib/python3.8/site-packages/airflow/example_dags/example_setup_teardown.py for tasks to queue
[2025-05-05T03:06:04.150+0000] {logging_mixin.py:154} INFO - [2025-05-05T03:06:04.150+0000] {dagbag.py:536} INFO - Filling up the DagBag from /home/airflow/.local/lib/python3.8/site-packages/airflow/example_dags/example_setup_teardown.py
[2025-05-05T03:06:04.153+0000] {processor.py:839} INFO - DAG(s) dict_keys(['example_setup_teardown']) retrieved from /home/airflow/.local/lib/python3.8/site-packages/airflow/example_dags/example_setup_teardown.py
[2025-05-05T03:06:04.162+0000] {logging_mixin.py:154} INFO - [2025-05-05T03:06:04.162+0000] {dag.py:2941} INFO - Sync 1 DAGs
[2025-05-05T03:06:04.170+0000] {logging_mixin.py:154} INFO - [2025-05-05T03:06:04.170+0000] {dag.py:3722} INFO - Setting next_dagrun for example_setup_teardown to 2025-05-04T03:06:04.170781+00:00, run_after=2025-05-05T03:06:04.170781+00:00
[2025-05-05T03:06:04.178+0000] {processor.py:179} INFO - Processing /home/airflow/.local/lib/python3.8/site-packages/airflow/example_dags/example_setup_teardown.py took 0.031 seconds
[2025-05-05T03:06:35.337+0000] {processor.py:157} INFO - Started process (PID=303) to work on /home/airflow/.local/lib/python3.8/site-packages/airflow/example_dags/example_setup_teardown.py
[2025-05-05T03:06:35.338+0000] {processor.py:829} INFO - Processing file /home/airflow/.local/lib/python3.8/site-packages/airflow/example_dags/example_setup_teardown.py for tasks to queue
[2025-05-05T03:06:35.340+0000] {logging_mixin.py:154} INFO - [2025-05-05T03:06:35.340+0000] {dagbag.py:536} INFO - Filling up the DagBag from /home/airflow/.local/lib/python3.8/site-packages/airflow/example_dags/example_setup_teardown.py
[2025-05-05T03:06:35.344+0000] {processor.py:839} INFO - DAG(s) dict_keys(['example_setup_teardown']) retrieved from /home/airflow/.local/lib/python3.8/site-packages/airflow/example_dags/example_setup_teardown.py
[2025-05-05T03:06:35.356+0000] {logging_mixin.py:154} INFO - [2025-05-05T03:06:35.355+0000] {dag.py:2941} INFO - Sync 1 DAGs
[2025-05-05T03:06:35.367+0000] {logging_mixin.py:154} INFO - [2025-05-05T03:06:35.367+0000] {dag.py:3722} INFO - Setting next_dagrun for example_setup_teardown to 2025-05-04T03:06:35.367198+00:00, run_after=2025-05-05T03:06:35.367198+00:00
[2025-05-05T03:06:35.376+0000] {processor.py:179} INFO - Processing /home/airflow/.local/lib/python3.8/site-packages/airflow/example_dags/example_setup_teardown.py took 0.040 seconds
[2025-05-05T03:07:06.261+0000] {processor.py:157} INFO - Started process (PID=358) to work on /home/airflow/.local/lib/python3.8/site-packages/airflow/example_dags/example_setup_teardown.py
[2025-05-05T03:07:06.262+0000] {processor.py:829} INFO - Processing file /home/airflow/.local/lib/python3.8/site-packages/airflow/example_dags/example_setup_teardown.py for tasks to queue
[2025-05-05T03:07:06.264+0000] {logging_mixin.py:154} INFO - [2025-05-05T03:07:06.264+0000] {dagbag.py:536} INFO - Filling up the DagBag from /home/airflow/.local/lib/python3.8/site-packages/airflow/example_dags/example_setup_teardown.py
[2025-05-05T03:07:06.269+0000] {processor.py:839} INFO - DAG(s) dict_keys(['example_setup_teardown']) retrieved from /home/airflow/.local/lib/python3.8/site-packages/airflow/example_dags/example_setup_teardown.py
[2025-05-05T03:07:06.279+0000] {logging_mixin.py:154} INFO - [2025-05-05T03:07:06.279+0000] {dag.py:2941} INFO - Sync 1 DAGs
[2025-05-05T03:07:06.288+0000] {logging_mixin.py:154} INFO - [2025-05-05T03:07:06.288+0000] {dag.py:3722} INFO - Setting next_dagrun for example_setup_teardown to 2025-05-04T03:07:06.288621+00:00, run_after=2025-05-05T03:07:06.288621+00:00
[2025-05-05T03:07:06.297+0000] {processor.py:179} INFO - Processing /home/airflow/.local/lib/python3.8/site-packages/airflow/example_dags/example_setup_teardown.py took 0.038 seconds
[2025-05-05T03:07:37.146+0000] {processor.py:157} INFO - Started process (PID=413) to work on /home/airflow/.local/lib/python3.8/site-packages/airflow/example_dags/example_setup_teardown.py
[2025-05-05T03:07:37.146+0000] {processor.py:829} INFO - Processing file /home/airflow/.local/lib/python3.8/site-packages/airflow/example_dags/example_setup_teardown.py for tasks to queue
[2025-05-05T03:07:37.147+0000] {logging_mixin.py:154} INFO - [2025-05-05T03:07:37.147+0000] {dagbag.py:536} INFO - Filling up the DagBag from /home/airflow/.local/lib/python3.8/site-packages/airflow/example_dags/example_setup_teardown.py
[2025-05-05T03:07:37.151+0000] {processor.py:839} INFO - DAG(s) dict_keys(['example_setup_teardown']) retrieved from /home/airflow/.local/lib/python3.8/site-packages/airflow/example_dags/example_setup_teardown.py
[2025-05-05T03:07:37.161+0000] {logging_mixin.py:154} INFO - [2025-05-05T03:07:37.161+0000] {dag.py:2941} INFO - Sync 1 DAGs
[2025-05-05T03:07:37.170+0000] {logging_mixin.py:154} INFO - [2025-05-05T03:07:37.170+0000] {dag.py:3722} INFO - Setting next_dagrun for example_setup_teardown to 2025-05-04T03:07:37.170599+00:00, run_after=2025-05-05T03:07:37.170599+00:00
[2025-05-05T03:07:37.178+0000] {processor.py:179} INFO - Processing /home/airflow/.local/lib/python3.8/site-packages/airflow/example_dags/example_setup_teardown.py took 0.034 seconds
[2025-05-05T03:08:08.221+0000] {processor.py:157} INFO - Started process (PID=468) to work on /home/airflow/.local/lib/python3.8/site-packages/airflow/example_dags/example_setup_teardown.py
[2025-05-05T03:08:08.222+0000] {processor.py:829} INFO - Processing file /home/airflow/.local/lib/python3.8/site-packages/airflow/example_dags/example_setup_teardown.py for tasks to queue
[2025-05-05T03:08:08.223+0000] {logging_mixin.py:154} INFO - [2025-05-05T03:08:08.223+0000] {dagbag.py:536} INFO - Filling up the DagBag from /home/airflow/.local/lib/python3.8/site-packages/airflow/example_dags/example_setup_teardown.py
[2025-05-05T03:08:08.227+0000] {processor.py:839} INFO - DAG(s) dict_keys(['example_setup_teardown']) retrieved from /home/airflow/.local/lib/python3.8/site-packages/airflow/example_dags/example_setup_teardown.py
[2025-05-05T03:08:08.241+0000] {logging_mixin.py:154} INFO - [2025-05-05T03:08:08.241+0000] {dag.py:2941} INFO - Sync 1 DAGs
[2025-05-05T03:08:08.255+0000] {logging_mixin.py:154} INFO - [2025-05-05T03:08:08.255+0000] {dag.py:3722} INFO - Setting next_dagrun for example_setup_teardown to 2025-05-04T03:08:08.255188+00:00, run_after=2025-05-05T03:08:08.255188+00:00
[2025-05-05T03:08:08.264+0000] {processor.py:179} INFO - Processing /home/airflow/.local/lib/python3.8/site-packages/airflow/example_dags/example_setup_teardown.py took 0.045 seconds
[2025-05-05T03:08:39.056+0000] {processor.py:157} INFO - Started process (PID=523) to work on /home/airflow/.local/lib/python3.8/site-packages/airflow/example_dags/example_setup_teardown.py
[2025-05-05T03:08:39.056+0000] {processor.py:829} INFO - Processing file /home/airflow/.local/lib/python3.8/site-packages/airflow/example_dags/example_setup_teardown.py for tasks to queue
[2025-05-05T03:08:39.057+0000] {logging_mixin.py:154} INFO - [2025-05-05T03:08:39.057+0000] {dagbag.py:536} INFO - Filling up the DagBag from /home/airflow/.local/lib/python3.8/site-packages/airflow/example_dags/example_setup_teardown.py
[2025-05-05T03:08:39.061+0000] {processor.py:839} INFO - DAG(s) dict_keys(['example_setup_teardown']) retrieved from /home/airflow/.local/lib/python3.8/site-packages/airflow/example_dags/example_setup_teardown.py
[2025-05-05T03:08:39.072+0000] {logging_mixin.py:154} INFO - [2025-05-05T03:08:39.072+0000] {dag.py:2941} INFO - Sync 1 DAGs
[2025-05-05T03:08:39.082+0000] {logging_mixin.py:154} INFO - [2025-05-05T03:08:39.082+0000] {dag.py:3722} INFO - Setting next_dagrun for example_setup_teardown to 2025-05-04T03:08:39.082113+00:00, run_after=2025-05-05T03:08:39.082113+00:00
[2025-05-05T03:08:39.088+0000] {processor.py:179} INFO - Processing /home/airflow/.local/lib/python3.8/site-packages/airflow/example_dags/example_setup_teardown.py took 0.035 seconds
[2025-05-05T03:09:09.958+0000] {processor.py:157} INFO - Started process (PID=578) to work on /home/airflow/.local/lib/python3.8/site-packages/airflow/example_dags/example_setup_teardown.py
[2025-05-05T03:09:09.959+0000] {processor.py:829} INFO - Processing file /home/airflow/.local/lib/python3.8/site-packages/airflow/example_dags/example_setup_teardown.py for tasks to queue
[2025-05-05T03:09:09.960+0000] {logging_mixin.py:154} INFO - [2025-05-05T03:09:09.960+0000] {dagbag.py:536} INFO - Filling up the DagBag from /home/airflow/.local/lib/python3.8/site-packages/airflow/example_dags/example_setup_teardown.py
[2025-05-05T03:09:09.964+0000] {processor.py:839} INFO - DAG(s) dict_keys(['example_setup_teardown']) retrieved from /home/airflow/.local/lib/python3.8/site-packages/airflow/example_dags/example_setup_teardown.py
[2025-05-05T03:09:09.982+0000] {logging_mixin.py:154} INFO - [2025-05-05T03:09:09.981+0000] {dag.py:2941} INFO - Sync 1 DAGs
[2025-05-05T03:09:09.995+0000] {logging_mixin.py:154} INFO - [2025-05-05T03:09:09.995+0000] {dag.py:3722} INFO - Setting next_dagrun for example_setup_teardown to 2025-05-04T03:09:09.995465+00:00, run_after=2025-05-05T03:09:09.995465+00:00
[2025-05-05T03:09:10.006+0000] {processor.py:179} INFO - Processing /home/airflow/.local/lib/python3.8/site-packages/airflow/example_dags/example_setup_teardown.py took 0.050 seconds
