[2025-05-05T03:04:31.186+0000] {processor.py:157} INFO - Started process (PID=65) to work on /home/airflow/.local/lib/python3.8/site-packages/airflow/example_dags/example_kubernetes_executor.py
[2025-05-05T03:04:31.187+0000] {processor.py:829} INFO - Processing file /home/airflow/.local/lib/python3.8/site-packages/airflow/example_dags/example_kubernetes_executor.py for tasks to queue
[2025-05-05T03:04:31.188+0000] {logging_mixin.py:154} INFO - [2025-05-05T03:04:31.188+0000] {dagbag.py:536} INFO - Filling up the DagBag from /home/airflow/.local/lib/python3.8/site-packages/airflow/example_dags/example_kubernetes_executor.py
[2025-05-05T03:04:31.197+0000] {processor.py:839} INFO - DAG(s) dict_keys(['example_kubernetes_executor']) retrieved from /home/airflow/.local/lib/python3.8/site-packages/airflow/example_dags/example_kubernetes_executor.py
[2025-05-05T03:04:31.208+0000] {logging_mixin.py:154} INFO - [2025-05-05T03:04:31.207+0000] {dag.py:2941} INFO - Sync 1 DAGs
[2025-05-05T03:04:31.217+0000] {logging_mixin.py:154} INFO - [2025-05-05T03:04:31.217+0000] {dag.py:3722} INFO - Setting next_dagrun for example_kubernetes_executor to None, run_after=None
[2025-05-05T03:04:31.226+0000] {processor.py:179} INFO - Processing /home/airflow/.local/lib/python3.8/site-packages/airflow/example_dags/example_kubernetes_executor.py took 0.042 seconds
[2025-05-05T03:05:01.981+0000] {processor.py:157} INFO - Started process (PID=120) to work on /home/airflow/.local/lib/python3.8/site-packages/airflow/example_dags/example_kubernetes_executor.py
[2025-05-05T03:05:01.981+0000] {processor.py:829} INFO - Processing file /home/airflow/.local/lib/python3.8/site-packages/airflow/example_dags/example_kubernetes_executor.py for tasks to queue
[2025-05-05T03:05:01.983+0000] {logging_mixin.py:154} INFO - [2025-05-05T03:05:01.983+0000] {dagbag.py:536} INFO - Filling up the DagBag from /home/airflow/.local/lib/python3.8/site-packages/airflow/example_dags/example_kubernetes_executor.py
[2025-05-05T03:05:01.996+0000] {processor.py:839} INFO - DAG(s) dict_keys(['example_kubernetes_executor']) retrieved from /home/airflow/.local/lib/python3.8/site-packages/airflow/example_dags/example_kubernetes_executor.py
[2025-05-05T03:05:02.026+0000] {logging_mixin.py:154} INFO - [2025-05-05T03:05:02.026+0000] {dag.py:2941} INFO - Sync 1 DAGs
[2025-05-05T03:05:02.032+0000] {logging_mixin.py:154} INFO - [2025-05-05T03:05:02.032+0000] {dag.py:3722} INFO - Setting next_dagrun for example_kubernetes_executor to None, run_after=None
[2025-05-05T03:05:02.038+0000] {processor.py:179} INFO - Processing /home/airflow/.local/lib/python3.8/site-packages/airflow/example_dags/example_kubernetes_executor.py took 0.060 seconds
[2025-05-05T03:05:32.838+0000] {processor.py:157} INFO - Started process (PID=175) to work on /home/airflow/.local/lib/python3.8/site-packages/airflow/example_dags/example_kubernetes_executor.py
[2025-05-05T03:05:32.840+0000] {processor.py:829} INFO - Processing file /home/airflow/.local/lib/python3.8/site-packages/airflow/example_dags/example_kubernetes_executor.py for tasks to queue
[2025-05-05T03:05:32.841+0000] {logging_mixin.py:154} INFO - [2025-05-05T03:05:32.841+0000] {dagbag.py:536} INFO - Filling up the DagBag from /home/airflow/.local/lib/python3.8/site-packages/airflow/example_dags/example_kubernetes_executor.py
[2025-05-05T03:05:32.855+0000] {processor.py:839} INFO - DAG(s) dict_keys(['example_kubernetes_executor']) retrieved from /home/airflow/.local/lib/python3.8/site-packages/airflow/example_dags/example_kubernetes_executor.py
[2025-05-05T03:05:32.879+0000] {logging_mixin.py:154} INFO - [2025-05-05T03:05:32.878+0000] {dag.py:2941} INFO - Sync 1 DAGs
[2025-05-05T03:05:32.888+0000] {logging_mixin.py:154} INFO - [2025-05-05T03:05:32.888+0000] {dag.py:3722} INFO - Setting next_dagrun for example_kubernetes_executor to None, run_after=None
[2025-05-05T03:05:32.899+0000] {processor.py:179} INFO - Processing /home/airflow/.local/lib/python3.8/site-packages/airflow/example_dags/example_kubernetes_executor.py took 0.063 seconds
[2025-05-05T03:06:03.544+0000] {processor.py:157} INFO - Started process (PID=230) to work on /home/airflow/.local/lib/python3.8/site-packages/airflow/example_dags/example_kubernetes_executor.py
[2025-05-05T03:06:03.545+0000] {processor.py:829} INFO - Processing file /home/airflow/.local/lib/python3.8/site-packages/airflow/example_dags/example_kubernetes_executor.py for tasks to queue
[2025-05-05T03:06:03.547+0000] {logging_mixin.py:154} INFO - [2025-05-05T03:06:03.547+0000] {dagbag.py:536} INFO - Filling up the DagBag from /home/airflow/.local/lib/python3.8/site-packages/airflow/example_dags/example_kubernetes_executor.py
[2025-05-05T03:06:03.560+0000] {processor.py:839} INFO - DAG(s) dict_keys(['example_kubernetes_executor']) retrieved from /home/airflow/.local/lib/python3.8/site-packages/airflow/example_dags/example_kubernetes_executor.py
[2025-05-05T03:06:03.584+0000] {logging_mixin.py:154} INFO - [2025-05-05T03:06:03.584+0000] {dag.py:2941} INFO - Sync 1 DAGs
[2025-05-05T03:06:03.591+0000] {logging_mixin.py:154} INFO - [2025-05-05T03:06:03.591+0000] {dag.py:3722} INFO - Setting next_dagrun for example_kubernetes_executor to None, run_after=None
[2025-05-05T03:06:03.597+0000] {processor.py:179} INFO - Processing /home/airflow/.local/lib/python3.8/site-packages/airflow/example_dags/example_kubernetes_executor.py took 0.055 seconds
[2025-05-05T03:06:34.617+0000] {processor.py:157} INFO - Started process (PID=285) to work on /home/airflow/.local/lib/python3.8/site-packages/airflow/example_dags/example_kubernetes_executor.py
[2025-05-05T03:06:34.619+0000] {processor.py:829} INFO - Processing file /home/airflow/.local/lib/python3.8/site-packages/airflow/example_dags/example_kubernetes_executor.py for tasks to queue
[2025-05-05T03:06:34.620+0000] {logging_mixin.py:154} INFO - [2025-05-05T03:06:34.620+0000] {dagbag.py:536} INFO - Filling up the DagBag from /home/airflow/.local/lib/python3.8/site-packages/airflow/example_dags/example_kubernetes_executor.py
[2025-05-05T03:06:34.634+0000] {processor.py:839} INFO - DAG(s) dict_keys(['example_kubernetes_executor']) retrieved from /home/airflow/.local/lib/python3.8/site-packages/airflow/example_dags/example_kubernetes_executor.py
[2025-05-05T03:06:34.659+0000] {logging_mixin.py:154} INFO - [2025-05-05T03:06:34.659+0000] {dag.py:2941} INFO - Sync 1 DAGs
[2025-05-05T03:06:34.666+0000] {logging_mixin.py:154} INFO - [2025-05-05T03:06:34.666+0000] {dag.py:3722} INFO - Setting next_dagrun for example_kubernetes_executor to None, run_after=None
[2025-05-05T03:06:34.679+0000] {processor.py:179} INFO - Processing /home/airflow/.local/lib/python3.8/site-packages/airflow/example_dags/example_kubernetes_executor.py took 0.063 seconds
[2025-05-05T03:07:04.708+0000] {processor.py:157} INFO - Started process (PID=340) to work on /home/airflow/.local/lib/python3.8/site-packages/airflow/example_dags/example_kubernetes_executor.py
[2025-05-05T03:07:04.708+0000] {processor.py:829} INFO - Processing file /home/airflow/.local/lib/python3.8/site-packages/airflow/example_dags/example_kubernetes_executor.py for tasks to queue
[2025-05-05T03:07:04.709+0000] {logging_mixin.py:154} INFO - [2025-05-05T03:07:04.709+0000] {dagbag.py:536} INFO - Filling up the DagBag from /home/airflow/.local/lib/python3.8/site-packages/airflow/example_dags/example_kubernetes_executor.py
[2025-05-05T03:07:04.721+0000] {processor.py:839} INFO - DAG(s) dict_keys(['example_kubernetes_executor']) retrieved from /home/airflow/.local/lib/python3.8/site-packages/airflow/example_dags/example_kubernetes_executor.py
[2025-05-05T03:07:04.742+0000] {logging_mixin.py:154} INFO - [2025-05-05T03:07:04.742+0000] {dag.py:2941} INFO - Sync 1 DAGs
[2025-05-05T03:07:04.752+0000] {logging_mixin.py:154} INFO - [2025-05-05T03:07:04.752+0000] {dag.py:3722} INFO - Setting next_dagrun for example_kubernetes_executor to None, run_after=None
[2025-05-05T03:07:04.762+0000] {processor.py:179} INFO - Processing /home/airflow/.local/lib/python3.8/site-packages/airflow/example_dags/example_kubernetes_executor.py took 0.056 seconds
[2025-05-05T03:07:35.452+0000] {processor.py:157} INFO - Started process (PID=395) to work on /home/airflow/.local/lib/python3.8/site-packages/airflow/example_dags/example_kubernetes_executor.py
[2025-05-05T03:07:35.453+0000] {processor.py:829} INFO - Processing file /home/airflow/.local/lib/python3.8/site-packages/airflow/example_dags/example_kubernetes_executor.py for tasks to queue
[2025-05-05T03:07:35.456+0000] {logging_mixin.py:154} INFO - [2025-05-05T03:07:35.456+0000] {dagbag.py:536} INFO - Filling up the DagBag from /home/airflow/.local/lib/python3.8/site-packages/airflow/example_dags/example_kubernetes_executor.py
[2025-05-05T03:07:35.471+0000] {processor.py:839} INFO - DAG(s) dict_keys(['example_kubernetes_executor']) retrieved from /home/airflow/.local/lib/python3.8/site-packages/airflow/example_dags/example_kubernetes_executor.py
[2025-05-05T03:07:35.506+0000] {logging_mixin.py:154} INFO - [2025-05-05T03:07:35.506+0000] {dag.py:2941} INFO - Sync 1 DAGs
[2025-05-05T03:07:35.517+0000] {logging_mixin.py:154} INFO - [2025-05-05T03:07:35.517+0000] {dag.py:3722} INFO - Setting next_dagrun for example_kubernetes_executor to None, run_after=None
[2025-05-05T03:07:35.534+0000] {processor.py:179} INFO - Processing /home/airflow/.local/lib/python3.8/site-packages/airflow/example_dags/example_kubernetes_executor.py took 0.086 seconds
[2025-05-05T03:08:05.570+0000] {processor.py:157} INFO - Started process (PID=450) to work on /home/airflow/.local/lib/python3.8/site-packages/airflow/example_dags/example_kubernetes_executor.py
[2025-05-05T03:08:05.571+0000] {processor.py:829} INFO - Processing file /home/airflow/.local/lib/python3.8/site-packages/airflow/example_dags/example_kubernetes_executor.py for tasks to queue
[2025-05-05T03:08:05.574+0000] {logging_mixin.py:154} INFO - [2025-05-05T03:08:05.573+0000] {dagbag.py:536} INFO - Filling up the DagBag from /home/airflow/.local/lib/python3.8/site-packages/airflow/example_dags/example_kubernetes_executor.py
[2025-05-05T03:08:05.587+0000] {processor.py:839} INFO - DAG(s) dict_keys(['example_kubernetes_executor']) retrieved from /home/airflow/.local/lib/python3.8/site-packages/airflow/example_dags/example_kubernetes_executor.py
[2025-05-05T03:08:05.611+0000] {logging_mixin.py:154} INFO - [2025-05-05T03:08:05.610+0000] {dag.py:2941} INFO - Sync 1 DAGs
[2025-05-05T03:08:05.621+0000] {logging_mixin.py:154} INFO - [2025-05-05T03:08:05.620+0000] {dag.py:3722} INFO - Setting next_dagrun for example_kubernetes_executor to None, run_after=None
[2025-05-05T03:08:05.635+0000] {processor.py:179} INFO - Processing /home/airflow/.local/lib/python3.8/site-packages/airflow/example_dags/example_kubernetes_executor.py took 0.067 seconds
[2025-05-05T03:08:36.349+0000] {processor.py:157} INFO - Started process (PID=505) to work on /home/airflow/.local/lib/python3.8/site-packages/airflow/example_dags/example_kubernetes_executor.py
[2025-05-05T03:08:36.349+0000] {processor.py:829} INFO - Processing file /home/airflow/.local/lib/python3.8/site-packages/airflow/example_dags/example_kubernetes_executor.py for tasks to queue
[2025-05-05T03:08:36.351+0000] {logging_mixin.py:154} INFO - [2025-05-05T03:08:36.351+0000] {dagbag.py:536} INFO - Filling up the DagBag from /home/airflow/.local/lib/python3.8/site-packages/airflow/example_dags/example_kubernetes_executor.py
[2025-05-05T03:08:36.363+0000] {processor.py:839} INFO - DAG(s) dict_keys(['example_kubernetes_executor']) retrieved from /home/airflow/.local/lib/python3.8/site-packages/airflow/example_dags/example_kubernetes_executor.py
[2025-05-05T03:08:36.385+0000] {logging_mixin.py:154} INFO - [2025-05-05T03:08:36.385+0000] {dag.py:2941} INFO - Sync 1 DAGs
[2025-05-05T03:08:36.395+0000] {logging_mixin.py:154} INFO - [2025-05-05T03:08:36.395+0000] {dag.py:3722} INFO - Setting next_dagrun for example_kubernetes_executor to None, run_after=None
[2025-05-05T03:08:36.406+0000] {processor.py:179} INFO - Processing /home/airflow/.local/lib/python3.8/site-packages/airflow/example_dags/example_kubernetes_executor.py took 0.059 seconds
[2025-05-05T03:09:07.328+0000] {processor.py:157} INFO - Started process (PID=560) to work on /home/airflow/.local/lib/python3.8/site-packages/airflow/example_dags/example_kubernetes_executor.py
[2025-05-05T03:09:07.329+0000] {processor.py:829} INFO - Processing file /home/airflow/.local/lib/python3.8/site-packages/airflow/example_dags/example_kubernetes_executor.py for tasks to queue
[2025-05-05T03:09:07.330+0000] {logging_mixin.py:154} INFO - [2025-05-05T03:09:07.330+0000] {dagbag.py:536} INFO - Filling up the DagBag from /home/airflow/.local/lib/python3.8/site-packages/airflow/example_dags/example_kubernetes_executor.py
[2025-05-05T03:09:07.338+0000] {processor.py:839} INFO - DAG(s) dict_keys(['example_kubernetes_executor']) retrieved from /home/airflow/.local/lib/python3.8/site-packages/airflow/example_dags/example_kubernetes_executor.py
[2025-05-05T03:09:07.363+0000] {logging_mixin.py:154} INFO - [2025-05-05T03:09:07.363+0000] {dag.py:2941} INFO - Sync 1 DAGs
[2025-05-05T03:09:07.375+0000] {logging_mixin.py:154} INFO - [2025-05-05T03:09:07.374+0000] {dag.py:3722} INFO - Setting next_dagrun for example_kubernetes_executor to None, run_after=None
[2025-05-05T03:09:07.387+0000] {processor.py:179} INFO - Processing /home/airflow/.local/lib/python3.8/site-packages/airflow/example_dags/example_kubernetes_executor.py took 0.060 seconds
