[2025-05-05T03:04:32.111+0000] {processor.py:157} INFO - Started process (PID=81) to work on /home/airflow/.local/lib/python3.8/site-packages/airflow/example_dags/example_branch_datetime_operator.py
[2025-05-05T03:04:32.113+0000] {processor.py:829} INFO - Processing file /home/airflow/.local/lib/python3.8/site-packages/airflow/example_dags/example_branch_datetime_operator.py for tasks to queue
[2025-05-05T03:04:32.126+0000] {logging_mixin.py:154} INFO - [2025-05-05T03:04:32.126+0000] {dagbag.py:536} INFO - Filling up the DagBag from /home/airflow/.local/lib/python3.8/site-packages/airflow/example_dags/example_branch_datetime_operator.py
[2025-05-05T03:04:32.144+0000] {processor.py:839} INFO - DAG(s) dict_keys(['example_branch_datetime_operator', 'example_branch_datetime_operator_3', 'example_branch_datetime_operator_2']) retrieved from /home/airflow/.local/lib/python3.8/site-packages/airflow/example_dags/example_branch_datetime_operator.py
[2025-05-05T03:04:32.162+0000] {logging_mixin.py:154} INFO - [2025-05-05T03:04:32.162+0000] {dag.py:2941} INFO - Sync 3 DAGs
[2025-05-05T03:04:32.183+0000] {logging_mixin.py:154} INFO - [2025-05-05T03:04:32.183+0000] {dag.py:3722} INFO - Setting next_dagrun for example_branch_datetime_operator to 2025-05-04T00:00:00+00:00, run_after=2025-05-05T00:00:00+00:00
[2025-05-05T03:04:32.188+0000] {logging_mixin.py:154} INFO - [2025-05-05T03:04:32.187+0000] {dag.py:3722} INFO - Setting next_dagrun for example_branch_datetime_operator_2 to 2025-05-04T00:00:00+00:00, run_after=2025-05-05T00:00:00+00:00
[2025-05-05T03:04:32.191+0000] {logging_mixin.py:154} INFO - [2025-05-05T03:04:32.191+0000] {dag.py:3722} INFO - Setting next_dagrun for example_branch_datetime_operator_3 to 2025-05-04T00:00:00+00:00, run_after=2025-05-05T00:00:00+00:00
[2025-05-05T03:04:32.204+0000] {processor.py:179} INFO - Processing /home/airflow/.local/lib/python3.8/site-packages/airflow/example_dags/example_branch_datetime_operator.py took 0.096 seconds
[2025-05-05T03:05:02.469+0000] {processor.py:157} INFO - Started process (PID=136) to work on /home/airflow/.local/lib/python3.8/site-packages/airflow/example_dags/example_branch_datetime_operator.py
[2025-05-05T03:05:02.471+0000] {processor.py:829} INFO - Processing file /home/airflow/.local/lib/python3.8/site-packages/airflow/example_dags/example_branch_datetime_operator.py for tasks to queue
[2025-05-05T03:05:02.471+0000] {logging_mixin.py:154} INFO - [2025-05-05T03:05:02.471+0000] {dagbag.py:536} INFO - Filling up the DagBag from /home/airflow/.local/lib/python3.8/site-packages/airflow/example_dags/example_branch_datetime_operator.py
[2025-05-05T03:05:02.481+0000] {processor.py:839} INFO - DAG(s) dict_keys(['example_branch_datetime_operator_2', 'example_branch_datetime_operator_3', 'example_branch_datetime_operator']) retrieved from /home/airflow/.local/lib/python3.8/site-packages/airflow/example_dags/example_branch_datetime_operator.py
[2025-05-05T03:05:02.495+0000] {logging_mixin.py:154} INFO - [2025-05-05T03:05:02.495+0000] {dag.py:2941} INFO - Sync 3 DAGs
[2025-05-05T03:05:02.506+0000] {logging_mixin.py:154} INFO - [2025-05-05T03:05:02.506+0000] {dag.py:3722} INFO - Setting next_dagrun for example_branch_datetime_operator to 2025-05-04T00:00:00+00:00, run_after=2025-05-05T00:00:00+00:00
[2025-05-05T03:05:02.508+0000] {logging_mixin.py:154} INFO - [2025-05-05T03:05:02.508+0000] {dag.py:3722} INFO - Setting next_dagrun for example_branch_datetime_operator_2 to 2025-05-04T00:00:00+00:00, run_after=2025-05-05T00:00:00+00:00
[2025-05-05T03:05:02.509+0000] {logging_mixin.py:154} INFO - [2025-05-05T03:05:02.509+0000] {dag.py:3722} INFO - Setting next_dagrun for example_branch_datetime_operator_3 to 2025-05-04T00:00:00+00:00, run_after=2025-05-05T00:00:00+00:00
[2025-05-05T03:05:02.516+0000] {processor.py:179} INFO - Processing /home/airflow/.local/lib/python3.8/site-packages/airflow/example_dags/example_branch_datetime_operator.py took 0.048 seconds
[2025-05-05T03:05:33.261+0000] {processor.py:157} INFO - Started process (PID=190) to work on /home/airflow/.local/lib/python3.8/site-packages/airflow/example_dags/example_branch_datetime_operator.py
[2025-05-05T03:05:33.262+0000] {processor.py:829} INFO - Processing file /home/airflow/.local/lib/python3.8/site-packages/airflow/example_dags/example_branch_datetime_operator.py for tasks to queue
[2025-05-05T03:05:33.263+0000] {logging_mixin.py:154} INFO - [2025-05-05T03:05:33.262+0000] {dagbag.py:536} INFO - Filling up the DagBag from /home/airflow/.local/lib/python3.8/site-packages/airflow/example_dags/example_branch_datetime_operator.py
[2025-05-05T03:05:33.268+0000] {processor.py:839} INFO - DAG(s) dict_keys(['example_branch_datetime_operator_3', 'example_branch_datetime_operator_2', 'example_branch_datetime_operator']) retrieved from /home/airflow/.local/lib/python3.8/site-packages/airflow/example_dags/example_branch_datetime_operator.py
[2025-05-05T03:05:33.286+0000] {logging_mixin.py:154} INFO - [2025-05-05T03:05:33.285+0000] {dag.py:2941} INFO - Sync 3 DAGs
[2025-05-05T03:05:33.298+0000] {logging_mixin.py:154} INFO - [2025-05-05T03:05:33.298+0000] {dag.py:3722} INFO - Setting next_dagrun for example_branch_datetime_operator to 2025-05-04T00:00:00+00:00, run_after=2025-05-05T00:00:00+00:00
[2025-05-05T03:05:33.301+0000] {logging_mixin.py:154} INFO - [2025-05-05T03:05:33.300+0000] {dag.py:3722} INFO - Setting next_dagrun for example_branch_datetime_operator_2 to 2025-05-04T00:00:00+00:00, run_after=2025-05-05T00:00:00+00:00
[2025-05-05T03:05:33.302+0000] {logging_mixin.py:154} INFO - [2025-05-05T03:05:33.301+0000] {dag.py:3722} INFO - Setting next_dagrun for example_branch_datetime_operator_3 to 2025-05-04T00:00:00+00:00, run_after=2025-05-05T00:00:00+00:00
[2025-05-05T03:05:33.310+0000] {processor.py:179} INFO - Processing /home/airflow/.local/lib/python3.8/site-packages/airflow/example_dags/example_branch_datetime_operator.py took 0.050 seconds
[2025-05-05T03:06:04.039+0000] {processor.py:157} INFO - Started process (PID=246) to work on /home/airflow/.local/lib/python3.8/site-packages/airflow/example_dags/example_branch_datetime_operator.py
[2025-05-05T03:06:04.039+0000] {processor.py:829} INFO - Processing file /home/airflow/.local/lib/python3.8/site-packages/airflow/example_dags/example_branch_datetime_operator.py for tasks to queue
[2025-05-05T03:06:04.040+0000] {logging_mixin.py:154} INFO - [2025-05-05T03:06:04.040+0000] {dagbag.py:536} INFO - Filling up the DagBag from /home/airflow/.local/lib/python3.8/site-packages/airflow/example_dags/example_branch_datetime_operator.py
[2025-05-05T03:06:04.044+0000] {processor.py:839} INFO - DAG(s) dict_keys(['example_branch_datetime_operator_3', 'example_branch_datetime_operator_2', 'example_branch_datetime_operator']) retrieved from /home/airflow/.local/lib/python3.8/site-packages/airflow/example_dags/example_branch_datetime_operator.py
[2025-05-05T03:06:04.058+0000] {logging_mixin.py:154} INFO - [2025-05-05T03:06:04.058+0000] {dag.py:2941} INFO - Sync 3 DAGs
[2025-05-05T03:06:04.068+0000] {logging_mixin.py:154} INFO - [2025-05-05T03:06:04.067+0000] {dag.py:3722} INFO - Setting next_dagrun for example_branch_datetime_operator to 2025-05-04T00:00:00+00:00, run_after=2025-05-05T00:00:00+00:00
[2025-05-05T03:06:04.069+0000] {logging_mixin.py:154} INFO - [2025-05-05T03:06:04.069+0000] {dag.py:3722} INFO - Setting next_dagrun for example_branch_datetime_operator_2 to 2025-05-04T00:00:00+00:00, run_after=2025-05-05T00:00:00+00:00
[2025-05-05T03:06:04.070+0000] {logging_mixin.py:154} INFO - [2025-05-05T03:06:04.070+0000] {dag.py:3722} INFO - Setting next_dagrun for example_branch_datetime_operator_3 to 2025-05-04T00:00:00+00:00, run_after=2025-05-05T00:00:00+00:00
[2025-05-05T03:06:04.078+0000] {processor.py:179} INFO - Processing /home/airflow/.local/lib/python3.8/site-packages/airflow/example_dags/example_branch_datetime_operator.py took 0.041 seconds
[2025-05-05T03:06:35.276+0000] {processor.py:157} INFO - Started process (PID=301) to work on /home/airflow/.local/lib/python3.8/site-packages/airflow/example_dags/example_branch_datetime_operator.py
[2025-05-05T03:06:35.278+0000] {processor.py:829} INFO - Processing file /home/airflow/.local/lib/python3.8/site-packages/airflow/example_dags/example_branch_datetime_operator.py for tasks to queue
[2025-05-05T03:06:35.279+0000] {logging_mixin.py:154} INFO - [2025-05-05T03:06:35.279+0000] {dagbag.py:536} INFO - Filling up the DagBag from /home/airflow/.local/lib/python3.8/site-packages/airflow/example_dags/example_branch_datetime_operator.py
[2025-05-05T03:06:35.285+0000] {processor.py:839} INFO - DAG(s) dict_keys(['example_branch_datetime_operator', 'example_branch_datetime_operator_3', 'example_branch_datetime_operator_2']) retrieved from /home/airflow/.local/lib/python3.8/site-packages/airflow/example_dags/example_branch_datetime_operator.py
[2025-05-05T03:06:35.303+0000] {logging_mixin.py:154} INFO - [2025-05-05T03:06:35.303+0000] {dag.py:2941} INFO - Sync 3 DAGs
[2025-05-05T03:06:35.317+0000] {logging_mixin.py:154} INFO - [2025-05-05T03:06:35.317+0000] {dag.py:3722} INFO - Setting next_dagrun for example_branch_datetime_operator to 2025-05-04T00:00:00+00:00, run_after=2025-05-05T00:00:00+00:00
[2025-05-05T03:06:35.319+0000] {logging_mixin.py:154} INFO - [2025-05-05T03:06:35.319+0000] {dag.py:3722} INFO - Setting next_dagrun for example_branch_datetime_operator_2 to 2025-05-04T00:00:00+00:00, run_after=2025-05-05T00:00:00+00:00
[2025-05-05T03:06:35.320+0000] {logging_mixin.py:154} INFO - [2025-05-05T03:06:35.320+0000] {dag.py:3722} INFO - Setting next_dagrun for example_branch_datetime_operator_3 to 2025-05-04T00:00:00+00:00, run_after=2025-05-05T00:00:00+00:00
[2025-05-05T03:06:35.326+0000] {processor.py:179} INFO - Processing /home/airflow/.local/lib/python3.8/site-packages/airflow/example_dags/example_branch_datetime_operator.py took 0.052 seconds
[2025-05-05T03:07:06.195+0000] {processor.py:157} INFO - Started process (PID=356) to work on /home/airflow/.local/lib/python3.8/site-packages/airflow/example_dags/example_branch_datetime_operator.py
[2025-05-05T03:07:06.197+0000] {processor.py:829} INFO - Processing file /home/airflow/.local/lib/python3.8/site-packages/airflow/example_dags/example_branch_datetime_operator.py for tasks to queue
[2025-05-05T03:07:06.198+0000] {logging_mixin.py:154} INFO - [2025-05-05T03:07:06.197+0000] {dagbag.py:536} INFO - Filling up the DagBag from /home/airflow/.local/lib/python3.8/site-packages/airflow/example_dags/example_branch_datetime_operator.py
[2025-05-05T03:07:06.204+0000] {processor.py:839} INFO - DAG(s) dict_keys(['example_branch_datetime_operator', 'example_branch_datetime_operator_2', 'example_branch_datetime_operator_3']) retrieved from /home/airflow/.local/lib/python3.8/site-packages/airflow/example_dags/example_branch_datetime_operator.py
[2025-05-05T03:07:06.217+0000] {logging_mixin.py:154} INFO - [2025-05-05T03:07:06.217+0000] {dag.py:2941} INFO - Sync 3 DAGs
[2025-05-05T03:07:06.228+0000] {logging_mixin.py:154} INFO - [2025-05-05T03:07:06.228+0000] {dag.py:3722} INFO - Setting next_dagrun for example_branch_datetime_operator to 2025-05-04T00:00:00+00:00, run_after=2025-05-05T00:00:00+00:00
[2025-05-05T03:07:06.230+0000] {logging_mixin.py:154} INFO - [2025-05-05T03:07:06.230+0000] {dag.py:3722} INFO - Setting next_dagrun for example_branch_datetime_operator_2 to 2025-05-04T00:00:00+00:00, run_after=2025-05-05T00:00:00+00:00
[2025-05-05T03:07:06.231+0000] {logging_mixin.py:154} INFO - [2025-05-05T03:07:06.231+0000] {dag.py:3722} INFO - Setting next_dagrun for example_branch_datetime_operator_3 to 2025-05-04T00:00:00+00:00, run_after=2025-05-05T00:00:00+00:00
[2025-05-05T03:07:06.238+0000] {processor.py:179} INFO - Processing /home/airflow/.local/lib/python3.8/site-packages/airflow/example_dags/example_branch_datetime_operator.py took 0.045 seconds
[2025-05-05T03:07:36.952+0000] {processor.py:157} INFO - Started process (PID=411) to work on /home/airflow/.local/lib/python3.8/site-packages/airflow/example_dags/example_branch_datetime_operator.py
[2025-05-05T03:07:36.952+0000] {processor.py:829} INFO - Processing file /home/airflow/.local/lib/python3.8/site-packages/airflow/example_dags/example_branch_datetime_operator.py for tasks to queue
[2025-05-05T03:07:36.955+0000] {logging_mixin.py:154} INFO - [2025-05-05T03:07:36.954+0000] {dagbag.py:536} INFO - Filling up the DagBag from /home/airflow/.local/lib/python3.8/site-packages/airflow/example_dags/example_branch_datetime_operator.py
[2025-05-05T03:07:36.964+0000] {processor.py:839} INFO - DAG(s) dict_keys(['example_branch_datetime_operator_3', 'example_branch_datetime_operator_2', 'example_branch_datetime_operator']) retrieved from /home/airflow/.local/lib/python3.8/site-packages/airflow/example_dags/example_branch_datetime_operator.py
[2025-05-05T03:07:36.984+0000] {logging_mixin.py:154} INFO - [2025-05-05T03:07:36.984+0000] {dag.py:2941} INFO - Sync 3 DAGs
[2025-05-05T03:07:37.049+0000] {logging_mixin.py:154} INFO - [2025-05-05T03:07:37.049+0000] {dag.py:3722} INFO - Setting next_dagrun for example_branch_datetime_operator to 2025-05-04T00:00:00+00:00, run_after=2025-05-05T00:00:00+00:00
[2025-05-05T03:07:37.063+0000] {logging_mixin.py:154} INFO - [2025-05-05T03:07:37.063+0000] {dag.py:3722} INFO - Setting next_dagrun for example_branch_datetime_operator_2 to 2025-05-04T00:00:00+00:00, run_after=2025-05-05T00:00:00+00:00
[2025-05-05T03:07:37.064+0000] {logging_mixin.py:154} INFO - [2025-05-05T03:07:37.064+0000] {dag.py:3722} INFO - Setting next_dagrun for example_branch_datetime_operator_3 to 2025-05-04T00:00:00+00:00, run_after=2025-05-05T00:00:00+00:00
[2025-05-05T03:07:37.073+0000] {processor.py:179} INFO - Processing /home/airflow/.local/lib/python3.8/site-packages/airflow/example_dags/example_branch_datetime_operator.py took 0.123 seconds
[2025-05-05T03:08:08.053+0000] {processor.py:157} INFO - Started process (PID=466) to work on /home/airflow/.local/lib/python3.8/site-packages/airflow/example_dags/example_branch_datetime_operator.py
[2025-05-05T03:08:08.053+0000] {processor.py:829} INFO - Processing file /home/airflow/.local/lib/python3.8/site-packages/airflow/example_dags/example_branch_datetime_operator.py for tasks to queue
[2025-05-05T03:08:08.056+0000] {logging_mixin.py:154} INFO - [2025-05-05T03:08:08.056+0000] {dagbag.py:536} INFO - Filling up the DagBag from /home/airflow/.local/lib/python3.8/site-packages/airflow/example_dags/example_branch_datetime_operator.py
[2025-05-05T03:08:08.063+0000] {processor.py:839} INFO - DAG(s) dict_keys(['example_branch_datetime_operator_2', 'example_branch_datetime_operator_3', 'example_branch_datetime_operator']) retrieved from /home/airflow/.local/lib/python3.8/site-packages/airflow/example_dags/example_branch_datetime_operator.py
[2025-05-05T03:08:08.085+0000] {logging_mixin.py:154} INFO - [2025-05-05T03:08:08.085+0000] {dag.py:2941} INFO - Sync 3 DAGs
[2025-05-05T03:08:08.097+0000] {logging_mixin.py:154} INFO - [2025-05-05T03:08:08.097+0000] {dag.py:3722} INFO - Setting next_dagrun for example_branch_datetime_operator to 2025-05-04T00:00:00+00:00, run_after=2025-05-05T00:00:00+00:00
[2025-05-05T03:08:08.099+0000] {logging_mixin.py:154} INFO - [2025-05-05T03:08:08.099+0000] {dag.py:3722} INFO - Setting next_dagrun for example_branch_datetime_operator_2 to 2025-05-04T00:00:00+00:00, run_after=2025-05-05T00:00:00+00:00
[2025-05-05T03:08:08.100+0000] {logging_mixin.py:154} INFO - [2025-05-05T03:08:08.100+0000] {dag.py:3722} INFO - Setting next_dagrun for example_branch_datetime_operator_3 to 2025-05-04T00:00:00+00:00, run_after=2025-05-05T00:00:00+00:00
[2025-05-05T03:08:08.110+0000] {processor.py:179} INFO - Processing /home/airflow/.local/lib/python3.8/site-packages/airflow/example_dags/example_branch_datetime_operator.py took 0.061 seconds
[2025-05-05T03:08:38.889+0000] {processor.py:157} INFO - Started process (PID=521) to work on /home/airflow/.local/lib/python3.8/site-packages/airflow/example_dags/example_branch_datetime_operator.py
[2025-05-05T03:08:38.891+0000] {processor.py:829} INFO - Processing file /home/airflow/.local/lib/python3.8/site-packages/airflow/example_dags/example_branch_datetime_operator.py for tasks to queue
[2025-05-05T03:08:38.895+0000] {logging_mixin.py:154} INFO - [2025-05-05T03:08:38.895+0000] {dagbag.py:536} INFO - Filling up the DagBag from /home/airflow/.local/lib/python3.8/site-packages/airflow/example_dags/example_branch_datetime_operator.py
[2025-05-05T03:08:38.910+0000] {processor.py:839} INFO - DAG(s) dict_keys(['example_branch_datetime_operator', 'example_branch_datetime_operator_2', 'example_branch_datetime_operator_3']) retrieved from /home/airflow/.local/lib/python3.8/site-packages/airflow/example_dags/example_branch_datetime_operator.py
[2025-05-05T03:08:38.935+0000] {logging_mixin.py:154} INFO - [2025-05-05T03:08:38.935+0000] {dag.py:2941} INFO - Sync 3 DAGs
[2025-05-05T03:08:38.954+0000] {logging_mixin.py:154} INFO - [2025-05-05T03:08:38.954+0000] {dag.py:3722} INFO - Setting next_dagrun for example_branch_datetime_operator to 2025-05-04T00:00:00+00:00, run_after=2025-05-05T00:00:00+00:00
[2025-05-05T03:08:38.956+0000] {logging_mixin.py:154} INFO - [2025-05-05T03:08:38.956+0000] {dag.py:3722} INFO - Setting next_dagrun for example_branch_datetime_operator_2 to 2025-05-04T00:00:00+00:00, run_after=2025-05-05T00:00:00+00:00
[2025-05-05T03:08:38.958+0000] {logging_mixin.py:154} INFO - [2025-05-05T03:08:38.958+0000] {dag.py:3722} INFO - Setting next_dagrun for example_branch_datetime_operator_3 to 2025-05-04T00:00:00+00:00, run_after=2025-05-05T00:00:00+00:00
[2025-05-05T03:08:38.970+0000] {processor.py:179} INFO - Processing /home/airflow/.local/lib/python3.8/site-packages/airflow/example_dags/example_branch_datetime_operator.py took 0.086 seconds
[2025-05-05T03:09:09.810+0000] {processor.py:157} INFO - Started process (PID=576) to work on /home/airflow/.local/lib/python3.8/site-packages/airflow/example_dags/example_branch_datetime_operator.py
[2025-05-05T03:09:09.811+0000] {processor.py:829} INFO - Processing file /home/airflow/.local/lib/python3.8/site-packages/airflow/example_dags/example_branch_datetime_operator.py for tasks to queue
[2025-05-05T03:09:09.813+0000] {logging_mixin.py:154} INFO - [2025-05-05T03:09:09.813+0000] {dagbag.py:536} INFO - Filling up the DagBag from /home/airflow/.local/lib/python3.8/site-packages/airflow/example_dags/example_branch_datetime_operator.py
[2025-05-05T03:09:09.822+0000] {processor.py:839} INFO - DAG(s) dict_keys(['example_branch_datetime_operator', 'example_branch_datetime_operator_3', 'example_branch_datetime_operator_2']) retrieved from /home/airflow/.local/lib/python3.8/site-packages/airflow/example_dags/example_branch_datetime_operator.py
[2025-05-05T03:09:09.838+0000] {logging_mixin.py:154} INFO - [2025-05-05T03:09:09.838+0000] {dag.py:2941} INFO - Sync 3 DAGs
[2025-05-05T03:09:09.853+0000] {logging_mixin.py:154} INFO - [2025-05-05T03:09:09.852+0000] {dag.py:3722} INFO - Setting next_dagrun for example_branch_datetime_operator to 2025-05-04T00:00:00+00:00, run_after=2025-05-05T00:00:00+00:00
[2025-05-05T03:09:09.855+0000] {logging_mixin.py:154} INFO - [2025-05-05T03:09:09.855+0000] {dag.py:3722} INFO - Setting next_dagrun for example_branch_datetime_operator_2 to 2025-05-04T00:00:00+00:00, run_after=2025-05-05T00:00:00+00:00
[2025-05-05T03:09:09.856+0000] {logging_mixin.py:154} INFO - [2025-05-05T03:09:09.856+0000] {dag.py:3722} INFO - Setting next_dagrun for example_branch_datetime_operator_3 to 2025-05-04T00:00:00+00:00, run_after=2025-05-05T00:00:00+00:00
[2025-05-05T03:09:09.872+0000] {processor.py:179} INFO - Processing /home/airflow/.local/lib/python3.8/site-packages/airflow/example_dags/example_branch_datetime_operator.py took 0.068 seconds
