[2025-05-05T03:04:30.467+0000] {processor.py:157} INFO - Started process (PID=50) to work on /home/airflow/.local/lib/python3.8/site-packages/airflow/example_dags/example_subdag_operator.py
[2025-05-05T03:04:30.470+0000] {processor.py:829} INFO - Processing file /home/airflow/.local/lib/python3.8/site-packages/airflow/example_dags/example_subdag_operator.py for tasks to queue
[2025-05-05T03:04:30.476+0000] {logging_mixin.py:154} INFO - [2025-05-05T03:04:30.475+0000] {dagbag.py:536} INFO - Filling up the DagBag from /home/airflow/.local/lib/python3.8/site-packages/airflow/example_dags/example_subdag_operator.py
[2025-05-05T03:04:30.532+0000] {processor.py:839} INFO - DAG(s) dict_keys(['example_subdag_operator.section-1', 'example_subdag_operator.section-2', 'example_subdag_operator']) retrieved from /home/airflow/.local/lib/python3.8/site-packages/airflow/example_dags/example_subdag_operator.py
[2025-05-05T03:04:30.540+0000] {logging_mixin.py:154} INFO - [2025-05-05T03:04:30.539+0000] {dag.py:2941} INFO - Sync 3 DAGs
[2025-05-05T03:04:30.595+0000] {logging_mixin.py:154} INFO - [2025-05-05T03:04:30.594+0000] {dag.py:3722} INFO - Setting next_dagrun for example_subdag_operator to 2022-01-01T00:00:00+00:00, run_after=2022-01-01T00:00:00+00:00
[2025-05-05T03:04:30.608+0000] {logging_mixin.py:154} INFO - [2025-05-05T03:04:30.608+0000] {dag.py:3722} INFO - Setting next_dagrun for example_subdag_operator.section-1 to None, run_after=None
[2025-05-05T03:04:30.616+0000] {logging_mixin.py:154} INFO - [2025-05-05T03:04:30.615+0000] {dag.py:3722} INFO - Setting next_dagrun for example_subdag_operator.section-2 to None, run_after=None
[2025-05-05T03:04:30.630+0000] {logging_mixin.py:154} INFO - [2025-05-05T03:04:30.630+0000] {dag.py:2941} INFO - Sync 2 DAGs
[2025-05-05T03:04:30.636+0000] {logging_mixin.py:154} INFO - [2025-05-05T03:04:30.636+0000] {dag.py:3722} INFO - Setting next_dagrun for example_subdag_operator.section-1 to None, run_after=None
[2025-05-05T03:04:30.638+0000] {logging_mixin.py:154} INFO - [2025-05-05T03:04:30.637+0000] {dag.py:3722} INFO - Setting next_dagrun for example_subdag_operator.section-2 to None, run_after=None
[2025-05-05T03:04:30.655+0000] {processor.py:179} INFO - Processing /home/airflow/.local/lib/python3.8/site-packages/airflow/example_dags/example_subdag_operator.py took 0.192 seconds
[2025-05-05T03:05:00.682+0000] {processor.py:157} INFO - Started process (PID=104) to work on /home/airflow/.local/lib/python3.8/site-packages/airflow/example_dags/example_subdag_operator.py
[2025-05-05T03:05:00.684+0000] {processor.py:829} INFO - Processing file /home/airflow/.local/lib/python3.8/site-packages/airflow/example_dags/example_subdag_operator.py for tasks to queue
[2025-05-05T03:05:00.685+0000] {logging_mixin.py:154} INFO - [2025-05-05T03:05:00.685+0000] {dagbag.py:536} INFO - Filling up the DagBag from /home/airflow/.local/lib/python3.8/site-packages/airflow/example_dags/example_subdag_operator.py
[2025-05-05T03:05:00.700+0000] {processor.py:839} INFO - DAG(s) dict_keys(['example_subdag_operator.section-1', 'example_subdag_operator.section-2', 'example_subdag_operator']) retrieved from /home/airflow/.local/lib/python3.8/site-packages/airflow/example_dags/example_subdag_operator.py
[2025-05-05T03:05:00.707+0000] {logging_mixin.py:154} INFO - [2025-05-05T03:05:00.707+0000] {dag.py:2941} INFO - Sync 3 DAGs
[2025-05-05T03:05:00.717+0000] {logging_mixin.py:154} INFO - [2025-05-05T03:05:00.717+0000] {dag.py:3722} INFO - Setting next_dagrun for example_subdag_operator to 2022-01-01T00:00:00+00:00, run_after=2022-01-01T00:00:00+00:00
[2025-05-05T03:05:00.722+0000] {logging_mixin.py:154} INFO - [2025-05-05T03:05:00.722+0000] {dag.py:3722} INFO - Setting next_dagrun for example_subdag_operator.section-1 to None, run_after=None
[2025-05-05T03:05:00.722+0000] {logging_mixin.py:154} INFO - [2025-05-05T03:05:00.722+0000] {dag.py:3722} INFO - Setting next_dagrun for example_subdag_operator.section-2 to None, run_after=None
[2025-05-05T03:05:00.728+0000] {logging_mixin.py:154} INFO - [2025-05-05T03:05:00.728+0000] {dag.py:2941} INFO - Sync 2 DAGs
[2025-05-05T03:05:00.731+0000] {logging_mixin.py:154} INFO - [2025-05-05T03:05:00.731+0000] {dag.py:3722} INFO - Setting next_dagrun for example_subdag_operator.section-1 to None, run_after=None
[2025-05-05T03:05:00.731+0000] {logging_mixin.py:154} INFO - [2025-05-05T03:05:00.731+0000] {dag.py:3722} INFO - Setting next_dagrun for example_subdag_operator.section-2 to None, run_after=None
[2025-05-05T03:05:00.736+0000] {processor.py:179} INFO - Processing /home/airflow/.local/lib/python3.8/site-packages/airflow/example_dags/example_subdag_operator.py took 0.055 seconds
[2025-05-05T03:05:31.514+0000] {processor.py:157} INFO - Started process (PID=166) to work on /home/airflow/.local/lib/python3.8/site-packages/airflow/example_dags/example_subdag_operator.py
[2025-05-05T03:05:31.515+0000] {processor.py:829} INFO - Processing file /home/airflow/.local/lib/python3.8/site-packages/airflow/example_dags/example_subdag_operator.py for tasks to queue
[2025-05-05T03:05:31.517+0000] {logging_mixin.py:154} INFO - [2025-05-05T03:05:31.517+0000] {dagbag.py:536} INFO - Filling up the DagBag from /home/airflow/.local/lib/python3.8/site-packages/airflow/example_dags/example_subdag_operator.py
[2025-05-05T03:05:31.531+0000] {processor.py:839} INFO - DAG(s) dict_keys(['example_subdag_operator.section-1', 'example_subdag_operator.section-2', 'example_subdag_operator']) retrieved from /home/airflow/.local/lib/python3.8/site-packages/airflow/example_dags/example_subdag_operator.py
[2025-05-05T03:05:31.538+0000] {logging_mixin.py:154} INFO - [2025-05-05T03:05:31.538+0000] {dag.py:2941} INFO - Sync 3 DAGs
[2025-05-05T03:05:31.553+0000] {logging_mixin.py:154} INFO - [2025-05-05T03:05:31.553+0000] {dag.py:3722} INFO - Setting next_dagrun for example_subdag_operator to 2022-01-01T00:00:00+00:00, run_after=2022-01-01T00:00:00+00:00
[2025-05-05T03:05:31.555+0000] {logging_mixin.py:154} INFO - [2025-05-05T03:05:31.555+0000] {dag.py:3722} INFO - Setting next_dagrun for example_subdag_operator.section-1 to None, run_after=None
[2025-05-05T03:05:31.556+0000] {logging_mixin.py:154} INFO - [2025-05-05T03:05:31.556+0000] {dag.py:3722} INFO - Setting next_dagrun for example_subdag_operator.section-2 to None, run_after=None
[2025-05-05T03:05:31.560+0000] {logging_mixin.py:154} INFO - [2025-05-05T03:05:31.560+0000] {dag.py:2941} INFO - Sync 2 DAGs
[2025-05-05T03:05:31.562+0000] {logging_mixin.py:154} INFO - [2025-05-05T03:05:31.562+0000] {dag.py:3722} INFO - Setting next_dagrun for example_subdag_operator.section-1 to None, run_after=None
[2025-05-05T03:05:31.563+0000] {logging_mixin.py:154} INFO - [2025-05-05T03:05:31.563+0000] {dag.py:3722} INFO - Setting next_dagrun for example_subdag_operator.section-2 to None, run_after=None
[2025-05-05T03:05:31.573+0000] {processor.py:179} INFO - Processing /home/airflow/.local/lib/python3.8/site-packages/airflow/example_dags/example_subdag_operator.py took 0.061 seconds
[2025-05-05T03:06:02.158+0000] {processor.py:157} INFO - Started process (PID=221) to work on /home/airflow/.local/lib/python3.8/site-packages/airflow/example_dags/example_subdag_operator.py
[2025-05-05T03:06:02.159+0000] {processor.py:829} INFO - Processing file /home/airflow/.local/lib/python3.8/site-packages/airflow/example_dags/example_subdag_operator.py for tasks to queue
[2025-05-05T03:06:02.161+0000] {logging_mixin.py:154} INFO - [2025-05-05T03:06:02.161+0000] {dagbag.py:536} INFO - Filling up the DagBag from /home/airflow/.local/lib/python3.8/site-packages/airflow/example_dags/example_subdag_operator.py
[2025-05-05T03:06:02.179+0000] {processor.py:839} INFO - DAG(s) dict_keys(['example_subdag_operator.section-1', 'example_subdag_operator.section-2', 'example_subdag_operator']) retrieved from /home/airflow/.local/lib/python3.8/site-packages/airflow/example_dags/example_subdag_operator.py
[2025-05-05T03:06:02.186+0000] {logging_mixin.py:154} INFO - [2025-05-05T03:06:02.186+0000] {dag.py:2941} INFO - Sync 3 DAGs
[2025-05-05T03:06:02.203+0000] {logging_mixin.py:154} INFO - [2025-05-05T03:06:02.202+0000] {dag.py:3722} INFO - Setting next_dagrun for example_subdag_operator to 2022-01-01T00:00:00+00:00, run_after=2022-01-01T00:00:00+00:00
[2025-05-05T03:06:02.206+0000] {logging_mixin.py:154} INFO - [2025-05-05T03:06:02.205+0000] {dag.py:3722} INFO - Setting next_dagrun for example_subdag_operator.section-1 to None, run_after=None
[2025-05-05T03:06:02.206+0000] {logging_mixin.py:154} INFO - [2025-05-05T03:06:02.206+0000] {dag.py:3722} INFO - Setting next_dagrun for example_subdag_operator.section-2 to None, run_after=None
[2025-05-05T03:06:02.209+0000] {logging_mixin.py:154} INFO - [2025-05-05T03:06:02.209+0000] {dag.py:2941} INFO - Sync 2 DAGs
[2025-05-05T03:06:02.212+0000] {logging_mixin.py:154} INFO - [2025-05-05T03:06:02.212+0000] {dag.py:3722} INFO - Setting next_dagrun for example_subdag_operator.section-1 to None, run_after=None
[2025-05-05T03:06:02.212+0000] {logging_mixin.py:154} INFO - [2025-05-05T03:06:02.212+0000] {dag.py:3722} INFO - Setting next_dagrun for example_subdag_operator.section-2 to None, run_after=None
[2025-05-05T03:06:02.219+0000] {processor.py:179} INFO - Processing /home/airflow/.local/lib/python3.8/site-packages/airflow/example_dags/example_subdag_operator.py took 0.063 seconds
[2025-05-05T03:06:32.288+0000] {processor.py:157} INFO - Started process (PID=276) to work on /home/airflow/.local/lib/python3.8/site-packages/airflow/example_dags/example_subdag_operator.py
[2025-05-05T03:06:32.289+0000] {processor.py:829} INFO - Processing file /home/airflow/.local/lib/python3.8/site-packages/airflow/example_dags/example_subdag_operator.py for tasks to queue
[2025-05-05T03:06:32.290+0000] {logging_mixin.py:154} INFO - [2025-05-05T03:06:32.290+0000] {dagbag.py:536} INFO - Filling up the DagBag from /home/airflow/.local/lib/python3.8/site-packages/airflow/example_dags/example_subdag_operator.py
[2025-05-05T03:06:32.301+0000] {processor.py:839} INFO - DAG(s) dict_keys(['example_subdag_operator.section-1', 'example_subdag_operator.section-2', 'example_subdag_operator']) retrieved from /home/airflow/.local/lib/python3.8/site-packages/airflow/example_dags/example_subdag_operator.py
[2025-05-05T03:06:32.307+0000] {logging_mixin.py:154} INFO - [2025-05-05T03:06:32.307+0000] {dag.py:2941} INFO - Sync 3 DAGs
[2025-05-05T03:06:32.316+0000] {logging_mixin.py:154} INFO - [2025-05-05T03:06:32.316+0000] {dag.py:3722} INFO - Setting next_dagrun for example_subdag_operator to 2022-01-01T00:00:00+00:00, run_after=2022-01-01T00:00:00+00:00
[2025-05-05T03:06:32.318+0000] {logging_mixin.py:154} INFO - [2025-05-05T03:06:32.318+0000] {dag.py:3722} INFO - Setting next_dagrun for example_subdag_operator.section-1 to None, run_after=None
[2025-05-05T03:06:32.318+0000] {logging_mixin.py:154} INFO - [2025-05-05T03:06:32.318+0000] {dag.py:3722} INFO - Setting next_dagrun for example_subdag_operator.section-2 to None, run_after=None
[2025-05-05T03:06:32.321+0000] {logging_mixin.py:154} INFO - [2025-05-05T03:06:32.321+0000] {dag.py:2941} INFO - Sync 2 DAGs
[2025-05-05T03:06:32.323+0000] {logging_mixin.py:154} INFO - [2025-05-05T03:06:32.323+0000] {dag.py:3722} INFO - Setting next_dagrun for example_subdag_operator.section-1 to None, run_after=None
[2025-05-05T03:06:32.323+0000] {logging_mixin.py:154} INFO - [2025-05-05T03:06:32.323+0000] {dag.py:3722} INFO - Setting next_dagrun for example_subdag_operator.section-2 to None, run_after=None
[2025-05-05T03:06:32.326+0000] {processor.py:179} INFO - Processing /home/airflow/.local/lib/python3.8/site-packages/airflow/example_dags/example_subdag_operator.py took 0.040 seconds
[2025-05-05T03:07:02.408+0000] {processor.py:157} INFO - Started process (PID=331) to work on /home/airflow/.local/lib/python3.8/site-packages/airflow/example_dags/example_subdag_operator.py
[2025-05-05T03:07:02.408+0000] {processor.py:829} INFO - Processing file /home/airflow/.local/lib/python3.8/site-packages/airflow/example_dags/example_subdag_operator.py for tasks to queue
[2025-05-05T03:07:02.409+0000] {logging_mixin.py:154} INFO - [2025-05-05T03:07:02.409+0000] {dagbag.py:536} INFO - Filling up the DagBag from /home/airflow/.local/lib/python3.8/site-packages/airflow/example_dags/example_subdag_operator.py
[2025-05-05T03:07:02.419+0000] {processor.py:839} INFO - DAG(s) dict_keys(['example_subdag_operator.section-1', 'example_subdag_operator.section-2', 'example_subdag_operator']) retrieved from /home/airflow/.local/lib/python3.8/site-packages/airflow/example_dags/example_subdag_operator.py
[2025-05-05T03:07:02.424+0000] {logging_mixin.py:154} INFO - [2025-05-05T03:07:02.424+0000] {dag.py:2941} INFO - Sync 3 DAGs
[2025-05-05T03:07:02.431+0000] {logging_mixin.py:154} INFO - [2025-05-05T03:07:02.431+0000] {dag.py:3722} INFO - Setting next_dagrun for example_subdag_operator to 2022-01-01T00:00:00+00:00, run_after=2022-01-01T00:00:00+00:00
[2025-05-05T03:07:02.432+0000] {logging_mixin.py:154} INFO - [2025-05-05T03:07:02.432+0000] {dag.py:3722} INFO - Setting next_dagrun for example_subdag_operator.section-1 to None, run_after=None
[2025-05-05T03:07:02.432+0000] {logging_mixin.py:154} INFO - [2025-05-05T03:07:02.432+0000] {dag.py:3722} INFO - Setting next_dagrun for example_subdag_operator.section-2 to None, run_after=None
[2025-05-05T03:07:02.434+0000] {logging_mixin.py:154} INFO - [2025-05-05T03:07:02.434+0000] {dag.py:2941} INFO - Sync 2 DAGs
[2025-05-05T03:07:02.436+0000] {logging_mixin.py:154} INFO - [2025-05-05T03:07:02.436+0000] {dag.py:3722} INFO - Setting next_dagrun for example_subdag_operator.section-1 to None, run_after=None
[2025-05-05T03:07:02.436+0000] {logging_mixin.py:154} INFO - [2025-05-05T03:07:02.436+0000] {dag.py:3722} INFO - Setting next_dagrun for example_subdag_operator.section-2 to None, run_after=None
[2025-05-05T03:07:02.439+0000] {processor.py:179} INFO - Processing /home/airflow/.local/lib/python3.8/site-packages/airflow/example_dags/example_subdag_operator.py took 0.033 seconds
[2025-05-05T03:07:33.117+0000] {processor.py:157} INFO - Started process (PID=386) to work on /home/airflow/.local/lib/python3.8/site-packages/airflow/example_dags/example_subdag_operator.py
[2025-05-05T03:07:33.118+0000] {processor.py:829} INFO - Processing file /home/airflow/.local/lib/python3.8/site-packages/airflow/example_dags/example_subdag_operator.py for tasks to queue
[2025-05-05T03:07:33.120+0000] {logging_mixin.py:154} INFO - [2025-05-05T03:07:33.119+0000] {dagbag.py:536} INFO - Filling up the DagBag from /home/airflow/.local/lib/python3.8/site-packages/airflow/example_dags/example_subdag_operator.py
[2025-05-05T03:07:33.135+0000] {processor.py:839} INFO - DAG(s) dict_keys(['example_subdag_operator.section-1', 'example_subdag_operator.section-2', 'example_subdag_operator']) retrieved from /home/airflow/.local/lib/python3.8/site-packages/airflow/example_dags/example_subdag_operator.py
[2025-05-05T03:07:33.141+0000] {logging_mixin.py:154} INFO - [2025-05-05T03:07:33.141+0000] {dag.py:2941} INFO - Sync 3 DAGs
[2025-05-05T03:07:33.152+0000] {logging_mixin.py:154} INFO - [2025-05-05T03:07:33.152+0000] {dag.py:3722} INFO - Setting next_dagrun for example_subdag_operator to 2022-01-01T00:00:00+00:00, run_after=2022-01-01T00:00:00+00:00
[2025-05-05T03:07:33.154+0000] {logging_mixin.py:154} INFO - [2025-05-05T03:07:33.154+0000] {dag.py:3722} INFO - Setting next_dagrun for example_subdag_operator.section-1 to None, run_after=None
[2025-05-05T03:07:33.155+0000] {logging_mixin.py:154} INFO - [2025-05-05T03:07:33.155+0000] {dag.py:3722} INFO - Setting next_dagrun for example_subdag_operator.section-2 to None, run_after=None
[2025-05-05T03:07:33.158+0000] {logging_mixin.py:154} INFO - [2025-05-05T03:07:33.158+0000] {dag.py:2941} INFO - Sync 2 DAGs
[2025-05-05T03:07:33.162+0000] {logging_mixin.py:154} INFO - [2025-05-05T03:07:33.162+0000] {dag.py:3722} INFO - Setting next_dagrun for example_subdag_operator.section-1 to None, run_after=None
[2025-05-05T03:07:33.162+0000] {logging_mixin.py:154} INFO - [2025-05-05T03:07:33.162+0000] {dag.py:3722} INFO - Setting next_dagrun for example_subdag_operator.section-2 to None, run_after=None
[2025-05-05T03:07:33.168+0000] {processor.py:179} INFO - Processing /home/airflow/.local/lib/python3.8/site-packages/airflow/example_dags/example_subdag_operator.py took 0.052 seconds
[2025-05-05T03:08:03.262+0000] {processor.py:157} INFO - Started process (PID=441) to work on /home/airflow/.local/lib/python3.8/site-packages/airflow/example_dags/example_subdag_operator.py
[2025-05-05T03:08:03.263+0000] {processor.py:829} INFO - Processing file /home/airflow/.local/lib/python3.8/site-packages/airflow/example_dags/example_subdag_operator.py for tasks to queue
[2025-05-05T03:08:03.263+0000] {logging_mixin.py:154} INFO - [2025-05-05T03:08:03.263+0000] {dagbag.py:536} INFO - Filling up the DagBag from /home/airflow/.local/lib/python3.8/site-packages/airflow/example_dags/example_subdag_operator.py
[2025-05-05T03:08:03.274+0000] {processor.py:839} INFO - DAG(s) dict_keys(['example_subdag_operator.section-1', 'example_subdag_operator.section-2', 'example_subdag_operator']) retrieved from /home/airflow/.local/lib/python3.8/site-packages/airflow/example_dags/example_subdag_operator.py
[2025-05-05T03:08:03.279+0000] {logging_mixin.py:154} INFO - [2025-05-05T03:08:03.279+0000] {dag.py:2941} INFO - Sync 3 DAGs
[2025-05-05T03:08:03.287+0000] {logging_mixin.py:154} INFO - [2025-05-05T03:08:03.287+0000] {dag.py:3722} INFO - Setting next_dagrun for example_subdag_operator to 2022-01-01T00:00:00+00:00, run_after=2022-01-01T00:00:00+00:00
[2025-05-05T03:08:03.288+0000] {logging_mixin.py:154} INFO - [2025-05-05T03:08:03.288+0000] {dag.py:3722} INFO - Setting next_dagrun for example_subdag_operator.section-1 to None, run_after=None
[2025-05-05T03:08:03.288+0000] {logging_mixin.py:154} INFO - [2025-05-05T03:08:03.288+0000] {dag.py:3722} INFO - Setting next_dagrun for example_subdag_operator.section-2 to None, run_after=None
[2025-05-05T03:08:03.290+0000] {logging_mixin.py:154} INFO - [2025-05-05T03:08:03.290+0000] {dag.py:2941} INFO - Sync 2 DAGs
[2025-05-05T03:08:03.292+0000] {logging_mixin.py:154} INFO - [2025-05-05T03:08:03.292+0000] {dag.py:3722} INFO - Setting next_dagrun for example_subdag_operator.section-1 to None, run_after=None
[2025-05-05T03:08:03.292+0000] {logging_mixin.py:154} INFO - [2025-05-05T03:08:03.292+0000] {dag.py:3722} INFO - Setting next_dagrun for example_subdag_operator.section-2 to None, run_after=None
[2025-05-05T03:08:03.295+0000] {processor.py:179} INFO - Processing /home/airflow/.local/lib/python3.8/site-packages/airflow/example_dags/example_subdag_operator.py took 0.034 seconds
[2025-05-05T03:08:34.063+0000] {processor.py:157} INFO - Started process (PID=496) to work on /home/airflow/.local/lib/python3.8/site-packages/airflow/example_dags/example_subdag_operator.py
[2025-05-05T03:08:34.063+0000] {processor.py:829} INFO - Processing file /home/airflow/.local/lib/python3.8/site-packages/airflow/example_dags/example_subdag_operator.py for tasks to queue
[2025-05-05T03:08:34.065+0000] {logging_mixin.py:154} INFO - [2025-05-05T03:08:34.065+0000] {dagbag.py:536} INFO - Filling up the DagBag from /home/airflow/.local/lib/python3.8/site-packages/airflow/example_dags/example_subdag_operator.py
[2025-05-05T03:08:34.077+0000] {processor.py:839} INFO - DAG(s) dict_keys(['example_subdag_operator.section-1', 'example_subdag_operator.section-2', 'example_subdag_operator']) retrieved from /home/airflow/.local/lib/python3.8/site-packages/airflow/example_dags/example_subdag_operator.py
[2025-05-05T03:08:34.083+0000] {logging_mixin.py:154} INFO - [2025-05-05T03:08:34.083+0000] {dag.py:2941} INFO - Sync 3 DAGs
[2025-05-05T03:08:34.096+0000] {logging_mixin.py:154} INFO - [2025-05-05T03:08:34.096+0000] {dag.py:3722} INFO - Setting next_dagrun for example_subdag_operator to 2022-01-01T00:00:00+00:00, run_after=2022-01-01T00:00:00+00:00
[2025-05-05T03:08:34.098+0000] {logging_mixin.py:154} INFO - [2025-05-05T03:08:34.098+0000] {dag.py:3722} INFO - Setting next_dagrun for example_subdag_operator.section-1 to None, run_after=None
[2025-05-05T03:08:34.098+0000] {logging_mixin.py:154} INFO - [2025-05-05T03:08:34.098+0000] {dag.py:3722} INFO - Setting next_dagrun for example_subdag_operator.section-2 to None, run_after=None
[2025-05-05T03:08:34.102+0000] {logging_mixin.py:154} INFO - [2025-05-05T03:08:34.102+0000] {dag.py:2941} INFO - Sync 2 DAGs
[2025-05-05T03:08:34.104+0000] {logging_mixin.py:154} INFO - [2025-05-05T03:08:34.104+0000] {dag.py:3722} INFO - Setting next_dagrun for example_subdag_operator.section-1 to None, run_after=None
[2025-05-05T03:08:34.105+0000] {logging_mixin.py:154} INFO - [2025-05-05T03:08:34.105+0000] {dag.py:3722} INFO - Setting next_dagrun for example_subdag_operator.section-2 to None, run_after=None
[2025-05-05T03:08:34.110+0000] {processor.py:179} INFO - Processing /home/airflow/.local/lib/python3.8/site-packages/airflow/example_dags/example_subdag_operator.py took 0.049 seconds
[2025-05-05T03:09:04.939+0000] {processor.py:157} INFO - Started process (PID=551) to work on /home/airflow/.local/lib/python3.8/site-packages/airflow/example_dags/example_subdag_operator.py
[2025-05-05T03:09:04.940+0000] {processor.py:829} INFO - Processing file /home/airflow/.local/lib/python3.8/site-packages/airflow/example_dags/example_subdag_operator.py for tasks to queue
[2025-05-05T03:09:04.942+0000] {logging_mixin.py:154} INFO - [2025-05-05T03:09:04.941+0000] {dagbag.py:536} INFO - Filling up the DagBag from /home/airflow/.local/lib/python3.8/site-packages/airflow/example_dags/example_subdag_operator.py
[2025-05-05T03:09:04.958+0000] {processor.py:839} INFO - DAG(s) dict_keys(['example_subdag_operator.section-1', 'example_subdag_operator.section-2', 'example_subdag_operator']) retrieved from /home/airflow/.local/lib/python3.8/site-packages/airflow/example_dags/example_subdag_operator.py
[2025-05-05T03:09:04.964+0000] {logging_mixin.py:154} INFO - [2025-05-05T03:09:04.964+0000] {dag.py:2941} INFO - Sync 3 DAGs
[2025-05-05T03:09:04.977+0000] {logging_mixin.py:154} INFO - [2025-05-05T03:09:04.976+0000] {dag.py:3722} INFO - Setting next_dagrun for example_subdag_operator to 2022-01-01T00:00:00+00:00, run_after=2022-01-01T00:00:00+00:00
[2025-05-05T03:09:04.979+0000] {logging_mixin.py:154} INFO - [2025-05-05T03:09:04.979+0000] {dag.py:3722} INFO - Setting next_dagrun for example_subdag_operator.section-1 to None, run_after=None
[2025-05-05T03:09:04.980+0000] {logging_mixin.py:154} INFO - [2025-05-05T03:09:04.980+0000] {dag.py:3722} INFO - Setting next_dagrun for example_subdag_operator.section-2 to None, run_after=None
[2025-05-05T03:09:04.983+0000] {logging_mixin.py:154} INFO - [2025-05-05T03:09:04.983+0000] {dag.py:2941} INFO - Sync 2 DAGs
[2025-05-05T03:09:04.985+0000] {logging_mixin.py:154} INFO - [2025-05-05T03:09:04.985+0000] {dag.py:3722} INFO - Setting next_dagrun for example_subdag_operator.section-1 to None, run_after=None
[2025-05-05T03:09:04.986+0000] {logging_mixin.py:154} INFO - [2025-05-05T03:09:04.986+0000] {dag.py:3722} INFO - Setting next_dagrun for example_subdag_operator.section-2 to None, run_after=None
[2025-05-05T03:09:04.992+0000] {processor.py:179} INFO - Processing /home/airflow/.local/lib/python3.8/site-packages/airflow/example_dags/example_subdag_operator.py took 0.055 seconds
