[2025-05-05T03:04:31.493+0000] {processor.py:157} INFO - Started process (PID=71) to work on /home/airflow/.local/lib/python3.8/site-packages/airflow/example_dags/example_complex.py
[2025-05-05T03:04:31.496+0000] {processor.py:829} INFO - Processing file /home/airflow/.local/lib/python3.8/site-packages/airflow/example_dags/example_complex.py for tasks to queue
[2025-05-05T03:04:31.504+0000] {logging_mixin.py:154} INFO - [2025-05-05T03:04:31.504+0000] {dagbag.py:536} INFO - Filling up the DagBag from /home/airflow/.local/lib/python3.8/site-packages/airflow/example_dags/example_complex.py
[2025-05-05T03:04:31.516+0000] {processor.py:839} INFO - DAG(s) dict_keys(['example_complex']) retrieved from /home/airflow/.local/lib/python3.8/site-packages/airflow/example_dags/example_complex.py
[2025-05-05T03:04:31.537+0000] {logging_mixin.py:154} INFO - [2025-05-05T03:04:31.537+0000] {dag.py:2941} INFO - Sync 1 DAGs
[2025-05-05T03:04:31.555+0000] {logging_mixin.py:154} INFO - [2025-05-05T03:04:31.555+0000] {dag.py:3722} INFO - Setting next_dagrun for example_complex to None, run_after=None
[2025-05-05T03:04:31.577+0000] {processor.py:179} INFO - Processing /home/airflow/.local/lib/python3.8/site-packages/airflow/example_dags/example_complex.py took 0.093 seconds
[2025-05-05T03:05:02.162+0000] {processor.py:157} INFO - Started process (PID=126) to work on /home/airflow/.local/lib/python3.8/site-packages/airflow/example_dags/example_complex.py
[2025-05-05T03:05:02.163+0000] {processor.py:829} INFO - Processing file /home/airflow/.local/lib/python3.8/site-packages/airflow/example_dags/example_complex.py for tasks to queue
[2025-05-05T03:05:02.165+0000] {logging_mixin.py:154} INFO - [2025-05-05T03:05:02.164+0000] {dagbag.py:536} INFO - Filling up the DagBag from /home/airflow/.local/lib/python3.8/site-packages/airflow/example_dags/example_complex.py
[2025-05-05T03:05:02.175+0000] {processor.py:839} INFO - DAG(s) dict_keys(['example_complex']) retrieved from /home/airflow/.local/lib/python3.8/site-packages/airflow/example_dags/example_complex.py
[2025-05-05T03:05:02.196+0000] {logging_mixin.py:154} INFO - [2025-05-05T03:05:02.196+0000] {dag.py:2941} INFO - Sync 1 DAGs
[2025-05-05T03:05:02.202+0000] {logging_mixin.py:154} INFO - [2025-05-05T03:05:02.201+0000] {dag.py:3722} INFO - Setting next_dagrun for example_complex to None, run_after=None
[2025-05-05T03:05:02.208+0000] {processor.py:179} INFO - Processing /home/airflow/.local/lib/python3.8/site-packages/airflow/example_dags/example_complex.py took 0.048 seconds
[2025-05-05T03:05:33.013+0000] {processor.py:157} INFO - Started process (PID=181) to work on /home/airflow/.local/lib/python3.8/site-packages/airflow/example_dags/example_complex.py
[2025-05-05T03:05:33.014+0000] {processor.py:829} INFO - Processing file /home/airflow/.local/lib/python3.8/site-packages/airflow/example_dags/example_complex.py for tasks to queue
[2025-05-05T03:05:33.016+0000] {logging_mixin.py:154} INFO - [2025-05-05T03:05:33.015+0000] {dagbag.py:536} INFO - Filling up the DagBag from /home/airflow/.local/lib/python3.8/site-packages/airflow/example_dags/example_complex.py
[2025-05-05T03:05:33.021+0000] {processor.py:839} INFO - DAG(s) dict_keys(['example_complex']) retrieved from /home/airflow/.local/lib/python3.8/site-packages/airflow/example_dags/example_complex.py
[2025-05-05T03:05:33.033+0000] {logging_mixin.py:154} INFO - [2025-05-05T03:05:33.033+0000] {dag.py:2941} INFO - Sync 1 DAGs
[2025-05-05T03:05:33.038+0000] {logging_mixin.py:154} INFO - [2025-05-05T03:05:33.038+0000] {dag.py:3722} INFO - Setting next_dagrun for example_complex to None, run_after=None
[2025-05-05T03:05:33.047+0000] {processor.py:179} INFO - Processing /home/airflow/.local/lib/python3.8/site-packages/airflow/example_dags/example_complex.py took 0.035 seconds
[2025-05-05T03:06:03.728+0000] {processor.py:157} INFO - Started process (PID=236) to work on /home/airflow/.local/lib/python3.8/site-packages/airflow/example_dags/example_complex.py
[2025-05-05T03:06:03.729+0000] {processor.py:829} INFO - Processing file /home/airflow/.local/lib/python3.8/site-packages/airflow/example_dags/example_complex.py for tasks to queue
[2025-05-05T03:06:03.731+0000] {logging_mixin.py:154} INFO - [2025-05-05T03:06:03.731+0000] {dagbag.py:536} INFO - Filling up the DagBag from /home/airflow/.local/lib/python3.8/site-packages/airflow/example_dags/example_complex.py
[2025-05-05T03:06:03.740+0000] {processor.py:839} INFO - DAG(s) dict_keys(['example_complex']) retrieved from /home/airflow/.local/lib/python3.8/site-packages/airflow/example_dags/example_complex.py
[2025-05-05T03:06:03.765+0000] {logging_mixin.py:154} INFO - [2025-05-05T03:06:03.765+0000] {dag.py:2941} INFO - Sync 1 DAGs
[2025-05-05T03:06:03.771+0000] {logging_mixin.py:154} INFO - [2025-05-05T03:06:03.771+0000] {dag.py:3722} INFO - Setting next_dagrun for example_complex to None, run_after=None
[2025-05-05T03:06:03.780+0000] {processor.py:179} INFO - Processing /home/airflow/.local/lib/python3.8/site-packages/airflow/example_dags/example_complex.py took 0.053 seconds
[2025-05-05T03:06:34.846+0000] {processor.py:157} INFO - Started process (PID=291) to work on /home/airflow/.local/lib/python3.8/site-packages/airflow/example_dags/example_complex.py
[2025-05-05T03:06:34.847+0000] {processor.py:829} INFO - Processing file /home/airflow/.local/lib/python3.8/site-packages/airflow/example_dags/example_complex.py for tasks to queue
[2025-05-05T03:06:34.848+0000] {logging_mixin.py:154} INFO - [2025-05-05T03:06:34.847+0000] {dagbag.py:536} INFO - Filling up the DagBag from /home/airflow/.local/lib/python3.8/site-packages/airflow/example_dags/example_complex.py
[2025-05-05T03:06:34.856+0000] {processor.py:839} INFO - DAG(s) dict_keys(['example_complex']) retrieved from /home/airflow/.local/lib/python3.8/site-packages/airflow/example_dags/example_complex.py
[2025-05-05T03:06:34.875+0000] {logging_mixin.py:154} INFO - [2025-05-05T03:06:34.874+0000] {dag.py:2941} INFO - Sync 1 DAGs
[2025-05-05T03:06:34.881+0000] {logging_mixin.py:154} INFO - [2025-05-05T03:06:34.881+0000] {dag.py:3722} INFO - Setting next_dagrun for example_complex to None, run_after=None
[2025-05-05T03:06:34.891+0000] {processor.py:179} INFO - Processing /home/airflow/.local/lib/python3.8/site-packages/airflow/example_dags/example_complex.py took 0.046 seconds
[2025-05-05T03:07:04.913+0000] {processor.py:157} INFO - Started process (PID=346) to work on /home/airflow/.local/lib/python3.8/site-packages/airflow/example_dags/example_complex.py
[2025-05-05T03:07:04.913+0000] {processor.py:829} INFO - Processing file /home/airflow/.local/lib/python3.8/site-packages/airflow/example_dags/example_complex.py for tasks to queue
[2025-05-05T03:07:04.914+0000] {logging_mixin.py:154} INFO - [2025-05-05T03:07:04.914+0000] {dagbag.py:536} INFO - Filling up the DagBag from /home/airflow/.local/lib/python3.8/site-packages/airflow/example_dags/example_complex.py
[2025-05-05T03:07:04.920+0000] {processor.py:839} INFO - DAG(s) dict_keys(['example_complex']) retrieved from /home/airflow/.local/lib/python3.8/site-packages/airflow/example_dags/example_complex.py
[2025-05-05T03:07:04.936+0000] {logging_mixin.py:154} INFO - [2025-05-05T03:07:04.936+0000] {dag.py:2941} INFO - Sync 1 DAGs
[2025-05-05T03:07:04.943+0000] {logging_mixin.py:154} INFO - [2025-05-05T03:07:04.942+0000] {dag.py:3722} INFO - Setting next_dagrun for example_complex to None, run_after=None
[2025-05-05T03:07:04.953+0000] {processor.py:179} INFO - Processing /home/airflow/.local/lib/python3.8/site-packages/airflow/example_dags/example_complex.py took 0.042 seconds
[2025-05-05T03:07:35.667+0000] {processor.py:157} INFO - Started process (PID=401) to work on /home/airflow/.local/lib/python3.8/site-packages/airflow/example_dags/example_complex.py
[2025-05-05T03:07:35.667+0000] {processor.py:829} INFO - Processing file /home/airflow/.local/lib/python3.8/site-packages/airflow/example_dags/example_complex.py for tasks to queue
[2025-05-05T03:07:35.669+0000] {logging_mixin.py:154} INFO - [2025-05-05T03:07:35.669+0000] {dagbag.py:536} INFO - Filling up the DagBag from /home/airflow/.local/lib/python3.8/site-packages/airflow/example_dags/example_complex.py
[2025-05-05T03:07:35.678+0000] {processor.py:839} INFO - DAG(s) dict_keys(['example_complex']) retrieved from /home/airflow/.local/lib/python3.8/site-packages/airflow/example_dags/example_complex.py
[2025-05-05T03:07:35.696+0000] {logging_mixin.py:154} INFO - [2025-05-05T03:07:35.695+0000] {dag.py:2941} INFO - Sync 1 DAGs
[2025-05-05T03:07:35.703+0000] {logging_mixin.py:154} INFO - [2025-05-05T03:07:35.703+0000] {dag.py:3722} INFO - Setting next_dagrun for example_complex to None, run_after=None
[2025-05-05T03:07:35.715+0000] {processor.py:179} INFO - Processing /home/airflow/.local/lib/python3.8/site-packages/airflow/example_dags/example_complex.py took 0.050 seconds
[2025-05-05T03:08:05.751+0000] {processor.py:157} INFO - Started process (PID=456) to work on /home/airflow/.local/lib/python3.8/site-packages/airflow/example_dags/example_complex.py
[2025-05-05T03:08:05.752+0000] {processor.py:829} INFO - Processing file /home/airflow/.local/lib/python3.8/site-packages/airflow/example_dags/example_complex.py for tasks to queue
[2025-05-05T03:08:05.754+0000] {logging_mixin.py:154} INFO - [2025-05-05T03:08:05.754+0000] {dagbag.py:536} INFO - Filling up the DagBag from /home/airflow/.local/lib/python3.8/site-packages/airflow/example_dags/example_complex.py
[2025-05-05T03:08:05.762+0000] {processor.py:839} INFO - DAG(s) dict_keys(['example_complex']) retrieved from /home/airflow/.local/lib/python3.8/site-packages/airflow/example_dags/example_complex.py
[2025-05-05T03:08:05.788+0000] {logging_mixin.py:154} INFO - [2025-05-05T03:08:05.788+0000] {dag.py:2941} INFO - Sync 1 DAGs
[2025-05-05T03:08:05.798+0000] {logging_mixin.py:154} INFO - [2025-05-05T03:08:05.798+0000] {dag.py:3722} INFO - Setting next_dagrun for example_complex to None, run_after=None
[2025-05-05T03:08:05.811+0000] {processor.py:179} INFO - Processing /home/airflow/.local/lib/python3.8/site-packages/airflow/example_dags/example_complex.py took 0.061 seconds
[2025-05-05T03:08:36.600+0000] {processor.py:157} INFO - Started process (PID=511) to work on /home/airflow/.local/lib/python3.8/site-packages/airflow/example_dags/example_complex.py
[2025-05-05T03:08:36.600+0000] {processor.py:829} INFO - Processing file /home/airflow/.local/lib/python3.8/site-packages/airflow/example_dags/example_complex.py for tasks to queue
[2025-05-05T03:08:36.602+0000] {logging_mixin.py:154} INFO - [2025-05-05T03:08:36.602+0000] {dagbag.py:536} INFO - Filling up the DagBag from /home/airflow/.local/lib/python3.8/site-packages/airflow/example_dags/example_complex.py
[2025-05-05T03:08:36.609+0000] {processor.py:839} INFO - DAG(s) dict_keys(['example_complex']) retrieved from /home/airflow/.local/lib/python3.8/site-packages/airflow/example_dags/example_complex.py
[2025-05-05T03:08:36.628+0000] {logging_mixin.py:154} INFO - [2025-05-05T03:08:36.628+0000] {dag.py:2941} INFO - Sync 1 DAGs
[2025-05-05T03:08:36.633+0000] {logging_mixin.py:154} INFO - [2025-05-05T03:08:36.633+0000] {dag.py:3722} INFO - Setting next_dagrun for example_complex to None, run_after=None
[2025-05-05T03:08:36.648+0000] {processor.py:179} INFO - Processing /home/airflow/.local/lib/python3.8/site-packages/airflow/example_dags/example_complex.py took 0.050 seconds
[2025-05-05T03:09:07.526+0000] {processor.py:157} INFO - Started process (PID=566) to work on /home/airflow/.local/lib/python3.8/site-packages/airflow/example_dags/example_complex.py
[2025-05-05T03:09:07.527+0000] {processor.py:829} INFO - Processing file /home/airflow/.local/lib/python3.8/site-packages/airflow/example_dags/example_complex.py for tasks to queue
[2025-05-05T03:09:07.529+0000] {logging_mixin.py:154} INFO - [2025-05-05T03:09:07.528+0000] {dagbag.py:536} INFO - Filling up the DagBag from /home/airflow/.local/lib/python3.8/site-packages/airflow/example_dags/example_complex.py
[2025-05-05T03:09:07.533+0000] {processor.py:839} INFO - DAG(s) dict_keys(['example_complex']) retrieved from /home/airflow/.local/lib/python3.8/site-packages/airflow/example_dags/example_complex.py
[2025-05-05T03:09:07.547+0000] {logging_mixin.py:154} INFO - [2025-05-05T03:09:07.547+0000] {dag.py:2941} INFO - Sync 1 DAGs
[2025-05-05T03:09:07.554+0000] {logging_mixin.py:154} INFO - [2025-05-05T03:09:07.554+0000] {dag.py:3722} INFO - Setting next_dagrun for example_complex to None, run_after=None
[2025-05-05T03:09:07.567+0000] {processor.py:179} INFO - Processing /home/airflow/.local/lib/python3.8/site-packages/airflow/example_dags/example_complex.py took 0.042 seconds
