[2025-05-05T03:04:30.048+0000] {processor.py:157} INFO - Started process (PID=42) to work on /home/airflow/.local/lib/python3.8/site-packages/airflow/example_dags/example_branch_day_of_week_operator.py
[2025-05-05T03:04:30.048+0000] {processor.py:829} INFO - Processing file /home/airflow/.local/lib/python3.8/site-packages/airflow/example_dags/example_branch_day_of_week_operator.py for tasks to queue
[2025-05-05T03:04:30.051+0000] {logging_mixin.py:154} INFO - [2025-05-05T03:04:30.051+0000] {dagbag.py:536} INFO - Filling up the DagBag from /home/airflow/.local/lib/python3.8/site-packages/airflow/example_dags/example_branch_day_of_week_operator.py
[2025-05-05T03:04:30.059+0000] {processor.py:839} INFO - DAG(s) dict_keys(['example_weekday_branch_operator']) retrieved from /home/airflow/.local/lib/python3.8/site-packages/airflow/example_dags/example_branch_day_of_week_operator.py
[2025-05-05T03:04:30.071+0000] {logging_mixin.py:154} INFO - [2025-05-05T03:04:30.071+0000] {dag.py:2941} INFO - Sync 1 DAGs
[2025-05-05T03:04:30.097+0000] {logging_mixin.py:154} INFO - [2025-05-05T03:04:30.097+0000] {dag.py:3722} INFO - Setting next_dagrun for example_weekday_branch_operator to 2025-05-04T00:00:00+00:00, run_after=2025-05-05T00:00:00+00:00
[2025-05-05T03:04:30.137+0000] {processor.py:179} INFO - Processing /home/airflow/.local/lib/python3.8/site-packages/airflow/example_dags/example_branch_day_of_week_operator.py took 0.093 seconds
[2025-05-05T03:05:00.471+0000] {processor.py:157} INFO - Started process (PID=96) to work on /home/airflow/.local/lib/python3.8/site-packages/airflow/example_dags/example_branch_day_of_week_operator.py
[2025-05-05T03:05:00.471+0000] {processor.py:829} INFO - Processing file /home/airflow/.local/lib/python3.8/site-packages/airflow/example_dags/example_branch_day_of_week_operator.py for tasks to queue
[2025-05-05T03:05:00.474+0000] {logging_mixin.py:154} INFO - [2025-05-05T03:05:00.473+0000] {dagbag.py:536} INFO - Filling up the DagBag from /home/airflow/.local/lib/python3.8/site-packages/airflow/example_dags/example_branch_day_of_week_operator.py
[2025-05-05T03:05:00.481+0000] {processor.py:839} INFO - DAG(s) dict_keys(['example_weekday_branch_operator']) retrieved from /home/airflow/.local/lib/python3.8/site-packages/airflow/example_dags/example_branch_day_of_week_operator.py
[2025-05-05T03:05:00.492+0000] {logging_mixin.py:154} INFO - [2025-05-05T03:05:00.492+0000] {dag.py:2941} INFO - Sync 1 DAGs
[2025-05-05T03:05:00.504+0000] {logging_mixin.py:154} INFO - [2025-05-05T03:05:00.503+0000] {dag.py:3722} INFO - Setting next_dagrun for example_weekday_branch_operator to 2025-05-04T00:00:00+00:00, run_after=2025-05-05T00:00:00+00:00
[2025-05-05T03:05:00.516+0000] {processor.py:179} INFO - Processing /home/airflow/.local/lib/python3.8/site-packages/airflow/example_dags/example_branch_day_of_week_operator.py took 0.046 seconds
[2025-05-05T03:05:31.293+0000] {processor.py:157} INFO - Started process (PID=158) to work on /home/airflow/.local/lib/python3.8/site-packages/airflow/example_dags/example_branch_day_of_week_operator.py
[2025-05-05T03:05:31.295+0000] {processor.py:829} INFO - Processing file /home/airflow/.local/lib/python3.8/site-packages/airflow/example_dags/example_branch_day_of_week_operator.py for tasks to queue
[2025-05-05T03:05:31.297+0000] {logging_mixin.py:154} INFO - [2025-05-05T03:05:31.296+0000] {dagbag.py:536} INFO - Filling up the DagBag from /home/airflow/.local/lib/python3.8/site-packages/airflow/example_dags/example_branch_day_of_week_operator.py
[2025-05-05T03:05:31.306+0000] {processor.py:839} INFO - DAG(s) dict_keys(['example_weekday_branch_operator']) retrieved from /home/airflow/.local/lib/python3.8/site-packages/airflow/example_dags/example_branch_day_of_week_operator.py
[2025-05-05T03:05:31.318+0000] {logging_mixin.py:154} INFO - [2025-05-05T03:05:31.318+0000] {dag.py:2941} INFO - Sync 1 DAGs
[2025-05-05T03:05:31.330+0000] {logging_mixin.py:154} INFO - [2025-05-05T03:05:31.329+0000] {dag.py:3722} INFO - Setting next_dagrun for example_weekday_branch_operator to 2025-05-04T00:00:00+00:00, run_after=2025-05-05T00:00:00+00:00
[2025-05-05T03:05:31.341+0000] {processor.py:179} INFO - Processing /home/airflow/.local/lib/python3.8/site-packages/airflow/example_dags/example_branch_day_of_week_operator.py took 0.051 seconds
[2025-05-05T03:06:01.910+0000] {processor.py:157} INFO - Started process (PID=213) to work on /home/airflow/.local/lib/python3.8/site-packages/airflow/example_dags/example_branch_day_of_week_operator.py
[2025-05-05T03:06:01.911+0000] {processor.py:829} INFO - Processing file /home/airflow/.local/lib/python3.8/site-packages/airflow/example_dags/example_branch_day_of_week_operator.py for tasks to queue
[2025-05-05T03:06:01.913+0000] {logging_mixin.py:154} INFO - [2025-05-05T03:06:01.913+0000] {dagbag.py:536} INFO - Filling up the DagBag from /home/airflow/.local/lib/python3.8/site-packages/airflow/example_dags/example_branch_day_of_week_operator.py
[2025-05-05T03:06:01.919+0000] {processor.py:839} INFO - DAG(s) dict_keys(['example_weekday_branch_operator']) retrieved from /home/airflow/.local/lib/python3.8/site-packages/airflow/example_dags/example_branch_day_of_week_operator.py
[2025-05-05T03:06:01.935+0000] {logging_mixin.py:154} INFO - [2025-05-05T03:06:01.934+0000] {dag.py:2941} INFO - Sync 1 DAGs
[2025-05-05T03:06:01.945+0000] {logging_mixin.py:154} INFO - [2025-05-05T03:06:01.944+0000] {dag.py:3722} INFO - Setting next_dagrun for example_weekday_branch_operator to 2025-05-04T00:00:00+00:00, run_after=2025-05-05T00:00:00+00:00
[2025-05-05T03:06:01.955+0000] {processor.py:179} INFO - Processing /home/airflow/.local/lib/python3.8/site-packages/airflow/example_dags/example_branch_day_of_week_operator.py took 0.047 seconds
[2025-05-05T03:06:31.971+0000] {processor.py:157} INFO - Started process (PID=268) to work on /home/airflow/.local/lib/python3.8/site-packages/airflow/example_dags/example_branch_day_of_week_operator.py
[2025-05-05T03:06:31.972+0000] {processor.py:829} INFO - Processing file /home/airflow/.local/lib/python3.8/site-packages/airflow/example_dags/example_branch_day_of_week_operator.py for tasks to queue
[2025-05-05T03:06:31.973+0000] {logging_mixin.py:154} INFO - [2025-05-05T03:06:31.973+0000] {dagbag.py:536} INFO - Filling up the DagBag from /home/airflow/.local/lib/python3.8/site-packages/airflow/example_dags/example_branch_day_of_week_operator.py
[2025-05-05T03:06:31.980+0000] {processor.py:839} INFO - DAG(s) dict_keys(['example_weekday_branch_operator']) retrieved from /home/airflow/.local/lib/python3.8/site-packages/airflow/example_dags/example_branch_day_of_week_operator.py
[2025-05-05T03:06:32.000+0000] {logging_mixin.py:154} INFO - [2025-05-05T03:06:32.000+0000] {dag.py:2941} INFO - Sync 1 DAGs
[2025-05-05T03:06:32.018+0000] {logging_mixin.py:154} INFO - [2025-05-05T03:06:32.018+0000] {dag.py:3722} INFO - Setting next_dagrun for example_weekday_branch_operator to 2025-05-04T00:00:00+00:00, run_after=2025-05-05T00:00:00+00:00
[2025-05-05T03:06:32.029+0000] {processor.py:179} INFO - Processing /home/airflow/.local/lib/python3.8/site-packages/airflow/example_dags/example_branch_day_of_week_operator.py took 0.060 seconds
[2025-05-05T03:07:02.116+0000] {processor.py:157} INFO - Started process (PID=323) to work on /home/airflow/.local/lib/python3.8/site-packages/airflow/example_dags/example_branch_day_of_week_operator.py
[2025-05-05T03:07:02.117+0000] {processor.py:829} INFO - Processing file /home/airflow/.local/lib/python3.8/site-packages/airflow/example_dags/example_branch_day_of_week_operator.py for tasks to queue
[2025-05-05T03:07:02.118+0000] {logging_mixin.py:154} INFO - [2025-05-05T03:07:02.118+0000] {dagbag.py:536} INFO - Filling up the DagBag from /home/airflow/.local/lib/python3.8/site-packages/airflow/example_dags/example_branch_day_of_week_operator.py
[2025-05-05T03:07:02.125+0000] {processor.py:839} INFO - DAG(s) dict_keys(['example_weekday_branch_operator']) retrieved from /home/airflow/.local/lib/python3.8/site-packages/airflow/example_dags/example_branch_day_of_week_operator.py
[2025-05-05T03:07:02.149+0000] {logging_mixin.py:154} INFO - [2025-05-05T03:07:02.149+0000] {dag.py:2941} INFO - Sync 1 DAGs
[2025-05-05T03:07:02.171+0000] {logging_mixin.py:154} INFO - [2025-05-05T03:07:02.171+0000] {dag.py:3722} INFO - Setting next_dagrun for example_weekday_branch_operator to 2025-05-04T00:00:00+00:00, run_after=2025-05-05T00:00:00+00:00
[2025-05-05T03:07:02.181+0000] {processor.py:179} INFO - Processing /home/airflow/.local/lib/python3.8/site-packages/airflow/example_dags/example_branch_day_of_week_operator.py took 0.067 seconds
[2025-05-05T03:07:32.842+0000] {processor.py:157} INFO - Started process (PID=378) to work on /home/airflow/.local/lib/python3.8/site-packages/airflow/example_dags/example_branch_day_of_week_operator.py
[2025-05-05T03:07:32.844+0000] {processor.py:829} INFO - Processing file /home/airflow/.local/lib/python3.8/site-packages/airflow/example_dags/example_branch_day_of_week_operator.py for tasks to queue
[2025-05-05T03:07:32.847+0000] {logging_mixin.py:154} INFO - [2025-05-05T03:07:32.846+0000] {dagbag.py:536} INFO - Filling up the DagBag from /home/airflow/.local/lib/python3.8/site-packages/airflow/example_dags/example_branch_day_of_week_operator.py
[2025-05-05T03:07:32.865+0000] {processor.py:839} INFO - DAG(s) dict_keys(['example_weekday_branch_operator']) retrieved from /home/airflow/.local/lib/python3.8/site-packages/airflow/example_dags/example_branch_day_of_week_operator.py
[2025-05-05T03:07:32.884+0000] {logging_mixin.py:154} INFO - [2025-05-05T03:07:32.884+0000] {dag.py:2941} INFO - Sync 1 DAGs
[2025-05-05T03:07:32.901+0000] {logging_mixin.py:154} INFO - [2025-05-05T03:07:32.901+0000] {dag.py:3722} INFO - Setting next_dagrun for example_weekday_branch_operator to 2025-05-04T00:00:00+00:00, run_after=2025-05-05T00:00:00+00:00
[2025-05-05T03:07:32.917+0000] {processor.py:179} INFO - Processing /home/airflow/.local/lib/python3.8/site-packages/airflow/example_dags/example_branch_day_of_week_operator.py took 0.077 seconds
[2025-05-05T03:08:02.946+0000] {processor.py:157} INFO - Started process (PID=433) to work on /home/airflow/.local/lib/python3.8/site-packages/airflow/example_dags/example_branch_day_of_week_operator.py
[2025-05-05T03:08:02.947+0000] {processor.py:829} INFO - Processing file /home/airflow/.local/lib/python3.8/site-packages/airflow/example_dags/example_branch_day_of_week_operator.py for tasks to queue
[2025-05-05T03:08:02.949+0000] {logging_mixin.py:154} INFO - [2025-05-05T03:08:02.948+0000] {dagbag.py:536} INFO - Filling up the DagBag from /home/airflow/.local/lib/python3.8/site-packages/airflow/example_dags/example_branch_day_of_week_operator.py
[2025-05-05T03:08:02.957+0000] {processor.py:839} INFO - DAG(s) dict_keys(['example_weekday_branch_operator']) retrieved from /home/airflow/.local/lib/python3.8/site-packages/airflow/example_dags/example_branch_day_of_week_operator.py
[2025-05-05T03:08:02.971+0000] {logging_mixin.py:154} INFO - [2025-05-05T03:08:02.971+0000] {dag.py:2941} INFO - Sync 1 DAGs
[2025-05-05T03:08:02.988+0000] {logging_mixin.py:154} INFO - [2025-05-05T03:08:02.988+0000] {dag.py:3722} INFO - Setting next_dagrun for example_weekday_branch_operator to 2025-05-04T00:00:00+00:00, run_after=2025-05-05T00:00:00+00:00
[2025-05-05T03:08:02.999+0000] {processor.py:179} INFO - Processing /home/airflow/.local/lib/python3.8/site-packages/airflow/example_dags/example_branch_day_of_week_operator.py took 0.055 seconds
[2025-05-05T03:08:33.826+0000] {processor.py:157} INFO - Started process (PID=488) to work on /home/airflow/.local/lib/python3.8/site-packages/airflow/example_dags/example_branch_day_of_week_operator.py
[2025-05-05T03:08:33.827+0000] {processor.py:829} INFO - Processing file /home/airflow/.local/lib/python3.8/site-packages/airflow/example_dags/example_branch_day_of_week_operator.py for tasks to queue
[2025-05-05T03:08:33.828+0000] {logging_mixin.py:154} INFO - [2025-05-05T03:08:33.828+0000] {dagbag.py:536} INFO - Filling up the DagBag from /home/airflow/.local/lib/python3.8/site-packages/airflow/example_dags/example_branch_day_of_week_operator.py
[2025-05-05T03:08:33.836+0000] {processor.py:839} INFO - DAG(s) dict_keys(['example_weekday_branch_operator']) retrieved from /home/airflow/.local/lib/python3.8/site-packages/airflow/example_dags/example_branch_day_of_week_operator.py
[2025-05-05T03:08:33.852+0000] {logging_mixin.py:154} INFO - [2025-05-05T03:08:33.852+0000] {dag.py:2941} INFO - Sync 1 DAGs
[2025-05-05T03:08:33.868+0000] {logging_mixin.py:154} INFO - [2025-05-05T03:08:33.868+0000] {dag.py:3722} INFO - Setting next_dagrun for example_weekday_branch_operator to 2025-05-04T00:00:00+00:00, run_after=2025-05-05T00:00:00+00:00
[2025-05-05T03:08:33.879+0000] {processor.py:179} INFO - Processing /home/airflow/.local/lib/python3.8/site-packages/airflow/example_dags/example_branch_day_of_week_operator.py took 0.055 seconds
[2025-05-05T03:09:04.717+0000] {processor.py:157} INFO - Started process (PID=543) to work on /home/airflow/.local/lib/python3.8/site-packages/airflow/example_dags/example_branch_day_of_week_operator.py
[2025-05-05T03:09:04.717+0000] {processor.py:829} INFO - Processing file /home/airflow/.local/lib/python3.8/site-packages/airflow/example_dags/example_branch_day_of_week_operator.py for tasks to queue
[2025-05-05T03:09:04.719+0000] {logging_mixin.py:154} INFO - [2025-05-05T03:09:04.718+0000] {dagbag.py:536} INFO - Filling up the DagBag from /home/airflow/.local/lib/python3.8/site-packages/airflow/example_dags/example_branch_day_of_week_operator.py
[2025-05-05T03:09:04.727+0000] {processor.py:839} INFO - DAG(s) dict_keys(['example_weekday_branch_operator']) retrieved from /home/airflow/.local/lib/python3.8/site-packages/airflow/example_dags/example_branch_day_of_week_operator.py
[2025-05-05T03:09:04.743+0000] {logging_mixin.py:154} INFO - [2025-05-05T03:09:04.743+0000] {dag.py:2941} INFO - Sync 1 DAGs
[2025-05-05T03:09:04.755+0000] {logging_mixin.py:154} INFO - [2025-05-05T03:09:04.755+0000] {dag.py:3722} INFO - Setting next_dagrun for example_weekday_branch_operator to 2025-05-04T00:00:00+00:00, run_after=2025-05-05T00:00:00+00:00
[2025-05-05T03:09:04.764+0000] {processor.py:179} INFO - Processing /home/airflow/.local/lib/python3.8/site-packages/airflow/example_dags/example_branch_day_of_week_operator.py took 0.049 seconds
