[2025-05-05T03:04:31.636+0000] {processor.py:157} INFO - Started process (PID=74) to work on /home/airflow/.local/lib/python3.8/site-packages/airflow/example_dags/example_branch_python_dop_operator_3.py
[2025-05-05T03:04:31.637+0000] {processor.py:829} INFO - Processing file /home/airflow/.local/lib/python3.8/site-packages/airflow/example_dags/example_branch_python_dop_operator_3.py for tasks to queue
[2025-05-05T03:04:31.638+0000] {logging_mixin.py:154} INFO - [2025-05-05T03:04:31.638+0000] {dagbag.py:536} INFO - Filling up the DagBag from /home/airflow/.local/lib/python3.8/site-packages/airflow/example_dags/example_branch_python_dop_operator_3.py
[2025-05-05T03:04:31.648+0000] {processor.py:839} INFO - DAG(s) dict_keys(['example_branch_dop_operator_v3']) retrieved from /home/airflow/.local/lib/python3.8/site-packages/airflow/example_dags/example_branch_python_dop_operator_3.py
[2025-05-05T03:04:31.670+0000] {logging_mixin.py:154} INFO - [2025-05-05T03:04:31.669+0000] {dag.py:2941} INFO - Sync 1 DAGs
[2025-05-05T03:04:31.708+0000] {logging_mixin.py:154} INFO - [2025-05-05T03:04:31.707+0000] {dag.py:3722} INFO - Setting next_dagrun for example_branch_dop_operator_v3 to 2025-05-05T03:03:00+00:00, run_after=2025-05-05T03:04:00+00:00
[2025-05-05T03:04:31.727+0000] {processor.py:179} INFO - Processing /home/airflow/.local/lib/python3.8/site-packages/airflow/example_dags/example_branch_python_dop_operator_3.py took 0.095 seconds
[2025-05-05T03:05:02.249+0000] {processor.py:157} INFO - Started process (PID=129) to work on /home/airflow/.local/lib/python3.8/site-packages/airflow/example_dags/example_branch_python_dop_operator_3.py
[2025-05-05T03:05:02.250+0000] {processor.py:829} INFO - Processing file /home/airflow/.local/lib/python3.8/site-packages/airflow/example_dags/example_branch_python_dop_operator_3.py for tasks to queue
[2025-05-05T03:05:02.251+0000] {logging_mixin.py:154} INFO - [2025-05-05T03:05:02.251+0000] {dagbag.py:536} INFO - Filling up the DagBag from /home/airflow/.local/lib/python3.8/site-packages/airflow/example_dags/example_branch_python_dop_operator_3.py
[2025-05-05T03:05:02.256+0000] {processor.py:839} INFO - DAG(s) dict_keys(['example_branch_dop_operator_v3']) retrieved from /home/airflow/.local/lib/python3.8/site-packages/airflow/example_dags/example_branch_python_dop_operator_3.py
[2025-05-05T03:05:02.268+0000] {logging_mixin.py:154} INFO - [2025-05-05T03:05:02.267+0000] {dag.py:2941} INFO - Sync 1 DAGs
[2025-05-05T03:05:02.282+0000] {logging_mixin.py:154} INFO - [2025-05-05T03:05:02.282+0000] {dag.py:3722} INFO - Setting next_dagrun for example_branch_dop_operator_v3 to 2025-05-05T03:04:00+00:00, run_after=2025-05-05T03:05:00+00:00
[2025-05-05T03:05:02.288+0000] {processor.py:179} INFO - Processing /home/airflow/.local/lib/python3.8/site-packages/airflow/example_dags/example_branch_python_dop_operator_3.py took 0.040 seconds
[2025-05-05T03:05:33.100+0000] {processor.py:157} INFO - Started process (PID=184) to work on /home/airflow/.local/lib/python3.8/site-packages/airflow/example_dags/example_branch_python_dop_operator_3.py
[2025-05-05T03:05:33.100+0000] {processor.py:829} INFO - Processing file /home/airflow/.local/lib/python3.8/site-packages/airflow/example_dags/example_branch_python_dop_operator_3.py for tasks to queue
[2025-05-05T03:05:33.101+0000] {logging_mixin.py:154} INFO - [2025-05-05T03:05:33.101+0000] {dagbag.py:536} INFO - Filling up the DagBag from /home/airflow/.local/lib/python3.8/site-packages/airflow/example_dags/example_branch_python_dop_operator_3.py
[2025-05-05T03:05:33.105+0000] {processor.py:839} INFO - DAG(s) dict_keys(['example_branch_dop_operator_v3']) retrieved from /home/airflow/.local/lib/python3.8/site-packages/airflow/example_dags/example_branch_python_dop_operator_3.py
[2025-05-05T03:05:33.114+0000] {logging_mixin.py:154} INFO - [2025-05-05T03:05:33.114+0000] {dag.py:2941} INFO - Sync 1 DAGs
[2025-05-05T03:05:33.123+0000] {logging_mixin.py:154} INFO - [2025-05-05T03:05:33.123+0000] {dag.py:3722} INFO - Setting next_dagrun for example_branch_dop_operator_v3 to 2025-05-05T03:04:00+00:00, run_after=2025-05-05T03:05:00+00:00
[2025-05-05T03:05:33.134+0000] {processor.py:179} INFO - Processing /home/airflow/.local/lib/python3.8/site-packages/airflow/example_dags/example_branch_python_dop_operator_3.py took 0.036 seconds
[2025-05-05T03:06:03.838+0000] {processor.py:157} INFO - Started process (PID=239) to work on /home/airflow/.local/lib/python3.8/site-packages/airflow/example_dags/example_branch_python_dop_operator_3.py
[2025-05-05T03:06:03.839+0000] {processor.py:829} INFO - Processing file /home/airflow/.local/lib/python3.8/site-packages/airflow/example_dags/example_branch_python_dop_operator_3.py for tasks to queue
[2025-05-05T03:06:03.839+0000] {logging_mixin.py:154} INFO - [2025-05-05T03:06:03.839+0000] {dagbag.py:536} INFO - Filling up the DagBag from /home/airflow/.local/lib/python3.8/site-packages/airflow/example_dags/example_branch_python_dop_operator_3.py
[2025-05-05T03:06:03.844+0000] {processor.py:839} INFO - DAG(s) dict_keys(['example_branch_dop_operator_v3']) retrieved from /home/airflow/.local/lib/python3.8/site-packages/airflow/example_dags/example_branch_python_dop_operator_3.py
[2025-05-05T03:06:03.855+0000] {logging_mixin.py:154} INFO - [2025-05-05T03:06:03.855+0000] {dag.py:2941} INFO - Sync 1 DAGs
[2025-05-05T03:06:03.875+0000] {logging_mixin.py:154} INFO - [2025-05-05T03:06:03.875+0000] {dag.py:3722} INFO - Setting next_dagrun for example_branch_dop_operator_v3 to 2025-05-05T03:05:00+00:00, run_after=2025-05-05T03:06:00+00:00
[2025-05-05T03:06:03.887+0000] {processor.py:179} INFO - Processing /home/airflow/.local/lib/python3.8/site-packages/airflow/example_dags/example_branch_python_dop_operator_3.py took 0.050 seconds
[2025-05-05T03:06:34.937+0000] {processor.py:157} INFO - Started process (PID=294) to work on /home/airflow/.local/lib/python3.8/site-packages/airflow/example_dags/example_branch_python_dop_operator_3.py
[2025-05-05T03:06:34.938+0000] {processor.py:829} INFO - Processing file /home/airflow/.local/lib/python3.8/site-packages/airflow/example_dags/example_branch_python_dop_operator_3.py for tasks to queue
[2025-05-05T03:06:34.939+0000] {logging_mixin.py:154} INFO - [2025-05-05T03:06:34.939+0000] {dagbag.py:536} INFO - Filling up the DagBag from /home/airflow/.local/lib/python3.8/site-packages/airflow/example_dags/example_branch_python_dop_operator_3.py
[2025-05-05T03:06:34.949+0000] {processor.py:839} INFO - DAG(s) dict_keys(['example_branch_dop_operator_v3']) retrieved from /home/airflow/.local/lib/python3.8/site-packages/airflow/example_dags/example_branch_python_dop_operator_3.py
[2025-05-05T03:06:34.962+0000] {logging_mixin.py:154} INFO - [2025-05-05T03:06:34.962+0000] {dag.py:2941} INFO - Sync 1 DAGs
[2025-05-05T03:06:34.978+0000] {logging_mixin.py:154} INFO - [2025-05-05T03:06:34.977+0000] {dag.py:3722} INFO - Setting next_dagrun for example_branch_dop_operator_v3 to 2025-05-05T03:05:00+00:00, run_after=2025-05-05T03:06:00+00:00
[2025-05-05T03:06:34.990+0000] {processor.py:179} INFO - Processing /home/airflow/.local/lib/python3.8/site-packages/airflow/example_dags/example_branch_python_dop_operator_3.py took 0.055 seconds
[2025-05-05T03:07:05.024+0000] {processor.py:157} INFO - Started process (PID=350) to work on /home/airflow/.local/lib/python3.8/site-packages/airflow/example_dags/example_branch_python_dop_operator_3.py
[2025-05-05T03:07:05.024+0000] {processor.py:829} INFO - Processing file /home/airflow/.local/lib/python3.8/site-packages/airflow/example_dags/example_branch_python_dop_operator_3.py for tasks to queue
[2025-05-05T03:07:05.025+0000] {logging_mixin.py:154} INFO - [2025-05-05T03:07:05.025+0000] {dagbag.py:536} INFO - Filling up the DagBag from /home/airflow/.local/lib/python3.8/site-packages/airflow/example_dags/example_branch_python_dop_operator_3.py
[2025-05-05T03:07:05.028+0000] {processor.py:839} INFO - DAG(s) dict_keys(['example_branch_dop_operator_v3']) retrieved from /home/airflow/.local/lib/python3.8/site-packages/airflow/example_dags/example_branch_python_dop_operator_3.py
[2025-05-05T03:07:05.035+0000] {logging_mixin.py:154} INFO - [2025-05-05T03:07:05.035+0000] {dag.py:2941} INFO - Sync 1 DAGs
[2025-05-05T03:07:05.044+0000] {logging_mixin.py:154} INFO - [2025-05-05T03:07:05.044+0000] {dag.py:3722} INFO - Setting next_dagrun for example_branch_dop_operator_v3 to 2025-05-05T03:06:00+00:00, run_after=2025-05-05T03:07:00+00:00
[2025-05-05T03:07:05.050+0000] {processor.py:179} INFO - Processing /home/airflow/.local/lib/python3.8/site-packages/airflow/example_dags/example_branch_python_dop_operator_3.py took 0.027 seconds
[2025-05-05T03:07:35.783+0000] {processor.py:157} INFO - Started process (PID=404) to work on /home/airflow/.local/lib/python3.8/site-packages/airflow/example_dags/example_branch_python_dop_operator_3.py
[2025-05-05T03:07:35.784+0000] {processor.py:829} INFO - Processing file /home/airflow/.local/lib/python3.8/site-packages/airflow/example_dags/example_branch_python_dop_operator_3.py for tasks to queue
[2025-05-05T03:07:35.785+0000] {logging_mixin.py:154} INFO - [2025-05-05T03:07:35.785+0000] {dagbag.py:536} INFO - Filling up the DagBag from /home/airflow/.local/lib/python3.8/site-packages/airflow/example_dags/example_branch_python_dop_operator_3.py
[2025-05-05T03:07:35.790+0000] {processor.py:839} INFO - DAG(s) dict_keys(['example_branch_dop_operator_v3']) retrieved from /home/airflow/.local/lib/python3.8/site-packages/airflow/example_dags/example_branch_python_dop_operator_3.py
[2025-05-05T03:07:35.799+0000] {logging_mixin.py:154} INFO - [2025-05-05T03:07:35.799+0000] {dag.py:2941} INFO - Sync 1 DAGs
[2025-05-05T03:07:35.812+0000] {logging_mixin.py:154} INFO - [2025-05-05T03:07:35.812+0000] {dag.py:3722} INFO - Setting next_dagrun for example_branch_dop_operator_v3 to 2025-05-05T03:06:00+00:00, run_after=2025-05-05T03:07:00+00:00
[2025-05-05T03:07:35.822+0000] {processor.py:179} INFO - Processing /home/airflow/.local/lib/python3.8/site-packages/airflow/example_dags/example_branch_python_dop_operator_3.py took 0.041 seconds
[2025-05-05T03:08:05.886+0000] {processor.py:157} INFO - Started process (PID=459) to work on /home/airflow/.local/lib/python3.8/site-packages/airflow/example_dags/example_branch_python_dop_operator_3.py
[2025-05-05T03:08:05.886+0000] {processor.py:829} INFO - Processing file /home/airflow/.local/lib/python3.8/site-packages/airflow/example_dags/example_branch_python_dop_operator_3.py for tasks to queue
[2025-05-05T03:08:05.887+0000] {logging_mixin.py:154} INFO - [2025-05-05T03:08:05.887+0000] {dagbag.py:536} INFO - Filling up the DagBag from /home/airflow/.local/lib/python3.8/site-packages/airflow/example_dags/example_branch_python_dop_operator_3.py
[2025-05-05T03:08:05.891+0000] {processor.py:839} INFO - DAG(s) dict_keys(['example_branch_dop_operator_v3']) retrieved from /home/airflow/.local/lib/python3.8/site-packages/airflow/example_dags/example_branch_python_dop_operator_3.py
[2025-05-05T03:08:05.902+0000] {logging_mixin.py:154} INFO - [2025-05-05T03:08:05.902+0000] {dag.py:2941} INFO - Sync 1 DAGs
[2025-05-05T03:08:05.920+0000] {logging_mixin.py:154} INFO - [2025-05-05T03:08:05.920+0000] {dag.py:3722} INFO - Setting next_dagrun for example_branch_dop_operator_v3 to 2025-05-05T03:07:00+00:00, run_after=2025-05-05T03:08:00+00:00
[2025-05-05T03:08:05.927+0000] {processor.py:179} INFO - Processing /home/airflow/.local/lib/python3.8/site-packages/airflow/example_dags/example_branch_python_dop_operator_3.py took 0.043 seconds
[2025-05-05T03:08:36.662+0000] {processor.py:157} INFO - Started process (PID=514) to work on /home/airflow/.local/lib/python3.8/site-packages/airflow/example_dags/example_branch_python_dop_operator_3.py
[2025-05-05T03:08:36.663+0000] {processor.py:829} INFO - Processing file /home/airflow/.local/lib/python3.8/site-packages/airflow/example_dags/example_branch_python_dop_operator_3.py for tasks to queue
[2025-05-05T03:08:36.664+0000] {logging_mixin.py:154} INFO - [2025-05-05T03:08:36.664+0000] {dagbag.py:536} INFO - Filling up the DagBag from /home/airflow/.local/lib/python3.8/site-packages/airflow/example_dags/example_branch_python_dop_operator_3.py
[2025-05-05T03:08:36.671+0000] {processor.py:839} INFO - DAG(s) dict_keys(['example_branch_dop_operator_v3']) retrieved from /home/airflow/.local/lib/python3.8/site-packages/airflow/example_dags/example_branch_python_dop_operator_3.py
[2025-05-05T03:08:36.686+0000] {logging_mixin.py:154} INFO - [2025-05-05T03:08:36.686+0000] {dag.py:2941} INFO - Sync 1 DAGs
[2025-05-05T03:08:36.700+0000] {logging_mixin.py:154} INFO - [2025-05-05T03:08:36.700+0000] {dag.py:3722} INFO - Setting next_dagrun for example_branch_dop_operator_v3 to 2025-05-05T03:07:00+00:00, run_after=2025-05-05T03:08:00+00:00
[2025-05-05T03:08:36.713+0000] {processor.py:179} INFO - Processing /home/airflow/.local/lib/python3.8/site-packages/airflow/example_dags/example_branch_python_dop_operator_3.py took 0.052 seconds
[2025-05-05T03:09:07.599+0000] {processor.py:157} INFO - Started process (PID=569) to work on /home/airflow/.local/lib/python3.8/site-packages/airflow/example_dags/example_branch_python_dop_operator_3.py
[2025-05-05T03:09:07.600+0000] {processor.py:829} INFO - Processing file /home/airflow/.local/lib/python3.8/site-packages/airflow/example_dags/example_branch_python_dop_operator_3.py for tasks to queue
[2025-05-05T03:09:07.602+0000] {logging_mixin.py:154} INFO - [2025-05-05T03:09:07.601+0000] {dagbag.py:536} INFO - Filling up the DagBag from /home/airflow/.local/lib/python3.8/site-packages/airflow/example_dags/example_branch_python_dop_operator_3.py
[2025-05-05T03:09:07.610+0000] {processor.py:839} INFO - DAG(s) dict_keys(['example_branch_dop_operator_v3']) retrieved from /home/airflow/.local/lib/python3.8/site-packages/airflow/example_dags/example_branch_python_dop_operator_3.py
[2025-05-05T03:09:07.626+0000] {logging_mixin.py:154} INFO - [2025-05-05T03:09:07.626+0000] {dag.py:2941} INFO - Sync 1 DAGs
[2025-05-05T03:09:07.640+0000] {logging_mixin.py:154} INFO - [2025-05-05T03:09:07.640+0000] {dag.py:3722} INFO - Setting next_dagrun for example_branch_dop_operator_v3 to 2025-05-05T03:08:00+00:00, run_after=2025-05-05T03:09:00+00:00
[2025-05-05T03:09:07.651+0000] {processor.py:179} INFO - Processing /home/airflow/.local/lib/python3.8/site-packages/airflow/example_dags/example_branch_python_dop_operator_3.py took 0.053 seconds
