[2025-05-05T03:04:31.054+0000] {processor.py:157} INFO - Started process (PID=57) to work on /home/airflow/.local/lib/python3.8/site-packages/airflow/example_dags/example_task_group_decorator.py
[2025-05-05T03:04:31.058+0000] {processor.py:829} INFO - Processing file /home/airflow/.local/lib/python3.8/site-packages/airflow/example_dags/example_task_group_decorator.py for tasks to queue
[2025-05-05T03:04:31.061+0000] {logging_mixin.py:154} INFO - [2025-05-05T03:04:31.060+0000] {dagbag.py:536} INFO - Filling up the DagBag from /home/airflow/.local/lib/python3.8/site-packages/airflow/example_dags/example_task_group_decorator.py
[2025-05-05T03:04:31.092+0000] {processor.py:839} INFO - DAG(s) dict_keys(['example_task_group_decorator']) retrieved from /home/airflow/.local/lib/python3.8/site-packages/airflow/example_dags/example_task_group_decorator.py
[2025-05-05T03:04:31.116+0000] {logging_mixin.py:154} INFO - [2025-05-05T03:04:31.115+0000] {dag.py:2941} INFO - Sync 1 DAGs
[2025-05-05T03:04:31.142+0000] {logging_mixin.py:154} INFO - [2025-05-05T03:04:31.142+0000] {dag.py:3722} INFO - Setting next_dagrun for example_task_group_decorator to 2025-05-04T03:04:31.141951+00:00, run_after=2025-05-05T03:04:31.141951+00:00
[2025-05-05T03:04:31.154+0000] {processor.py:179} INFO - Processing /home/airflow/.local/lib/python3.8/site-packages/airflow/example_dags/example_task_group_decorator.py took 0.112 seconds
[2025-05-05T03:05:01.921+0000] {processor.py:157} INFO - Started process (PID=118) to work on /home/airflow/.local/lib/python3.8/site-packages/airflow/example_dags/example_task_group_decorator.py
[2025-05-05T03:05:01.921+0000] {processor.py:829} INFO - Processing file /home/airflow/.local/lib/python3.8/site-packages/airflow/example_dags/example_task_group_decorator.py for tasks to queue
[2025-05-05T03:05:01.922+0000] {logging_mixin.py:154} INFO - [2025-05-05T03:05:01.922+0000] {dagbag.py:536} INFO - Filling up the DagBag from /home/airflow/.local/lib/python3.8/site-packages/airflow/example_dags/example_task_group_decorator.py
[2025-05-05T03:05:01.928+0000] {processor.py:839} INFO - DAG(s) dict_keys(['example_task_group_decorator']) retrieved from /home/airflow/.local/lib/python3.8/site-packages/airflow/example_dags/example_task_group_decorator.py
[2025-05-05T03:05:01.946+0000] {logging_mixin.py:154} INFO - [2025-05-05T03:05:01.945+0000] {dag.py:2941} INFO - Sync 1 DAGs
[2025-05-05T03:05:01.958+0000] {logging_mixin.py:154} INFO - [2025-05-05T03:05:01.958+0000] {dag.py:3722} INFO - Setting next_dagrun for example_task_group_decorator to 2025-05-04T03:05:01.958679+00:00, run_after=2025-05-05T03:05:01.958679+00:00
[2025-05-05T03:05:01.966+0000] {processor.py:179} INFO - Processing /home/airflow/.local/lib/python3.8/site-packages/airflow/example_dags/example_task_group_decorator.py took 0.047 seconds
[2025-05-05T03:05:32.749+0000] {processor.py:157} INFO - Started process (PID=173) to work on /home/airflow/.local/lib/python3.8/site-packages/airflow/example_dags/example_task_group_decorator.py
[2025-05-05T03:05:32.751+0000] {processor.py:829} INFO - Processing file /home/airflow/.local/lib/python3.8/site-packages/airflow/example_dags/example_task_group_decorator.py for tasks to queue
[2025-05-05T03:05:32.753+0000] {logging_mixin.py:154} INFO - [2025-05-05T03:05:32.753+0000] {dagbag.py:536} INFO - Filling up the DagBag from /home/airflow/.local/lib/python3.8/site-packages/airflow/example_dags/example_task_group_decorator.py
[2025-05-05T03:05:32.761+0000] {processor.py:839} INFO - DAG(s) dict_keys(['example_task_group_decorator']) retrieved from /home/airflow/.local/lib/python3.8/site-packages/airflow/example_dags/example_task_group_decorator.py
[2025-05-05T03:05:32.780+0000] {logging_mixin.py:154} INFO - [2025-05-05T03:05:32.780+0000] {dag.py:2941} INFO - Sync 1 DAGs
[2025-05-05T03:05:32.816+0000] {logging_mixin.py:154} INFO - [2025-05-05T03:05:32.816+0000] {dag.py:3722} INFO - Setting next_dagrun for example_task_group_decorator to 2025-05-04T03:05:32.816399+00:00, run_after=2025-05-05T03:05:32.816399+00:00
[2025-05-05T03:05:32.824+0000] {processor.py:179} INFO - Processing /home/airflow/.local/lib/python3.8/site-packages/airflow/example_dags/example_task_group_decorator.py took 0.077 seconds
[2025-05-05T03:06:03.433+0000] {processor.py:157} INFO - Started process (PID=228) to work on /home/airflow/.local/lib/python3.8/site-packages/airflow/example_dags/example_task_group_decorator.py
[2025-05-05T03:06:03.434+0000] {processor.py:829} INFO - Processing file /home/airflow/.local/lib/python3.8/site-packages/airflow/example_dags/example_task_group_decorator.py for tasks to queue
[2025-05-05T03:06:03.436+0000] {logging_mixin.py:154} INFO - [2025-05-05T03:06:03.436+0000] {dagbag.py:536} INFO - Filling up the DagBag from /home/airflow/.local/lib/python3.8/site-packages/airflow/example_dags/example_task_group_decorator.py
[2025-05-05T03:06:03.452+0000] {processor.py:839} INFO - DAG(s) dict_keys(['example_task_group_decorator']) retrieved from /home/airflow/.local/lib/python3.8/site-packages/airflow/example_dags/example_task_group_decorator.py
[2025-05-05T03:06:03.498+0000] {logging_mixin.py:154} INFO - [2025-05-05T03:06:03.497+0000] {dag.py:2941} INFO - Sync 1 DAGs
[2025-05-05T03:06:03.515+0000] {logging_mixin.py:154} INFO - [2025-05-05T03:06:03.515+0000] {dag.py:3722} INFO - Setting next_dagrun for example_task_group_decorator to 2025-05-04T03:06:03.514948+00:00, run_after=2025-05-05T03:06:03.514948+00:00
[2025-05-05T03:06:03.526+0000] {processor.py:179} INFO - Processing /home/airflow/.local/lib/python3.8/site-packages/airflow/example_dags/example_task_group_decorator.py took 0.095 seconds
[2025-05-05T03:06:34.514+0000] {processor.py:157} INFO - Started process (PID=283) to work on /home/airflow/.local/lib/python3.8/site-packages/airflow/example_dags/example_task_group_decorator.py
[2025-05-05T03:06:34.515+0000] {processor.py:829} INFO - Processing file /home/airflow/.local/lib/python3.8/site-packages/airflow/example_dags/example_task_group_decorator.py for tasks to queue
[2025-05-05T03:06:34.517+0000] {logging_mixin.py:154} INFO - [2025-05-05T03:06:34.517+0000] {dagbag.py:536} INFO - Filling up the DagBag from /home/airflow/.local/lib/python3.8/site-packages/airflow/example_dags/example_task_group_decorator.py
[2025-05-05T03:06:34.528+0000] {processor.py:839} INFO - DAG(s) dict_keys(['example_task_group_decorator']) retrieved from /home/airflow/.local/lib/python3.8/site-packages/airflow/example_dags/example_task_group_decorator.py
[2025-05-05T03:06:34.546+0000] {logging_mixin.py:154} INFO - [2025-05-05T03:06:34.545+0000] {dag.py:2941} INFO - Sync 1 DAGs
[2025-05-05T03:06:34.559+0000] {logging_mixin.py:154} INFO - [2025-05-05T03:06:34.559+0000] {dag.py:3722} INFO - Setting next_dagrun for example_task_group_decorator to 2025-05-04T03:06:34.557904+00:00, run_after=2025-05-05T03:06:34.557904+00:00
[2025-05-05T03:06:34.569+0000] {processor.py:179} INFO - Processing /home/airflow/.local/lib/python3.8/site-packages/airflow/example_dags/example_task_group_decorator.py took 0.060 seconds
[2025-05-05T03:07:04.603+0000] {processor.py:157} INFO - Started process (PID=338) to work on /home/airflow/.local/lib/python3.8/site-packages/airflow/example_dags/example_task_group_decorator.py
[2025-05-05T03:07:04.605+0000] {processor.py:829} INFO - Processing file /home/airflow/.local/lib/python3.8/site-packages/airflow/example_dags/example_task_group_decorator.py for tasks to queue
[2025-05-05T03:07:04.608+0000] {logging_mixin.py:154} INFO - [2025-05-05T03:07:04.608+0000] {dagbag.py:536} INFO - Filling up the DagBag from /home/airflow/.local/lib/python3.8/site-packages/airflow/example_dags/example_task_group_decorator.py
[2025-05-05T03:07:04.622+0000] {processor.py:839} INFO - DAG(s) dict_keys(['example_task_group_decorator']) retrieved from /home/airflow/.local/lib/python3.8/site-packages/airflow/example_dags/example_task_group_decorator.py
[2025-05-05T03:07:04.641+0000] {logging_mixin.py:154} INFO - [2025-05-05T03:07:04.641+0000] {dag.py:2941} INFO - Sync 1 DAGs
[2025-05-05T03:07:04.658+0000] {logging_mixin.py:154} INFO - [2025-05-05T03:07:04.657+0000] {dag.py:3722} INFO - Setting next_dagrun for example_task_group_decorator to 2025-05-04T03:07:04.657660+00:00, run_after=2025-05-05T03:07:04.657660+00:00
[2025-05-05T03:07:04.668+0000] {processor.py:179} INFO - Processing /home/airflow/.local/lib/python3.8/site-packages/airflow/example_dags/example_task_group_decorator.py took 0.068 seconds
[2025-05-05T03:07:35.326+0000] {processor.py:157} INFO - Started process (PID=393) to work on /home/airflow/.local/lib/python3.8/site-packages/airflow/example_dags/example_task_group_decorator.py
[2025-05-05T03:07:35.327+0000] {processor.py:829} INFO - Processing file /home/airflow/.local/lib/python3.8/site-packages/airflow/example_dags/example_task_group_decorator.py for tasks to queue
[2025-05-05T03:07:35.330+0000] {logging_mixin.py:154} INFO - [2025-05-05T03:07:35.330+0000] {dagbag.py:536} INFO - Filling up the DagBag from /home/airflow/.local/lib/python3.8/site-packages/airflow/example_dags/example_task_group_decorator.py
[2025-05-05T03:07:35.347+0000] {processor.py:839} INFO - DAG(s) dict_keys(['example_task_group_decorator']) retrieved from /home/airflow/.local/lib/python3.8/site-packages/airflow/example_dags/example_task_group_decorator.py
[2025-05-05T03:07:35.368+0000] {logging_mixin.py:154} INFO - [2025-05-05T03:07:35.368+0000] {dag.py:2941} INFO - Sync 1 DAGs
[2025-05-05T03:07:35.382+0000] {logging_mixin.py:154} INFO - [2025-05-05T03:07:35.382+0000] {dag.py:3722} INFO - Setting next_dagrun for example_task_group_decorator to 2025-05-04T03:07:35.381886+00:00, run_after=2025-05-05T03:07:35.381886+00:00
[2025-05-05T03:07:35.394+0000] {processor.py:179} INFO - Processing /home/airflow/.local/lib/python3.8/site-packages/airflow/example_dags/example_task_group_decorator.py took 0.073 seconds
[2025-05-05T03:08:05.463+0000] {processor.py:157} INFO - Started process (PID=448) to work on /home/airflow/.local/lib/python3.8/site-packages/airflow/example_dags/example_task_group_decorator.py
[2025-05-05T03:08:05.465+0000] {processor.py:829} INFO - Processing file /home/airflow/.local/lib/python3.8/site-packages/airflow/example_dags/example_task_group_decorator.py for tasks to queue
[2025-05-05T03:08:05.467+0000] {logging_mixin.py:154} INFO - [2025-05-05T03:08:05.467+0000] {dagbag.py:536} INFO - Filling up the DagBag from /home/airflow/.local/lib/python3.8/site-packages/airflow/example_dags/example_task_group_decorator.py
[2025-05-05T03:08:05.476+0000] {processor.py:839} INFO - DAG(s) dict_keys(['example_task_group_decorator']) retrieved from /home/airflow/.local/lib/python3.8/site-packages/airflow/example_dags/example_task_group_decorator.py
[2025-05-05T03:08:05.495+0000] {logging_mixin.py:154} INFO - [2025-05-05T03:08:05.494+0000] {dag.py:2941} INFO - Sync 1 DAGs
[2025-05-05T03:08:05.506+0000] {logging_mixin.py:154} INFO - [2025-05-05T03:08:05.506+0000] {dag.py:3722} INFO - Setting next_dagrun for example_task_group_decorator to 2025-05-04T03:08:05.506364+00:00, run_after=2025-05-05T03:08:05.506364+00:00
[2025-05-05T03:08:05.519+0000] {processor.py:179} INFO - Processing /home/airflow/.local/lib/python3.8/site-packages/airflow/example_dags/example_task_group_decorator.py took 0.058 seconds
[2025-05-05T03:08:36.253+0000] {processor.py:157} INFO - Started process (PID=503) to work on /home/airflow/.local/lib/python3.8/site-packages/airflow/example_dags/example_task_group_decorator.py
[2025-05-05T03:08:36.254+0000] {processor.py:829} INFO - Processing file /home/airflow/.local/lib/python3.8/site-packages/airflow/example_dags/example_task_group_decorator.py for tasks to queue
[2025-05-05T03:08:36.255+0000] {logging_mixin.py:154} INFO - [2025-05-05T03:08:36.255+0000] {dagbag.py:536} INFO - Filling up the DagBag from /home/airflow/.local/lib/python3.8/site-packages/airflow/example_dags/example_task_group_decorator.py
[2025-05-05T03:08:36.265+0000] {processor.py:839} INFO - DAG(s) dict_keys(['example_task_group_decorator']) retrieved from /home/airflow/.local/lib/python3.8/site-packages/airflow/example_dags/example_task_group_decorator.py
[2025-05-05T03:08:36.280+0000] {logging_mixin.py:154} INFO - [2025-05-05T03:08:36.279+0000] {dag.py:2941} INFO - Sync 1 DAGs
[2025-05-05T03:08:36.296+0000] {logging_mixin.py:154} INFO - [2025-05-05T03:08:36.295+0000] {dag.py:3722} INFO - Setting next_dagrun for example_task_group_decorator to 2025-05-04T03:08:36.295810+00:00, run_after=2025-05-05T03:08:36.295810+00:00
[2025-05-05T03:08:36.308+0000] {processor.py:179} INFO - Processing /home/airflow/.local/lib/python3.8/site-packages/airflow/example_dags/example_task_group_decorator.py took 0.057 seconds
[2025-05-05T03:09:07.223+0000] {processor.py:157} INFO - Started process (PID=558) to work on /home/airflow/.local/lib/python3.8/site-packages/airflow/example_dags/example_task_group_decorator.py
[2025-05-05T03:09:07.223+0000] {processor.py:829} INFO - Processing file /home/airflow/.local/lib/python3.8/site-packages/airflow/example_dags/example_task_group_decorator.py for tasks to queue
[2025-05-05T03:09:07.226+0000] {logging_mixin.py:154} INFO - [2025-05-05T03:09:07.225+0000] {dagbag.py:536} INFO - Filling up the DagBag from /home/airflow/.local/lib/python3.8/site-packages/airflow/example_dags/example_task_group_decorator.py
[2025-05-05T03:09:07.237+0000] {processor.py:839} INFO - DAG(s) dict_keys(['example_task_group_decorator']) retrieved from /home/airflow/.local/lib/python3.8/site-packages/airflow/example_dags/example_task_group_decorator.py
[2025-05-05T03:09:07.257+0000] {logging_mixin.py:154} INFO - [2025-05-05T03:09:07.257+0000] {dag.py:2941} INFO - Sync 1 DAGs
[2025-05-05T03:09:07.271+0000] {logging_mixin.py:154} INFO - [2025-05-05T03:09:07.270+0000] {dag.py:3722} INFO - Setting next_dagrun for example_task_group_decorator to 2025-05-04T03:09:07.270578+00:00, run_after=2025-05-05T03:09:07.270578+00:00
[2025-05-05T03:09:07.284+0000] {processor.py:179} INFO - Processing /home/airflow/.local/lib/python3.8/site-packages/airflow/example_dags/example_task_group_decorator.py took 0.063 seconds
