[2025-05-05T03:04:29.930+0000] {processor.py:157} INFO - Started process (PID=41) to work on /home/airflow/.local/lib/python3.8/site-packages/airflow/example_dags/example_dynamic_task_mapping.py
[2025-05-05T03:04:29.931+0000] {processor.py:829} INFO - Processing file /home/airflow/.local/lib/python3.8/site-packages/airflow/example_dags/example_dynamic_task_mapping.py for tasks to queue
[2025-05-05T03:04:29.940+0000] {logging_mixin.py:154} INFO - [2025-05-05T03:04:29.939+0000] {dagbag.py:536} INFO - Filling up the DagBag from /home/airflow/.local/lib/python3.8/site-packages/airflow/example_dags/example_dynamic_task_mapping.py
[2025-05-05T03:04:29.970+0000] {processor.py:839} INFO - DAG(s) dict_keys(['example_dynamic_task_mapping']) retrieved from /home/airflow/.local/lib/python3.8/site-packages/airflow/example_dags/example_dynamic_task_mapping.py
[2025-05-05T03:04:29.988+0000] {logging_mixin.py:154} INFO - [2025-05-05T03:04:29.988+0000] {dag.py:2941} INFO - Sync 1 DAGs
[2025-05-05T03:04:30.004+0000] {logging_mixin.py:154} INFO - [2025-05-05T03:04:30.004+0000] {dag.py:3722} INFO - Setting next_dagrun for example_dynamic_task_mapping to 2022-03-04T00:00:00+00:00, run_after=2022-03-05T00:00:00+00:00
[2025-05-05T03:04:30.022+0000] {processor.py:179} INFO - Processing /home/airflow/.local/lib/python3.8/site-packages/airflow/example_dags/example_dynamic_task_mapping.py took 0.094 seconds
[2025-05-05T03:05:00.434+0000] {processor.py:157} INFO - Started process (PID=95) to work on /home/airflow/.local/lib/python3.8/site-packages/airflow/example_dags/example_dynamic_task_mapping.py
[2025-05-05T03:05:00.437+0000] {processor.py:829} INFO - Processing file /home/airflow/.local/lib/python3.8/site-packages/airflow/example_dags/example_dynamic_task_mapping.py for tasks to queue
[2025-05-05T03:05:00.439+0000] {logging_mixin.py:154} INFO - [2025-05-05T03:05:00.438+0000] {dagbag.py:536} INFO - Filling up the DagBag from /home/airflow/.local/lib/python3.8/site-packages/airflow/example_dags/example_dynamic_task_mapping.py
[2025-05-05T03:05:00.448+0000] {processor.py:839} INFO - DAG(s) dict_keys(['example_dynamic_task_mapping']) retrieved from /home/airflow/.local/lib/python3.8/site-packages/airflow/example_dags/example_dynamic_task_mapping.py
[2025-05-05T03:05:00.465+0000] {logging_mixin.py:154} INFO - [2025-05-05T03:05:00.465+0000] {dag.py:2941} INFO - Sync 1 DAGs
[2025-05-05T03:05:00.481+0000] {logging_mixin.py:154} INFO - [2025-05-05T03:05:00.481+0000] {dag.py:3722} INFO - Setting next_dagrun for example_dynamic_task_mapping to 2022-03-04T00:00:00+00:00, run_after=2022-03-05T00:00:00+00:00
[2025-05-05T03:05:00.490+0000] {processor.py:179} INFO - Processing /home/airflow/.local/lib/python3.8/site-packages/airflow/example_dags/example_dynamic_task_mapping.py took 0.059 seconds
[2025-05-05T03:05:31.238+0000] {processor.py:157} INFO - Started process (PID=156) to work on /home/airflow/.local/lib/python3.8/site-packages/airflow/example_dags/example_dynamic_task_mapping.py
[2025-05-05T03:05:31.239+0000] {processor.py:829} INFO - Processing file /home/airflow/.local/lib/python3.8/site-packages/airflow/example_dags/example_dynamic_task_mapping.py for tasks to queue
[2025-05-05T03:05:31.242+0000] {logging_mixin.py:154} INFO - [2025-05-05T03:05:31.242+0000] {dagbag.py:536} INFO - Filling up the DagBag from /home/airflow/.local/lib/python3.8/site-packages/airflow/example_dags/example_dynamic_task_mapping.py
[2025-05-05T03:05:31.256+0000] {processor.py:839} INFO - DAG(s) dict_keys(['example_dynamic_task_mapping']) retrieved from /home/airflow/.local/lib/python3.8/site-packages/airflow/example_dags/example_dynamic_task_mapping.py
[2025-05-05T03:05:31.279+0000] {logging_mixin.py:154} INFO - [2025-05-05T03:05:31.279+0000] {dag.py:2941} INFO - Sync 1 DAGs
[2025-05-05T03:05:31.296+0000] {logging_mixin.py:154} INFO - [2025-05-05T03:05:31.296+0000] {dag.py:3722} INFO - Setting next_dagrun for example_dynamic_task_mapping to 2022-03-04T00:00:00+00:00, run_after=2022-03-05T00:00:00+00:00
[2025-05-05T03:05:31.311+0000] {processor.py:179} INFO - Processing /home/airflow/.local/lib/python3.8/site-packages/airflow/example_dags/example_dynamic_task_mapping.py took 0.074 seconds
[2025-05-05T03:06:01.858+0000] {processor.py:157} INFO - Started process (PID=212) to work on /home/airflow/.local/lib/python3.8/site-packages/airflow/example_dags/example_dynamic_task_mapping.py
[2025-05-05T03:06:01.859+0000] {processor.py:829} INFO - Processing file /home/airflow/.local/lib/python3.8/site-packages/airflow/example_dags/example_dynamic_task_mapping.py for tasks to queue
[2025-05-05T03:06:01.862+0000] {logging_mixin.py:154} INFO - [2025-05-05T03:06:01.862+0000] {dagbag.py:536} INFO - Filling up the DagBag from /home/airflow/.local/lib/python3.8/site-packages/airflow/example_dags/example_dynamic_task_mapping.py
[2025-05-05T03:06:01.880+0000] {processor.py:839} INFO - DAG(s) dict_keys(['example_dynamic_task_mapping']) retrieved from /home/airflow/.local/lib/python3.8/site-packages/airflow/example_dags/example_dynamic_task_mapping.py
[2025-05-05T03:06:01.903+0000] {logging_mixin.py:154} INFO - [2025-05-05T03:06:01.903+0000] {dag.py:2941} INFO - Sync 1 DAGs
[2025-05-05T03:06:01.918+0000] {logging_mixin.py:154} INFO - [2025-05-05T03:06:01.917+0000] {dag.py:3722} INFO - Setting next_dagrun for example_dynamic_task_mapping to 2022-03-04T00:00:00+00:00, run_after=2022-03-05T00:00:00+00:00
[2025-05-05T03:06:01.930+0000] {processor.py:179} INFO - Processing /home/airflow/.local/lib/python3.8/site-packages/airflow/example_dags/example_dynamic_task_mapping.py took 0.074 seconds
[2025-05-05T03:06:31.968+0000] {processor.py:157} INFO - Started process (PID=267) to work on /home/airflow/.local/lib/python3.8/site-packages/airflow/example_dags/example_dynamic_task_mapping.py
[2025-05-05T03:06:31.968+0000] {processor.py:829} INFO - Processing file /home/airflow/.local/lib/python3.8/site-packages/airflow/example_dags/example_dynamic_task_mapping.py for tasks to queue
[2025-05-05T03:06:31.969+0000] {logging_mixin.py:154} INFO - [2025-05-05T03:06:31.969+0000] {dagbag.py:536} INFO - Filling up the DagBag from /home/airflow/.local/lib/python3.8/site-packages/airflow/example_dags/example_dynamic_task_mapping.py
[2025-05-05T03:06:31.977+0000] {processor.py:839} INFO - DAG(s) dict_keys(['example_dynamic_task_mapping']) retrieved from /home/airflow/.local/lib/python3.8/site-packages/airflow/example_dags/example_dynamic_task_mapping.py
[2025-05-05T03:06:31.995+0000] {logging_mixin.py:154} INFO - [2025-05-05T03:06:31.995+0000] {dag.py:2941} INFO - Sync 1 DAGs
[2025-05-05T03:06:32.017+0000] {logging_mixin.py:154} INFO - [2025-05-05T03:06:32.017+0000] {dag.py:3722} INFO - Setting next_dagrun for example_dynamic_task_mapping to 2022-03-04T00:00:00+00:00, run_after=2022-03-05T00:00:00+00:00
[2025-05-05T03:06:32.029+0000] {processor.py:179} INFO - Processing /home/airflow/.local/lib/python3.8/site-packages/airflow/example_dags/example_dynamic_task_mapping.py took 0.063 seconds
[2025-05-05T03:07:02.113+0000] {processor.py:157} INFO - Started process (PID=322) to work on /home/airflow/.local/lib/python3.8/site-packages/airflow/example_dags/example_dynamic_task_mapping.py
[2025-05-05T03:07:02.114+0000] {processor.py:829} INFO - Processing file /home/airflow/.local/lib/python3.8/site-packages/airflow/example_dags/example_dynamic_task_mapping.py for tasks to queue
[2025-05-05T03:07:02.115+0000] {logging_mixin.py:154} INFO - [2025-05-05T03:07:02.115+0000] {dagbag.py:536} INFO - Filling up the DagBag from /home/airflow/.local/lib/python3.8/site-packages/airflow/example_dags/example_dynamic_task_mapping.py
[2025-05-05T03:07:02.124+0000] {processor.py:839} INFO - DAG(s) dict_keys(['example_dynamic_task_mapping']) retrieved from /home/airflow/.local/lib/python3.8/site-packages/airflow/example_dags/example_dynamic_task_mapping.py
[2025-05-05T03:07:02.149+0000] {logging_mixin.py:154} INFO - [2025-05-05T03:07:02.149+0000] {dag.py:2941} INFO - Sync 1 DAGs
[2025-05-05T03:07:02.170+0000] {logging_mixin.py:154} INFO - [2025-05-05T03:07:02.170+0000] {dag.py:3722} INFO - Setting next_dagrun for example_dynamic_task_mapping to 2022-03-04T00:00:00+00:00, run_after=2022-03-05T00:00:00+00:00
[2025-05-05T03:07:02.181+0000] {processor.py:179} INFO - Processing /home/airflow/.local/lib/python3.8/site-packages/airflow/example_dags/example_dynamic_task_mapping.py took 0.071 seconds
[2025-05-05T03:07:32.793+0000] {processor.py:157} INFO - Started process (PID=377) to work on /home/airflow/.local/lib/python3.8/site-packages/airflow/example_dags/example_dynamic_task_mapping.py
[2025-05-05T03:07:32.795+0000] {processor.py:829} INFO - Processing file /home/airflow/.local/lib/python3.8/site-packages/airflow/example_dags/example_dynamic_task_mapping.py for tasks to queue
[2025-05-05T03:07:32.800+0000] {logging_mixin.py:154} INFO - [2025-05-05T03:07:32.798+0000] {dagbag.py:536} INFO - Filling up the DagBag from /home/airflow/.local/lib/python3.8/site-packages/airflow/example_dags/example_dynamic_task_mapping.py
[2025-05-05T03:07:32.812+0000] {processor.py:839} INFO - DAG(s) dict_keys(['example_dynamic_task_mapping']) retrieved from /home/airflow/.local/lib/python3.8/site-packages/airflow/example_dags/example_dynamic_task_mapping.py
[2025-05-05T03:07:32.834+0000] {logging_mixin.py:154} INFO - [2025-05-05T03:07:32.834+0000] {dag.py:2941} INFO - Sync 1 DAGs
[2025-05-05T03:07:32.859+0000] {logging_mixin.py:154} INFO - [2025-05-05T03:07:32.859+0000] {dag.py:3722} INFO - Setting next_dagrun for example_dynamic_task_mapping to 2022-03-04T00:00:00+00:00, run_after=2022-03-05T00:00:00+00:00
[2025-05-05T03:07:32.876+0000] {processor.py:179} INFO - Processing /home/airflow/.local/lib/python3.8/site-packages/airflow/example_dags/example_dynamic_task_mapping.py took 0.088 seconds
[2025-05-05T03:08:02.943+0000] {processor.py:157} INFO - Started process (PID=432) to work on /home/airflow/.local/lib/python3.8/site-packages/airflow/example_dags/example_dynamic_task_mapping.py
[2025-05-05T03:08:02.944+0000] {processor.py:829} INFO - Processing file /home/airflow/.local/lib/python3.8/site-packages/airflow/example_dags/example_dynamic_task_mapping.py for tasks to queue
[2025-05-05T03:08:02.946+0000] {logging_mixin.py:154} INFO - [2025-05-05T03:08:02.945+0000] {dagbag.py:536} INFO - Filling up the DagBag from /home/airflow/.local/lib/python3.8/site-packages/airflow/example_dags/example_dynamic_task_mapping.py
[2025-05-05T03:08:02.955+0000] {processor.py:839} INFO - DAG(s) dict_keys(['example_dynamic_task_mapping']) retrieved from /home/airflow/.local/lib/python3.8/site-packages/airflow/example_dags/example_dynamic_task_mapping.py
[2025-05-05T03:08:02.971+0000] {logging_mixin.py:154} INFO - [2025-05-05T03:08:02.971+0000] {dag.py:2941} INFO - Sync 1 DAGs
[2025-05-05T03:08:02.987+0000] {logging_mixin.py:154} INFO - [2025-05-05T03:08:02.987+0000] {dag.py:3722} INFO - Setting next_dagrun for example_dynamic_task_mapping to 2022-03-04T00:00:00+00:00, run_after=2022-03-05T00:00:00+00:00
[2025-05-05T03:08:02.999+0000] {processor.py:179} INFO - Processing /home/airflow/.local/lib/python3.8/site-packages/airflow/example_dags/example_dynamic_task_mapping.py took 0.059 seconds
[2025-05-05T03:08:33.777+0000] {processor.py:157} INFO - Started process (PID=487) to work on /home/airflow/.local/lib/python3.8/site-packages/airflow/example_dags/example_dynamic_task_mapping.py
[2025-05-05T03:08:33.778+0000] {processor.py:829} INFO - Processing file /home/airflow/.local/lib/python3.8/site-packages/airflow/example_dags/example_dynamic_task_mapping.py for tasks to queue
[2025-05-05T03:08:33.782+0000] {logging_mixin.py:154} INFO - [2025-05-05T03:08:33.782+0000] {dagbag.py:536} INFO - Filling up the DagBag from /home/airflow/.local/lib/python3.8/site-packages/airflow/example_dags/example_dynamic_task_mapping.py
[2025-05-05T03:08:33.795+0000] {processor.py:839} INFO - DAG(s) dict_keys(['example_dynamic_task_mapping']) retrieved from /home/airflow/.local/lib/python3.8/site-packages/airflow/example_dags/example_dynamic_task_mapping.py
[2025-05-05T03:08:33.816+0000] {logging_mixin.py:154} INFO - [2025-05-05T03:08:33.816+0000] {dag.py:2941} INFO - Sync 1 DAGs
[2025-05-05T03:08:33.830+0000] {logging_mixin.py:154} INFO - [2025-05-05T03:08:33.830+0000] {dag.py:3722} INFO - Setting next_dagrun for example_dynamic_task_mapping to 2022-03-04T00:00:00+00:00, run_after=2022-03-05T00:00:00+00:00
[2025-05-05T03:08:33.843+0000] {processor.py:179} INFO - Processing /home/airflow/.local/lib/python3.8/site-packages/airflow/example_dags/example_dynamic_task_mapping.py took 0.071 seconds
[2025-05-05T03:09:04.671+0000] {processor.py:157} INFO - Started process (PID=542) to work on /home/airflow/.local/lib/python3.8/site-packages/airflow/example_dags/example_dynamic_task_mapping.py
[2025-05-05T03:09:04.672+0000] {processor.py:829} INFO - Processing file /home/airflow/.local/lib/python3.8/site-packages/airflow/example_dags/example_dynamic_task_mapping.py for tasks to queue
[2025-05-05T03:09:04.675+0000] {logging_mixin.py:154} INFO - [2025-05-05T03:09:04.675+0000] {dagbag.py:536} INFO - Filling up the DagBag from /home/airflow/.local/lib/python3.8/site-packages/airflow/example_dags/example_dynamic_task_mapping.py
[2025-05-05T03:09:04.686+0000] {processor.py:839} INFO - DAG(s) dict_keys(['example_dynamic_task_mapping']) retrieved from /home/airflow/.local/lib/python3.8/site-packages/airflow/example_dags/example_dynamic_task_mapping.py
[2025-05-05T03:09:04.706+0000] {logging_mixin.py:154} INFO - [2025-05-05T03:09:04.706+0000] {dag.py:2941} INFO - Sync 1 DAGs
[2025-05-05T03:09:04.720+0000] {logging_mixin.py:154} INFO - [2025-05-05T03:09:04.720+0000] {dag.py:3722} INFO - Setting next_dagrun for example_dynamic_task_mapping to 2022-03-04T00:00:00+00:00, run_after=2022-03-05T00:00:00+00:00
[2025-05-05T03:09:04.734+0000] {processor.py:179} INFO - Processing /home/airflow/.local/lib/python3.8/site-packages/airflow/example_dags/example_dynamic_task_mapping.py took 0.066 seconds
