[2025-05-05T03:04:32.248+0000] {processor.py:157} INFO - Started process (PID=84) to work on /home/airflow/.local/lib/python3.8/site-packages/airflow/example_dags/example_branch_labels.py
[2025-05-05T03:04:32.249+0000] {processor.py:829} INFO - Processing file /home/airflow/.local/lib/python3.8/site-packages/airflow/example_dags/example_branch_labels.py for tasks to queue
[2025-05-05T03:04:32.252+0000] {logging_mixin.py:154} INFO - [2025-05-05T03:04:32.252+0000] {dagbag.py:536} INFO - Filling up the DagBag from /home/airflow/.local/lib/python3.8/site-packages/airflow/example_dags/example_branch_labels.py
[2025-05-05T03:04:32.265+0000] {processor.py:839} INFO - DAG(s) dict_keys(['example_branch_labels']) retrieved from /home/airflow/.local/lib/python3.8/site-packages/airflow/example_dags/example_branch_labels.py
[2025-05-05T03:04:32.282+0000] {logging_mixin.py:154} INFO - [2025-05-05T03:04:32.282+0000] {dag.py:2941} INFO - Sync 1 DAGs
[2025-05-05T03:04:32.300+0000] {logging_mixin.py:154} INFO - [2025-05-05T03:04:32.300+0000] {dag.py:3722} INFO - Setting next_dagrun for example_branch_labels to 2025-05-04T00:00:00+00:00, run_after=2025-05-05T00:00:00+00:00
[2025-05-05T03:04:32.308+0000] {processor.py:179} INFO - Processing /home/airflow/.local/lib/python3.8/site-packages/airflow/example_dags/example_branch_labels.py took 0.063 seconds
[2025-05-05T03:05:02.648+0000] {processor.py:157} INFO - Started process (PID=139) to work on /home/airflow/.local/lib/python3.8/site-packages/airflow/example_dags/example_branch_labels.py
[2025-05-05T03:05:02.648+0000] {processor.py:829} INFO - Processing file /home/airflow/.local/lib/python3.8/site-packages/airflow/example_dags/example_branch_labels.py for tasks to queue
[2025-05-05T03:05:02.650+0000] {logging_mixin.py:154} INFO - [2025-05-05T03:05:02.650+0000] {dagbag.py:536} INFO - Filling up the DagBag from /home/airflow/.local/lib/python3.8/site-packages/airflow/example_dags/example_branch_labels.py
[2025-05-05T03:05:02.656+0000] {processor.py:839} INFO - DAG(s) dict_keys(['example_branch_labels']) retrieved from /home/airflow/.local/lib/python3.8/site-packages/airflow/example_dags/example_branch_labels.py
[2025-05-05T03:05:02.673+0000] {logging_mixin.py:154} INFO - [2025-05-05T03:05:02.673+0000] {dag.py:2941} INFO - Sync 1 DAGs
[2025-05-05T03:05:02.685+0000] {logging_mixin.py:154} INFO - [2025-05-05T03:05:02.685+0000] {dag.py:3722} INFO - Setting next_dagrun for example_branch_labels to 2025-05-04T00:00:00+00:00, run_after=2025-05-05T00:00:00+00:00
[2025-05-05T03:05:02.692+0000] {processor.py:179} INFO - Processing /home/airflow/.local/lib/python3.8/site-packages/airflow/example_dags/example_branch_labels.py took 0.047 seconds
[2025-05-05T03:05:33.372+0000] {processor.py:157} INFO - Started process (PID=194) to work on /home/airflow/.local/lib/python3.8/site-packages/airflow/example_dags/example_branch_labels.py
[2025-05-05T03:05:33.372+0000] {processor.py:829} INFO - Processing file /home/airflow/.local/lib/python3.8/site-packages/airflow/example_dags/example_branch_labels.py for tasks to queue
[2025-05-05T03:05:33.374+0000] {logging_mixin.py:154} INFO - [2025-05-05T03:05:33.374+0000] {dagbag.py:536} INFO - Filling up the DagBag from /home/airflow/.local/lib/python3.8/site-packages/airflow/example_dags/example_branch_labels.py
[2025-05-05T03:05:33.381+0000] {processor.py:839} INFO - DAG(s) dict_keys(['example_branch_labels']) retrieved from /home/airflow/.local/lib/python3.8/site-packages/airflow/example_dags/example_branch_labels.py
[2025-05-05T03:05:33.393+0000] {logging_mixin.py:154} INFO - [2025-05-05T03:05:33.393+0000] {dag.py:2941} INFO - Sync 1 DAGs
[2025-05-05T03:05:33.402+0000] {logging_mixin.py:154} INFO - [2025-05-05T03:05:33.402+0000] {dag.py:3722} INFO - Setting next_dagrun for example_branch_labels to 2025-05-04T00:00:00+00:00, run_after=2025-05-05T00:00:00+00:00
[2025-05-05T03:05:33.409+0000] {processor.py:179} INFO - Processing /home/airflow/.local/lib/python3.8/site-packages/airflow/example_dags/example_branch_labels.py took 0.038 seconds
[2025-05-05T03:06:04.190+0000] {processor.py:157} INFO - Started process (PID=249) to work on /home/airflow/.local/lib/python3.8/site-packages/airflow/example_dags/example_branch_labels.py
[2025-05-05T03:06:04.192+0000] {processor.py:829} INFO - Processing file /home/airflow/.local/lib/python3.8/site-packages/airflow/example_dags/example_branch_labels.py for tasks to queue
[2025-05-05T03:06:04.193+0000] {logging_mixin.py:154} INFO - [2025-05-05T03:06:04.193+0000] {dagbag.py:536} INFO - Filling up the DagBag from /home/airflow/.local/lib/python3.8/site-packages/airflow/example_dags/example_branch_labels.py
[2025-05-05T03:06:04.197+0000] {processor.py:839} INFO - DAG(s) dict_keys(['example_branch_labels']) retrieved from /home/airflow/.local/lib/python3.8/site-packages/airflow/example_dags/example_branch_labels.py
[2025-05-05T03:06:04.206+0000] {logging_mixin.py:154} INFO - [2025-05-05T03:06:04.206+0000] {dag.py:2941} INFO - Sync 1 DAGs
[2025-05-05T03:06:04.222+0000] {logging_mixin.py:154} INFO - [2025-05-05T03:06:04.221+0000] {dag.py:3722} INFO - Setting next_dagrun for example_branch_labels to 2025-05-04T00:00:00+00:00, run_after=2025-05-05T00:00:00+00:00
[2025-05-05T03:06:04.232+0000] {processor.py:179} INFO - Processing /home/airflow/.local/lib/python3.8/site-packages/airflow/example_dags/example_branch_labels.py took 0.044 seconds
[2025-05-05T03:06:35.386+0000] {processor.py:157} INFO - Started process (PID=304) to work on /home/airflow/.local/lib/python3.8/site-packages/airflow/example_dags/example_branch_labels.py
[2025-05-05T03:06:35.386+0000] {processor.py:829} INFO - Processing file /home/airflow/.local/lib/python3.8/site-packages/airflow/example_dags/example_branch_labels.py for tasks to queue
[2025-05-05T03:06:35.387+0000] {logging_mixin.py:154} INFO - [2025-05-05T03:06:35.387+0000] {dagbag.py:536} INFO - Filling up the DagBag from /home/airflow/.local/lib/python3.8/site-packages/airflow/example_dags/example_branch_labels.py
[2025-05-05T03:06:35.391+0000] {processor.py:839} INFO - DAG(s) dict_keys(['example_branch_labels']) retrieved from /home/airflow/.local/lib/python3.8/site-packages/airflow/example_dags/example_branch_labels.py
[2025-05-05T03:06:35.404+0000] {logging_mixin.py:154} INFO - [2025-05-05T03:06:35.404+0000] {dag.py:2941} INFO - Sync 1 DAGs
[2025-05-05T03:06:35.417+0000] {logging_mixin.py:154} INFO - [2025-05-05T03:06:35.417+0000] {dag.py:3722} INFO - Setting next_dagrun for example_branch_labels to 2025-05-04T00:00:00+00:00, run_after=2025-05-05T00:00:00+00:00
[2025-05-05T03:06:35.427+0000] {processor.py:179} INFO - Processing /home/airflow/.local/lib/python3.8/site-packages/airflow/example_dags/example_branch_labels.py took 0.042 seconds
[2025-05-05T03:07:06.310+0000] {processor.py:157} INFO - Started process (PID=359) to work on /home/airflow/.local/lib/python3.8/site-packages/airflow/example_dags/example_branch_labels.py
[2025-05-05T03:07:06.311+0000] {processor.py:829} INFO - Processing file /home/airflow/.local/lib/python3.8/site-packages/airflow/example_dags/example_branch_labels.py for tasks to queue
[2025-05-05T03:07:06.311+0000] {logging_mixin.py:154} INFO - [2025-05-05T03:07:06.311+0000] {dagbag.py:536} INFO - Filling up the DagBag from /home/airflow/.local/lib/python3.8/site-packages/airflow/example_dags/example_branch_labels.py
[2025-05-05T03:07:06.315+0000] {processor.py:839} INFO - DAG(s) dict_keys(['example_branch_labels']) retrieved from /home/airflow/.local/lib/python3.8/site-packages/airflow/example_dags/example_branch_labels.py
[2025-05-05T03:07:06.324+0000] {logging_mixin.py:154} INFO - [2025-05-05T03:07:06.324+0000] {dag.py:2941} INFO - Sync 1 DAGs
[2025-05-05T03:07:06.332+0000] {logging_mixin.py:154} INFO - [2025-05-05T03:07:06.332+0000] {dag.py:3722} INFO - Setting next_dagrun for example_branch_labels to 2025-05-04T00:00:00+00:00, run_after=2025-05-05T00:00:00+00:00
[2025-05-05T03:07:06.338+0000] {processor.py:179} INFO - Processing /home/airflow/.local/lib/python3.8/site-packages/airflow/example_dags/example_branch_labels.py took 0.029 seconds
[2025-05-05T03:07:37.187+0000] {processor.py:157} INFO - Started process (PID=414) to work on /home/airflow/.local/lib/python3.8/site-packages/airflow/example_dags/example_branch_labels.py
[2025-05-05T03:07:37.187+0000] {processor.py:829} INFO - Processing file /home/airflow/.local/lib/python3.8/site-packages/airflow/example_dags/example_branch_labels.py for tasks to queue
[2025-05-05T03:07:37.188+0000] {logging_mixin.py:154} INFO - [2025-05-05T03:07:37.188+0000] {dagbag.py:536} INFO - Filling up the DagBag from /home/airflow/.local/lib/python3.8/site-packages/airflow/example_dags/example_branch_labels.py
[2025-05-05T03:07:37.192+0000] {processor.py:839} INFO - DAG(s) dict_keys(['example_branch_labels']) retrieved from /home/airflow/.local/lib/python3.8/site-packages/airflow/example_dags/example_branch_labels.py
[2025-05-05T03:07:37.201+0000] {logging_mixin.py:154} INFO - [2025-05-05T03:07:37.200+0000] {dag.py:2941} INFO - Sync 1 DAGs
[2025-05-05T03:07:37.212+0000] {logging_mixin.py:154} INFO - [2025-05-05T03:07:37.211+0000] {dag.py:3722} INFO - Setting next_dagrun for example_branch_labels to 2025-05-04T00:00:00+00:00, run_after=2025-05-05T00:00:00+00:00
[2025-05-05T03:07:37.223+0000] {processor.py:179} INFO - Processing /home/airflow/.local/lib/python3.8/site-packages/airflow/example_dags/example_branch_labels.py took 0.038 seconds
[2025-05-05T03:08:08.275+0000] {processor.py:157} INFO - Started process (PID=469) to work on /home/airflow/.local/lib/python3.8/site-packages/airflow/example_dags/example_branch_labels.py
[2025-05-05T03:08:08.275+0000] {processor.py:829} INFO - Processing file /home/airflow/.local/lib/python3.8/site-packages/airflow/example_dags/example_branch_labels.py for tasks to queue
[2025-05-05T03:08:08.276+0000] {logging_mixin.py:154} INFO - [2025-05-05T03:08:08.276+0000] {dagbag.py:536} INFO - Filling up the DagBag from /home/airflow/.local/lib/python3.8/site-packages/airflow/example_dags/example_branch_labels.py
[2025-05-05T03:08:08.280+0000] {processor.py:839} INFO - DAG(s) dict_keys(['example_branch_labels']) retrieved from /home/airflow/.local/lib/python3.8/site-packages/airflow/example_dags/example_branch_labels.py
[2025-05-05T03:08:08.291+0000] {logging_mixin.py:154} INFO - [2025-05-05T03:08:08.290+0000] {dag.py:2941} INFO - Sync 1 DAGs
[2025-05-05T03:08:08.306+0000] {logging_mixin.py:154} INFO - [2025-05-05T03:08:08.306+0000] {dag.py:3722} INFO - Setting next_dagrun for example_branch_labels to 2025-05-04T00:00:00+00:00, run_after=2025-05-05T00:00:00+00:00
[2025-05-05T03:08:08.314+0000] {processor.py:179} INFO - Processing /home/airflow/.local/lib/python3.8/site-packages/airflow/example_dags/example_branch_labels.py took 0.041 seconds
[2025-05-05T03:08:39.101+0000] {processor.py:157} INFO - Started process (PID=524) to work on /home/airflow/.local/lib/python3.8/site-packages/airflow/example_dags/example_branch_labels.py
[2025-05-05T03:08:39.102+0000] {processor.py:829} INFO - Processing file /home/airflow/.local/lib/python3.8/site-packages/airflow/example_dags/example_branch_labels.py for tasks to queue
[2025-05-05T03:08:39.103+0000] {logging_mixin.py:154} INFO - [2025-05-05T03:08:39.103+0000] {dagbag.py:536} INFO - Filling up the DagBag from /home/airflow/.local/lib/python3.8/site-packages/airflow/example_dags/example_branch_labels.py
[2025-05-05T03:08:39.107+0000] {processor.py:839} INFO - DAG(s) dict_keys(['example_branch_labels']) retrieved from /home/airflow/.local/lib/python3.8/site-packages/airflow/example_dags/example_branch_labels.py
[2025-05-05T03:08:39.117+0000] {logging_mixin.py:154} INFO - [2025-05-05T03:08:39.117+0000] {dag.py:2941} INFO - Sync 1 DAGs
[2025-05-05T03:08:39.129+0000] {logging_mixin.py:154} INFO - [2025-05-05T03:08:39.128+0000] {dag.py:3722} INFO - Setting next_dagrun for example_branch_labels to 2025-05-04T00:00:00+00:00, run_after=2025-05-05T00:00:00+00:00
[2025-05-05T03:08:39.135+0000] {processor.py:179} INFO - Processing /home/airflow/.local/lib/python3.8/site-packages/airflow/example_dags/example_branch_labels.py took 0.036 seconds
[2025-05-05T03:09:10.019+0000] {processor.py:157} INFO - Started process (PID=579) to work on /home/airflow/.local/lib/python3.8/site-packages/airflow/example_dags/example_branch_labels.py
[2025-05-05T03:09:10.020+0000] {processor.py:829} INFO - Processing file /home/airflow/.local/lib/python3.8/site-packages/airflow/example_dags/example_branch_labels.py for tasks to queue
[2025-05-05T03:09:10.021+0000] {logging_mixin.py:154} INFO - [2025-05-05T03:09:10.021+0000] {dagbag.py:536} INFO - Filling up the DagBag from /home/airflow/.local/lib/python3.8/site-packages/airflow/example_dags/example_branch_labels.py
[2025-05-05T03:09:10.025+0000] {processor.py:839} INFO - DAG(s) dict_keys(['example_branch_labels']) retrieved from /home/airflow/.local/lib/python3.8/site-packages/airflow/example_dags/example_branch_labels.py
[2025-05-05T03:09:10.038+0000] {logging_mixin.py:154} INFO - [2025-05-05T03:09:10.038+0000] {dag.py:2941} INFO - Sync 1 DAGs
[2025-05-05T03:09:10.049+0000] {logging_mixin.py:154} INFO - [2025-05-05T03:09:10.049+0000] {dag.py:3722} INFO - Setting next_dagrun for example_branch_labels to 2025-05-04T00:00:00+00:00, run_after=2025-05-05T00:00:00+00:00
[2025-05-05T03:09:10.056+0000] {processor.py:179} INFO - Processing /home/airflow/.local/lib/python3.8/site-packages/airflow/example_dags/example_branch_labels.py took 0.039 seconds
