[2025-05-05T03:04:30.421+0000] {processor.py:157} INFO - Started process (PID=49) to work on /home/airflow/.local/lib/python3.8/site-packages/airflow/example_dags/example_dynamic_task_mapping_with_no_taskflow_operators.py
[2025-05-05T03:04:30.422+0000] {processor.py:829} INFO - Processing file /home/airflow/.local/lib/python3.8/site-packages/airflow/example_dags/example_dynamic_task_mapping_with_no_taskflow_operators.py for tasks to queue
[2025-05-05T03:04:30.427+0000] {logging_mixin.py:154} INFO - [2025-05-05T03:04:30.426+0000] {dagbag.py:536} INFO - Filling up the DagBag from /home/airflow/.local/lib/python3.8/site-packages/airflow/example_dags/example_dynamic_task_mapping_with_no_taskflow_operators.py
[2025-05-05T03:04:30.434+0000] {processor.py:839} INFO - DAG(s) dict_keys(['example_dynamic_task_mapping_with_no_taskflow_operators']) retrieved from /home/airflow/.local/lib/python3.8/site-packages/airflow/example_dags/example_dynamic_task_mapping_with_no_taskflow_operators.py
[2025-05-05T03:04:30.447+0000] {logging_mixin.py:154} INFO - [2025-05-05T03:04:30.447+0000] {dag.py:2941} INFO - Sync 1 DAGs
[2025-05-05T03:04:30.478+0000] {logging_mixin.py:154} INFO - [2025-05-05T03:04:30.477+0000] {dag.py:3722} INFO - Setting next_dagrun for example_dynamic_task_mapping_with_no_taskflow_operators to 2025-05-04T03:04:30.477470+00:00, run_after=2025-05-05T03:04:30.477470+00:00
[2025-05-05T03:04:30.512+0000] {processor.py:179} INFO - Processing /home/airflow/.local/lib/python3.8/site-packages/airflow/example_dags/example_dynamic_task_mapping_with_no_taskflow_operators.py took 0.096 seconds
[2025-05-05T03:05:00.669+0000] {processor.py:157} INFO - Started process (PID=103) to work on /home/airflow/.local/lib/python3.8/site-packages/airflow/example_dags/example_dynamic_task_mapping_with_no_taskflow_operators.py
[2025-05-05T03:05:00.669+0000] {processor.py:829} INFO - Processing file /home/airflow/.local/lib/python3.8/site-packages/airflow/example_dags/example_dynamic_task_mapping_with_no_taskflow_operators.py for tasks to queue
[2025-05-05T03:05:00.670+0000] {logging_mixin.py:154} INFO - [2025-05-05T03:05:00.670+0000] {dagbag.py:536} INFO - Filling up the DagBag from /home/airflow/.local/lib/python3.8/site-packages/airflow/example_dags/example_dynamic_task_mapping_with_no_taskflow_operators.py
[2025-05-05T03:05:00.673+0000] {processor.py:839} INFO - DAG(s) dict_keys(['example_dynamic_task_mapping_with_no_taskflow_operators']) retrieved from /home/airflow/.local/lib/python3.8/site-packages/airflow/example_dags/example_dynamic_task_mapping_with_no_taskflow_operators.py
[2025-05-05T03:05:00.682+0000] {logging_mixin.py:154} INFO - [2025-05-05T03:05:00.682+0000] {dag.py:2941} INFO - Sync 1 DAGs
[2025-05-05T03:05:00.693+0000] {logging_mixin.py:154} INFO - [2025-05-05T03:05:00.693+0000] {dag.py:3722} INFO - Setting next_dagrun for example_dynamic_task_mapping_with_no_taskflow_operators to 2025-05-04T03:05:00.693047+00:00, run_after=2025-05-05T03:05:00.693047+00:00
[2025-05-05T03:05:00.703+0000] {processor.py:179} INFO - Processing /home/airflow/.local/lib/python3.8/site-packages/airflow/example_dags/example_dynamic_task_mapping_with_no_taskflow_operators.py took 0.036 seconds
[2025-05-05T03:05:31.490+0000] {processor.py:157} INFO - Started process (PID=165) to work on /home/airflow/.local/lib/python3.8/site-packages/airflow/example_dags/example_dynamic_task_mapping_with_no_taskflow_operators.py
[2025-05-05T03:05:31.491+0000] {processor.py:829} INFO - Processing file /home/airflow/.local/lib/python3.8/site-packages/airflow/example_dags/example_dynamic_task_mapping_with_no_taskflow_operators.py for tasks to queue
[2025-05-05T03:05:31.493+0000] {logging_mixin.py:154} INFO - [2025-05-05T03:05:31.492+0000] {dagbag.py:536} INFO - Filling up the DagBag from /home/airflow/.local/lib/python3.8/site-packages/airflow/example_dags/example_dynamic_task_mapping_with_no_taskflow_operators.py
[2025-05-05T03:05:31.495+0000] {processor.py:839} INFO - DAG(s) dict_keys(['example_dynamic_task_mapping_with_no_taskflow_operators']) retrieved from /home/airflow/.local/lib/python3.8/site-packages/airflow/example_dags/example_dynamic_task_mapping_with_no_taskflow_operators.py
[2025-05-05T03:05:31.507+0000] {logging_mixin.py:154} INFO - [2025-05-05T03:05:31.507+0000] {dag.py:2941} INFO - Sync 1 DAGs
[2025-05-05T03:05:31.516+0000] {logging_mixin.py:154} INFO - [2025-05-05T03:05:31.516+0000] {dag.py:3722} INFO - Setting next_dagrun for example_dynamic_task_mapping_with_no_taskflow_operators to 2025-05-04T03:05:31.515986+00:00, run_after=2025-05-05T03:05:31.515986+00:00
[2025-05-05T03:05:31.526+0000] {processor.py:179} INFO - Processing /home/airflow/.local/lib/python3.8/site-packages/airflow/example_dags/example_dynamic_task_mapping_with_no_taskflow_operators.py took 0.037 seconds
[2025-05-05T03:06:02.126+0000] {processor.py:157} INFO - Started process (PID=220) to work on /home/airflow/.local/lib/python3.8/site-packages/airflow/example_dags/example_dynamic_task_mapping_with_no_taskflow_operators.py
[2025-05-05T03:06:02.127+0000] {processor.py:829} INFO - Processing file /home/airflow/.local/lib/python3.8/site-packages/airflow/example_dags/example_dynamic_task_mapping_with_no_taskflow_operators.py for tasks to queue
[2025-05-05T03:06:02.130+0000] {logging_mixin.py:154} INFO - [2025-05-05T03:06:02.129+0000] {dagbag.py:536} INFO - Filling up the DagBag from /home/airflow/.local/lib/python3.8/site-packages/airflow/example_dags/example_dynamic_task_mapping_with_no_taskflow_operators.py
[2025-05-05T03:06:02.135+0000] {processor.py:839} INFO - DAG(s) dict_keys(['example_dynamic_task_mapping_with_no_taskflow_operators']) retrieved from /home/airflow/.local/lib/python3.8/site-packages/airflow/example_dags/example_dynamic_task_mapping_with_no_taskflow_operators.py
[2025-05-05T03:06:02.151+0000] {logging_mixin.py:154} INFO - [2025-05-05T03:06:02.151+0000] {dag.py:2941} INFO - Sync 1 DAGs
[2025-05-05T03:06:02.162+0000] {logging_mixin.py:154} INFO - [2025-05-05T03:06:02.162+0000] {dag.py:3722} INFO - Setting next_dagrun for example_dynamic_task_mapping_with_no_taskflow_operators to 2025-05-04T03:06:02.162142+00:00, run_after=2025-05-05T03:06:02.162142+00:00
[2025-05-05T03:06:02.174+0000] {processor.py:179} INFO - Processing /home/airflow/.local/lib/python3.8/site-packages/airflow/example_dags/example_dynamic_task_mapping_with_no_taskflow_operators.py took 0.051 seconds
[2025-05-05T03:06:32.233+0000] {processor.py:157} INFO - Started process (PID=275) to work on /home/airflow/.local/lib/python3.8/site-packages/airflow/example_dags/example_dynamic_task_mapping_with_no_taskflow_operators.py
[2025-05-05T03:06:32.234+0000] {processor.py:829} INFO - Processing file /home/airflow/.local/lib/python3.8/site-packages/airflow/example_dags/example_dynamic_task_mapping_with_no_taskflow_operators.py for tasks to queue
[2025-05-05T03:06:32.236+0000] {logging_mixin.py:154} INFO - [2025-05-05T03:06:32.235+0000] {dagbag.py:536} INFO - Filling up the DagBag from /home/airflow/.local/lib/python3.8/site-packages/airflow/example_dags/example_dynamic_task_mapping_with_no_taskflow_operators.py
[2025-05-05T03:06:32.241+0000] {processor.py:839} INFO - DAG(s) dict_keys(['example_dynamic_task_mapping_with_no_taskflow_operators']) retrieved from /home/airflow/.local/lib/python3.8/site-packages/airflow/example_dags/example_dynamic_task_mapping_with_no_taskflow_operators.py
[2025-05-05T03:06:32.255+0000] {logging_mixin.py:154} INFO - [2025-05-05T03:06:32.255+0000] {dag.py:2941} INFO - Sync 1 DAGs
[2025-05-05T03:06:32.269+0000] {logging_mixin.py:154} INFO - [2025-05-05T03:06:32.269+0000] {dag.py:3722} INFO - Setting next_dagrun for example_dynamic_task_mapping_with_no_taskflow_operators to 2025-05-04T03:06:32.269110+00:00, run_after=2025-05-05T03:06:32.269110+00:00
[2025-05-05T03:06:32.281+0000] {processor.py:179} INFO - Processing /home/airflow/.local/lib/python3.8/site-packages/airflow/example_dags/example_dynamic_task_mapping_with_no_taskflow_operators.py took 0.051 seconds
[2025-05-05T03:07:02.361+0000] {processor.py:157} INFO - Started process (PID=330) to work on /home/airflow/.local/lib/python3.8/site-packages/airflow/example_dags/example_dynamic_task_mapping_with_no_taskflow_operators.py
[2025-05-05T03:07:02.362+0000] {processor.py:829} INFO - Processing file /home/airflow/.local/lib/python3.8/site-packages/airflow/example_dags/example_dynamic_task_mapping_with_no_taskflow_operators.py for tasks to queue
[2025-05-05T03:07:02.363+0000] {logging_mixin.py:154} INFO - [2025-05-05T03:07:02.363+0000] {dagbag.py:536} INFO - Filling up the DagBag from /home/airflow/.local/lib/python3.8/site-packages/airflow/example_dags/example_dynamic_task_mapping_with_no_taskflow_operators.py
[2025-05-05T03:07:02.367+0000] {processor.py:839} INFO - DAG(s) dict_keys(['example_dynamic_task_mapping_with_no_taskflow_operators']) retrieved from /home/airflow/.local/lib/python3.8/site-packages/airflow/example_dags/example_dynamic_task_mapping_with_no_taskflow_operators.py
[2025-05-05T03:07:02.378+0000] {logging_mixin.py:154} INFO - [2025-05-05T03:07:02.378+0000] {dag.py:2941} INFO - Sync 1 DAGs
[2025-05-05T03:07:02.390+0000] {logging_mixin.py:154} INFO - [2025-05-05T03:07:02.390+0000] {dag.py:3722} INFO - Setting next_dagrun for example_dynamic_task_mapping_with_no_taskflow_operators to 2025-05-04T03:07:02.390016+00:00, run_after=2025-05-05T03:07:02.390016+00:00
[2025-05-05T03:07:02.399+0000] {processor.py:179} INFO - Processing /home/airflow/.local/lib/python3.8/site-packages/airflow/example_dags/example_dynamic_task_mapping_with_no_taskflow_operators.py took 0.040 seconds
[2025-05-05T03:07:33.095+0000] {processor.py:157} INFO - Started process (PID=385) to work on /home/airflow/.local/lib/python3.8/site-packages/airflow/example_dags/example_dynamic_task_mapping_with_no_taskflow_operators.py
[2025-05-05T03:07:33.095+0000] {processor.py:829} INFO - Processing file /home/airflow/.local/lib/python3.8/site-packages/airflow/example_dags/example_dynamic_task_mapping_with_no_taskflow_operators.py for tasks to queue
[2025-05-05T03:07:33.096+0000] {logging_mixin.py:154} INFO - [2025-05-05T03:07:33.096+0000] {dagbag.py:536} INFO - Filling up the DagBag from /home/airflow/.local/lib/python3.8/site-packages/airflow/example_dags/example_dynamic_task_mapping_with_no_taskflow_operators.py
[2025-05-05T03:07:33.099+0000] {processor.py:839} INFO - DAG(s) dict_keys(['example_dynamic_task_mapping_with_no_taskflow_operators']) retrieved from /home/airflow/.local/lib/python3.8/site-packages/airflow/example_dags/example_dynamic_task_mapping_with_no_taskflow_operators.py
[2025-05-05T03:07:33.108+0000] {logging_mixin.py:154} INFO - [2025-05-05T03:07:33.108+0000] {dag.py:2941} INFO - Sync 1 DAGs
[2025-05-05T03:07:33.119+0000] {logging_mixin.py:154} INFO - [2025-05-05T03:07:33.119+0000] {dag.py:3722} INFO - Setting next_dagrun for example_dynamic_task_mapping_with_no_taskflow_operators to 2025-05-04T03:07:33.118894+00:00, run_after=2025-05-05T03:07:33.118894+00:00
[2025-05-05T03:07:33.130+0000] {processor.py:179} INFO - Processing /home/airflow/.local/lib/python3.8/site-packages/airflow/example_dags/example_dynamic_task_mapping_with_no_taskflow_operators.py took 0.037 seconds
[2025-05-05T03:08:03.193+0000] {processor.py:157} INFO - Started process (PID=440) to work on /home/airflow/.local/lib/python3.8/site-packages/airflow/example_dags/example_dynamic_task_mapping_with_no_taskflow_operators.py
[2025-05-05T03:08:03.194+0000] {processor.py:829} INFO - Processing file /home/airflow/.local/lib/python3.8/site-packages/airflow/example_dags/example_dynamic_task_mapping_with_no_taskflow_operators.py for tasks to queue
[2025-05-05T03:08:03.195+0000] {logging_mixin.py:154} INFO - [2025-05-05T03:08:03.194+0000] {dagbag.py:536} INFO - Filling up the DagBag from /home/airflow/.local/lib/python3.8/site-packages/airflow/example_dags/example_dynamic_task_mapping_with_no_taskflow_operators.py
[2025-05-05T03:08:03.200+0000] {processor.py:839} INFO - DAG(s) dict_keys(['example_dynamic_task_mapping_with_no_taskflow_operators']) retrieved from /home/airflow/.local/lib/python3.8/site-packages/airflow/example_dags/example_dynamic_task_mapping_with_no_taskflow_operators.py
[2025-05-05T03:08:03.213+0000] {logging_mixin.py:154} INFO - [2025-05-05T03:08:03.213+0000] {dag.py:2941} INFO - Sync 1 DAGs
[2025-05-05T03:08:03.236+0000] {logging_mixin.py:154} INFO - [2025-05-05T03:08:03.236+0000] {dag.py:3722} INFO - Setting next_dagrun for example_dynamic_task_mapping_with_no_taskflow_operators to 2025-05-04T03:08:03.236577+00:00, run_after=2025-05-05T03:08:03.236577+00:00
[2025-05-05T03:08:03.252+0000] {processor.py:179} INFO - Processing /home/airflow/.local/lib/python3.8/site-packages/airflow/example_dags/example_dynamic_task_mapping_with_no_taskflow_operators.py took 0.060 seconds
[2025-05-05T03:08:34.030+0000] {processor.py:157} INFO - Started process (PID=495) to work on /home/airflow/.local/lib/python3.8/site-packages/airflow/example_dags/example_dynamic_task_mapping_with_no_taskflow_operators.py
[2025-05-05T03:08:34.030+0000] {processor.py:829} INFO - Processing file /home/airflow/.local/lib/python3.8/site-packages/airflow/example_dags/example_dynamic_task_mapping_with_no_taskflow_operators.py for tasks to queue
[2025-05-05T03:08:34.031+0000] {logging_mixin.py:154} INFO - [2025-05-05T03:08:34.031+0000] {dagbag.py:536} INFO - Filling up the DagBag from /home/airflow/.local/lib/python3.8/site-packages/airflow/example_dags/example_dynamic_task_mapping_with_no_taskflow_operators.py
[2025-05-05T03:08:34.037+0000] {processor.py:839} INFO - DAG(s) dict_keys(['example_dynamic_task_mapping_with_no_taskflow_operators']) retrieved from /home/airflow/.local/lib/python3.8/site-packages/airflow/example_dags/example_dynamic_task_mapping_with_no_taskflow_operators.py
[2025-05-05T03:08:34.051+0000] {logging_mixin.py:154} INFO - [2025-05-05T03:08:34.050+0000] {dag.py:2941} INFO - Sync 1 DAGs
[2025-05-05T03:08:34.061+0000] {logging_mixin.py:154} INFO - [2025-05-05T03:08:34.061+0000] {dag.py:3722} INFO - Setting next_dagrun for example_dynamic_task_mapping_with_no_taskflow_operators to 2025-05-04T03:08:34.061133+00:00, run_after=2025-05-05T03:08:34.061133+00:00
[2025-05-05T03:08:34.069+0000] {processor.py:179} INFO - Processing /home/airflow/.local/lib/python3.8/site-packages/airflow/example_dags/example_dynamic_task_mapping_with_no_taskflow_operators.py took 0.041 seconds
[2025-05-05T03:09:04.911+0000] {processor.py:157} INFO - Started process (PID=550) to work on /home/airflow/.local/lib/python3.8/site-packages/airflow/example_dags/example_dynamic_task_mapping_with_no_taskflow_operators.py
[2025-05-05T03:09:04.912+0000] {processor.py:829} INFO - Processing file /home/airflow/.local/lib/python3.8/site-packages/airflow/example_dags/example_dynamic_task_mapping_with_no_taskflow_operators.py for tasks to queue
[2025-05-05T03:09:04.913+0000] {logging_mixin.py:154} INFO - [2025-05-05T03:09:04.913+0000] {dagbag.py:536} INFO - Filling up the DagBag from /home/airflow/.local/lib/python3.8/site-packages/airflow/example_dags/example_dynamic_task_mapping_with_no_taskflow_operators.py
[2025-05-05T03:09:04.918+0000] {processor.py:839} INFO - DAG(s) dict_keys(['example_dynamic_task_mapping_with_no_taskflow_operators']) retrieved from /home/airflow/.local/lib/python3.8/site-packages/airflow/example_dags/example_dynamic_task_mapping_with_no_taskflow_operators.py
[2025-05-05T03:09:04.932+0000] {logging_mixin.py:154} INFO - [2025-05-05T03:09:04.931+0000] {dag.py:2941} INFO - Sync 1 DAGs
[2025-05-05T03:09:04.942+0000] {logging_mixin.py:154} INFO - [2025-05-05T03:09:04.942+0000] {dag.py:3722} INFO - Setting next_dagrun for example_dynamic_task_mapping_with_no_taskflow_operators to 2025-05-04T03:09:04.941919+00:00, run_after=2025-05-05T03:09:04.941919+00:00
[2025-05-05T03:09:04.952+0000] {processor.py:179} INFO - Processing /home/airflow/.local/lib/python3.8/site-packages/airflow/example_dags/example_dynamic_task_mapping_with_no_taskflow_operators.py took 0.043 seconds
