[2025-05-05T03:04:30.908+0000] {processor.py:157} INFO - Started process (PID=56) to work on /home/airflow/.local/lib/python3.8/site-packages/airflow/example_dags/example_branch_operator_decorator.py
[2025-05-05T03:04:30.910+0000] {processor.py:829} INFO - Processing file /home/airflow/.local/lib/python3.8/site-packages/airflow/example_dags/example_branch_operator_decorator.py for tasks to queue
[2025-05-05T03:04:30.914+0000] {logging_mixin.py:154} INFO - [2025-05-05T03:04:30.913+0000] {dagbag.py:536} INFO - Filling up the DagBag from /home/airflow/.local/lib/python3.8/site-packages/airflow/example_dags/example_branch_operator_decorator.py
[2025-05-05T03:04:30.926+0000] {processor.py:839} INFO - DAG(s) dict_keys(['example_branch_python_operator_decorator']) retrieved from /home/airflow/.local/lib/python3.8/site-packages/airflow/example_dags/example_branch_operator_decorator.py
[2025-05-05T03:04:30.959+0000] {logging_mixin.py:154} INFO - [2025-05-05T03:04:30.958+0000] {dag.py:2941} INFO - Sync 1 DAGs
[2025-05-05T03:04:31.006+0000] {logging_mixin.py:154} INFO - [2025-05-05T03:04:31.006+0000] {dag.py:3722} INFO - Setting next_dagrun for example_branch_python_operator_decorator to 2025-05-04T00:00:00+00:00, run_after=2025-05-05T00:00:00+00:00
[2025-05-05T03:04:31.049+0000] {processor.py:179} INFO - Processing /home/airflow/.local/lib/python3.8/site-packages/airflow/example_dags/example_branch_operator_decorator.py took 0.149 seconds
[2025-05-05T03:05:01.909+0000] {processor.py:157} INFO - Started process (PID=117) to work on /home/airflow/.local/lib/python3.8/site-packages/airflow/example_dags/example_branch_operator_decorator.py
[2025-05-05T03:05:01.910+0000] {processor.py:829} INFO - Processing file /home/airflow/.local/lib/python3.8/site-packages/airflow/example_dags/example_branch_operator_decorator.py for tasks to queue
[2025-05-05T03:05:01.911+0000] {logging_mixin.py:154} INFO - [2025-05-05T03:05:01.911+0000] {dagbag.py:536} INFO - Filling up the DagBag from /home/airflow/.local/lib/python3.8/site-packages/airflow/example_dags/example_branch_operator_decorator.py
[2025-05-05T03:05:01.917+0000] {processor.py:839} INFO - DAG(s) dict_keys(['example_branch_python_operator_decorator']) retrieved from /home/airflow/.local/lib/python3.8/site-packages/airflow/example_dags/example_branch_operator_decorator.py
[2025-05-05T03:05:01.927+0000] {logging_mixin.py:154} INFO - [2025-05-05T03:05:01.927+0000] {dag.py:2941} INFO - Sync 1 DAGs
[2025-05-05T03:05:01.944+0000] {logging_mixin.py:154} INFO - [2025-05-05T03:05:01.944+0000] {dag.py:3722} INFO - Setting next_dagrun for example_branch_python_operator_decorator to 2025-05-04T00:00:00+00:00, run_after=2025-05-05T00:00:00+00:00
[2025-05-05T03:05:01.954+0000] {processor.py:179} INFO - Processing /home/airflow/.local/lib/python3.8/site-packages/airflow/example_dags/example_branch_operator_decorator.py took 0.047 seconds
[2025-05-05T03:05:32.732+0000] {processor.py:157} INFO - Started process (PID=172) to work on /home/airflow/.local/lib/python3.8/site-packages/airflow/example_dags/example_branch_operator_decorator.py
[2025-05-05T03:05:32.732+0000] {processor.py:829} INFO - Processing file /home/airflow/.local/lib/python3.8/site-packages/airflow/example_dags/example_branch_operator_decorator.py for tasks to queue
[2025-05-05T03:05:32.734+0000] {logging_mixin.py:154} INFO - [2025-05-05T03:05:32.734+0000] {dagbag.py:536} INFO - Filling up the DagBag from /home/airflow/.local/lib/python3.8/site-packages/airflow/example_dags/example_branch_operator_decorator.py
[2025-05-05T03:05:32.741+0000] {processor.py:839} INFO - DAG(s) dict_keys(['example_branch_python_operator_decorator']) retrieved from /home/airflow/.local/lib/python3.8/site-packages/airflow/example_dags/example_branch_operator_decorator.py
[2025-05-05T03:05:32.755+0000] {logging_mixin.py:154} INFO - [2025-05-05T03:05:32.755+0000] {dag.py:2941} INFO - Sync 1 DAGs
[2025-05-05T03:05:32.768+0000] {logging_mixin.py:154} INFO - [2025-05-05T03:05:32.768+0000] {dag.py:3722} INFO - Setting next_dagrun for example_branch_python_operator_decorator to 2025-05-04T00:00:00+00:00, run_after=2025-05-05T00:00:00+00:00
[2025-05-05T03:05:32.811+0000] {processor.py:179} INFO - Processing /home/airflow/.local/lib/python3.8/site-packages/airflow/example_dags/example_branch_operator_decorator.py took 0.081 seconds
[2025-05-05T03:06:03.406+0000] {processor.py:157} INFO - Started process (PID=227) to work on /home/airflow/.local/lib/python3.8/site-packages/airflow/example_dags/example_branch_operator_decorator.py
[2025-05-05T03:06:03.406+0000] {processor.py:829} INFO - Processing file /home/airflow/.local/lib/python3.8/site-packages/airflow/example_dags/example_branch_operator_decorator.py for tasks to queue
[2025-05-05T03:06:03.409+0000] {logging_mixin.py:154} INFO - [2025-05-05T03:06:03.409+0000] {dagbag.py:536} INFO - Filling up the DagBag from /home/airflow/.local/lib/python3.8/site-packages/airflow/example_dags/example_branch_operator_decorator.py
[2025-05-05T03:06:03.420+0000] {processor.py:839} INFO - DAG(s) dict_keys(['example_branch_python_operator_decorator']) retrieved from /home/airflow/.local/lib/python3.8/site-packages/airflow/example_dags/example_branch_operator_decorator.py
[2025-05-05T03:06:03.441+0000] {logging_mixin.py:154} INFO - [2025-05-05T03:06:03.441+0000] {dag.py:2941} INFO - Sync 1 DAGs
[2025-05-05T03:06:03.488+0000] {logging_mixin.py:154} INFO - [2025-05-05T03:06:03.488+0000] {dag.py:3722} INFO - Setting next_dagrun for example_branch_python_operator_decorator to 2025-05-04T00:00:00+00:00, run_after=2025-05-05T00:00:00+00:00
[2025-05-05T03:06:03.503+0000] {processor.py:179} INFO - Processing /home/airflow/.local/lib/python3.8/site-packages/airflow/example_dags/example_branch_operator_decorator.py took 0.100 seconds
[2025-05-05T03:06:34.506+0000] {processor.py:157} INFO - Started process (PID=282) to work on /home/airflow/.local/lib/python3.8/site-packages/airflow/example_dags/example_branch_operator_decorator.py
[2025-05-05T03:06:34.507+0000] {processor.py:829} INFO - Processing file /home/airflow/.local/lib/python3.8/site-packages/airflow/example_dags/example_branch_operator_decorator.py for tasks to queue
[2025-05-05T03:06:34.511+0000] {logging_mixin.py:154} INFO - [2025-05-05T03:06:34.511+0000] {dagbag.py:536} INFO - Filling up the DagBag from /home/airflow/.local/lib/python3.8/site-packages/airflow/example_dags/example_branch_operator_decorator.py
[2025-05-05T03:06:34.525+0000] {processor.py:839} INFO - DAG(s) dict_keys(['example_branch_python_operator_decorator']) retrieved from /home/airflow/.local/lib/python3.8/site-packages/airflow/example_dags/example_branch_operator_decorator.py
[2025-05-05T03:06:34.544+0000] {logging_mixin.py:154} INFO - [2025-05-05T03:06:34.544+0000] {dag.py:2941} INFO - Sync 1 DAGs
[2025-05-05T03:06:34.558+0000] {logging_mixin.py:154} INFO - [2025-05-05T03:06:34.558+0000] {dag.py:3722} INFO - Setting next_dagrun for example_branch_python_operator_decorator to 2025-05-04T00:00:00+00:00, run_after=2025-05-05T00:00:00+00:00
[2025-05-05T03:06:34.569+0000] {processor.py:179} INFO - Processing /home/airflow/.local/lib/python3.8/site-packages/airflow/example_dags/example_branch_operator_decorator.py took 0.068 seconds
[2025-05-05T03:07:04.598+0000] {processor.py:157} INFO - Started process (PID=337) to work on /home/airflow/.local/lib/python3.8/site-packages/airflow/example_dags/example_branch_operator_decorator.py
[2025-05-05T03:07:04.599+0000] {processor.py:829} INFO - Processing file /home/airflow/.local/lib/python3.8/site-packages/airflow/example_dags/example_branch_operator_decorator.py for tasks to queue
[2025-05-05T03:07:04.601+0000] {logging_mixin.py:154} INFO - [2025-05-05T03:07:04.601+0000] {dagbag.py:536} INFO - Filling up the DagBag from /home/airflow/.local/lib/python3.8/site-packages/airflow/example_dags/example_branch_operator_decorator.py
[2025-05-05T03:07:04.613+0000] {processor.py:839} INFO - DAG(s) dict_keys(['example_branch_python_operator_decorator']) retrieved from /home/airflow/.local/lib/python3.8/site-packages/airflow/example_dags/example_branch_operator_decorator.py
[2025-05-05T03:07:04.634+0000] {logging_mixin.py:154} INFO - [2025-05-05T03:07:04.634+0000] {dag.py:2941} INFO - Sync 1 DAGs
[2025-05-05T03:07:04.650+0000] {logging_mixin.py:154} INFO - [2025-05-05T03:07:04.650+0000] {dag.py:3722} INFO - Setting next_dagrun for example_branch_python_operator_decorator to 2025-05-04T00:00:00+00:00, run_after=2025-05-05T00:00:00+00:00
[2025-05-05T03:07:04.664+0000] {processor.py:179} INFO - Processing /home/airflow/.local/lib/python3.8/site-packages/airflow/example_dags/example_branch_operator_decorator.py took 0.070 seconds
[2025-05-05T03:07:35.319+0000] {processor.py:157} INFO - Started process (PID=392) to work on /home/airflow/.local/lib/python3.8/site-packages/airflow/example_dags/example_branch_operator_decorator.py
[2025-05-05T03:07:35.321+0000] {processor.py:829} INFO - Processing file /home/airflow/.local/lib/python3.8/site-packages/airflow/example_dags/example_branch_operator_decorator.py for tasks to queue
[2025-05-05T03:07:35.325+0000] {logging_mixin.py:154} INFO - [2025-05-05T03:07:35.325+0000] {dagbag.py:536} INFO - Filling up the DagBag from /home/airflow/.local/lib/python3.8/site-packages/airflow/example_dags/example_branch_operator_decorator.py
[2025-05-05T03:07:35.338+0000] {processor.py:839} INFO - DAG(s) dict_keys(['example_branch_python_operator_decorator']) retrieved from /home/airflow/.local/lib/python3.8/site-packages/airflow/example_dags/example_branch_operator_decorator.py
[2025-05-05T03:07:35.368+0000] {logging_mixin.py:154} INFO - [2025-05-05T03:07:35.368+0000] {dag.py:2941} INFO - Sync 1 DAGs
[2025-05-05T03:07:35.382+0000] {logging_mixin.py:154} INFO - [2025-05-05T03:07:35.382+0000] {dag.py:3722} INFO - Setting next_dagrun for example_branch_python_operator_decorator to 2025-05-04T00:00:00+00:00, run_after=2025-05-05T00:00:00+00:00
[2025-05-05T03:07:35.394+0000] {processor.py:179} INFO - Processing /home/airflow/.local/lib/python3.8/site-packages/airflow/example_dags/example_branch_operator_decorator.py took 0.078 seconds
[2025-05-05T03:08:05.461+0000] {processor.py:157} INFO - Started process (PID=447) to work on /home/airflow/.local/lib/python3.8/site-packages/airflow/example_dags/example_branch_operator_decorator.py
[2025-05-05T03:08:05.461+0000] {processor.py:829} INFO - Processing file /home/airflow/.local/lib/python3.8/site-packages/airflow/example_dags/example_branch_operator_decorator.py for tasks to queue
[2025-05-05T03:08:05.463+0000] {logging_mixin.py:154} INFO - [2025-05-05T03:08:05.462+0000] {dagbag.py:536} INFO - Filling up the DagBag from /home/airflow/.local/lib/python3.8/site-packages/airflow/example_dags/example_branch_operator_decorator.py
[2025-05-05T03:08:05.470+0000] {processor.py:839} INFO - DAG(s) dict_keys(['example_branch_python_operator_decorator']) retrieved from /home/airflow/.local/lib/python3.8/site-packages/airflow/example_dags/example_branch_operator_decorator.py
[2025-05-05T03:08:05.490+0000] {logging_mixin.py:154} INFO - [2025-05-05T03:08:05.490+0000] {dag.py:2941} INFO - Sync 1 DAGs
[2025-05-05T03:08:05.506+0000] {logging_mixin.py:154} INFO - [2025-05-05T03:08:05.505+0000] {dag.py:3722} INFO - Setting next_dagrun for example_branch_python_operator_decorator to 2025-05-04T00:00:00+00:00, run_after=2025-05-05T00:00:00+00:00
[2025-05-05T03:08:05.519+0000] {processor.py:179} INFO - Processing /home/airflow/.local/lib/python3.8/site-packages/airflow/example_dags/example_branch_operator_decorator.py took 0.060 seconds
[2025-05-05T03:08:36.250+0000] {processor.py:157} INFO - Started process (PID=502) to work on /home/airflow/.local/lib/python3.8/site-packages/airflow/example_dags/example_branch_operator_decorator.py
[2025-05-05T03:08:36.251+0000] {processor.py:829} INFO - Processing file /home/airflow/.local/lib/python3.8/site-packages/airflow/example_dags/example_branch_operator_decorator.py for tasks to queue
[2025-05-05T03:08:36.253+0000] {logging_mixin.py:154} INFO - [2025-05-05T03:08:36.252+0000] {dagbag.py:536} INFO - Filling up the DagBag from /home/airflow/.local/lib/python3.8/site-packages/airflow/example_dags/example_branch_operator_decorator.py
[2025-05-05T03:08:36.262+0000] {processor.py:839} INFO - DAG(s) dict_keys(['example_branch_python_operator_decorator']) retrieved from /home/airflow/.local/lib/python3.8/site-packages/airflow/example_dags/example_branch_operator_decorator.py
[2025-05-05T03:08:36.277+0000] {logging_mixin.py:154} INFO - [2025-05-05T03:08:36.277+0000] {dag.py:2941} INFO - Sync 1 DAGs
[2025-05-05T03:08:36.292+0000] {logging_mixin.py:154} INFO - [2025-05-05T03:08:36.292+0000] {dag.py:3722} INFO - Setting next_dagrun for example_branch_python_operator_decorator to 2025-05-04T00:00:00+00:00, run_after=2025-05-05T00:00:00+00:00
[2025-05-05T03:08:36.304+0000] {processor.py:179} INFO - Processing /home/airflow/.local/lib/python3.8/site-packages/airflow/example_dags/example_branch_operator_decorator.py took 0.057 seconds
[2025-05-05T03:09:07.219+0000] {processor.py:157} INFO - Started process (PID=557) to work on /home/airflow/.local/lib/python3.8/site-packages/airflow/example_dags/example_branch_operator_decorator.py
[2025-05-05T03:09:07.219+0000] {processor.py:829} INFO - Processing file /home/airflow/.local/lib/python3.8/site-packages/airflow/example_dags/example_branch_operator_decorator.py for tasks to queue
[2025-05-05T03:09:07.221+0000] {logging_mixin.py:154} INFO - [2025-05-05T03:09:07.221+0000] {dagbag.py:536} INFO - Filling up the DagBag from /home/airflow/.local/lib/python3.8/site-packages/airflow/example_dags/example_branch_operator_decorator.py
[2025-05-05T03:09:07.230+0000] {processor.py:839} INFO - DAG(s) dict_keys(['example_branch_python_operator_decorator']) retrieved from /home/airflow/.local/lib/python3.8/site-packages/airflow/example_dags/example_branch_operator_decorator.py
[2025-05-05T03:09:07.249+0000] {logging_mixin.py:154} INFO - [2025-05-05T03:09:07.248+0000] {dag.py:2941} INFO - Sync 1 DAGs
[2025-05-05T03:09:07.264+0000] {logging_mixin.py:154} INFO - [2025-05-05T03:09:07.263+0000] {dag.py:3722} INFO - Setting next_dagrun for example_branch_python_operator_decorator to 2025-05-04T00:00:00+00:00, run_after=2025-05-05T00:00:00+00:00
[2025-05-05T03:09:07.276+0000] {processor.py:179} INFO - Processing /home/airflow/.local/lib/python3.8/site-packages/airflow/example_dags/example_branch_operator_decorator.py took 0.061 seconds
