[2025-05-05T03:04:31.618+0000] {processor.py:157} INFO - Started process (PID=73) to work on /home/airflow/.local/lib/python3.8/site-packages/airflow/example_dags/example_short_circuit_operator.py
[2025-05-05T03:04:31.620+0000] {processor.py:829} INFO - Processing file /home/airflow/.local/lib/python3.8/site-packages/airflow/example_dags/example_short_circuit_operator.py for tasks to queue
[2025-05-05T03:04:31.622+0000] {logging_mixin.py:154} INFO - [2025-05-05T03:04:31.622+0000] {dagbag.py:536} INFO - Filling up the DagBag from /home/airflow/.local/lib/python3.8/site-packages/airflow/example_dags/example_short_circuit_operator.py
[2025-05-05T03:04:31.631+0000] {processor.py:839} INFO - DAG(s) dict_keys(['example_short_circuit_operator']) retrieved from /home/airflow/.local/lib/python3.8/site-packages/airflow/example_dags/example_short_circuit_operator.py
[2025-05-05T03:04:31.641+0000] {logging_mixin.py:154} INFO - [2025-05-05T03:04:31.641+0000] {dag.py:2941} INFO - Sync 1 DAGs
[2025-05-05T03:04:31.670+0000] {logging_mixin.py:154} INFO - [2025-05-05T03:04:31.669+0000] {dag.py:3722} INFO - Setting next_dagrun for example_short_circuit_operator to 2025-05-04T03:04:31.669435+00:00, run_after=2025-05-05T03:04:31.669435+00:00
[2025-05-05T03:04:31.697+0000] {processor.py:179} INFO - Processing /home/airflow/.local/lib/python3.8/site-packages/airflow/example_dags/example_short_circuit_operator.py took 0.088 seconds
[2025-05-05T03:05:02.218+0000] {processor.py:157} INFO - Started process (PID=128) to work on /home/airflow/.local/lib/python3.8/site-packages/airflow/example_dags/example_short_circuit_operator.py
[2025-05-05T03:05:02.219+0000] {processor.py:829} INFO - Processing file /home/airflow/.local/lib/python3.8/site-packages/airflow/example_dags/example_short_circuit_operator.py for tasks to queue
[2025-05-05T03:05:02.221+0000] {logging_mixin.py:154} INFO - [2025-05-05T03:05:02.221+0000] {dagbag.py:536} INFO - Filling up the DagBag from /home/airflow/.local/lib/python3.8/site-packages/airflow/example_dags/example_short_circuit_operator.py
[2025-05-05T03:05:02.227+0000] {processor.py:839} INFO - DAG(s) dict_keys(['example_short_circuit_operator']) retrieved from /home/airflow/.local/lib/python3.8/site-packages/airflow/example_dags/example_short_circuit_operator.py
[2025-05-05T03:05:02.243+0000] {logging_mixin.py:154} INFO - [2025-05-05T03:05:02.242+0000] {dag.py:2941} INFO - Sync 1 DAGs
[2025-05-05T03:05:02.253+0000] {logging_mixin.py:154} INFO - [2025-05-05T03:05:02.253+0000] {dag.py:3722} INFO - Setting next_dagrun for example_short_circuit_operator to 2025-05-04T03:05:02.252939+00:00, run_after=2025-05-05T03:05:02.252939+00:00
[2025-05-05T03:05:02.261+0000] {processor.py:179} INFO - Processing /home/airflow/.local/lib/python3.8/site-packages/airflow/example_dags/example_short_circuit_operator.py took 0.044 seconds
[2025-05-05T03:05:33.059+0000] {processor.py:157} INFO - Started process (PID=183) to work on /home/airflow/.local/lib/python3.8/site-packages/airflow/example_dags/example_short_circuit_operator.py
[2025-05-05T03:05:33.059+0000] {processor.py:829} INFO - Processing file /home/airflow/.local/lib/python3.8/site-packages/airflow/example_dags/example_short_circuit_operator.py for tasks to queue
[2025-05-05T03:05:33.062+0000] {logging_mixin.py:154} INFO - [2025-05-05T03:05:33.061+0000] {dagbag.py:536} INFO - Filling up the DagBag from /home/airflow/.local/lib/python3.8/site-packages/airflow/example_dags/example_short_circuit_operator.py
[2025-05-05T03:05:33.067+0000] {processor.py:839} INFO - DAG(s) dict_keys(['example_short_circuit_operator']) retrieved from /home/airflow/.local/lib/python3.8/site-packages/airflow/example_dags/example_short_circuit_operator.py
[2025-05-05T03:05:33.079+0000] {logging_mixin.py:154} INFO - [2025-05-05T03:05:33.079+0000] {dag.py:2941} INFO - Sync 1 DAGs
[2025-05-05T03:05:33.091+0000] {logging_mixin.py:154} INFO - [2025-05-05T03:05:33.091+0000] {dag.py:3722} INFO - Setting next_dagrun for example_short_circuit_operator to 2025-05-04T03:05:33.091679+00:00, run_after=2025-05-05T03:05:33.091679+00:00
[2025-05-05T03:05:33.098+0000] {processor.py:179} INFO - Processing /home/airflow/.local/lib/python3.8/site-packages/airflow/example_dags/example_short_circuit_operator.py took 0.040 seconds
[2025-05-05T03:06:03.795+0000] {processor.py:157} INFO - Started process (PID=238) to work on /home/airflow/.local/lib/python3.8/site-packages/airflow/example_dags/example_short_circuit_operator.py
[2025-05-05T03:06:03.796+0000] {processor.py:829} INFO - Processing file /home/airflow/.local/lib/python3.8/site-packages/airflow/example_dags/example_short_circuit_operator.py for tasks to queue
[2025-05-05T03:06:03.798+0000] {logging_mixin.py:154} INFO - [2025-05-05T03:06:03.798+0000] {dagbag.py:536} INFO - Filling up the DagBag from /home/airflow/.local/lib/python3.8/site-packages/airflow/example_dags/example_short_circuit_operator.py
[2025-05-05T03:06:03.804+0000] {processor.py:839} INFO - DAG(s) dict_keys(['example_short_circuit_operator']) retrieved from /home/airflow/.local/lib/python3.8/site-packages/airflow/example_dags/example_short_circuit_operator.py
[2025-05-05T03:06:03.821+0000] {logging_mixin.py:154} INFO - [2025-05-05T03:06:03.821+0000] {dag.py:2941} INFO - Sync 1 DAGs
[2025-05-05T03:06:03.836+0000] {logging_mixin.py:154} INFO - [2025-05-05T03:06:03.836+0000] {dag.py:3722} INFO - Setting next_dagrun for example_short_circuit_operator to 2025-05-04T03:06:03.836141+00:00, run_after=2025-05-05T03:06:03.836141+00:00
[2025-05-05T03:06:03.844+0000] {processor.py:179} INFO - Processing /home/airflow/.local/lib/python3.8/site-packages/airflow/example_dags/example_short_circuit_operator.py took 0.051 seconds
[2025-05-05T03:06:34.900+0000] {processor.py:157} INFO - Started process (PID=293) to work on /home/airflow/.local/lib/python3.8/site-packages/airflow/example_dags/example_short_circuit_operator.py
[2025-05-05T03:06:34.900+0000] {processor.py:829} INFO - Processing file /home/airflow/.local/lib/python3.8/site-packages/airflow/example_dags/example_short_circuit_operator.py for tasks to queue
[2025-05-05T03:06:34.901+0000] {logging_mixin.py:154} INFO - [2025-05-05T03:06:34.901+0000] {dagbag.py:536} INFO - Filling up the DagBag from /home/airflow/.local/lib/python3.8/site-packages/airflow/example_dags/example_short_circuit_operator.py
[2025-05-05T03:06:34.904+0000] {processor.py:839} INFO - DAG(s) dict_keys(['example_short_circuit_operator']) retrieved from /home/airflow/.local/lib/python3.8/site-packages/airflow/example_dags/example_short_circuit_operator.py
[2025-05-05T03:06:34.913+0000] {logging_mixin.py:154} INFO - [2025-05-05T03:06:34.913+0000] {dag.py:2941} INFO - Sync 1 DAGs
[2025-05-05T03:06:34.920+0000] {logging_mixin.py:154} INFO - [2025-05-05T03:06:34.920+0000] {dag.py:3722} INFO - Setting next_dagrun for example_short_circuit_operator to 2025-05-04T03:06:34.920356+00:00, run_after=2025-05-05T03:06:34.920356+00:00
[2025-05-05T03:06:34.928+0000] {processor.py:179} INFO - Processing /home/airflow/.local/lib/python3.8/site-packages/airflow/example_dags/example_short_circuit_operator.py took 0.029 seconds
[2025-05-05T03:07:04.962+0000] {processor.py:157} INFO - Started process (PID=348) to work on /home/airflow/.local/lib/python3.8/site-packages/airflow/example_dags/example_short_circuit_operator.py
[2025-05-05T03:07:04.963+0000] {processor.py:829} INFO - Processing file /home/airflow/.local/lib/python3.8/site-packages/airflow/example_dags/example_short_circuit_operator.py for tasks to queue
[2025-05-05T03:07:04.963+0000] {logging_mixin.py:154} INFO - [2025-05-05T03:07:04.963+0000] {dagbag.py:536} INFO - Filling up the DagBag from /home/airflow/.local/lib/python3.8/site-packages/airflow/example_dags/example_short_circuit_operator.py
[2025-05-05T03:07:04.966+0000] {processor.py:839} INFO - DAG(s) dict_keys(['example_short_circuit_operator']) retrieved from /home/airflow/.local/lib/python3.8/site-packages/airflow/example_dags/example_short_circuit_operator.py
[2025-05-05T03:07:04.975+0000] {logging_mixin.py:154} INFO - [2025-05-05T03:07:04.975+0000] {dag.py:2941} INFO - Sync 1 DAGs
[2025-05-05T03:07:04.982+0000] {logging_mixin.py:154} INFO - [2025-05-05T03:07:04.982+0000] {dag.py:3722} INFO - Setting next_dagrun for example_short_circuit_operator to 2025-05-04T03:07:04.982043+00:00, run_after=2025-05-05T03:07:04.982043+00:00
[2025-05-05T03:07:04.987+0000] {processor.py:179} INFO - Processing /home/airflow/.local/lib/python3.8/site-packages/airflow/example_dags/example_short_circuit_operator.py took 0.026 seconds
[2025-05-05T03:07:35.735+0000] {processor.py:157} INFO - Started process (PID=403) to work on /home/airflow/.local/lib/python3.8/site-packages/airflow/example_dags/example_short_circuit_operator.py
[2025-05-05T03:07:35.736+0000] {processor.py:829} INFO - Processing file /home/airflow/.local/lib/python3.8/site-packages/airflow/example_dags/example_short_circuit_operator.py for tasks to queue
[2025-05-05T03:07:35.736+0000] {logging_mixin.py:154} INFO - [2025-05-05T03:07:35.736+0000] {dagbag.py:536} INFO - Filling up the DagBag from /home/airflow/.local/lib/python3.8/site-packages/airflow/example_dags/example_short_circuit_operator.py
[2025-05-05T03:07:35.743+0000] {processor.py:839} INFO - DAG(s) dict_keys(['example_short_circuit_operator']) retrieved from /home/airflow/.local/lib/python3.8/site-packages/airflow/example_dags/example_short_circuit_operator.py
[2025-05-05T03:07:35.759+0000] {logging_mixin.py:154} INFO - [2025-05-05T03:07:35.758+0000] {dag.py:2941} INFO - Sync 1 DAGs
[2025-05-05T03:07:35.774+0000] {logging_mixin.py:154} INFO - [2025-05-05T03:07:35.774+0000] {dag.py:3722} INFO - Setting next_dagrun for example_short_circuit_operator to 2025-05-04T03:07:35.774118+00:00, run_after=2025-05-05T03:07:35.774118+00:00
[2025-05-05T03:07:35.781+0000] {processor.py:179} INFO - Processing /home/airflow/.local/lib/python3.8/site-packages/airflow/example_dags/example_short_circuit_operator.py took 0.048 seconds
[2025-05-05T03:08:05.837+0000] {processor.py:157} INFO - Started process (PID=458) to work on /home/airflow/.local/lib/python3.8/site-packages/airflow/example_dags/example_short_circuit_operator.py
[2025-05-05T03:08:05.838+0000] {processor.py:829} INFO - Processing file /home/airflow/.local/lib/python3.8/site-packages/airflow/example_dags/example_short_circuit_operator.py for tasks to queue
[2025-05-05T03:08:05.840+0000] {logging_mixin.py:154} INFO - [2025-05-05T03:08:05.840+0000] {dagbag.py:536} INFO - Filling up the DagBag from /home/airflow/.local/lib/python3.8/site-packages/airflow/example_dags/example_short_circuit_operator.py
[2025-05-05T03:08:05.848+0000] {processor.py:839} INFO - DAG(s) dict_keys(['example_short_circuit_operator']) retrieved from /home/airflow/.local/lib/python3.8/site-packages/airflow/example_dags/example_short_circuit_operator.py
[2025-05-05T03:08:05.863+0000] {logging_mixin.py:154} INFO - [2025-05-05T03:08:05.863+0000] {dag.py:2941} INFO - Sync 1 DAGs
[2025-05-05T03:08:05.878+0000] {logging_mixin.py:154} INFO - [2025-05-05T03:08:05.878+0000] {dag.py:3722} INFO - Setting next_dagrun for example_short_circuit_operator to 2025-05-04T03:08:05.877912+00:00, run_after=2025-05-05T03:08:05.877912+00:00
[2025-05-05T03:08:05.887+0000] {processor.py:179} INFO - Processing /home/airflow/.local/lib/python3.8/site-packages/airflow/example_dags/example_short_circuit_operator.py took 0.052 seconds
[2025-05-05T03:08:36.661+0000] {processor.py:157} INFO - Started process (PID=513) to work on /home/airflow/.local/lib/python3.8/site-packages/airflow/example_dags/example_short_circuit_operator.py
[2025-05-05T03:08:36.661+0000] {processor.py:829} INFO - Processing file /home/airflow/.local/lib/python3.8/site-packages/airflow/example_dags/example_short_circuit_operator.py for tasks to queue
[2025-05-05T03:08:36.662+0000] {logging_mixin.py:154} INFO - [2025-05-05T03:08:36.662+0000] {dagbag.py:536} INFO - Filling up the DagBag from /home/airflow/.local/lib/python3.8/site-packages/airflow/example_dags/example_short_circuit_operator.py
[2025-05-05T03:08:36.668+0000] {processor.py:839} INFO - DAG(s) dict_keys(['example_short_circuit_operator']) retrieved from /home/airflow/.local/lib/python3.8/site-packages/airflow/example_dags/example_short_circuit_operator.py
[2025-05-05T03:08:36.688+0000] {logging_mixin.py:154} INFO - [2025-05-05T03:08:36.688+0000] {dag.py:2941} INFO - Sync 1 DAGs
[2025-05-05T03:08:36.700+0000] {logging_mixin.py:154} INFO - [2025-05-05T03:08:36.700+0000] {dag.py:3722} INFO - Setting next_dagrun for example_short_circuit_operator to 2025-05-04T03:08:36.699895+00:00, run_after=2025-05-05T03:08:36.699895+00:00
[2025-05-05T03:08:36.716+0000] {processor.py:179} INFO - Processing /home/airflow/.local/lib/python3.8/site-packages/airflow/example_dags/example_short_circuit_operator.py took 0.057 seconds
[2025-05-05T03:09:07.579+0000] {processor.py:157} INFO - Started process (PID=568) to work on /home/airflow/.local/lib/python3.8/site-packages/airflow/example_dags/example_short_circuit_operator.py
[2025-05-05T03:09:07.579+0000] {processor.py:829} INFO - Processing file /home/airflow/.local/lib/python3.8/site-packages/airflow/example_dags/example_short_circuit_operator.py for tasks to queue
[2025-05-05T03:09:07.581+0000] {logging_mixin.py:154} INFO - [2025-05-05T03:09:07.581+0000] {dagbag.py:536} INFO - Filling up the DagBag from /home/airflow/.local/lib/python3.8/site-packages/airflow/example_dags/example_short_circuit_operator.py
[2025-05-05T03:09:07.589+0000] {processor.py:839} INFO - DAG(s) dict_keys(['example_short_circuit_operator']) retrieved from /home/airflow/.local/lib/python3.8/site-packages/airflow/example_dags/example_short_circuit_operator.py
[2025-05-05T03:09:07.602+0000] {logging_mixin.py:154} INFO - [2025-05-05T03:09:07.602+0000] {dag.py:2941} INFO - Sync 1 DAGs
[2025-05-05T03:09:07.617+0000] {logging_mixin.py:154} INFO - [2025-05-05T03:09:07.617+0000] {dag.py:3722} INFO - Setting next_dagrun for example_short_circuit_operator to 2025-05-04T03:09:07.617047+00:00, run_after=2025-05-05T03:09:07.617047+00:00
[2025-05-05T03:09:07.630+0000] {processor.py:179} INFO - Processing /home/airflow/.local/lib/python3.8/site-packages/airflow/example_dags/example_short_circuit_operator.py took 0.053 seconds
