[2025-05-05T03:04:32.365+0000] {processor.py:157} INFO - Started process (PID=87) to work on /home/airflow/.local/lib/python3.8/site-packages/airflow/example_dags/example_python_operator.py
[2025-05-05T03:04:32.365+0000] {processor.py:829} INFO - Processing file /home/airflow/.local/lib/python3.8/site-packages/airflow/example_dags/example_python_operator.py for tasks to queue
[2025-05-05T03:04:32.368+0000] {logging_mixin.py:154} INFO - [2025-05-05T03:04:32.368+0000] {dagbag.py:536} INFO - Filling up the DagBag from /home/airflow/.local/lib/python3.8/site-packages/airflow/example_dags/example_python_operator.py
[2025-05-05T03:04:32.378+0000] {processor.py:839} INFO - DAG(s) dict_keys(['example_python_operator']) retrieved from /home/airflow/.local/lib/python3.8/site-packages/airflow/example_dags/example_python_operator.py
[2025-05-05T03:04:32.386+0000] {logging_mixin.py:154} INFO - [2025-05-05T03:04:32.386+0000] {dag.py:2941} INFO - Sync 1 DAGs
[2025-05-05T03:04:32.398+0000] {logging_mixin.py:154} INFO - [2025-05-05T03:04:32.398+0000] {dag.py:3722} INFO - Setting next_dagrun for example_python_operator to None, run_after=None
[2025-05-05T03:04:32.416+0000] {processor.py:179} INFO - Processing /home/airflow/.local/lib/python3.8/site-packages/airflow/example_dags/example_python_operator.py took 0.053 seconds
[2025-05-05T03:05:02.795+0000] {processor.py:157} INFO - Started process (PID=142) to work on /home/airflow/.local/lib/python3.8/site-packages/airflow/example_dags/example_python_operator.py
[2025-05-05T03:05:02.797+0000] {processor.py:829} INFO - Processing file /home/airflow/.local/lib/python3.8/site-packages/airflow/example_dags/example_python_operator.py for tasks to queue
[2025-05-05T03:05:02.800+0000] {logging_mixin.py:154} INFO - [2025-05-05T03:05:02.800+0000] {dagbag.py:536} INFO - Filling up the DagBag from /home/airflow/.local/lib/python3.8/site-packages/airflow/example_dags/example_python_operator.py
[2025-05-05T03:05:02.814+0000] {processor.py:839} INFO - DAG(s) dict_keys(['example_python_operator']) retrieved from /home/airflow/.local/lib/python3.8/site-packages/airflow/example_dags/example_python_operator.py
[2025-05-05T03:05:02.882+0000] {logging_mixin.py:154} INFO - [2025-05-05T03:05:02.882+0000] {dag.py:2941} INFO - Sync 1 DAGs
[2025-05-05T03:05:02.887+0000] {logging_mixin.py:154} INFO - [2025-05-05T03:05:02.887+0000] {dag.py:3722} INFO - Setting next_dagrun for example_python_operator to None, run_after=None
[2025-05-05T03:05:02.902+0000] {processor.py:179} INFO - Processing /home/airflow/.local/lib/python3.8/site-packages/airflow/example_dags/example_python_operator.py took 0.123 seconds
[2025-05-05T03:05:33.467+0000] {processor.py:157} INFO - Started process (PID=197) to work on /home/airflow/.local/lib/python3.8/site-packages/airflow/example_dags/example_python_operator.py
[2025-05-05T03:05:33.467+0000] {processor.py:829} INFO - Processing file /home/airflow/.local/lib/python3.8/site-packages/airflow/example_dags/example_python_operator.py for tasks to queue
[2025-05-05T03:05:33.468+0000] {logging_mixin.py:154} INFO - [2025-05-05T03:05:33.468+0000] {dagbag.py:536} INFO - Filling up the DagBag from /home/airflow/.local/lib/python3.8/site-packages/airflow/example_dags/example_python_operator.py
[2025-05-05T03:05:33.472+0000] {processor.py:839} INFO - DAG(s) dict_keys(['example_python_operator']) retrieved from /home/airflow/.local/lib/python3.8/site-packages/airflow/example_dags/example_python_operator.py
[2025-05-05T03:05:33.485+0000] {logging_mixin.py:154} INFO - [2025-05-05T03:05:33.485+0000] {dag.py:2941} INFO - Sync 1 DAGs
[2025-05-05T03:05:33.491+0000] {logging_mixin.py:154} INFO - [2025-05-05T03:05:33.491+0000] {dag.py:3722} INFO - Setting next_dagrun for example_python_operator to None, run_after=None
[2025-05-05T03:05:33.498+0000] {processor.py:179} INFO - Processing /home/airflow/.local/lib/python3.8/site-packages/airflow/example_dags/example_python_operator.py took 0.032 seconds
[2025-05-05T03:06:04.265+0000] {processor.py:157} INFO - Started process (PID=252) to work on /home/airflow/.local/lib/python3.8/site-packages/airflow/example_dags/example_python_operator.py
[2025-05-05T03:06:04.266+0000] {processor.py:829} INFO - Processing file /home/airflow/.local/lib/python3.8/site-packages/airflow/example_dags/example_python_operator.py for tasks to queue
[2025-05-05T03:06:04.268+0000] {logging_mixin.py:154} INFO - [2025-05-05T03:06:04.268+0000] {dagbag.py:536} INFO - Filling up the DagBag from /home/airflow/.local/lib/python3.8/site-packages/airflow/example_dags/example_python_operator.py
[2025-05-05T03:06:04.274+0000] {processor.py:839} INFO - DAG(s) dict_keys(['example_python_operator']) retrieved from /home/airflow/.local/lib/python3.8/site-packages/airflow/example_dags/example_python_operator.py
[2025-05-05T03:06:04.291+0000] {logging_mixin.py:154} INFO - [2025-05-05T03:06:04.291+0000] {dag.py:2941} INFO - Sync 1 DAGs
[2025-05-05T03:06:04.299+0000] {logging_mixin.py:154} INFO - [2025-05-05T03:06:04.298+0000] {dag.py:3722} INFO - Setting next_dagrun for example_python_operator to None, run_after=None
[2025-05-05T03:06:04.307+0000] {processor.py:179} INFO - Processing /home/airflow/.local/lib/python3.8/site-packages/airflow/example_dags/example_python_operator.py took 0.044 seconds
[2025-05-05T03:06:35.475+0000] {processor.py:157} INFO - Started process (PID=307) to work on /home/airflow/.local/lib/python3.8/site-packages/airflow/example_dags/example_python_operator.py
[2025-05-05T03:06:35.475+0000] {processor.py:829} INFO - Processing file /home/airflow/.local/lib/python3.8/site-packages/airflow/example_dags/example_python_operator.py for tasks to queue
[2025-05-05T03:06:35.476+0000] {logging_mixin.py:154} INFO - [2025-05-05T03:06:35.476+0000] {dagbag.py:536} INFO - Filling up the DagBag from /home/airflow/.local/lib/python3.8/site-packages/airflow/example_dags/example_python_operator.py
[2025-05-05T03:06:35.483+0000] {processor.py:839} INFO - DAG(s) dict_keys(['example_python_operator']) retrieved from /home/airflow/.local/lib/python3.8/site-packages/airflow/example_dags/example_python_operator.py
[2025-05-05T03:06:35.496+0000] {logging_mixin.py:154} INFO - [2025-05-05T03:06:35.496+0000] {dag.py:2941} INFO - Sync 1 DAGs
[2025-05-05T03:06:35.503+0000] {logging_mixin.py:154} INFO - [2025-05-05T03:06:35.501+0000] {dag.py:3722} INFO - Setting next_dagrun for example_python_operator to None, run_after=None
[2025-05-05T03:06:35.513+0000] {processor.py:179} INFO - Processing /home/airflow/.local/lib/python3.8/site-packages/airflow/example_dags/example_python_operator.py took 0.040 seconds
[2025-05-05T03:07:06.404+0000] {processor.py:157} INFO - Started process (PID=362) to work on /home/airflow/.local/lib/python3.8/site-packages/airflow/example_dags/example_python_operator.py
[2025-05-05T03:07:06.405+0000] {processor.py:829} INFO - Processing file /home/airflow/.local/lib/python3.8/site-packages/airflow/example_dags/example_python_operator.py for tasks to queue
[2025-05-05T03:07:06.406+0000] {logging_mixin.py:154} INFO - [2025-05-05T03:07:06.406+0000] {dagbag.py:536} INFO - Filling up the DagBag from /home/airflow/.local/lib/python3.8/site-packages/airflow/example_dags/example_python_operator.py
[2025-05-05T03:07:06.409+0000] {processor.py:839} INFO - DAG(s) dict_keys(['example_python_operator']) retrieved from /home/airflow/.local/lib/python3.8/site-packages/airflow/example_dags/example_python_operator.py
[2025-05-05T03:07:06.419+0000] {logging_mixin.py:154} INFO - [2025-05-05T03:07:06.419+0000] {dag.py:2941} INFO - Sync 1 DAGs
[2025-05-05T03:07:06.424+0000] {logging_mixin.py:154} INFO - [2025-05-05T03:07:06.424+0000] {dag.py:3722} INFO - Setting next_dagrun for example_python_operator to None, run_after=None
[2025-05-05T03:07:06.430+0000] {processor.py:179} INFO - Processing /home/airflow/.local/lib/python3.8/site-packages/airflow/example_dags/example_python_operator.py took 0.027 seconds
[2025-05-05T03:07:37.282+0000] {processor.py:157} INFO - Started process (PID=417) to work on /home/airflow/.local/lib/python3.8/site-packages/airflow/example_dags/example_python_operator.py
[2025-05-05T03:07:37.282+0000] {processor.py:829} INFO - Processing file /home/airflow/.local/lib/python3.8/site-packages/airflow/example_dags/example_python_operator.py for tasks to queue
[2025-05-05T03:07:37.283+0000] {logging_mixin.py:154} INFO - [2025-05-05T03:07:37.283+0000] {dagbag.py:536} INFO - Filling up the DagBag from /home/airflow/.local/lib/python3.8/site-packages/airflow/example_dags/example_python_operator.py
[2025-05-05T03:07:37.288+0000] {processor.py:839} INFO - DAG(s) dict_keys(['example_python_operator']) retrieved from /home/airflow/.local/lib/python3.8/site-packages/airflow/example_dags/example_python_operator.py
[2025-05-05T03:07:37.299+0000] {logging_mixin.py:154} INFO - [2025-05-05T03:07:37.299+0000] {dag.py:2941} INFO - Sync 1 DAGs
[2025-05-05T03:07:37.306+0000] {logging_mixin.py:154} INFO - [2025-05-05T03:07:37.306+0000] {dag.py:3722} INFO - Setting next_dagrun for example_python_operator to None, run_after=None
[2025-05-05T03:07:37.316+0000] {processor.py:179} INFO - Processing /home/airflow/.local/lib/python3.8/site-packages/airflow/example_dags/example_python_operator.py took 0.035 seconds
[2025-05-05T03:08:08.362+0000] {processor.py:157} INFO - Started process (PID=472) to work on /home/airflow/.local/lib/python3.8/site-packages/airflow/example_dags/example_python_operator.py
[2025-05-05T03:08:08.363+0000] {processor.py:829} INFO - Processing file /home/airflow/.local/lib/python3.8/site-packages/airflow/example_dags/example_python_operator.py for tasks to queue
[2025-05-05T03:08:08.364+0000] {logging_mixin.py:154} INFO - [2025-05-05T03:08:08.364+0000] {dagbag.py:536} INFO - Filling up the DagBag from /home/airflow/.local/lib/python3.8/site-packages/airflow/example_dags/example_python_operator.py
[2025-05-05T03:08:08.371+0000] {processor.py:839} INFO - DAG(s) dict_keys(['example_python_operator']) retrieved from /home/airflow/.local/lib/python3.8/site-packages/airflow/example_dags/example_python_operator.py
[2025-05-05T03:08:08.381+0000] {logging_mixin.py:154} INFO - [2025-05-05T03:08:08.381+0000] {dag.py:2941} INFO - Sync 1 DAGs
[2025-05-05T03:08:08.387+0000] {logging_mixin.py:154} INFO - [2025-05-05T03:08:08.387+0000] {dag.py:3722} INFO - Setting next_dagrun for example_python_operator to None, run_after=None
[2025-05-05T03:08:08.397+0000] {processor.py:179} INFO - Processing /home/airflow/.local/lib/python3.8/site-packages/airflow/example_dags/example_python_operator.py took 0.038 seconds
[2025-05-05T03:08:39.199+0000] {processor.py:157} INFO - Started process (PID=527) to work on /home/airflow/.local/lib/python3.8/site-packages/airflow/example_dags/example_python_operator.py
[2025-05-05T03:08:39.200+0000] {processor.py:829} INFO - Processing file /home/airflow/.local/lib/python3.8/site-packages/airflow/example_dags/example_python_operator.py for tasks to queue
[2025-05-05T03:08:39.201+0000] {logging_mixin.py:154} INFO - [2025-05-05T03:08:39.201+0000] {dagbag.py:536} INFO - Filling up the DagBag from /home/airflow/.local/lib/python3.8/site-packages/airflow/example_dags/example_python_operator.py
[2025-05-05T03:08:39.207+0000] {processor.py:839} INFO - DAG(s) dict_keys(['example_python_operator']) retrieved from /home/airflow/.local/lib/python3.8/site-packages/airflow/example_dags/example_python_operator.py
[2025-05-05T03:08:39.222+0000] {logging_mixin.py:154} INFO - [2025-05-05T03:08:39.222+0000] {dag.py:2941} INFO - Sync 1 DAGs
[2025-05-05T03:08:39.227+0000] {logging_mixin.py:154} INFO - [2025-05-05T03:08:39.227+0000] {dag.py:3722} INFO - Setting next_dagrun for example_python_operator to None, run_after=None
[2025-05-05T03:08:39.239+0000] {processor.py:179} INFO - Processing /home/airflow/.local/lib/python3.8/site-packages/airflow/example_dags/example_python_operator.py took 0.041 seconds
[2025-05-05T03:09:10.150+0000] {processor.py:157} INFO - Started process (PID=582) to work on /home/airflow/.local/lib/python3.8/site-packages/airflow/example_dags/example_python_operator.py
[2025-05-05T03:09:10.151+0000] {processor.py:829} INFO - Processing file /home/airflow/.local/lib/python3.8/site-packages/airflow/example_dags/example_python_operator.py for tasks to queue
[2025-05-05T03:09:10.151+0000] {logging_mixin.py:154} INFO - [2025-05-05T03:09:10.151+0000] {dagbag.py:536} INFO - Filling up the DagBag from /home/airflow/.local/lib/python3.8/site-packages/airflow/example_dags/example_python_operator.py
[2025-05-05T03:09:10.157+0000] {processor.py:839} INFO - DAG(s) dict_keys(['example_python_operator']) retrieved from /home/airflow/.local/lib/python3.8/site-packages/airflow/example_dags/example_python_operator.py
[2025-05-05T03:09:10.171+0000] {logging_mixin.py:154} INFO - [2025-05-05T03:09:10.171+0000] {dag.py:2941} INFO - Sync 1 DAGs
[2025-05-05T03:09:10.178+0000] {logging_mixin.py:154} INFO - [2025-05-05T03:09:10.178+0000] {dag.py:3722} INFO - Setting next_dagrun for example_python_operator to None, run_after=None
[2025-05-05T03:09:10.188+0000] {processor.py:179} INFO - Processing /home/airflow/.local/lib/python3.8/site-packages/airflow/example_dags/example_python_operator.py took 0.039 seconds
