[2025-05-05T03:04:32.390+0000] {processor.py:157} INFO - Started process (PID=88) to work on /home/airflow/.local/lib/python3.8/site-packages/airflow/example_dags/example_task_group.py
[2025-05-05T03:04:32.392+0000] {processor.py:829} INFO - Processing file /home/airflow/.local/lib/python3.8/site-packages/airflow/example_dags/example_task_group.py for tasks to queue
[2025-05-05T03:04:32.395+0000] {logging_mixin.py:154} INFO - [2025-05-05T03:04:32.395+0000] {dagbag.py:536} INFO - Filling up the DagBag from /home/airflow/.local/lib/python3.8/site-packages/airflow/example_dags/example_task_group.py
[2025-05-05T03:04:32.401+0000] {processor.py:839} INFO - DAG(s) dict_keys(['example_task_group']) retrieved from /home/airflow/.local/lib/python3.8/site-packages/airflow/example_dags/example_task_group.py
[2025-05-05T03:04:32.414+0000] {logging_mixin.py:154} INFO - [2025-05-05T03:04:32.414+0000] {dag.py:2941} INFO - Sync 1 DAGs
[2025-05-05T03:04:32.432+0000] {logging_mixin.py:154} INFO - [2025-05-05T03:04:32.432+0000] {dag.py:3722} INFO - Setting next_dagrun for example_task_group to 2025-05-04T03:04:32.432403+00:00, run_after=2025-05-05T03:04:32.432403+00:00
[2025-05-05T03:04:32.443+0000] {processor.py:179} INFO - Processing /home/airflow/.local/lib/python3.8/site-packages/airflow/example_dags/example_task_group.py took 0.056 seconds
[2025-05-05T03:05:02.868+0000] {processor.py:157} INFO - Started process (PID=143) to work on /home/airflow/.local/lib/python3.8/site-packages/airflow/example_dags/example_task_group.py
[2025-05-05T03:05:02.868+0000] {processor.py:829} INFO - Processing file /home/airflow/.local/lib/python3.8/site-packages/airflow/example_dags/example_task_group.py for tasks to queue
[2025-05-05T03:05:02.870+0000] {logging_mixin.py:154} INFO - [2025-05-05T03:05:02.870+0000] {dagbag.py:536} INFO - Filling up the DagBag from /home/airflow/.local/lib/python3.8/site-packages/airflow/example_dags/example_task_group.py
[2025-05-05T03:05:02.873+0000] {processor.py:839} INFO - DAG(s) dict_keys(['example_task_group']) retrieved from /home/airflow/.local/lib/python3.8/site-packages/airflow/example_dags/example_task_group.py
[2025-05-05T03:05:02.884+0000] {logging_mixin.py:154} INFO - [2025-05-05T03:05:02.884+0000] {dag.py:2941} INFO - Sync 1 DAGs
[2025-05-05T03:05:02.897+0000] {logging_mixin.py:154} INFO - [2025-05-05T03:05:02.897+0000] {dag.py:3722} INFO - Setting next_dagrun for example_task_group to 2025-05-04T03:05:02.897089+00:00, run_after=2025-05-05T03:05:02.897089+00:00
[2025-05-05T03:05:02.907+0000] {processor.py:179} INFO - Processing /home/airflow/.local/lib/python3.8/site-packages/airflow/example_dags/example_task_group.py took 0.041 seconds
[2025-05-05T03:05:33.495+0000] {processor.py:157} INFO - Started process (PID=198) to work on /home/airflow/.local/lib/python3.8/site-packages/airflow/example_dags/example_task_group.py
[2025-05-05T03:05:33.495+0000] {processor.py:829} INFO - Processing file /home/airflow/.local/lib/python3.8/site-packages/airflow/example_dags/example_task_group.py for tasks to queue
[2025-05-05T03:05:33.496+0000] {logging_mixin.py:154} INFO - [2025-05-05T03:05:33.496+0000] {dagbag.py:536} INFO - Filling up the DagBag from /home/airflow/.local/lib/python3.8/site-packages/airflow/example_dags/example_task_group.py
[2025-05-05T03:05:33.500+0000] {processor.py:839} INFO - DAG(s) dict_keys(['example_task_group']) retrieved from /home/airflow/.local/lib/python3.8/site-packages/airflow/example_dags/example_task_group.py
[2025-05-05T03:05:33.510+0000] {logging_mixin.py:154} INFO - [2025-05-05T03:05:33.510+0000] {dag.py:2941} INFO - Sync 1 DAGs
[2025-05-05T03:05:33.523+0000] {logging_mixin.py:154} INFO - [2025-05-05T03:05:33.523+0000] {dag.py:3722} INFO - Setting next_dagrun for example_task_group to 2025-05-04T03:05:33.522954+00:00, run_after=2025-05-05T03:05:33.522954+00:00
[2025-05-05T03:05:33.529+0000] {processor.py:179} INFO - Processing /home/airflow/.local/lib/python3.8/site-packages/airflow/example_dags/example_task_group.py took 0.036 seconds
[2025-05-05T03:06:04.311+0000] {processor.py:157} INFO - Started process (PID=253) to work on /home/airflow/.local/lib/python3.8/site-packages/airflow/example_dags/example_task_group.py
[2025-05-05T03:06:04.311+0000] {processor.py:829} INFO - Processing file /home/airflow/.local/lib/python3.8/site-packages/airflow/example_dags/example_task_group.py for tasks to queue
[2025-05-05T03:06:04.312+0000] {logging_mixin.py:154} INFO - [2025-05-05T03:06:04.312+0000] {dagbag.py:536} INFO - Filling up the DagBag from /home/airflow/.local/lib/python3.8/site-packages/airflow/example_dags/example_task_group.py
[2025-05-05T03:06:04.315+0000] {processor.py:839} INFO - DAG(s) dict_keys(['example_task_group']) retrieved from /home/airflow/.local/lib/python3.8/site-packages/airflow/example_dags/example_task_group.py
[2025-05-05T03:06:04.328+0000] {logging_mixin.py:154} INFO - [2025-05-05T03:06:04.328+0000] {dag.py:2941} INFO - Sync 1 DAGs
[2025-05-05T03:06:04.341+0000] {logging_mixin.py:154} INFO - [2025-05-05T03:06:04.341+0000] {dag.py:3722} INFO - Setting next_dagrun for example_task_group to 2025-05-04T03:06:04.341104+00:00, run_after=2025-05-05T03:06:04.341104+00:00
[2025-05-05T03:06:04.350+0000] {processor.py:179} INFO - Processing /home/airflow/.local/lib/python3.8/site-packages/airflow/example_dags/example_task_group.py took 0.040 seconds
[2025-05-05T03:06:35.476+0000] {processor.py:157} INFO - Started process (PID=308) to work on /home/airflow/.local/lib/python3.8/site-packages/airflow/example_dags/example_task_group.py
[2025-05-05T03:06:35.477+0000] {processor.py:829} INFO - Processing file /home/airflow/.local/lib/python3.8/site-packages/airflow/example_dags/example_task_group.py for tasks to queue
[2025-05-05T03:06:35.478+0000] {logging_mixin.py:154} INFO - [2025-05-05T03:06:35.478+0000] {dagbag.py:536} INFO - Filling up the DagBag from /home/airflow/.local/lib/python3.8/site-packages/airflow/example_dags/example_task_group.py
[2025-05-05T03:06:35.483+0000] {processor.py:839} INFO - DAG(s) dict_keys(['example_task_group']) retrieved from /home/airflow/.local/lib/python3.8/site-packages/airflow/example_dags/example_task_group.py
[2025-05-05T03:06:35.496+0000] {logging_mixin.py:154} INFO - [2025-05-05T03:06:35.496+0000] {dag.py:2941} INFO - Sync 1 DAGs
[2025-05-05T03:06:35.507+0000] {logging_mixin.py:154} INFO - [2025-05-05T03:06:35.507+0000] {dag.py:3722} INFO - Setting next_dagrun for example_task_group to 2025-05-04T03:06:35.506950+00:00, run_after=2025-05-05T03:06:35.506950+00:00
[2025-05-05T03:06:35.516+0000] {processor.py:179} INFO - Processing /home/airflow/.local/lib/python3.8/site-packages/airflow/example_dags/example_task_group.py took 0.041 seconds
[2025-05-05T03:07:06.438+0000] {processor.py:157} INFO - Started process (PID=363) to work on /home/airflow/.local/lib/python3.8/site-packages/airflow/example_dags/example_task_group.py
[2025-05-05T03:07:06.438+0000] {processor.py:829} INFO - Processing file /home/airflow/.local/lib/python3.8/site-packages/airflow/example_dags/example_task_group.py for tasks to queue
[2025-05-05T03:07:06.440+0000] {logging_mixin.py:154} INFO - [2025-05-05T03:07:06.440+0000] {dagbag.py:536} INFO - Filling up the DagBag from /home/airflow/.local/lib/python3.8/site-packages/airflow/example_dags/example_task_group.py
[2025-05-05T03:07:06.446+0000] {processor.py:839} INFO - DAG(s) dict_keys(['example_task_group']) retrieved from /home/airflow/.local/lib/python3.8/site-packages/airflow/example_dags/example_task_group.py
[2025-05-05T03:07:06.458+0000] {logging_mixin.py:154} INFO - [2025-05-05T03:07:06.458+0000] {dag.py:2941} INFO - Sync 1 DAGs
[2025-05-05T03:07:06.469+0000] {logging_mixin.py:154} INFO - [2025-05-05T03:07:06.469+0000] {dag.py:3722} INFO - Setting next_dagrun for example_task_group to 2025-05-04T03:07:06.468945+00:00, run_after=2025-05-05T03:07:06.468945+00:00
[2025-05-05T03:07:06.478+0000] {processor.py:179} INFO - Processing /home/airflow/.local/lib/python3.8/site-packages/airflow/example_dags/example_task_group.py took 0.041 seconds
[2025-05-05T03:07:37.294+0000] {processor.py:157} INFO - Started process (PID=418) to work on /home/airflow/.local/lib/python3.8/site-packages/airflow/example_dags/example_task_group.py
[2025-05-05T03:07:37.296+0000] {processor.py:829} INFO - Processing file /home/airflow/.local/lib/python3.8/site-packages/airflow/example_dags/example_task_group.py for tasks to queue
[2025-05-05T03:07:37.297+0000] {logging_mixin.py:154} INFO - [2025-05-05T03:07:37.297+0000] {dagbag.py:536} INFO - Filling up the DagBag from /home/airflow/.local/lib/python3.8/site-packages/airflow/example_dags/example_task_group.py
[2025-05-05T03:07:37.303+0000] {processor.py:839} INFO - DAG(s) dict_keys(['example_task_group']) retrieved from /home/airflow/.local/lib/python3.8/site-packages/airflow/example_dags/example_task_group.py
[2025-05-05T03:07:37.317+0000] {logging_mixin.py:154} INFO - [2025-05-05T03:07:37.317+0000] {dag.py:2941} INFO - Sync 1 DAGs
[2025-05-05T03:07:37.328+0000] {logging_mixin.py:154} INFO - [2025-05-05T03:07:37.327+0000] {dag.py:3722} INFO - Setting next_dagrun for example_task_group to 2025-05-04T03:07:37.327574+00:00, run_after=2025-05-05T03:07:37.327574+00:00
[2025-05-05T03:07:37.338+0000] {processor.py:179} INFO - Processing /home/airflow/.local/lib/python3.8/site-packages/airflow/example_dags/example_task_group.py took 0.046 seconds
[2025-05-05T03:08:08.409+0000] {processor.py:157} INFO - Started process (PID=473) to work on /home/airflow/.local/lib/python3.8/site-packages/airflow/example_dags/example_task_group.py
[2025-05-05T03:08:08.409+0000] {processor.py:829} INFO - Processing file /home/airflow/.local/lib/python3.8/site-packages/airflow/example_dags/example_task_group.py for tasks to queue
[2025-05-05T03:08:08.410+0000] {logging_mixin.py:154} INFO - [2025-05-05T03:08:08.410+0000] {dagbag.py:536} INFO - Filling up the DagBag from /home/airflow/.local/lib/python3.8/site-packages/airflow/example_dags/example_task_group.py
[2025-05-05T03:08:08.413+0000] {processor.py:839} INFO - DAG(s) dict_keys(['example_task_group']) retrieved from /home/airflow/.local/lib/python3.8/site-packages/airflow/example_dags/example_task_group.py
[2025-05-05T03:08:08.427+0000] {logging_mixin.py:154} INFO - [2025-05-05T03:08:08.426+0000] {dag.py:2941} INFO - Sync 1 DAGs
[2025-05-05T03:08:08.436+0000] {logging_mixin.py:154} INFO - [2025-05-05T03:08:08.436+0000] {dag.py:3722} INFO - Setting next_dagrun for example_task_group to 2025-05-04T03:08:08.435904+00:00, run_after=2025-05-05T03:08:08.435904+00:00
[2025-05-05T03:08:08.445+0000] {processor.py:179} INFO - Processing /home/airflow/.local/lib/python3.8/site-packages/airflow/example_dags/example_task_group.py took 0.038 seconds
[2025-05-05T03:08:39.226+0000] {processor.py:157} INFO - Started process (PID=528) to work on /home/airflow/.local/lib/python3.8/site-packages/airflow/example_dags/example_task_group.py
[2025-05-05T03:08:39.227+0000] {processor.py:829} INFO - Processing file /home/airflow/.local/lib/python3.8/site-packages/airflow/example_dags/example_task_group.py for tasks to queue
[2025-05-05T03:08:39.229+0000] {logging_mixin.py:154} INFO - [2025-05-05T03:08:39.228+0000] {dagbag.py:536} INFO - Filling up the DagBag from /home/airflow/.local/lib/python3.8/site-packages/airflow/example_dags/example_task_group.py
[2025-05-05T03:08:39.235+0000] {processor.py:839} INFO - DAG(s) dict_keys(['example_task_group']) retrieved from /home/airflow/.local/lib/python3.8/site-packages/airflow/example_dags/example_task_group.py
[2025-05-05T03:08:39.248+0000] {logging_mixin.py:154} INFO - [2025-05-05T03:08:39.248+0000] {dag.py:2941} INFO - Sync 1 DAGs
[2025-05-05T03:08:39.257+0000] {logging_mixin.py:154} INFO - [2025-05-05T03:08:39.257+0000] {dag.py:3722} INFO - Setting next_dagrun for example_task_group to 2025-05-04T03:08:39.257503+00:00, run_after=2025-05-05T03:08:39.257503+00:00
[2025-05-05T03:08:39.266+0000] {processor.py:179} INFO - Processing /home/airflow/.local/lib/python3.8/site-packages/airflow/example_dags/example_task_group.py took 0.042 seconds
[2025-05-05T03:09:10.152+0000] {processor.py:157} INFO - Started process (PID=583) to work on /home/airflow/.local/lib/python3.8/site-packages/airflow/example_dags/example_task_group.py
[2025-05-05T03:09:10.153+0000] {processor.py:829} INFO - Processing file /home/airflow/.local/lib/python3.8/site-packages/airflow/example_dags/example_task_group.py for tasks to queue
[2025-05-05T03:09:10.154+0000] {logging_mixin.py:154} INFO - [2025-05-05T03:09:10.154+0000] {dagbag.py:536} INFO - Filling up the DagBag from /home/airflow/.local/lib/python3.8/site-packages/airflow/example_dags/example_task_group.py
[2025-05-05T03:09:10.158+0000] {processor.py:839} INFO - DAG(s) dict_keys(['example_task_group']) retrieved from /home/airflow/.local/lib/python3.8/site-packages/airflow/example_dags/example_task_group.py
[2025-05-05T03:09:10.171+0000] {logging_mixin.py:154} INFO - [2025-05-05T03:09:10.170+0000] {dag.py:2941} INFO - Sync 1 DAGs
[2025-05-05T03:09:10.182+0000] {logging_mixin.py:154} INFO - [2025-05-05T03:09:10.182+0000] {dag.py:3722} INFO - Setting next_dagrun for example_task_group to 2025-05-04T03:09:10.182774+00:00, run_after=2025-05-05T03:09:10.182774+00:00
[2025-05-05T03:09:10.192+0000] {processor.py:179} INFO - Processing /home/airflow/.local/lib/python3.8/site-packages/airflow/example_dags/example_task_group.py took 0.041 seconds
