[2025-05-05T03:04:32.305+0000] {processor.py:157} INFO - Started process (PID=85) to work on /home/airflow/.local/lib/python3.8/site-packages/airflow/example_dags/example_xcom.py
[2025-05-05T03:04:32.305+0000] {processor.py:829} INFO - Processing file /home/airflow/.local/lib/python3.8/site-packages/airflow/example_dags/example_xcom.py for tasks to queue
[2025-05-05T03:04:32.307+0000] {logging_mixin.py:154} INFO - [2025-05-05T03:04:32.307+0000] {dagbag.py:536} INFO - Filling up the DagBag from /home/airflow/.local/lib/python3.8/site-packages/airflow/example_dags/example_xcom.py
[2025-05-05T03:04:32.315+0000] {processor.py:839} INFO - DAG(s) dict_keys(['example_xcom']) retrieved from /home/airflow/.local/lib/python3.8/site-packages/airflow/example_dags/example_xcom.py
[2025-05-05T03:04:32.320+0000] {logging_mixin.py:154} INFO - [2025-05-05T03:04:32.320+0000] {dag.py:2941} INFO - Sync 1 DAGs
[2025-05-05T03:04:32.338+0000] {logging_mixin.py:154} INFO - [2025-05-05T03:04:32.337+0000] {dag.py:3722} INFO - Setting next_dagrun for example_xcom to 2021-01-01T00:00:00+00:00, run_after=2021-01-01T00:00:00+00:00
[2025-05-05T03:04:32.350+0000] {processor.py:179} INFO - Processing /home/airflow/.local/lib/python3.8/site-packages/airflow/example_dags/example_xcom.py took 0.048 seconds
[2025-05-05T03:05:02.705+0000] {processor.py:157} INFO - Started process (PID=140) to work on /home/airflow/.local/lib/python3.8/site-packages/airflow/example_dags/example_xcom.py
[2025-05-05T03:05:02.706+0000] {processor.py:829} INFO - Processing file /home/airflow/.local/lib/python3.8/site-packages/airflow/example_dags/example_xcom.py for tasks to queue
[2025-05-05T03:05:02.707+0000] {logging_mixin.py:154} INFO - [2025-05-05T03:05:02.707+0000] {dagbag.py:536} INFO - Filling up the DagBag from /home/airflow/.local/lib/python3.8/site-packages/airflow/example_dags/example_xcom.py
[2025-05-05T03:05:02.711+0000] {processor.py:839} INFO - DAG(s) dict_keys(['example_xcom']) retrieved from /home/airflow/.local/lib/python3.8/site-packages/airflow/example_dags/example_xcom.py
[2025-05-05T03:05:02.721+0000] {logging_mixin.py:154} INFO - [2025-05-05T03:05:02.721+0000] {dag.py:2941} INFO - Sync 1 DAGs
[2025-05-05T03:05:02.737+0000] {logging_mixin.py:154} INFO - [2025-05-05T03:05:02.737+0000] {dag.py:3722} INFO - Setting next_dagrun for example_xcom to 2021-01-01T00:00:00+00:00, run_after=2021-01-01T00:00:00+00:00
[2025-05-05T03:05:02.759+0000] {processor.py:179} INFO - Processing /home/airflow/.local/lib/python3.8/site-packages/airflow/example_dags/example_xcom.py took 0.056 seconds
[2025-05-05T03:05:33.418+0000] {processor.py:157} INFO - Started process (PID=195) to work on /home/airflow/.local/lib/python3.8/site-packages/airflow/example_dags/example_xcom.py
[2025-05-05T03:05:33.418+0000] {processor.py:829} INFO - Processing file /home/airflow/.local/lib/python3.8/site-packages/airflow/example_dags/example_xcom.py for tasks to queue
[2025-05-05T03:05:33.420+0000] {logging_mixin.py:154} INFO - [2025-05-05T03:05:33.419+0000] {dagbag.py:536} INFO - Filling up the DagBag from /home/airflow/.local/lib/python3.8/site-packages/airflow/example_dags/example_xcom.py
[2025-05-05T03:05:33.423+0000] {processor.py:839} INFO - DAG(s) dict_keys(['example_xcom']) retrieved from /home/airflow/.local/lib/python3.8/site-packages/airflow/example_dags/example_xcom.py
[2025-05-05T03:05:33.436+0000] {logging_mixin.py:154} INFO - [2025-05-05T03:05:33.436+0000] {dag.py:2941} INFO - Sync 1 DAGs
[2025-05-05T03:05:33.447+0000] {logging_mixin.py:154} INFO - [2025-05-05T03:05:33.446+0000] {dag.py:3722} INFO - Setting next_dagrun for example_xcom to 2021-01-01T00:00:00+00:00, run_after=2021-01-01T00:00:00+00:00
[2025-05-05T03:05:33.456+0000] {processor.py:179} INFO - Processing /home/airflow/.local/lib/python3.8/site-packages/airflow/example_dags/example_xcom.py took 0.040 seconds
[2025-05-05T03:06:04.203+0000] {processor.py:157} INFO - Started process (PID=250) to work on /home/airflow/.local/lib/python3.8/site-packages/airflow/example_dags/example_xcom.py
[2025-05-05T03:06:04.204+0000] {processor.py:829} INFO - Processing file /home/airflow/.local/lib/python3.8/site-packages/airflow/example_dags/example_xcom.py for tasks to queue
[2025-05-05T03:06:04.206+0000] {logging_mixin.py:154} INFO - [2025-05-05T03:06:04.205+0000] {dagbag.py:536} INFO - Filling up the DagBag from /home/airflow/.local/lib/python3.8/site-packages/airflow/example_dags/example_xcom.py
[2025-05-05T03:06:04.212+0000] {processor.py:839} INFO - DAG(s) dict_keys(['example_xcom']) retrieved from /home/airflow/.local/lib/python3.8/site-packages/airflow/example_dags/example_xcom.py
[2025-05-05T03:06:04.225+0000] {logging_mixin.py:154} INFO - [2025-05-05T03:06:04.225+0000] {dag.py:2941} INFO - Sync 1 DAGs
[2025-05-05T03:06:04.238+0000] {logging_mixin.py:154} INFO - [2025-05-05T03:06:04.238+0000] {dag.py:3722} INFO - Setting next_dagrun for example_xcom to 2021-01-01T00:00:00+00:00, run_after=2021-01-01T00:00:00+00:00
[2025-05-05T03:06:04.245+0000] {processor.py:179} INFO - Processing /home/airflow/.local/lib/python3.8/site-packages/airflow/example_dags/example_xcom.py took 0.044 seconds
[2025-05-05T03:06:35.391+0000] {processor.py:157} INFO - Started process (PID=305) to work on /home/airflow/.local/lib/python3.8/site-packages/airflow/example_dags/example_xcom.py
[2025-05-05T03:06:35.392+0000] {processor.py:829} INFO - Processing file /home/airflow/.local/lib/python3.8/site-packages/airflow/example_dags/example_xcom.py for tasks to queue
[2025-05-05T03:06:35.393+0000] {logging_mixin.py:154} INFO - [2025-05-05T03:06:35.393+0000] {dagbag.py:536} INFO - Filling up the DagBag from /home/airflow/.local/lib/python3.8/site-packages/airflow/example_dags/example_xcom.py
[2025-05-05T03:06:35.397+0000] {processor.py:839} INFO - DAG(s) dict_keys(['example_xcom']) retrieved from /home/airflow/.local/lib/python3.8/site-packages/airflow/example_dags/example_xcom.py
[2025-05-05T03:06:35.410+0000] {logging_mixin.py:154} INFO - [2025-05-05T03:06:35.410+0000] {dag.py:2941} INFO - Sync 1 DAGs
[2025-05-05T03:06:35.421+0000] {logging_mixin.py:154} INFO - [2025-05-05T03:06:35.421+0000] {dag.py:3722} INFO - Setting next_dagrun for example_xcom to 2021-01-01T00:00:00+00:00, run_after=2021-01-01T00:00:00+00:00
[2025-05-05T03:06:35.430+0000] {processor.py:179} INFO - Processing /home/airflow/.local/lib/python3.8/site-packages/airflow/example_dags/example_xcom.py took 0.040 seconds
[2025-05-05T03:07:06.348+0000] {processor.py:157} INFO - Started process (PID=360) to work on /home/airflow/.local/lib/python3.8/site-packages/airflow/example_dags/example_xcom.py
[2025-05-05T03:07:06.350+0000] {processor.py:829} INFO - Processing file /home/airflow/.local/lib/python3.8/site-packages/airflow/example_dags/example_xcom.py for tasks to queue
[2025-05-05T03:07:06.351+0000] {logging_mixin.py:154} INFO - [2025-05-05T03:07:06.351+0000] {dagbag.py:536} INFO - Filling up the DagBag from /home/airflow/.local/lib/python3.8/site-packages/airflow/example_dags/example_xcom.py
[2025-05-05T03:07:06.357+0000] {processor.py:839} INFO - DAG(s) dict_keys(['example_xcom']) retrieved from /home/airflow/.local/lib/python3.8/site-packages/airflow/example_dags/example_xcom.py
[2025-05-05T03:07:06.373+0000] {logging_mixin.py:154} INFO - [2025-05-05T03:07:06.373+0000] {dag.py:2941} INFO - Sync 1 DAGs
[2025-05-05T03:07:06.385+0000] {logging_mixin.py:154} INFO - [2025-05-05T03:07:06.385+0000] {dag.py:3722} INFO - Setting next_dagrun for example_xcom to 2021-01-01T00:00:00+00:00, run_after=2021-01-01T00:00:00+00:00
[2025-05-05T03:07:06.395+0000] {processor.py:179} INFO - Processing /home/airflow/.local/lib/python3.8/site-packages/airflow/example_dags/example_xcom.py took 0.048 seconds
[2025-05-05T03:07:37.234+0000] {processor.py:157} INFO - Started process (PID=415) to work on /home/airflow/.local/lib/python3.8/site-packages/airflow/example_dags/example_xcom.py
[2025-05-05T03:07:37.234+0000] {processor.py:829} INFO - Processing file /home/airflow/.local/lib/python3.8/site-packages/airflow/example_dags/example_xcom.py for tasks to queue
[2025-05-05T03:07:37.235+0000] {logging_mixin.py:154} INFO - [2025-05-05T03:07:37.235+0000] {dagbag.py:536} INFO - Filling up the DagBag from /home/airflow/.local/lib/python3.8/site-packages/airflow/example_dags/example_xcom.py
[2025-05-05T03:07:37.238+0000] {processor.py:839} INFO - DAG(s) dict_keys(['example_xcom']) retrieved from /home/airflow/.local/lib/python3.8/site-packages/airflow/example_dags/example_xcom.py
[2025-05-05T03:07:37.250+0000] {logging_mixin.py:154} INFO - [2025-05-05T03:07:37.250+0000] {dag.py:2941} INFO - Sync 1 DAGs
[2025-05-05T03:07:37.261+0000] {logging_mixin.py:154} INFO - [2025-05-05T03:07:37.261+0000] {dag.py:3722} INFO - Setting next_dagrun for example_xcom to 2021-01-01T00:00:00+00:00, run_after=2021-01-01T00:00:00+00:00
[2025-05-05T03:07:37.271+0000] {processor.py:179} INFO - Processing /home/airflow/.local/lib/python3.8/site-packages/airflow/example_dags/example_xcom.py took 0.038 seconds
[2025-05-05T03:08:08.325+0000] {processor.py:157} INFO - Started process (PID=470) to work on /home/airflow/.local/lib/python3.8/site-packages/airflow/example_dags/example_xcom.py
[2025-05-05T03:08:08.326+0000] {processor.py:829} INFO - Processing file /home/airflow/.local/lib/python3.8/site-packages/airflow/example_dags/example_xcom.py for tasks to queue
[2025-05-05T03:08:08.327+0000] {logging_mixin.py:154} INFO - [2025-05-05T03:08:08.327+0000] {dagbag.py:536} INFO - Filling up the DagBag from /home/airflow/.local/lib/python3.8/site-packages/airflow/example_dags/example_xcom.py
[2025-05-05T03:08:08.330+0000] {processor.py:839} INFO - DAG(s) dict_keys(['example_xcom']) retrieved from /home/airflow/.local/lib/python3.8/site-packages/airflow/example_dags/example_xcom.py
[2025-05-05T03:08:08.338+0000] {logging_mixin.py:154} INFO - [2025-05-05T03:08:08.337+0000] {dag.py:2941} INFO - Sync 1 DAGs
[2025-05-05T03:08:08.345+0000] {logging_mixin.py:154} INFO - [2025-05-05T03:08:08.345+0000] {dag.py:3722} INFO - Setting next_dagrun for example_xcom to 2021-01-01T00:00:00+00:00, run_after=2021-01-01T00:00:00+00:00
[2025-05-05T03:08:08.350+0000] {processor.py:179} INFO - Processing /home/airflow/.local/lib/python3.8/site-packages/airflow/example_dags/example_xcom.py took 0.027 seconds
[2025-05-05T03:08:39.147+0000] {processor.py:157} INFO - Started process (PID=525) to work on /home/airflow/.local/lib/python3.8/site-packages/airflow/example_dags/example_xcom.py
[2025-05-05T03:08:39.148+0000] {processor.py:829} INFO - Processing file /home/airflow/.local/lib/python3.8/site-packages/airflow/example_dags/example_xcom.py for tasks to queue
[2025-05-05T03:08:39.149+0000] {logging_mixin.py:154} INFO - [2025-05-05T03:08:39.149+0000] {dagbag.py:536} INFO - Filling up the DagBag from /home/airflow/.local/lib/python3.8/site-packages/airflow/example_dags/example_xcom.py
[2025-05-05T03:08:39.153+0000] {processor.py:839} INFO - DAG(s) dict_keys(['example_xcom']) retrieved from /home/airflow/.local/lib/python3.8/site-packages/airflow/example_dags/example_xcom.py
[2025-05-05T03:08:39.164+0000] {logging_mixin.py:154} INFO - [2025-05-05T03:08:39.164+0000] {dag.py:2941} INFO - Sync 1 DAGs
[2025-05-05T03:08:39.178+0000] {logging_mixin.py:154} INFO - [2025-05-05T03:08:39.178+0000] {dag.py:3722} INFO - Setting next_dagrun for example_xcom to 2021-01-01T00:00:00+00:00, run_after=2021-01-01T00:00:00+00:00
[2025-05-05T03:08:39.188+0000] {processor.py:179} INFO - Processing /home/airflow/.local/lib/python3.8/site-packages/airflow/example_dags/example_xcom.py took 0.043 seconds
[2025-05-05T03:09:10.066+0000] {processor.py:157} INFO - Started process (PID=580) to work on /home/airflow/.local/lib/python3.8/site-packages/airflow/example_dags/example_xcom.py
[2025-05-05T03:09:10.067+0000] {processor.py:829} INFO - Processing file /home/airflow/.local/lib/python3.8/site-packages/airflow/example_dags/example_xcom.py for tasks to queue
[2025-05-05T03:09:10.068+0000] {logging_mixin.py:154} INFO - [2025-05-05T03:09:10.068+0000] {dagbag.py:536} INFO - Filling up the DagBag from /home/airflow/.local/lib/python3.8/site-packages/airflow/example_dags/example_xcom.py
[2025-05-05T03:09:10.071+0000] {processor.py:839} INFO - DAG(s) dict_keys(['example_xcom']) retrieved from /home/airflow/.local/lib/python3.8/site-packages/airflow/example_dags/example_xcom.py
[2025-05-05T03:09:10.081+0000] {logging_mixin.py:154} INFO - [2025-05-05T03:09:10.081+0000] {dag.py:2941} INFO - Sync 1 DAGs
[2025-05-05T03:09:10.094+0000] {logging_mixin.py:154} INFO - [2025-05-05T03:09:10.093+0000] {dag.py:3722} INFO - Setting next_dagrun for example_xcom to 2021-01-01T00:00:00+00:00, run_after=2021-01-01T00:00:00+00:00
[2025-05-05T03:09:10.103+0000] {processor.py:179} INFO - Processing /home/airflow/.local/lib/python3.8/site-packages/airflow/example_dags/example_xcom.py took 0.038 seconds
