[2025-05-05T03:04:30.227+0000] {processor.py:157} INFO - Started process (PID=46) to work on /home/airflow/.local/lib/python3.8/site-packages/airflow/example_dags/example_short_circuit_decorator.py
[2025-05-05T03:04:30.228+0000] {processor.py:829} INFO - Processing file /home/airflow/.local/lib/python3.8/site-packages/airflow/example_dags/example_short_circuit_decorator.py for tasks to queue
[2025-05-05T03:04:30.231+0000] {logging_mixin.py:154} INFO - [2025-05-05T03:04:30.231+0000] {dagbag.py:536} INFO - Filling up the DagBag from /home/airflow/.local/lib/python3.8/site-packages/airflow/example_dags/example_short_circuit_decorator.py
[2025-05-05T03:04:30.243+0000] {processor.py:839} INFO - DAG(s) dict_keys(['example_short_circuit_decorator']) retrieved from /home/airflow/.local/lib/python3.8/site-packages/airflow/example_dags/example_short_circuit_decorator.py
[2025-05-05T03:04:30.266+0000] {logging_mixin.py:154} INFO - [2025-05-05T03:04:30.266+0000] {dag.py:2941} INFO - Sync 1 DAGs
[2025-05-05T03:04:30.294+0000] {logging_mixin.py:154} INFO - [2025-05-05T03:04:30.294+0000] {dag.py:3722} INFO - Setting next_dagrun for example_short_circuit_decorator to 2025-05-04T03:04:30.294082+00:00, run_after=2025-05-05T03:04:30.294082+00:00
[2025-05-05T03:04:30.325+0000] {processor.py:179} INFO - Processing /home/airflow/.local/lib/python3.8/site-packages/airflow/example_dags/example_short_circuit_decorator.py took 0.100 seconds
[2025-05-05T03:05:00.581+0000] {processor.py:157} INFO - Started process (PID=100) to work on /home/airflow/.local/lib/python3.8/site-packages/airflow/example_dags/example_short_circuit_decorator.py
[2025-05-05T03:05:00.582+0000] {processor.py:829} INFO - Processing file /home/airflow/.local/lib/python3.8/site-packages/airflow/example_dags/example_short_circuit_decorator.py for tasks to queue
[2025-05-05T03:05:00.584+0000] {logging_mixin.py:154} INFO - [2025-05-05T03:05:00.584+0000] {dagbag.py:536} INFO - Filling up the DagBag from /home/airflow/.local/lib/python3.8/site-packages/airflow/example_dags/example_short_circuit_decorator.py
[2025-05-05T03:05:00.590+0000] {processor.py:839} INFO - DAG(s) dict_keys(['example_short_circuit_decorator']) retrieved from /home/airflow/.local/lib/python3.8/site-packages/airflow/example_dags/example_short_circuit_decorator.py
[2025-05-05T03:05:00.602+0000] {logging_mixin.py:154} INFO - [2025-05-05T03:05:00.602+0000] {dag.py:2941} INFO - Sync 1 DAGs
[2025-05-05T03:05:00.611+0000] {logging_mixin.py:154} INFO - [2025-05-05T03:05:00.611+0000] {dag.py:3722} INFO - Setting next_dagrun for example_short_circuit_decorator to 2025-05-04T03:05:00.611370+00:00, run_after=2025-05-05T03:05:00.611370+00:00
[2025-05-05T03:05:00.619+0000] {processor.py:179} INFO - Processing /home/airflow/.local/lib/python3.8/site-packages/airflow/example_dags/example_short_circuit_decorator.py took 0.039 seconds
[2025-05-05T03:05:31.408+0000] {processor.py:157} INFO - Started process (PID=162) to work on /home/airflow/.local/lib/python3.8/site-packages/airflow/example_dags/example_short_circuit_decorator.py
[2025-05-05T03:05:31.408+0000] {processor.py:829} INFO - Processing file /home/airflow/.local/lib/python3.8/site-packages/airflow/example_dags/example_short_circuit_decorator.py for tasks to queue
[2025-05-05T03:05:31.410+0000] {logging_mixin.py:154} INFO - [2025-05-05T03:05:31.410+0000] {dagbag.py:536} INFO - Filling up the DagBag from /home/airflow/.local/lib/python3.8/site-packages/airflow/example_dags/example_short_circuit_decorator.py
[2025-05-05T03:05:31.418+0000] {processor.py:839} INFO - DAG(s) dict_keys(['example_short_circuit_decorator']) retrieved from /home/airflow/.local/lib/python3.8/site-packages/airflow/example_dags/example_short_circuit_decorator.py
[2025-05-05T03:05:31.433+0000] {logging_mixin.py:154} INFO - [2025-05-05T03:05:31.433+0000] {dag.py:2941} INFO - Sync 1 DAGs
[2025-05-05T03:05:31.444+0000] {logging_mixin.py:154} INFO - [2025-05-05T03:05:31.444+0000] {dag.py:3722} INFO - Setting next_dagrun for example_short_circuit_decorator to 2025-05-04T03:05:31.444190+00:00, run_after=2025-05-05T03:05:31.444190+00:00
[2025-05-05T03:05:31.455+0000] {processor.py:179} INFO - Processing /home/airflow/.local/lib/python3.8/site-packages/airflow/example_dags/example_short_circuit_decorator.py took 0.049 seconds
[2025-05-05T03:06:02.011+0000] {processor.py:157} INFO - Started process (PID=217) to work on /home/airflow/.local/lib/python3.8/site-packages/airflow/example_dags/example_short_circuit_decorator.py
[2025-05-05T03:06:02.013+0000] {processor.py:829} INFO - Processing file /home/airflow/.local/lib/python3.8/site-packages/airflow/example_dags/example_short_circuit_decorator.py for tasks to queue
[2025-05-05T03:06:02.015+0000] {logging_mixin.py:154} INFO - [2025-05-05T03:06:02.015+0000] {dagbag.py:536} INFO - Filling up the DagBag from /home/airflow/.local/lib/python3.8/site-packages/airflow/example_dags/example_short_circuit_decorator.py
[2025-05-05T03:06:02.023+0000] {processor.py:839} INFO - DAG(s) dict_keys(['example_short_circuit_decorator']) retrieved from /home/airflow/.local/lib/python3.8/site-packages/airflow/example_dags/example_short_circuit_decorator.py
[2025-05-05T03:06:02.040+0000] {logging_mixin.py:154} INFO - [2025-05-05T03:06:02.039+0000] {dag.py:2941} INFO - Sync 1 DAGs
[2025-05-05T03:06:02.055+0000] {logging_mixin.py:154} INFO - [2025-05-05T03:06:02.055+0000] {dag.py:3722} INFO - Setting next_dagrun for example_short_circuit_decorator to 2025-05-04T03:06:02.055512+00:00, run_after=2025-05-05T03:06:02.055512+00:00
[2025-05-05T03:06:02.074+0000] {processor.py:179} INFO - Processing /home/airflow/.local/lib/python3.8/site-packages/airflow/example_dags/example_short_circuit_decorator.py took 0.064 seconds
[2025-05-05T03:06:32.127+0000] {processor.py:157} INFO - Started process (PID=272) to work on /home/airflow/.local/lib/python3.8/site-packages/airflow/example_dags/example_short_circuit_decorator.py
[2025-05-05T03:06:32.129+0000] {processor.py:829} INFO - Processing file /home/airflow/.local/lib/python3.8/site-packages/airflow/example_dags/example_short_circuit_decorator.py for tasks to queue
[2025-05-05T03:06:32.131+0000] {logging_mixin.py:154} INFO - [2025-05-05T03:06:32.131+0000] {dagbag.py:536} INFO - Filling up the DagBag from /home/airflow/.local/lib/python3.8/site-packages/airflow/example_dags/example_short_circuit_decorator.py
[2025-05-05T03:06:32.139+0000] {processor.py:839} INFO - DAG(s) dict_keys(['example_short_circuit_decorator']) retrieved from /home/airflow/.local/lib/python3.8/site-packages/airflow/example_dags/example_short_circuit_decorator.py
[2025-05-05T03:06:32.155+0000] {logging_mixin.py:154} INFO - [2025-05-05T03:06:32.155+0000] {dag.py:2941} INFO - Sync 1 DAGs
[2025-05-05T03:06:32.172+0000] {logging_mixin.py:154} INFO - [2025-05-05T03:06:32.172+0000] {dag.py:3722} INFO - Setting next_dagrun for example_short_circuit_decorator to 2025-05-04T03:06:32.172224+00:00, run_after=2025-05-05T03:06:32.172224+00:00
[2025-05-05T03:06:32.184+0000] {processor.py:179} INFO - Processing /home/airflow/.local/lib/python3.8/site-packages/airflow/example_dags/example_short_circuit_decorator.py took 0.058 seconds
[2025-05-05T03:07:02.294+0000] {processor.py:157} INFO - Started process (PID=327) to work on /home/airflow/.local/lib/python3.8/site-packages/airflow/example_dags/example_short_circuit_decorator.py
[2025-05-05T03:07:02.295+0000] {processor.py:829} INFO - Processing file /home/airflow/.local/lib/python3.8/site-packages/airflow/example_dags/example_short_circuit_decorator.py for tasks to queue
[2025-05-05T03:07:02.296+0000] {logging_mixin.py:154} INFO - [2025-05-05T03:07:02.296+0000] {dagbag.py:536} INFO - Filling up the DagBag from /home/airflow/.local/lib/python3.8/site-packages/airflow/example_dags/example_short_circuit_decorator.py
[2025-05-05T03:07:02.300+0000] {processor.py:839} INFO - DAG(s) dict_keys(['example_short_circuit_decorator']) retrieved from /home/airflow/.local/lib/python3.8/site-packages/airflow/example_dags/example_short_circuit_decorator.py
[2025-05-05T03:07:02.309+0000] {logging_mixin.py:154} INFO - [2025-05-05T03:07:02.309+0000] {dag.py:2941} INFO - Sync 1 DAGs
[2025-05-05T03:07:02.317+0000] {logging_mixin.py:154} INFO - [2025-05-05T03:07:02.317+0000] {dag.py:3722} INFO - Setting next_dagrun for example_short_circuit_decorator to 2025-05-04T03:07:02.317046+00:00, run_after=2025-05-05T03:07:02.317046+00:00
[2025-05-05T03:07:02.323+0000] {processor.py:179} INFO - Processing /home/airflow/.local/lib/python3.8/site-packages/airflow/example_dags/example_short_circuit_decorator.py took 0.030 seconds
[2025-05-05T03:07:33.009+0000] {processor.py:157} INFO - Started process (PID=382) to work on /home/airflow/.local/lib/python3.8/site-packages/airflow/example_dags/example_short_circuit_decorator.py
[2025-05-05T03:07:33.010+0000] {processor.py:829} INFO - Processing file /home/airflow/.local/lib/python3.8/site-packages/airflow/example_dags/example_short_circuit_decorator.py for tasks to queue
[2025-05-05T03:07:33.012+0000] {logging_mixin.py:154} INFO - [2025-05-05T03:07:33.012+0000] {dagbag.py:536} INFO - Filling up the DagBag from /home/airflow/.local/lib/python3.8/site-packages/airflow/example_dags/example_short_circuit_decorator.py
[2025-05-05T03:07:33.020+0000] {processor.py:839} INFO - DAG(s) dict_keys(['example_short_circuit_decorator']) retrieved from /home/airflow/.local/lib/python3.8/site-packages/airflow/example_dags/example_short_circuit_decorator.py
[2025-05-05T03:07:33.037+0000] {logging_mixin.py:154} INFO - [2025-05-05T03:07:33.037+0000] {dag.py:2941} INFO - Sync 1 DAGs
[2025-05-05T03:07:33.047+0000] {logging_mixin.py:154} INFO - [2025-05-05T03:07:33.047+0000] {dag.py:3722} INFO - Setting next_dagrun for example_short_circuit_decorator to 2025-05-04T03:07:33.047299+00:00, run_after=2025-05-05T03:07:33.047299+00:00
[2025-05-05T03:07:33.059+0000] {processor.py:179} INFO - Processing /home/airflow/.local/lib/python3.8/site-packages/airflow/example_dags/example_short_circuit_decorator.py took 0.052 seconds
[2025-05-05T03:08:03.090+0000] {processor.py:157} INFO - Started process (PID=437) to work on /home/airflow/.local/lib/python3.8/site-packages/airflow/example_dags/example_short_circuit_decorator.py
[2025-05-05T03:08:03.091+0000] {processor.py:829} INFO - Processing file /home/airflow/.local/lib/python3.8/site-packages/airflow/example_dags/example_short_circuit_decorator.py for tasks to queue
[2025-05-05T03:08:03.093+0000] {logging_mixin.py:154} INFO - [2025-05-05T03:08:03.092+0000] {dagbag.py:536} INFO - Filling up the DagBag from /home/airflow/.local/lib/python3.8/site-packages/airflow/example_dags/example_short_circuit_decorator.py
[2025-05-05T03:08:03.100+0000] {processor.py:839} INFO - DAG(s) dict_keys(['example_short_circuit_decorator']) retrieved from /home/airflow/.local/lib/python3.8/site-packages/airflow/example_dags/example_short_circuit_decorator.py
[2025-05-05T03:08:03.113+0000] {logging_mixin.py:154} INFO - [2025-05-05T03:08:03.113+0000] {dag.py:2941} INFO - Sync 1 DAGs
[2025-05-05T03:08:03.126+0000] {logging_mixin.py:154} INFO - [2025-05-05T03:08:03.126+0000] {dag.py:3722} INFO - Setting next_dagrun for example_short_circuit_decorator to 2025-05-04T03:08:03.125900+00:00, run_after=2025-05-05T03:08:03.125900+00:00
[2025-05-05T03:08:03.138+0000] {processor.py:179} INFO - Processing /home/airflow/.local/lib/python3.8/site-packages/airflow/example_dags/example_short_circuit_decorator.py took 0.050 seconds
[2025-05-05T03:08:33.953+0000] {processor.py:157} INFO - Started process (PID=492) to work on /home/airflow/.local/lib/python3.8/site-packages/airflow/example_dags/example_short_circuit_decorator.py
[2025-05-05T03:08:33.953+0000] {processor.py:829} INFO - Processing file /home/airflow/.local/lib/python3.8/site-packages/airflow/example_dags/example_short_circuit_decorator.py for tasks to queue
[2025-05-05T03:08:33.955+0000] {logging_mixin.py:154} INFO - [2025-05-05T03:08:33.955+0000] {dagbag.py:536} INFO - Filling up the DagBag from /home/airflow/.local/lib/python3.8/site-packages/airflow/example_dags/example_short_circuit_decorator.py
[2025-05-05T03:08:33.962+0000] {processor.py:839} INFO - DAG(s) dict_keys(['example_short_circuit_decorator']) retrieved from /home/airflow/.local/lib/python3.8/site-packages/airflow/example_dags/example_short_circuit_decorator.py
[2025-05-05T03:08:33.976+0000] {logging_mixin.py:154} INFO - [2025-05-05T03:08:33.976+0000] {dag.py:2941} INFO - Sync 1 DAGs
[2025-05-05T03:08:33.989+0000] {logging_mixin.py:154} INFO - [2025-05-05T03:08:33.989+0000] {dag.py:3722} INFO - Setting next_dagrun for example_short_circuit_decorator to 2025-05-04T03:08:33.988922+00:00, run_after=2025-05-05T03:08:33.988922+00:00
[2025-05-05T03:08:34.001+0000] {processor.py:179} INFO - Processing /home/airflow/.local/lib/python3.8/site-packages/airflow/example_dags/example_short_circuit_decorator.py took 0.050 seconds
[2025-05-05T03:09:04.834+0000] {processor.py:157} INFO - Started process (PID=547) to work on /home/airflow/.local/lib/python3.8/site-packages/airflow/example_dags/example_short_circuit_decorator.py
[2025-05-05T03:09:04.835+0000] {processor.py:829} INFO - Processing file /home/airflow/.local/lib/python3.8/site-packages/airflow/example_dags/example_short_circuit_decorator.py for tasks to queue
[2025-05-05T03:09:04.836+0000] {logging_mixin.py:154} INFO - [2025-05-05T03:09:04.836+0000] {dagbag.py:536} INFO - Filling up the DagBag from /home/airflow/.local/lib/python3.8/site-packages/airflow/example_dags/example_short_circuit_decorator.py
[2025-05-05T03:09:04.841+0000] {processor.py:839} INFO - DAG(s) dict_keys(['example_short_circuit_decorator']) retrieved from /home/airflow/.local/lib/python3.8/site-packages/airflow/example_dags/example_short_circuit_decorator.py
[2025-05-05T03:09:04.859+0000] {logging_mixin.py:154} INFO - [2025-05-05T03:09:04.858+0000] {dag.py:2941} INFO - Sync 1 DAGs
[2025-05-05T03:09:04.869+0000] {logging_mixin.py:154} INFO - [2025-05-05T03:09:04.869+0000] {dag.py:3722} INFO - Setting next_dagrun for example_short_circuit_decorator to 2025-05-04T03:09:04.869113+00:00, run_after=2025-05-05T03:09:04.869113+00:00
[2025-05-05T03:09:04.881+0000] {processor.py:179} INFO - Processing /home/airflow/.local/lib/python3.8/site-packages/airflow/example_dags/example_short_circuit_decorator.py took 0.048 seconds
