[2025-05-05T03:04:31.389+0000] {processor.py:157} INFO - Started process (PID=70) to work on /home/airflow/.local/lib/python3.8/site-packages/airflow/example_dags/example_datasets.py
[2025-05-05T03:04:31.391+0000] {processor.py:829} INFO - Processing file /home/airflow/.local/lib/python3.8/site-packages/airflow/example_dags/example_datasets.py for tasks to queue
[2025-05-05T03:04:31.394+0000] {logging_mixin.py:154} INFO - [2025-05-05T03:04:31.394+0000] {dagbag.py:536} INFO - Filling up the DagBag from /home/airflow/.local/lib/python3.8/site-packages/airflow/example_dags/example_datasets.py
[2025-05-05T03:04:31.404+0000] {processor.py:839} INFO - DAG(s) dict_keys(['dataset_produces_1', 'dataset_produces_2', 'dataset_consumes_1_never_scheduled', 'dataset_consumes_unknown_never_scheduled', 'dataset_consumes_1', 'dataset_consumes_1_and_2']) retrieved from /home/airflow/.local/lib/python3.8/site-packages/airflow/example_dags/example_datasets.py
[2025-05-05T03:04:31.427+0000] {logging_mixin.py:154} INFO - [2025-05-05T03:04:31.427+0000] {dag.py:2941} INFO - Sync 6 DAGs
[2025-05-05T03:04:31.456+0000] {logging_mixin.py:154} INFO - [2025-05-05T03:04:31.455+0000] {dag.py:3722} INFO - Setting next_dagrun for dataset_consumes_1 to None, run_after=None
[2025-05-05T03:04:31.460+0000] {logging_mixin.py:154} INFO - [2025-05-05T03:04:31.460+0000] {dag.py:3722} INFO - Setting next_dagrun for dataset_consumes_1_and_2 to None, run_after=None
[2025-05-05T03:04:31.461+0000] {logging_mixin.py:154} INFO - [2025-05-05T03:04:31.461+0000] {dag.py:3722} INFO - Setting next_dagrun for dataset_consumes_1_never_scheduled to None, run_after=None
[2025-05-05T03:04:31.462+0000] {logging_mixin.py:154} INFO - [2025-05-05T03:04:31.462+0000] {dag.py:3722} INFO - Setting next_dagrun for dataset_consumes_unknown_never_scheduled to None, run_after=None
[2025-05-05T03:04:31.465+0000] {logging_mixin.py:154} INFO - [2025-05-05T03:04:31.465+0000] {dag.py:3722} INFO - Setting next_dagrun for dataset_produces_1 to 2025-05-04T00:00:00+00:00, run_after=2025-05-05T00:00:00+00:00
[2025-05-05T03:04:31.469+0000] {logging_mixin.py:154} INFO - [2025-05-05T03:04:31.469+0000] {dag.py:3722} INFO - Setting next_dagrun for dataset_produces_2 to None, run_after=None
[2025-05-05T03:04:31.500+0000] {processor.py:179} INFO - Processing /home/airflow/.local/lib/python3.8/site-packages/airflow/example_dags/example_datasets.py took 0.113 seconds
[2025-05-05T03:05:02.123+0000] {processor.py:157} INFO - Started process (PID=125) to work on /home/airflow/.local/lib/python3.8/site-packages/airflow/example_dags/example_datasets.py
[2025-05-05T03:05:02.124+0000] {processor.py:829} INFO - Processing file /home/airflow/.local/lib/python3.8/site-packages/airflow/example_dags/example_datasets.py for tasks to queue
[2025-05-05T03:05:02.125+0000] {logging_mixin.py:154} INFO - [2025-05-05T03:05:02.125+0000] {dagbag.py:536} INFO - Filling up the DagBag from /home/airflow/.local/lib/python3.8/site-packages/airflow/example_dags/example_datasets.py
[2025-05-05T03:05:02.133+0000] {processor.py:839} INFO - DAG(s) dict_keys(['dataset_produces_2', 'dataset_consumes_unknown_never_scheduled', 'dataset_consumes_1', 'dataset_consumes_1_never_scheduled', 'dataset_consumes_1_and_2', 'dataset_produces_1']) retrieved from /home/airflow/.local/lib/python3.8/site-packages/airflow/example_dags/example_datasets.py
[2025-05-05T03:05:02.153+0000] {logging_mixin.py:154} INFO - [2025-05-05T03:05:02.152+0000] {dag.py:2941} INFO - Sync 6 DAGs
[2025-05-05T03:05:02.164+0000] {logging_mixin.py:154} INFO - [2025-05-05T03:05:02.163+0000] {dag.py:3722} INFO - Setting next_dagrun for dataset_consumes_1 to None, run_after=None
[2025-05-05T03:05:02.168+0000] {logging_mixin.py:154} INFO - [2025-05-05T03:05:02.168+0000] {dag.py:3722} INFO - Setting next_dagrun for dataset_consumes_1_and_2 to None, run_after=None
[2025-05-05T03:05:02.169+0000] {logging_mixin.py:154} INFO - [2025-05-05T03:05:02.169+0000] {dag.py:3722} INFO - Setting next_dagrun for dataset_consumes_1_never_scheduled to None, run_after=None
[2025-05-05T03:05:02.170+0000] {logging_mixin.py:154} INFO - [2025-05-05T03:05:02.170+0000] {dag.py:3722} INFO - Setting next_dagrun for dataset_consumes_unknown_never_scheduled to None, run_after=None
[2025-05-05T03:05:02.172+0000] {logging_mixin.py:154} INFO - [2025-05-05T03:05:02.172+0000] {dag.py:3722} INFO - Setting next_dagrun for dataset_produces_1 to 2025-05-04T00:00:00+00:00, run_after=2025-05-05T00:00:00+00:00
[2025-05-05T03:05:02.173+0000] {logging_mixin.py:154} INFO - [2025-05-05T03:05:02.173+0000] {dag.py:3722} INFO - Setting next_dagrun for dataset_produces_2 to None, run_after=None
[2025-05-05T03:05:02.193+0000] {processor.py:179} INFO - Processing /home/airflow/.local/lib/python3.8/site-packages/airflow/example_dags/example_datasets.py took 0.071 seconds
[2025-05-05T03:05:32.984+0000] {processor.py:157} INFO - Started process (PID=180) to work on /home/airflow/.local/lib/python3.8/site-packages/airflow/example_dags/example_datasets.py
[2025-05-05T03:05:32.985+0000] {processor.py:829} INFO - Processing file /home/airflow/.local/lib/python3.8/site-packages/airflow/example_dags/example_datasets.py for tasks to queue
[2025-05-05T03:05:32.986+0000] {logging_mixin.py:154} INFO - [2025-05-05T03:05:32.986+0000] {dagbag.py:536} INFO - Filling up the DagBag from /home/airflow/.local/lib/python3.8/site-packages/airflow/example_dags/example_datasets.py
[2025-05-05T03:05:32.994+0000] {processor.py:839} INFO - DAG(s) dict_keys(['dataset_consumes_1', 'dataset_produces_2', 'dataset_consumes_unknown_never_scheduled', 'dataset_consumes_1_and_2', 'dataset_produces_1', 'dataset_consumes_1_never_scheduled']) retrieved from /home/airflow/.local/lib/python3.8/site-packages/airflow/example_dags/example_datasets.py
[2025-05-05T03:05:33.012+0000] {logging_mixin.py:154} INFO - [2025-05-05T03:05:33.012+0000] {dag.py:2941} INFO - Sync 6 DAGs
[2025-05-05T03:05:33.023+0000] {logging_mixin.py:154} INFO - [2025-05-05T03:05:33.023+0000] {dag.py:3722} INFO - Setting next_dagrun for dataset_consumes_1 to None, run_after=None
[2025-05-05T03:05:33.024+0000] {logging_mixin.py:154} INFO - [2025-05-05T03:05:33.024+0000] {dag.py:3722} INFO - Setting next_dagrun for dataset_consumes_1_and_2 to None, run_after=None
[2025-05-05T03:05:33.025+0000] {logging_mixin.py:154} INFO - [2025-05-05T03:05:33.025+0000] {dag.py:3722} INFO - Setting next_dagrun for dataset_consumes_1_never_scheduled to None, run_after=None
[2025-05-05T03:05:33.025+0000] {logging_mixin.py:154} INFO - [2025-05-05T03:05:33.025+0000] {dag.py:3722} INFO - Setting next_dagrun for dataset_consumes_unknown_never_scheduled to None, run_after=None
[2025-05-05T03:05:33.026+0000] {logging_mixin.py:154} INFO - [2025-05-05T03:05:33.026+0000] {dag.py:3722} INFO - Setting next_dagrun for dataset_produces_1 to 2025-05-04T00:00:00+00:00, run_after=2025-05-05T00:00:00+00:00
[2025-05-05T03:05:33.027+0000] {logging_mixin.py:154} INFO - [2025-05-05T03:05:33.027+0000] {dag.py:3722} INFO - Setting next_dagrun for dataset_produces_2 to None, run_after=None
[2025-05-05T03:05:33.038+0000] {processor.py:179} INFO - Processing /home/airflow/.local/lib/python3.8/site-packages/airflow/example_dags/example_datasets.py took 0.055 seconds
[2025-05-05T03:06:03.686+0000] {processor.py:157} INFO - Started process (PID=235) to work on /home/airflow/.local/lib/python3.8/site-packages/airflow/example_dags/example_datasets.py
[2025-05-05T03:06:03.688+0000] {processor.py:829} INFO - Processing file /home/airflow/.local/lib/python3.8/site-packages/airflow/example_dags/example_datasets.py for tasks to queue
[2025-05-05T03:06:03.689+0000] {logging_mixin.py:154} INFO - [2025-05-05T03:06:03.689+0000] {dagbag.py:536} INFO - Filling up the DagBag from /home/airflow/.local/lib/python3.8/site-packages/airflow/example_dags/example_datasets.py
[2025-05-05T03:06:03.697+0000] {processor.py:839} INFO - DAG(s) dict_keys(['dataset_consumes_1_and_2', 'dataset_consumes_1', 'dataset_consumes_unknown_never_scheduled', 'dataset_consumes_1_never_scheduled', 'dataset_produces_2', 'dataset_produces_1']) retrieved from /home/airflow/.local/lib/python3.8/site-packages/airflow/example_dags/example_datasets.py
[2025-05-05T03:06:03.723+0000] {logging_mixin.py:154} INFO - [2025-05-05T03:06:03.722+0000] {dag.py:2941} INFO - Sync 6 DAGs
[2025-05-05T03:06:03.736+0000] {logging_mixin.py:154} INFO - [2025-05-05T03:06:03.736+0000] {dag.py:3722} INFO - Setting next_dagrun for dataset_consumes_1 to None, run_after=None
[2025-05-05T03:06:03.739+0000] {logging_mixin.py:154} INFO - [2025-05-05T03:06:03.739+0000] {dag.py:3722} INFO - Setting next_dagrun for dataset_consumes_1_and_2 to None, run_after=None
[2025-05-05T03:06:03.740+0000] {logging_mixin.py:154} INFO - [2025-05-05T03:06:03.740+0000] {dag.py:3722} INFO - Setting next_dagrun for dataset_consumes_1_never_scheduled to None, run_after=None
[2025-05-05T03:06:03.740+0000] {logging_mixin.py:154} INFO - [2025-05-05T03:06:03.740+0000] {dag.py:3722} INFO - Setting next_dagrun for dataset_consumes_unknown_never_scheduled to None, run_after=None
[2025-05-05T03:06:03.742+0000] {logging_mixin.py:154} INFO - [2025-05-05T03:06:03.742+0000] {dag.py:3722} INFO - Setting next_dagrun for dataset_produces_1 to 2025-05-04T00:00:00+00:00, run_after=2025-05-05T00:00:00+00:00
[2025-05-05T03:06:03.743+0000] {logging_mixin.py:154} INFO - [2025-05-05T03:06:03.743+0000] {dag.py:3722} INFO - Setting next_dagrun for dataset_produces_2 to None, run_after=None
[2025-05-05T03:06:03.764+0000] {processor.py:179} INFO - Processing /home/airflow/.local/lib/python3.8/site-packages/airflow/example_dags/example_datasets.py took 0.080 seconds
[2025-05-05T03:06:34.789+0000] {processor.py:157} INFO - Started process (PID=290) to work on /home/airflow/.local/lib/python3.8/site-packages/airflow/example_dags/example_datasets.py
[2025-05-05T03:06:34.790+0000] {processor.py:829} INFO - Processing file /home/airflow/.local/lib/python3.8/site-packages/airflow/example_dags/example_datasets.py for tasks to queue
[2025-05-05T03:06:34.791+0000] {logging_mixin.py:154} INFO - [2025-05-05T03:06:34.791+0000] {dagbag.py:536} INFO - Filling up the DagBag from /home/airflow/.local/lib/python3.8/site-packages/airflow/example_dags/example_datasets.py
[2025-05-05T03:06:34.795+0000] {processor.py:839} INFO - DAG(s) dict_keys(['dataset_consumes_unknown_never_scheduled', 'dataset_consumes_1_never_scheduled', 'dataset_produces_2', 'dataset_produces_1', 'dataset_consumes_1', 'dataset_consumes_1_and_2']) retrieved from /home/airflow/.local/lib/python3.8/site-packages/airflow/example_dags/example_datasets.py
[2025-05-05T03:06:34.812+0000] {logging_mixin.py:154} INFO - [2025-05-05T03:06:34.812+0000] {dag.py:2941} INFO - Sync 6 DAGs
[2025-05-05T03:06:34.821+0000] {logging_mixin.py:154} INFO - [2025-05-05T03:06:34.821+0000] {dag.py:3722} INFO - Setting next_dagrun for dataset_consumes_1 to None, run_after=None
[2025-05-05T03:06:34.823+0000] {logging_mixin.py:154} INFO - [2025-05-05T03:06:34.823+0000] {dag.py:3722} INFO - Setting next_dagrun for dataset_consumes_1_and_2 to None, run_after=None
[2025-05-05T03:06:34.824+0000] {logging_mixin.py:154} INFO - [2025-05-05T03:06:34.824+0000] {dag.py:3722} INFO - Setting next_dagrun for dataset_consumes_1_never_scheduled to None, run_after=None
[2025-05-05T03:06:34.824+0000] {logging_mixin.py:154} INFO - [2025-05-05T03:06:34.824+0000] {dag.py:3722} INFO - Setting next_dagrun for dataset_consumes_unknown_never_scheduled to None, run_after=None
[2025-05-05T03:06:34.825+0000] {logging_mixin.py:154} INFO - [2025-05-05T03:06:34.825+0000] {dag.py:3722} INFO - Setting next_dagrun for dataset_produces_1 to 2025-05-04T00:00:00+00:00, run_after=2025-05-05T00:00:00+00:00
[2025-05-05T03:06:34.826+0000] {logging_mixin.py:154} INFO - [2025-05-05T03:06:34.826+0000] {dag.py:3722} INFO - Setting next_dagrun for dataset_produces_2 to None, run_after=None
[2025-05-05T03:06:34.837+0000] {processor.py:179} INFO - Processing /home/airflow/.local/lib/python3.8/site-packages/airflow/example_dags/example_datasets.py took 0.049 seconds
[2025-05-05T03:07:04.866+0000] {processor.py:157} INFO - Started process (PID=345) to work on /home/airflow/.local/lib/python3.8/site-packages/airflow/example_dags/example_datasets.py
[2025-05-05T03:07:04.867+0000] {processor.py:829} INFO - Processing file /home/airflow/.local/lib/python3.8/site-packages/airflow/example_dags/example_datasets.py for tasks to queue
[2025-05-05T03:07:04.867+0000] {logging_mixin.py:154} INFO - [2025-05-05T03:07:04.867+0000] {dagbag.py:536} INFO - Filling up the DagBag from /home/airflow/.local/lib/python3.8/site-packages/airflow/example_dags/example_datasets.py
[2025-05-05T03:07:04.871+0000] {processor.py:839} INFO - DAG(s) dict_keys(['dataset_consumes_unknown_never_scheduled', 'dataset_consumes_1_never_scheduled', 'dataset_produces_1', 'dataset_consumes_1_and_2', 'dataset_produces_2', 'dataset_consumes_1']) retrieved from /home/airflow/.local/lib/python3.8/site-packages/airflow/example_dags/example_datasets.py
[2025-05-05T03:07:04.884+0000] {logging_mixin.py:154} INFO - [2025-05-05T03:07:04.883+0000] {dag.py:2941} INFO - Sync 6 DAGs
[2025-05-05T03:07:04.891+0000] {logging_mixin.py:154} INFO - [2025-05-05T03:07:04.891+0000] {dag.py:3722} INFO - Setting next_dagrun for dataset_consumes_1 to None, run_after=None
[2025-05-05T03:07:04.893+0000] {logging_mixin.py:154} INFO - [2025-05-05T03:07:04.893+0000] {dag.py:3722} INFO - Setting next_dagrun for dataset_consumes_1_and_2 to None, run_after=None
[2025-05-05T03:07:04.893+0000] {logging_mixin.py:154} INFO - [2025-05-05T03:07:04.893+0000] {dag.py:3722} INFO - Setting next_dagrun for dataset_consumes_1_never_scheduled to None, run_after=None
[2025-05-05T03:07:04.894+0000] {logging_mixin.py:154} INFO - [2025-05-05T03:07:04.894+0000] {dag.py:3722} INFO - Setting next_dagrun for dataset_consumes_unknown_never_scheduled to None, run_after=None
[2025-05-05T03:07:04.895+0000] {logging_mixin.py:154} INFO - [2025-05-05T03:07:04.895+0000] {dag.py:3722} INFO - Setting next_dagrun for dataset_produces_1 to 2025-05-04T00:00:00+00:00, run_after=2025-05-05T00:00:00+00:00
[2025-05-05T03:07:04.895+0000] {logging_mixin.py:154} INFO - [2025-05-05T03:07:04.895+0000] {dag.py:3722} INFO - Setting next_dagrun for dataset_produces_2 to None, run_after=None
[2025-05-05T03:07:04.904+0000] {processor.py:179} INFO - Processing /home/airflow/.local/lib/python3.8/site-packages/airflow/example_dags/example_datasets.py took 0.039 seconds
[2025-05-05T03:07:35.660+0000] {processor.py:157} INFO - Started process (PID=400) to work on /home/airflow/.local/lib/python3.8/site-packages/airflow/example_dags/example_datasets.py
[2025-05-05T03:07:35.660+0000] {processor.py:829} INFO - Processing file /home/airflow/.local/lib/python3.8/site-packages/airflow/example_dags/example_datasets.py for tasks to queue
[2025-05-05T03:07:35.661+0000] {logging_mixin.py:154} INFO - [2025-05-05T03:07:35.661+0000] {dagbag.py:536} INFO - Filling up the DagBag from /home/airflow/.local/lib/python3.8/site-packages/airflow/example_dags/example_datasets.py
[2025-05-05T03:07:35.666+0000] {processor.py:839} INFO - DAG(s) dict_keys(['dataset_consumes_unknown_never_scheduled', 'dataset_produces_2', 'dataset_consumes_1_never_scheduled', 'dataset_consumes_1', 'dataset_consumes_1_and_2', 'dataset_produces_1']) retrieved from /home/airflow/.local/lib/python3.8/site-packages/airflow/example_dags/example_datasets.py
[2025-05-05T03:07:35.688+0000] {logging_mixin.py:154} INFO - [2025-05-05T03:07:35.688+0000] {dag.py:2941} INFO - Sync 6 DAGs
[2025-05-05T03:07:35.699+0000] {logging_mixin.py:154} INFO - [2025-05-05T03:07:35.698+0000] {dag.py:3722} INFO - Setting next_dagrun for dataset_consumes_1 to None, run_after=None
[2025-05-05T03:07:35.701+0000] {logging_mixin.py:154} INFO - [2025-05-05T03:07:35.701+0000] {dag.py:3722} INFO - Setting next_dagrun for dataset_consumes_1_and_2 to None, run_after=None
[2025-05-05T03:07:35.702+0000] {logging_mixin.py:154} INFO - [2025-05-05T03:07:35.702+0000] {dag.py:3722} INFO - Setting next_dagrun for dataset_consumes_1_never_scheduled to None, run_after=None
[2025-05-05T03:07:35.703+0000] {logging_mixin.py:154} INFO - [2025-05-05T03:07:35.703+0000] {dag.py:3722} INFO - Setting next_dagrun for dataset_consumes_unknown_never_scheduled to None, run_after=None
[2025-05-05T03:07:35.704+0000] {logging_mixin.py:154} INFO - [2025-05-05T03:07:35.704+0000] {dag.py:3722} INFO - Setting next_dagrun for dataset_produces_1 to 2025-05-04T00:00:00+00:00, run_after=2025-05-05T00:00:00+00:00
[2025-05-05T03:07:35.706+0000] {logging_mixin.py:154} INFO - [2025-05-05T03:07:35.706+0000] {dag.py:3722} INFO - Setting next_dagrun for dataset_produces_2 to None, run_after=None
[2025-05-05T03:07:35.723+0000] {processor.py:179} INFO - Processing /home/airflow/.local/lib/python3.8/site-packages/airflow/example_dags/example_datasets.py took 0.065 seconds
[2025-05-05T03:08:05.744+0000] {processor.py:157} INFO - Started process (PID=455) to work on /home/airflow/.local/lib/python3.8/site-packages/airflow/example_dags/example_datasets.py
[2025-05-05T03:08:05.745+0000] {processor.py:829} INFO - Processing file /home/airflow/.local/lib/python3.8/site-packages/airflow/example_dags/example_datasets.py for tasks to queue
[2025-05-05T03:08:05.746+0000] {logging_mixin.py:154} INFO - [2025-05-05T03:08:05.746+0000] {dagbag.py:536} INFO - Filling up the DagBag from /home/airflow/.local/lib/python3.8/site-packages/airflow/example_dags/example_datasets.py
[2025-05-05T03:08:05.751+0000] {processor.py:839} INFO - DAG(s) dict_keys(['dataset_produces_2', 'dataset_consumes_unknown_never_scheduled', 'dataset_produces_1', 'dataset_consumes_1_and_2', 'dataset_consumes_1', 'dataset_consumes_1_never_scheduled']) retrieved from /home/airflow/.local/lib/python3.8/site-packages/airflow/example_dags/example_datasets.py
[2025-05-05T03:08:05.785+0000] {logging_mixin.py:154} INFO - [2025-05-05T03:08:05.784+0000] {dag.py:2941} INFO - Sync 6 DAGs
[2025-05-05T03:08:05.798+0000] {logging_mixin.py:154} INFO - [2025-05-05T03:08:05.798+0000] {dag.py:3722} INFO - Setting next_dagrun for dataset_consumes_1 to None, run_after=None
[2025-05-05T03:08:05.801+0000] {logging_mixin.py:154} INFO - [2025-05-05T03:08:05.801+0000] {dag.py:3722} INFO - Setting next_dagrun for dataset_consumes_1_and_2 to None, run_after=None
[2025-05-05T03:08:05.801+0000] {logging_mixin.py:154} INFO - [2025-05-05T03:08:05.801+0000] {dag.py:3722} INFO - Setting next_dagrun for dataset_consumes_1_never_scheduled to None, run_after=None
[2025-05-05T03:08:05.803+0000] {logging_mixin.py:154} INFO - [2025-05-05T03:08:05.803+0000] {dag.py:3722} INFO - Setting next_dagrun for dataset_consumes_unknown_never_scheduled to None, run_after=None
[2025-05-05T03:08:05.804+0000] {logging_mixin.py:154} INFO - [2025-05-05T03:08:05.804+0000] {dag.py:3722} INFO - Setting next_dagrun for dataset_produces_1 to 2025-05-04T00:00:00+00:00, run_after=2025-05-05T00:00:00+00:00
[2025-05-05T03:08:05.805+0000] {logging_mixin.py:154} INFO - [2025-05-05T03:08:05.805+0000] {dag.py:3722} INFO - Setting next_dagrun for dataset_produces_2 to None, run_after=None
[2025-05-05T03:08:05.822+0000] {processor.py:179} INFO - Processing /home/airflow/.local/lib/python3.8/site-packages/airflow/example_dags/example_datasets.py took 0.080 seconds
[2025-05-05T03:08:36.547+0000] {processor.py:157} INFO - Started process (PID=510) to work on /home/airflow/.local/lib/python3.8/site-packages/airflow/example_dags/example_datasets.py
[2025-05-05T03:08:36.548+0000] {processor.py:829} INFO - Processing file /home/airflow/.local/lib/python3.8/site-packages/airflow/example_dags/example_datasets.py for tasks to queue
[2025-05-05T03:08:36.548+0000] {logging_mixin.py:154} INFO - [2025-05-05T03:08:36.548+0000] {dagbag.py:536} INFO - Filling up the DagBag from /home/airflow/.local/lib/python3.8/site-packages/airflow/example_dags/example_datasets.py
[2025-05-05T03:08:36.552+0000] {processor.py:839} INFO - DAG(s) dict_keys(['dataset_produces_1', 'dataset_produces_2', 'dataset_consumes_unknown_never_scheduled', 'dataset_consumes_1_never_scheduled', 'dataset_consumes_1_and_2', 'dataset_consumes_1']) retrieved from /home/airflow/.local/lib/python3.8/site-packages/airflow/example_dags/example_datasets.py
[2025-05-05T03:08:36.566+0000] {logging_mixin.py:154} INFO - [2025-05-05T03:08:36.566+0000] {dag.py:2941} INFO - Sync 6 DAGs
[2025-05-05T03:08:36.575+0000] {logging_mixin.py:154} INFO - [2025-05-05T03:08:36.575+0000] {dag.py:3722} INFO - Setting next_dagrun for dataset_consumes_1 to None, run_after=None
[2025-05-05T03:08:36.576+0000] {logging_mixin.py:154} INFO - [2025-05-05T03:08:36.576+0000] {dag.py:3722} INFO - Setting next_dagrun for dataset_consumes_1_and_2 to None, run_after=None
[2025-05-05T03:08:36.577+0000] {logging_mixin.py:154} INFO - [2025-05-05T03:08:36.577+0000] {dag.py:3722} INFO - Setting next_dagrun for dataset_consumes_1_never_scheduled to None, run_after=None
[2025-05-05T03:08:36.577+0000] {logging_mixin.py:154} INFO - [2025-05-05T03:08:36.577+0000] {dag.py:3722} INFO - Setting next_dagrun for dataset_consumes_unknown_never_scheduled to None, run_after=None
[2025-05-05T03:08:36.578+0000] {logging_mixin.py:154} INFO - [2025-05-05T03:08:36.578+0000] {dag.py:3722} INFO - Setting next_dagrun for dataset_produces_1 to 2025-05-04T00:00:00+00:00, run_after=2025-05-05T00:00:00+00:00
[2025-05-05T03:08:36.579+0000] {logging_mixin.py:154} INFO - [2025-05-05T03:08:36.579+0000] {dag.py:3722} INFO - Setting next_dagrun for dataset_produces_2 to None, run_after=None
[2025-05-05T03:08:36.589+0000] {processor.py:179} INFO - Processing /home/airflow/.local/lib/python3.8/site-packages/airflow/example_dags/example_datasets.py took 0.043 seconds
[2025-05-05T03:09:07.469+0000] {processor.py:157} INFO - Started process (PID=565) to work on /home/airflow/.local/lib/python3.8/site-packages/airflow/example_dags/example_datasets.py
[2025-05-05T03:09:07.469+0000] {processor.py:829} INFO - Processing file /home/airflow/.local/lib/python3.8/site-packages/airflow/example_dags/example_datasets.py for tasks to queue
[2025-05-05T03:09:07.470+0000] {logging_mixin.py:154} INFO - [2025-05-05T03:09:07.470+0000] {dagbag.py:536} INFO - Filling up the DagBag from /home/airflow/.local/lib/python3.8/site-packages/airflow/example_dags/example_datasets.py
[2025-05-05T03:09:07.478+0000] {processor.py:839} INFO - DAG(s) dict_keys(['dataset_consumes_1_never_scheduled', 'dataset_produces_2', 'dataset_consumes_1_and_2', 'dataset_consumes_unknown_never_scheduled', 'dataset_produces_1', 'dataset_consumes_1']) retrieved from /home/airflow/.local/lib/python3.8/site-packages/airflow/example_dags/example_datasets.py
[2025-05-05T03:09:07.501+0000] {logging_mixin.py:154} INFO - [2025-05-05T03:09:07.501+0000] {dag.py:2941} INFO - Sync 6 DAGs
[2025-05-05T03:09:07.518+0000] {logging_mixin.py:154} INFO - [2025-05-05T03:09:07.518+0000] {dag.py:3722} INFO - Setting next_dagrun for dataset_consumes_1 to None, run_after=None
[2025-05-05T03:09:07.520+0000] {logging_mixin.py:154} INFO - [2025-05-05T03:09:07.520+0000] {dag.py:3722} INFO - Setting next_dagrun for dataset_consumes_1_and_2 to None, run_after=None
[2025-05-05T03:09:07.520+0000] {logging_mixin.py:154} INFO - [2025-05-05T03:09:07.520+0000] {dag.py:3722} INFO - Setting next_dagrun for dataset_consumes_1_never_scheduled to None, run_after=None
[2025-05-05T03:09:07.521+0000] {logging_mixin.py:154} INFO - [2025-05-05T03:09:07.521+0000] {dag.py:3722} INFO - Setting next_dagrun for dataset_consumes_unknown_never_scheduled to None, run_after=None
[2025-05-05T03:09:07.522+0000] {logging_mixin.py:154} INFO - [2025-05-05T03:09:07.522+0000] {dag.py:3722} INFO - Setting next_dagrun for dataset_produces_1 to 2025-05-04T00:00:00+00:00, run_after=2025-05-05T00:00:00+00:00
[2025-05-05T03:09:07.522+0000] {logging_mixin.py:154} INFO - [2025-05-05T03:09:07.522+0000] {dag.py:3722} INFO - Setting next_dagrun for dataset_produces_2 to None, run_after=None
[2025-05-05T03:09:07.534+0000] {processor.py:179} INFO - Processing /home/airflow/.local/lib/python3.8/site-packages/airflow/example_dags/example_datasets.py took 0.067 seconds
