[2025-05-05T03:04:30.047+0000] {processor.py:157} INFO - Started process (PID=43) to work on /home/airflow/.local/lib/python3.8/site-packages/airflow/example_dags/example_sla_dag.py
[2025-05-05T03:04:30.048+0000] {processor.py:829} INFO - Processing file /home/airflow/.local/lib/python3.8/site-packages/airflow/example_dags/example_sla_dag.py for tasks to queue
[2025-05-05T03:04:30.051+0000] {logging_mixin.py:154} INFO - [2025-05-05T03:04:30.050+0000] {dagbag.py:536} INFO - Filling up the DagBag from /home/airflow/.local/lib/python3.8/site-packages/airflow/example_dags/example_sla_dag.py
[2025-05-05T03:04:30.061+0000] {processor.py:839} INFO - DAG(s) dict_keys(['example_sla_dag']) retrieved from /home/airflow/.local/lib/python3.8/site-packages/airflow/example_dags/example_sla_dag.py
[2025-05-05T03:04:30.072+0000] {logging_mixin.py:154} INFO - [2025-05-05T03:04:30.071+0000] {dag.py:2941} INFO - Sync 1 DAGs
[2025-05-05T03:04:30.096+0000] {logging_mixin.py:154} INFO - [2025-05-05T03:04:30.096+0000] {dag.py:3722} INFO - Setting next_dagrun for example_sla_dag to 2025-05-05T03:02:00+00:00, run_after=2025-05-05T03:04:00+00:00
[2025-05-05T03:04:30.136+0000] {processor.py:179} INFO - Processing /home/airflow/.local/lib/python3.8/site-packages/airflow/example_dags/example_sla_dag.py took 0.091 seconds
[2025-05-05T03:05:00.502+0000] {processor.py:157} INFO - Started process (PID=97) to work on /home/airflow/.local/lib/python3.8/site-packages/airflow/example_dags/example_sla_dag.py
[2025-05-05T03:05:00.502+0000] {processor.py:829} INFO - Processing file /home/airflow/.local/lib/python3.8/site-packages/airflow/example_dags/example_sla_dag.py for tasks to queue
[2025-05-05T03:05:00.504+0000] {logging_mixin.py:154} INFO - [2025-05-05T03:05:00.503+0000] {dagbag.py:536} INFO - Filling up the DagBag from /home/airflow/.local/lib/python3.8/site-packages/airflow/example_dags/example_sla_dag.py
[2025-05-05T03:05:00.511+0000] {processor.py:839} INFO - DAG(s) dict_keys(['example_sla_dag']) retrieved from /home/airflow/.local/lib/python3.8/site-packages/airflow/example_dags/example_sla_dag.py
[2025-05-05T03:05:00.526+0000] {logging_mixin.py:154} INFO - [2025-05-05T03:05:00.526+0000] {dag.py:2941} INFO - Sync 1 DAGs
[2025-05-05T03:05:00.542+0000] {logging_mixin.py:154} INFO - [2025-05-05T03:05:00.542+0000] {dag.py:3722} INFO - Setting next_dagrun for example_sla_dag to 2025-05-05T03:02:00+00:00, run_after=2025-05-05T03:04:00+00:00
[2025-05-05T03:05:00.554+0000] {processor.py:179} INFO - Processing /home/airflow/.local/lib/python3.8/site-packages/airflow/example_dags/example_sla_dag.py took 0.053 seconds
[2025-05-05T03:05:31.325+0000] {processor.py:157} INFO - Started process (PID=159) to work on /home/airflow/.local/lib/python3.8/site-packages/airflow/example_dags/example_sla_dag.py
[2025-05-05T03:05:31.327+0000] {processor.py:829} INFO - Processing file /home/airflow/.local/lib/python3.8/site-packages/airflow/example_dags/example_sla_dag.py for tasks to queue
[2025-05-05T03:05:31.328+0000] {logging_mixin.py:154} INFO - [2025-05-05T03:05:31.328+0000] {dagbag.py:536} INFO - Filling up the DagBag from /home/airflow/.local/lib/python3.8/site-packages/airflow/example_dags/example_sla_dag.py
[2025-05-05T03:05:31.335+0000] {processor.py:839} INFO - DAG(s) dict_keys(['example_sla_dag']) retrieved from /home/airflow/.local/lib/python3.8/site-packages/airflow/example_dags/example_sla_dag.py
[2025-05-05T03:05:31.349+0000] {logging_mixin.py:154} INFO - [2025-05-05T03:05:31.348+0000] {dag.py:2941} INFO - Sync 1 DAGs
[2025-05-05T03:05:31.362+0000] {logging_mixin.py:154} INFO - [2025-05-05T03:05:31.362+0000] {dag.py:3722} INFO - Setting next_dagrun for example_sla_dag to 2025-05-05T03:02:00+00:00, run_after=2025-05-05T03:04:00+00:00
[2025-05-05T03:05:31.373+0000] {processor.py:179} INFO - Processing /home/airflow/.local/lib/python3.8/site-packages/airflow/example_dags/example_sla_dag.py took 0.050 seconds
[2025-05-05T03:06:01.943+0000] {processor.py:157} INFO - Started process (PID=214) to work on /home/airflow/.local/lib/python3.8/site-packages/airflow/example_dags/example_sla_dag.py
[2025-05-05T03:06:01.944+0000] {processor.py:829} INFO - Processing file /home/airflow/.local/lib/python3.8/site-packages/airflow/example_dags/example_sla_dag.py for tasks to queue
[2025-05-05T03:06:01.945+0000] {logging_mixin.py:154} INFO - [2025-05-05T03:06:01.945+0000] {dagbag.py:536} INFO - Filling up the DagBag from /home/airflow/.local/lib/python3.8/site-packages/airflow/example_dags/example_sla_dag.py
[2025-05-05T03:06:01.953+0000] {processor.py:839} INFO - DAG(s) dict_keys(['example_sla_dag']) retrieved from /home/airflow/.local/lib/python3.8/site-packages/airflow/example_dags/example_sla_dag.py
[2025-05-05T03:06:01.965+0000] {logging_mixin.py:154} INFO - [2025-05-05T03:06:01.965+0000] {dag.py:2941} INFO - Sync 1 DAGs
[2025-05-05T03:06:01.975+0000] {logging_mixin.py:154} INFO - [2025-05-05T03:06:01.975+0000] {dag.py:3722} INFO - Setting next_dagrun for example_sla_dag to 2025-05-05T03:04:00+00:00, run_after=2025-05-05T03:06:00+00:00
[2025-05-05T03:06:01.981+0000] {processor.py:179} INFO - Processing /home/airflow/.local/lib/python3.8/site-packages/airflow/example_dags/example_sla_dag.py took 0.039 seconds
[2025-05-05T03:06:32.045+0000] {processor.py:157} INFO - Started process (PID=269) to work on /home/airflow/.local/lib/python3.8/site-packages/airflow/example_dags/example_sla_dag.py
[2025-05-05T03:06:32.045+0000] {processor.py:829} INFO - Processing file /home/airflow/.local/lib/python3.8/site-packages/airflow/example_dags/example_sla_dag.py for tasks to queue
[2025-05-05T03:06:32.046+0000] {logging_mixin.py:154} INFO - [2025-05-05T03:06:32.046+0000] {dagbag.py:536} INFO - Filling up the DagBag from /home/airflow/.local/lib/python3.8/site-packages/airflow/example_dags/example_sla_dag.py
[2025-05-05T03:06:32.050+0000] {processor.py:839} INFO - DAG(s) dict_keys(['example_sla_dag']) retrieved from /home/airflow/.local/lib/python3.8/site-packages/airflow/example_dags/example_sla_dag.py
[2025-05-05T03:06:32.060+0000] {logging_mixin.py:154} INFO - [2025-05-05T03:06:32.060+0000] {dag.py:2941} INFO - Sync 1 DAGs
[2025-05-05T03:06:32.070+0000] {logging_mixin.py:154} INFO - [2025-05-05T03:06:32.070+0000] {dag.py:3722} INFO - Setting next_dagrun for example_sla_dag to 2025-05-05T03:04:00+00:00, run_after=2025-05-05T03:06:00+00:00
[2025-05-05T03:06:32.076+0000] {processor.py:179} INFO - Processing /home/airflow/.local/lib/python3.8/site-packages/airflow/example_dags/example_sla_dag.py took 0.033 seconds
[2025-05-05T03:07:02.193+0000] {processor.py:157} INFO - Started process (PID=324) to work on /home/airflow/.local/lib/python3.8/site-packages/airflow/example_dags/example_sla_dag.py
[2025-05-05T03:07:02.194+0000] {processor.py:829} INFO - Processing file /home/airflow/.local/lib/python3.8/site-packages/airflow/example_dags/example_sla_dag.py for tasks to queue
[2025-05-05T03:07:02.195+0000] {logging_mixin.py:154} INFO - [2025-05-05T03:07:02.195+0000] {dagbag.py:536} INFO - Filling up the DagBag from /home/airflow/.local/lib/python3.8/site-packages/airflow/example_dags/example_sla_dag.py
[2025-05-05T03:07:02.199+0000] {processor.py:839} INFO - DAG(s) dict_keys(['example_sla_dag']) retrieved from /home/airflow/.local/lib/python3.8/site-packages/airflow/example_dags/example_sla_dag.py
[2025-05-05T03:07:02.208+0000] {logging_mixin.py:154} INFO - [2025-05-05T03:07:02.208+0000] {dag.py:2941} INFO - Sync 1 DAGs
[2025-05-05T03:07:02.218+0000] {logging_mixin.py:154} INFO - [2025-05-05T03:07:02.217+0000] {dag.py:3722} INFO - Setting next_dagrun for example_sla_dag to 2025-05-05T03:04:00+00:00, run_after=2025-05-05T03:06:00+00:00
[2025-05-05T03:07:02.223+0000] {processor.py:179} INFO - Processing /home/airflow/.local/lib/python3.8/site-packages/airflow/example_dags/example_sla_dag.py took 0.032 seconds
[2025-05-05T03:07:32.896+0000] {processor.py:157} INFO - Started process (PID=379) to work on /home/airflow/.local/lib/python3.8/site-packages/airflow/example_dags/example_sla_dag.py
[2025-05-05T03:07:32.897+0000] {processor.py:829} INFO - Processing file /home/airflow/.local/lib/python3.8/site-packages/airflow/example_dags/example_sla_dag.py for tasks to queue
[2025-05-05T03:07:32.899+0000] {logging_mixin.py:154} INFO - [2025-05-05T03:07:32.898+0000] {dagbag.py:536} INFO - Filling up the DagBag from /home/airflow/.local/lib/python3.8/site-packages/airflow/example_dags/example_sla_dag.py
[2025-05-05T03:07:32.903+0000] {processor.py:839} INFO - DAG(s) dict_keys(['example_sla_dag']) retrieved from /home/airflow/.local/lib/python3.8/site-packages/airflow/example_dags/example_sla_dag.py
[2025-05-05T03:07:32.920+0000] {logging_mixin.py:154} INFO - [2025-05-05T03:07:32.920+0000] {dag.py:2941} INFO - Sync 1 DAGs
[2025-05-05T03:07:32.940+0000] {logging_mixin.py:154} INFO - [2025-05-05T03:07:32.940+0000] {dag.py:3722} INFO - Setting next_dagrun for example_sla_dag to 2025-05-05T03:04:00+00:00, run_after=2025-05-05T03:06:00+00:00
[2025-05-05T03:07:32.958+0000] {processor.py:179} INFO - Processing /home/airflow/.local/lib/python3.8/site-packages/airflow/example_dags/example_sla_dag.py took 0.064 seconds
[2025-05-05T03:08:03.011+0000] {processor.py:157} INFO - Started process (PID=434) to work on /home/airflow/.local/lib/python3.8/site-packages/airflow/example_dags/example_sla_dag.py
[2025-05-05T03:08:03.011+0000] {processor.py:829} INFO - Processing file /home/airflow/.local/lib/python3.8/site-packages/airflow/example_dags/example_sla_dag.py for tasks to queue
[2025-05-05T03:08:03.012+0000] {logging_mixin.py:154} INFO - [2025-05-05T03:08:03.012+0000] {dagbag.py:536} INFO - Filling up the DagBag from /home/airflow/.local/lib/python3.8/site-packages/airflow/example_dags/example_sla_dag.py
[2025-05-05T03:08:03.016+0000] {processor.py:839} INFO - DAG(s) dict_keys(['example_sla_dag']) retrieved from /home/airflow/.local/lib/python3.8/site-packages/airflow/example_dags/example_sla_dag.py
[2025-05-05T03:08:03.025+0000] {logging_mixin.py:154} INFO - [2025-05-05T03:08:03.025+0000] {dag.py:2941} INFO - Sync 1 DAGs
[2025-05-05T03:08:03.034+0000] {logging_mixin.py:154} INFO - [2025-05-05T03:08:03.034+0000] {dag.py:3722} INFO - Setting next_dagrun for example_sla_dag to 2025-05-05T03:06:00+00:00, run_after=2025-05-05T03:08:00+00:00
[2025-05-05T03:08:03.040+0000] {processor.py:179} INFO - Processing /home/airflow/.local/lib/python3.8/site-packages/airflow/example_dags/example_sla_dag.py took 0.031 seconds
[2025-05-05T03:08:33.857+0000] {processor.py:157} INFO - Started process (PID=489) to work on /home/airflow/.local/lib/python3.8/site-packages/airflow/example_dags/example_sla_dag.py
[2025-05-05T03:08:33.857+0000] {processor.py:829} INFO - Processing file /home/airflow/.local/lib/python3.8/site-packages/airflow/example_dags/example_sla_dag.py for tasks to queue
[2025-05-05T03:08:33.860+0000] {logging_mixin.py:154} INFO - [2025-05-05T03:08:33.860+0000] {dagbag.py:536} INFO - Filling up the DagBag from /home/airflow/.local/lib/python3.8/site-packages/airflow/example_dags/example_sla_dag.py
[2025-05-05T03:08:33.865+0000] {processor.py:839} INFO - DAG(s) dict_keys(['example_sla_dag']) retrieved from /home/airflow/.local/lib/python3.8/site-packages/airflow/example_dags/example_sla_dag.py
[2025-05-05T03:08:33.880+0000] {logging_mixin.py:154} INFO - [2025-05-05T03:08:33.880+0000] {dag.py:2941} INFO - Sync 1 DAGs
[2025-05-05T03:08:33.892+0000] {logging_mixin.py:154} INFO - [2025-05-05T03:08:33.892+0000] {dag.py:3722} INFO - Setting next_dagrun for example_sla_dag to 2025-05-05T03:06:00+00:00, run_after=2025-05-05T03:08:00+00:00
[2025-05-05T03:08:33.902+0000] {processor.py:179} INFO - Processing /home/airflow/.local/lib/python3.8/site-packages/airflow/example_dags/example_sla_dag.py took 0.047 seconds
[2025-05-05T03:09:04.749+0000] {processor.py:157} INFO - Started process (PID=544) to work on /home/airflow/.local/lib/python3.8/site-packages/airflow/example_dags/example_sla_dag.py
[2025-05-05T03:09:04.749+0000] {processor.py:829} INFO - Processing file /home/airflow/.local/lib/python3.8/site-packages/airflow/example_dags/example_sla_dag.py for tasks to queue
[2025-05-05T03:09:04.750+0000] {logging_mixin.py:154} INFO - [2025-05-05T03:09:04.750+0000] {dagbag.py:536} INFO - Filling up the DagBag from /home/airflow/.local/lib/python3.8/site-packages/airflow/example_dags/example_sla_dag.py
[2025-05-05T03:09:04.755+0000] {processor.py:839} INFO - DAG(s) dict_keys(['example_sla_dag']) retrieved from /home/airflow/.local/lib/python3.8/site-packages/airflow/example_dags/example_sla_dag.py
[2025-05-05T03:09:04.768+0000] {logging_mixin.py:154} INFO - [2025-05-05T03:09:04.767+0000] {dag.py:2941} INFO - Sync 1 DAGs
[2025-05-05T03:09:04.781+0000] {logging_mixin.py:154} INFO - [2025-05-05T03:09:04.781+0000] {dag.py:3722} INFO - Setting next_dagrun for example_sla_dag to 2025-05-05T03:06:00+00:00, run_after=2025-05-05T03:08:00+00:00
[2025-05-05T03:09:04.792+0000] {processor.py:179} INFO - Processing /home/airflow/.local/lib/python3.8/site-packages/airflow/example_dags/example_sla_dag.py took 0.045 seconds
