[2025-05-05T03:04:30.823+0000] {processor.py:157} INFO - Started process (PID=54) to work on /home/airflow/.local/lib/python3.8/site-packages/airflow/example_dags/example_branch_operator.py
[2025-05-05T03:04:30.824+0000] {processor.py:829} INFO - Processing file /home/airflow/.local/lib/python3.8/site-packages/airflow/example_dags/example_branch_operator.py for tasks to queue
[2025-05-05T03:04:30.826+0000] {logging_mixin.py:154} INFO - [2025-05-05T03:04:30.825+0000] {dagbag.py:536} INFO - Filling up the DagBag from /home/airflow/.local/lib/python3.8/site-packages/airflow/example_dags/example_branch_operator.py
[2025-05-05T03:04:30.835+0000] {processor.py:839} INFO - DAG(s) dict_keys(['example_branch_operator']) retrieved from /home/airflow/.local/lib/python3.8/site-packages/airflow/example_dags/example_branch_operator.py
[2025-05-05T03:04:30.842+0000] {logging_mixin.py:154} INFO - [2025-05-05T03:04:30.842+0000] {dag.py:2941} INFO - Sync 1 DAGs
[2025-05-05T03:04:30.857+0000] {logging_mixin.py:154} INFO - [2025-05-05T03:04:30.857+0000] {dag.py:3722} INFO - Setting next_dagrun for example_branch_operator to 2025-05-04T00:00:00+00:00, run_after=2025-05-05T00:00:00+00:00
[2025-05-05T03:04:30.884+0000] {processor.py:179} INFO - Processing /home/airflow/.local/lib/python3.8/site-packages/airflow/example_dags/example_branch_operator.py took 0.064 seconds
[2025-05-05T03:05:01.849+0000] {processor.py:157} INFO - Started process (PID=115) to work on /home/airflow/.local/lib/python3.8/site-packages/airflow/example_dags/example_branch_operator.py
[2025-05-05T03:05:01.850+0000] {processor.py:829} INFO - Processing file /home/airflow/.local/lib/python3.8/site-packages/airflow/example_dags/example_branch_operator.py for tasks to queue
[2025-05-05T03:05:01.851+0000] {logging_mixin.py:154} INFO - [2025-05-05T03:05:01.851+0000] {dagbag.py:536} INFO - Filling up the DagBag from /home/airflow/.local/lib/python3.8/site-packages/airflow/example_dags/example_branch_operator.py
[2025-05-05T03:05:01.860+0000] {processor.py:839} INFO - DAG(s) dict_keys(['example_branch_operator']) retrieved from /home/airflow/.local/lib/python3.8/site-packages/airflow/example_dags/example_branch_operator.py
[2025-05-05T03:05:01.875+0000] {logging_mixin.py:154} INFO - [2025-05-05T03:05:01.875+0000] {dag.py:2941} INFO - Sync 1 DAGs
[2025-05-05T03:05:01.886+0000] {logging_mixin.py:154} INFO - [2025-05-05T03:05:01.886+0000] {dag.py:3722} INFO - Setting next_dagrun for example_branch_operator to 2025-05-04T00:00:00+00:00, run_after=2025-05-05T00:00:00+00:00
[2025-05-05T03:05:01.894+0000] {processor.py:179} INFO - Processing /home/airflow/.local/lib/python3.8/site-packages/airflow/example_dags/example_branch_operator.py took 0.047 seconds
[2025-05-05T03:05:32.670+0000] {processor.py:157} INFO - Started process (PID=170) to work on /home/airflow/.local/lib/python3.8/site-packages/airflow/example_dags/example_branch_operator.py
[2025-05-05T03:05:32.671+0000] {processor.py:829} INFO - Processing file /home/airflow/.local/lib/python3.8/site-packages/airflow/example_dags/example_branch_operator.py for tasks to queue
[2025-05-05T03:05:32.672+0000] {logging_mixin.py:154} INFO - [2025-05-05T03:05:32.672+0000] {dagbag.py:536} INFO - Filling up the DagBag from /home/airflow/.local/lib/python3.8/site-packages/airflow/example_dags/example_branch_operator.py
[2025-05-05T03:05:32.680+0000] {processor.py:839} INFO - DAG(s) dict_keys(['example_branch_operator']) retrieved from /home/airflow/.local/lib/python3.8/site-packages/airflow/example_dags/example_branch_operator.py
[2025-05-05T03:05:32.695+0000] {logging_mixin.py:154} INFO - [2025-05-05T03:05:32.695+0000] {dag.py:2941} INFO - Sync 1 DAGs
[2025-05-05T03:05:32.706+0000] {logging_mixin.py:154} INFO - [2025-05-05T03:05:32.706+0000] {dag.py:3722} INFO - Setting next_dagrun for example_branch_operator to 2025-05-04T00:00:00+00:00, run_after=2025-05-05T00:00:00+00:00
[2025-05-05T03:05:32.718+0000] {processor.py:179} INFO - Processing /home/airflow/.local/lib/python3.8/site-packages/airflow/example_dags/example_branch_operator.py took 0.049 seconds
[2025-05-05T03:06:03.332+0000] {processor.py:157} INFO - Started process (PID=225) to work on /home/airflow/.local/lib/python3.8/site-packages/airflow/example_dags/example_branch_operator.py
[2025-05-05T03:06:03.332+0000] {processor.py:829} INFO - Processing file /home/airflow/.local/lib/python3.8/site-packages/airflow/example_dags/example_branch_operator.py for tasks to queue
[2025-05-05T03:06:03.334+0000] {logging_mixin.py:154} INFO - [2025-05-05T03:06:03.334+0000] {dagbag.py:536} INFO - Filling up the DagBag from /home/airflow/.local/lib/python3.8/site-packages/airflow/example_dags/example_branch_operator.py
[2025-05-05T03:06:03.345+0000] {processor.py:839} INFO - DAG(s) dict_keys(['example_branch_operator']) retrieved from /home/airflow/.local/lib/python3.8/site-packages/airflow/example_dags/example_branch_operator.py
[2025-05-05T03:06:03.364+0000] {logging_mixin.py:154} INFO - [2025-05-05T03:06:03.363+0000] {dag.py:2941} INFO - Sync 1 DAGs
[2025-05-05T03:06:03.377+0000] {logging_mixin.py:154} INFO - [2025-05-05T03:06:03.377+0000] {dag.py:3722} INFO - Setting next_dagrun for example_branch_operator to 2025-05-04T00:00:00+00:00, run_after=2025-05-05T00:00:00+00:00
[2025-05-05T03:06:03.386+0000] {processor.py:179} INFO - Processing /home/airflow/.local/lib/python3.8/site-packages/airflow/example_dags/example_branch_operator.py took 0.057 seconds
[2025-05-05T03:06:33.424+0000] {processor.py:157} INFO - Started process (PID=280) to work on /home/airflow/.local/lib/python3.8/site-packages/airflow/example_dags/example_branch_operator.py
[2025-05-05T03:06:33.425+0000] {processor.py:829} INFO - Processing file /home/airflow/.local/lib/python3.8/site-packages/airflow/example_dags/example_branch_operator.py for tasks to queue
[2025-05-05T03:06:33.428+0000] {logging_mixin.py:154} INFO - [2025-05-05T03:06:33.428+0000] {dagbag.py:536} INFO - Filling up the DagBag from /home/airflow/.local/lib/python3.8/site-packages/airflow/example_dags/example_branch_operator.py
[2025-05-05T03:06:33.436+0000] {processor.py:839} INFO - DAG(s) dict_keys(['example_branch_operator']) retrieved from /home/airflow/.local/lib/python3.8/site-packages/airflow/example_dags/example_branch_operator.py
[2025-05-05T03:06:33.451+0000] {logging_mixin.py:154} INFO - [2025-05-05T03:06:33.451+0000] {dag.py:2941} INFO - Sync 1 DAGs
[2025-05-05T03:06:33.463+0000] {logging_mixin.py:154} INFO - [2025-05-05T03:06:33.462+0000] {dag.py:3722} INFO - Setting next_dagrun for example_branch_operator to 2025-05-04T00:00:00+00:00, run_after=2025-05-05T00:00:00+00:00
[2025-05-05T03:06:33.470+0000] {processor.py:179} INFO - Processing /home/airflow/.local/lib/python3.8/site-packages/airflow/example_dags/example_branch_operator.py took 0.048 seconds
[2025-05-05T03:07:03.498+0000] {processor.py:157} INFO - Started process (PID=335) to work on /home/airflow/.local/lib/python3.8/site-packages/airflow/example_dags/example_branch_operator.py
[2025-05-05T03:07:03.499+0000] {processor.py:829} INFO - Processing file /home/airflow/.local/lib/python3.8/site-packages/airflow/example_dags/example_branch_operator.py for tasks to queue
[2025-05-05T03:07:03.501+0000] {logging_mixin.py:154} INFO - [2025-05-05T03:07:03.500+0000] {dagbag.py:536} INFO - Filling up the DagBag from /home/airflow/.local/lib/python3.8/site-packages/airflow/example_dags/example_branch_operator.py
[2025-05-05T03:07:03.509+0000] {processor.py:839} INFO - DAG(s) dict_keys(['example_branch_operator']) retrieved from /home/airflow/.local/lib/python3.8/site-packages/airflow/example_dags/example_branch_operator.py
[2025-05-05T03:07:03.522+0000] {logging_mixin.py:154} INFO - [2025-05-05T03:07:03.522+0000] {dag.py:2941} INFO - Sync 1 DAGs
[2025-05-05T03:07:03.544+0000] {logging_mixin.py:154} INFO - [2025-05-05T03:07:03.544+0000] {dag.py:3722} INFO - Setting next_dagrun for example_branch_operator to 2025-05-04T00:00:00+00:00, run_after=2025-05-05T00:00:00+00:00
[2025-05-05T03:07:03.556+0000] {processor.py:179} INFO - Processing /home/airflow/.local/lib/python3.8/site-packages/airflow/example_dags/example_branch_operator.py took 0.060 seconds
[2025-05-05T03:07:34.251+0000] {processor.py:157} INFO - Started process (PID=390) to work on /home/airflow/.local/lib/python3.8/site-packages/airflow/example_dags/example_branch_operator.py
[2025-05-05T03:07:34.252+0000] {processor.py:829} INFO - Processing file /home/airflow/.local/lib/python3.8/site-packages/airflow/example_dags/example_branch_operator.py for tasks to queue
[2025-05-05T03:07:34.254+0000] {logging_mixin.py:154} INFO - [2025-05-05T03:07:34.254+0000] {dagbag.py:536} INFO - Filling up the DagBag from /home/airflow/.local/lib/python3.8/site-packages/airflow/example_dags/example_branch_operator.py
[2025-05-05T03:07:34.259+0000] {processor.py:839} INFO - DAG(s) dict_keys(['example_branch_operator']) retrieved from /home/airflow/.local/lib/python3.8/site-packages/airflow/example_dags/example_branch_operator.py
[2025-05-05T03:07:34.273+0000] {logging_mixin.py:154} INFO - [2025-05-05T03:07:34.273+0000] {dag.py:2941} INFO - Sync 1 DAGs
[2025-05-05T03:07:34.285+0000] {logging_mixin.py:154} INFO - [2025-05-05T03:07:34.285+0000] {dag.py:3722} INFO - Setting next_dagrun for example_branch_operator to 2025-05-04T00:00:00+00:00, run_after=2025-05-05T00:00:00+00:00
[2025-05-05T03:07:34.295+0000] {processor.py:179} INFO - Processing /home/airflow/.local/lib/python3.8/site-packages/airflow/example_dags/example_branch_operator.py took 0.045 seconds
[2025-05-05T03:08:04.394+0000] {processor.py:157} INFO - Started process (PID=445) to work on /home/airflow/.local/lib/python3.8/site-packages/airflow/example_dags/example_branch_operator.py
[2025-05-05T03:08:04.397+0000] {processor.py:829} INFO - Processing file /home/airflow/.local/lib/python3.8/site-packages/airflow/example_dags/example_branch_operator.py for tasks to queue
[2025-05-05T03:08:04.397+0000] {logging_mixin.py:154} INFO - [2025-05-05T03:08:04.397+0000] {dagbag.py:536} INFO - Filling up the DagBag from /home/airflow/.local/lib/python3.8/site-packages/airflow/example_dags/example_branch_operator.py
[2025-05-05T03:08:04.407+0000] {processor.py:839} INFO - DAG(s) dict_keys(['example_branch_operator']) retrieved from /home/airflow/.local/lib/python3.8/site-packages/airflow/example_dags/example_branch_operator.py
[2025-05-05T03:08:04.422+0000] {logging_mixin.py:154} INFO - [2025-05-05T03:08:04.421+0000] {dag.py:2941} INFO - Sync 1 DAGs
[2025-05-05T03:08:04.436+0000] {logging_mixin.py:154} INFO - [2025-05-05T03:08:04.436+0000] {dag.py:3722} INFO - Setting next_dagrun for example_branch_operator to 2025-05-04T00:00:00+00:00, run_after=2025-05-05T00:00:00+00:00
[2025-05-05T03:08:04.444+0000] {processor.py:179} INFO - Processing /home/airflow/.local/lib/python3.8/site-packages/airflow/example_dags/example_branch_operator.py took 0.051 seconds
[2025-05-05T03:08:35.168+0000] {processor.py:157} INFO - Started process (PID=500) to work on /home/airflow/.local/lib/python3.8/site-packages/airflow/example_dags/example_branch_operator.py
[2025-05-05T03:08:35.168+0000] {processor.py:829} INFO - Processing file /home/airflow/.local/lib/python3.8/site-packages/airflow/example_dags/example_branch_operator.py for tasks to queue
[2025-05-05T03:08:35.170+0000] {logging_mixin.py:154} INFO - [2025-05-05T03:08:35.170+0000] {dagbag.py:536} INFO - Filling up the DagBag from /home/airflow/.local/lib/python3.8/site-packages/airflow/example_dags/example_branch_operator.py
[2025-05-05T03:08:35.183+0000] {processor.py:839} INFO - DAG(s) dict_keys(['example_branch_operator']) retrieved from /home/airflow/.local/lib/python3.8/site-packages/airflow/example_dags/example_branch_operator.py
[2025-05-05T03:08:35.199+0000] {logging_mixin.py:154} INFO - [2025-05-05T03:08:35.198+0000] {dag.py:2941} INFO - Sync 1 DAGs
[2025-05-05T03:08:35.211+0000] {logging_mixin.py:154} INFO - [2025-05-05T03:08:35.211+0000] {dag.py:3722} INFO - Setting next_dagrun for example_branch_operator to 2025-05-04T00:00:00+00:00, run_after=2025-05-05T00:00:00+00:00
[2025-05-05T03:08:35.227+0000] {processor.py:179} INFO - Processing /home/airflow/.local/lib/python3.8/site-packages/airflow/example_dags/example_branch_operator.py took 0.062 seconds
[2025-05-05T03:09:06.112+0000] {processor.py:157} INFO - Started process (PID=555) to work on /home/airflow/.local/lib/python3.8/site-packages/airflow/example_dags/example_branch_operator.py
[2025-05-05T03:09:06.113+0000] {processor.py:829} INFO - Processing file /home/airflow/.local/lib/python3.8/site-packages/airflow/example_dags/example_branch_operator.py for tasks to queue
[2025-05-05T03:09:06.116+0000] {logging_mixin.py:154} INFO - [2025-05-05T03:09:06.115+0000] {dagbag.py:536} INFO - Filling up the DagBag from /home/airflow/.local/lib/python3.8/site-packages/airflow/example_dags/example_branch_operator.py
[2025-05-05T03:09:06.125+0000] {processor.py:839} INFO - DAG(s) dict_keys(['example_branch_operator']) retrieved from /home/airflow/.local/lib/python3.8/site-packages/airflow/example_dags/example_branch_operator.py
[2025-05-05T03:09:06.144+0000] {logging_mixin.py:154} INFO - [2025-05-05T03:09:06.144+0000] {dag.py:2941} INFO - Sync 1 DAGs
[2025-05-05T03:09:06.175+0000] {logging_mixin.py:154} INFO - [2025-05-05T03:09:06.174+0000] {dag.py:3722} INFO - Setting next_dagrun for example_branch_operator to 2025-05-04T00:00:00+00:00, run_after=2025-05-05T00:00:00+00:00
[2025-05-05T03:09:06.194+0000] {processor.py:179} INFO - Processing /home/airflow/.local/lib/python3.8/site-packages/airflow/example_dags/example_branch_operator.py took 0.084 seconds
