[2025-05-05T03:04:31.844+0000] {processor.py:157} INFO - Started process (PID=78) to work on /home/airflow/.local/lib/python3.8/site-packages/airflow/example_dags/example_external_task_marker_dag.py
[2025-05-05T03:04:31.846+0000] {processor.py:829} INFO - Processing file /home/airflow/.local/lib/python3.8/site-packages/airflow/example_dags/example_external_task_marker_dag.py for tasks to queue
[2025-05-05T03:04:31.849+0000] {logging_mixin.py:154} INFO - [2025-05-05T03:04:31.848+0000] {dagbag.py:536} INFO - Filling up the DagBag from /home/airflow/.local/lib/python3.8/site-packages/airflow/example_dags/example_external_task_marker_dag.py
[2025-05-05T03:04:31.855+0000] {processor.py:839} INFO - DAG(s) dict_keys(['example_external_task_marker_child', 'example_external_task_marker_parent']) retrieved from /home/airflow/.local/lib/python3.8/site-packages/airflow/example_dags/example_external_task_marker_dag.py
[2025-05-05T03:04:31.881+0000] {logging_mixin.py:154} INFO - [2025-05-05T03:04:31.880+0000] {dag.py:2941} INFO - Sync 2 DAGs
[2025-05-05T03:04:31.902+0000] {logging_mixin.py:154} INFO - [2025-05-05T03:04:31.901+0000] {dag.py:3722} INFO - Setting next_dagrun for example_external_task_marker_child to None, run_after=None
[2025-05-05T03:04:31.907+0000] {logging_mixin.py:154} INFO - [2025-05-05T03:04:31.906+0000] {dag.py:3722} INFO - Setting next_dagrun for example_external_task_marker_parent to None, run_after=None
[2025-05-05T03:04:31.942+0000] {processor.py:179} INFO - Processing /home/airflow/.local/lib/python3.8/site-packages/airflow/example_dags/example_external_task_marker_dag.py took 0.100 seconds
[2025-05-05T03:05:02.344+0000] {processor.py:157} INFO - Started process (PID=133) to work on /home/airflow/.local/lib/python3.8/site-packages/airflow/example_dags/example_external_task_marker_dag.py
[2025-05-05T03:05:02.345+0000] {processor.py:829} INFO - Processing file /home/airflow/.local/lib/python3.8/site-packages/airflow/example_dags/example_external_task_marker_dag.py for tasks to queue
[2025-05-05T03:05:02.370+0000] {logging_mixin.py:154} INFO - [2025-05-05T03:05:02.369+0000] {dagbag.py:536} INFO - Filling up the DagBag from /home/airflow/.local/lib/python3.8/site-packages/airflow/example_dags/example_external_task_marker_dag.py
[2025-05-05T03:05:02.373+0000] {processor.py:839} INFO - DAG(s) dict_keys(['example_external_task_marker_parent', 'example_external_task_marker_child']) retrieved from /home/airflow/.local/lib/python3.8/site-packages/airflow/example_dags/example_external_task_marker_dag.py
[2025-05-05T03:05:02.385+0000] {logging_mixin.py:154} INFO - [2025-05-05T03:05:02.385+0000] {dag.py:2941} INFO - Sync 2 DAGs
[2025-05-05T03:05:02.392+0000] {logging_mixin.py:154} INFO - [2025-05-05T03:05:02.392+0000] {dag.py:3722} INFO - Setting next_dagrun for example_external_task_marker_child to None, run_after=None
[2025-05-05T03:05:02.395+0000] {logging_mixin.py:154} INFO - [2025-05-05T03:05:02.394+0000] {dag.py:3722} INFO - Setting next_dagrun for example_external_task_marker_parent to None, run_after=None
[2025-05-05T03:05:02.405+0000] {processor.py:179} INFO - Processing /home/airflow/.local/lib/python3.8/site-packages/airflow/example_dags/example_external_task_marker_dag.py took 0.064 seconds
[2025-05-05T03:05:33.174+0000] {processor.py:157} INFO - Started process (PID=188) to work on /home/airflow/.local/lib/python3.8/site-packages/airflow/example_dags/example_external_task_marker_dag.py
[2025-05-05T03:05:33.175+0000] {processor.py:829} INFO - Processing file /home/airflow/.local/lib/python3.8/site-packages/airflow/example_dags/example_external_task_marker_dag.py for tasks to queue
[2025-05-05T03:05:33.177+0000] {logging_mixin.py:154} INFO - [2025-05-05T03:05:33.176+0000] {dagbag.py:536} INFO - Filling up the DagBag from /home/airflow/.local/lib/python3.8/site-packages/airflow/example_dags/example_external_task_marker_dag.py
[2025-05-05T03:05:33.179+0000] {processor.py:839} INFO - DAG(s) dict_keys(['example_external_task_marker_child', 'example_external_task_marker_parent']) retrieved from /home/airflow/.local/lib/python3.8/site-packages/airflow/example_dags/example_external_task_marker_dag.py
[2025-05-05T03:05:33.193+0000] {logging_mixin.py:154} INFO - [2025-05-05T03:05:33.193+0000] {dag.py:2941} INFO - Sync 2 DAGs
[2025-05-05T03:05:33.201+0000] {logging_mixin.py:154} INFO - [2025-05-05T03:05:33.201+0000] {dag.py:3722} INFO - Setting next_dagrun for example_external_task_marker_child to None, run_after=None
[2025-05-05T03:05:33.203+0000] {logging_mixin.py:154} INFO - [2025-05-05T03:05:33.203+0000] {dag.py:3722} INFO - Setting next_dagrun for example_external_task_marker_parent to None, run_after=None
[2025-05-05T03:05:33.218+0000] {processor.py:179} INFO - Processing /home/airflow/.local/lib/python3.8/site-packages/airflow/example_dags/example_external_task_marker_dag.py took 0.047 seconds
[2025-05-05T03:06:03.944+0000] {processor.py:157} INFO - Started process (PID=243) to work on /home/airflow/.local/lib/python3.8/site-packages/airflow/example_dags/example_external_task_marker_dag.py
[2025-05-05T03:06:03.945+0000] {processor.py:829} INFO - Processing file /home/airflow/.local/lib/python3.8/site-packages/airflow/example_dags/example_external_task_marker_dag.py for tasks to queue
[2025-05-05T03:06:03.947+0000] {logging_mixin.py:154} INFO - [2025-05-05T03:06:03.947+0000] {dagbag.py:536} INFO - Filling up the DagBag from /home/airflow/.local/lib/python3.8/site-packages/airflow/example_dags/example_external_task_marker_dag.py
[2025-05-05T03:06:03.950+0000] {processor.py:839} INFO - DAG(s) dict_keys(['example_external_task_marker_child', 'example_external_task_marker_parent']) retrieved from /home/airflow/.local/lib/python3.8/site-packages/airflow/example_dags/example_external_task_marker_dag.py
[2025-05-05T03:06:03.967+0000] {logging_mixin.py:154} INFO - [2025-05-05T03:06:03.966+0000] {dag.py:2941} INFO - Sync 2 DAGs
[2025-05-05T03:06:03.975+0000] {logging_mixin.py:154} INFO - [2025-05-05T03:06:03.975+0000] {dag.py:3722} INFO - Setting next_dagrun for example_external_task_marker_child to None, run_after=None
[2025-05-05T03:06:03.977+0000] {logging_mixin.py:154} INFO - [2025-05-05T03:06:03.977+0000] {dag.py:3722} INFO - Setting next_dagrun for example_external_task_marker_parent to None, run_after=None
[2025-05-05T03:06:03.982+0000] {processor.py:179} INFO - Processing /home/airflow/.local/lib/python3.8/site-packages/airflow/example_dags/example_external_task_marker_dag.py took 0.040 seconds
[2025-05-05T03:06:35.035+0000] {processor.py:157} INFO - Started process (PID=298) to work on /home/airflow/.local/lib/python3.8/site-packages/airflow/example_dags/example_external_task_marker_dag.py
[2025-05-05T03:06:35.036+0000] {processor.py:829} INFO - Processing file /home/airflow/.local/lib/python3.8/site-packages/airflow/example_dags/example_external_task_marker_dag.py for tasks to queue
[2025-05-05T03:06:35.038+0000] {logging_mixin.py:154} INFO - [2025-05-05T03:06:35.038+0000] {dagbag.py:536} INFO - Filling up the DagBag from /home/airflow/.local/lib/python3.8/site-packages/airflow/example_dags/example_external_task_marker_dag.py
[2025-05-05T03:06:35.042+0000] {processor.py:839} INFO - DAG(s) dict_keys(['example_external_task_marker_child', 'example_external_task_marker_parent']) retrieved from /home/airflow/.local/lib/python3.8/site-packages/airflow/example_dags/example_external_task_marker_dag.py
[2025-05-05T03:06:35.060+0000] {logging_mixin.py:154} INFO - [2025-05-05T03:06:35.060+0000] {dag.py:2941} INFO - Sync 2 DAGs
[2025-05-05T03:06:35.066+0000] {logging_mixin.py:154} INFO - [2025-05-05T03:06:35.066+0000] {dag.py:3722} INFO - Setting next_dagrun for example_external_task_marker_child to None, run_after=None
[2025-05-05T03:06:35.068+0000] {logging_mixin.py:154} INFO - [2025-05-05T03:06:35.068+0000] {dag.py:3722} INFO - Setting next_dagrun for example_external_task_marker_parent to None, run_after=None
[2025-05-05T03:06:35.078+0000] {processor.py:179} INFO - Processing /home/airflow/.local/lib/python3.8/site-packages/airflow/example_dags/example_external_task_marker_dag.py took 0.045 seconds
[2025-05-05T03:07:05.086+0000] {processor.py:157} INFO - Started process (PID=352) to work on /home/airflow/.local/lib/python3.8/site-packages/airflow/example_dags/example_external_task_marker_dag.py
[2025-05-05T03:07:05.086+0000] {processor.py:829} INFO - Processing file /home/airflow/.local/lib/python3.8/site-packages/airflow/example_dags/example_external_task_marker_dag.py for tasks to queue
[2025-05-05T03:07:05.087+0000] {logging_mixin.py:154} INFO - [2025-05-05T03:07:05.087+0000] {dagbag.py:536} INFO - Filling up the DagBag from /home/airflow/.local/lib/python3.8/site-packages/airflow/example_dags/example_external_task_marker_dag.py
[2025-05-05T03:07:05.089+0000] {processor.py:839} INFO - DAG(s) dict_keys(['example_external_task_marker_parent', 'example_external_task_marker_child']) retrieved from /home/airflow/.local/lib/python3.8/site-packages/airflow/example_dags/example_external_task_marker_dag.py
[2025-05-05T03:07:05.098+0000] {logging_mixin.py:154} INFO - [2025-05-05T03:07:05.098+0000] {dag.py:2941} INFO - Sync 2 DAGs
[2025-05-05T03:07:05.103+0000] {logging_mixin.py:154} INFO - [2025-05-05T03:07:05.103+0000] {dag.py:3722} INFO - Setting next_dagrun for example_external_task_marker_child to None, run_after=None
[2025-05-05T03:07:05.104+0000] {logging_mixin.py:154} INFO - [2025-05-05T03:07:05.104+0000] {dag.py:3722} INFO - Setting next_dagrun for example_external_task_marker_parent to None, run_after=None
[2025-05-05T03:07:05.108+0000] {processor.py:179} INFO - Processing /home/airflow/.local/lib/python3.8/site-packages/airflow/example_dags/example_external_task_marker_dag.py took 0.024 seconds
[2025-05-05T03:07:35.866+0000] {processor.py:157} INFO - Started process (PID=408) to work on /home/airflow/.local/lib/python3.8/site-packages/airflow/example_dags/example_external_task_marker_dag.py
[2025-05-05T03:07:35.866+0000] {processor.py:829} INFO - Processing file /home/airflow/.local/lib/python3.8/site-packages/airflow/example_dags/example_external_task_marker_dag.py for tasks to queue
[2025-05-05T03:07:35.867+0000] {logging_mixin.py:154} INFO - [2025-05-05T03:07:35.867+0000] {dagbag.py:536} INFO - Filling up the DagBag from /home/airflow/.local/lib/python3.8/site-packages/airflow/example_dags/example_external_task_marker_dag.py
[2025-05-05T03:07:35.871+0000] {processor.py:839} INFO - DAG(s) dict_keys(['example_external_task_marker_child', 'example_external_task_marker_parent']) retrieved from /home/airflow/.local/lib/python3.8/site-packages/airflow/example_dags/example_external_task_marker_dag.py
[2025-05-05T03:07:35.884+0000] {logging_mixin.py:154} INFO - [2025-05-05T03:07:35.884+0000] {dag.py:2941} INFO - Sync 2 DAGs
[2025-05-05T03:07:35.893+0000] {logging_mixin.py:154} INFO - [2025-05-05T03:07:35.893+0000] {dag.py:3722} INFO - Setting next_dagrun for example_external_task_marker_child to None, run_after=None
[2025-05-05T03:07:35.894+0000] {logging_mixin.py:154} INFO - [2025-05-05T03:07:35.894+0000] {dag.py:3722} INFO - Setting next_dagrun for example_external_task_marker_parent to None, run_after=None
[2025-05-05T03:07:35.903+0000] {processor.py:179} INFO - Processing /home/airflow/.local/lib/python3.8/site-packages/airflow/example_dags/example_external_task_marker_dag.py took 0.039 seconds
[2025-05-05T03:08:05.976+0000] {processor.py:157} INFO - Started process (PID=463) to work on /home/airflow/.local/lib/python3.8/site-packages/airflow/example_dags/example_external_task_marker_dag.py
[2025-05-05T03:08:05.977+0000] {processor.py:829} INFO - Processing file /home/airflow/.local/lib/python3.8/site-packages/airflow/example_dags/example_external_task_marker_dag.py for tasks to queue
[2025-05-05T03:08:05.978+0000] {logging_mixin.py:154} INFO - [2025-05-05T03:08:05.978+0000] {dagbag.py:536} INFO - Filling up the DagBag from /home/airflow/.local/lib/python3.8/site-packages/airflow/example_dags/example_external_task_marker_dag.py
[2025-05-05T03:08:05.981+0000] {processor.py:839} INFO - DAG(s) dict_keys(['example_external_task_marker_parent', 'example_external_task_marker_child']) retrieved from /home/airflow/.local/lib/python3.8/site-packages/airflow/example_dags/example_external_task_marker_dag.py
[2025-05-05T03:08:05.995+0000] {logging_mixin.py:154} INFO - [2025-05-05T03:08:05.995+0000] {dag.py:2941} INFO - Sync 2 DAGs
[2025-05-05T03:08:06.003+0000] {logging_mixin.py:154} INFO - [2025-05-05T03:08:06.003+0000] {dag.py:3722} INFO - Setting next_dagrun for example_external_task_marker_child to None, run_after=None
[2025-05-05T03:08:06.006+0000] {logging_mixin.py:154} INFO - [2025-05-05T03:08:06.006+0000] {dag.py:3722} INFO - Setting next_dagrun for example_external_task_marker_parent to None, run_after=None
[2025-05-05T03:08:06.015+0000] {processor.py:179} INFO - Processing /home/airflow/.local/lib/python3.8/site-packages/airflow/example_dags/example_external_task_marker_dag.py took 0.043 seconds
[2025-05-05T03:08:36.811+0000] {processor.py:157} INFO - Started process (PID=518) to work on /home/airflow/.local/lib/python3.8/site-packages/airflow/example_dags/example_external_task_marker_dag.py
[2025-05-05T03:08:36.811+0000] {processor.py:829} INFO - Processing file /home/airflow/.local/lib/python3.8/site-packages/airflow/example_dags/example_external_task_marker_dag.py for tasks to queue
[2025-05-05T03:08:36.812+0000] {logging_mixin.py:154} INFO - [2025-05-05T03:08:36.812+0000] {dagbag.py:536} INFO - Filling up the DagBag from /home/airflow/.local/lib/python3.8/site-packages/airflow/example_dags/example_external_task_marker_dag.py
[2025-05-05T03:08:36.815+0000] {processor.py:839} INFO - DAG(s) dict_keys(['example_external_task_marker_child', 'example_external_task_marker_parent']) retrieved from /home/airflow/.local/lib/python3.8/site-packages/airflow/example_dags/example_external_task_marker_dag.py
[2025-05-05T03:08:36.825+0000] {logging_mixin.py:154} INFO - [2025-05-05T03:08:36.825+0000] {dag.py:2941} INFO - Sync 2 DAGs
[2025-05-05T03:08:36.830+0000] {logging_mixin.py:154} INFO - [2025-05-05T03:08:36.830+0000] {dag.py:3722} INFO - Setting next_dagrun for example_external_task_marker_child to None, run_after=None
[2025-05-05T03:08:36.832+0000] {logging_mixin.py:154} INFO - [2025-05-05T03:08:36.832+0000] {dag.py:3722} INFO - Setting next_dagrun for example_external_task_marker_parent to None, run_after=None
[2025-05-05T03:08:36.837+0000] {processor.py:179} INFO - Processing /home/airflow/.local/lib/python3.8/site-packages/airflow/example_dags/example_external_task_marker_dag.py took 0.028 seconds
[2025-05-05T03:09:07.710+0000] {processor.py:157} INFO - Started process (PID=573) to work on /home/airflow/.local/lib/python3.8/site-packages/airflow/example_dags/example_external_task_marker_dag.py
[2025-05-05T03:09:07.710+0000] {processor.py:829} INFO - Processing file /home/airflow/.local/lib/python3.8/site-packages/airflow/example_dags/example_external_task_marker_dag.py for tasks to queue
[2025-05-05T03:09:07.713+0000] {logging_mixin.py:154} INFO - [2025-05-05T03:09:07.712+0000] {dagbag.py:536} INFO - Filling up the DagBag from /home/airflow/.local/lib/python3.8/site-packages/airflow/example_dags/example_external_task_marker_dag.py
[2025-05-05T03:09:07.717+0000] {processor.py:839} INFO - DAG(s) dict_keys(['example_external_task_marker_child', 'example_external_task_marker_parent']) retrieved from /home/airflow/.local/lib/python3.8/site-packages/airflow/example_dags/example_external_task_marker_dag.py
[2025-05-05T03:09:07.736+0000] {logging_mixin.py:154} INFO - [2025-05-05T03:09:07.735+0000] {dag.py:2941} INFO - Sync 2 DAGs
[2025-05-05T03:09:07.744+0000] {logging_mixin.py:154} INFO - [2025-05-05T03:09:07.744+0000] {dag.py:3722} INFO - Setting next_dagrun for example_external_task_marker_child to None, run_after=None
[2025-05-05T03:09:07.745+0000] {logging_mixin.py:154} INFO - [2025-05-05T03:09:07.745+0000] {dag.py:3722} INFO - Setting next_dagrun for example_external_task_marker_parent to None, run_after=None
[2025-05-05T03:09:07.750+0000] {processor.py:179} INFO - Processing /home/airflow/.local/lib/python3.8/site-packages/airflow/example_dags/example_external_task_marker_dag.py took 0.043 seconds
