[2025-05-05T03:04:31.086+0000] {processor.py:157} INFO - Started process (PID=63) to work on /home/airflow/.local/lib/python3.8/site-packages/airflow/example_dags/example_trigger_target_dag.py
[2025-05-05T03:04:31.087+0000] {processor.py:829} INFO - Processing file /home/airflow/.local/lib/python3.8/site-packages/airflow/example_dags/example_trigger_target_dag.py for tasks to queue
[2025-05-05T03:04:31.093+0000] {logging_mixin.py:154} INFO - [2025-05-05T03:04:31.093+0000] {dagbag.py:536} INFO - Filling up the DagBag from /home/airflow/.local/lib/python3.8/site-packages/airflow/example_dags/example_trigger_target_dag.py
[2025-05-05T03:04:31.100+0000] {processor.py:839} INFO - DAG(s) dict_keys(['example_trigger_target_dag']) retrieved from /home/airflow/.local/lib/python3.8/site-packages/airflow/example_dags/example_trigger_target_dag.py
[2025-05-05T03:04:31.131+0000] {logging_mixin.py:154} INFO - [2025-05-05T03:04:31.131+0000] {dag.py:2941} INFO - Sync 1 DAGs
[2025-05-05T03:04:31.140+0000] {logging_mixin.py:154} INFO - [2025-05-05T03:04:31.139+0000] {dag.py:3722} INFO - Setting next_dagrun for example_trigger_target_dag to None, run_after=None
[2025-05-05T03:04:31.157+0000] {processor.py:179} INFO - Processing /home/airflow/.local/lib/python3.8/site-packages/airflow/example_dags/example_trigger_target_dag.py took 0.076 seconds
[2025-05-05T03:05:01.966+0000] {processor.py:157} INFO - Started process (PID=119) to work on /home/airflow/.local/lib/python3.8/site-packages/airflow/example_dags/example_trigger_target_dag.py
[2025-05-05T03:05:01.967+0000] {processor.py:829} INFO - Processing file /home/airflow/.local/lib/python3.8/site-packages/airflow/example_dags/example_trigger_target_dag.py for tasks to queue
[2025-05-05T03:05:01.969+0000] {logging_mixin.py:154} INFO - [2025-05-05T03:05:01.969+0000] {dagbag.py:536} INFO - Filling up the DagBag from /home/airflow/.local/lib/python3.8/site-packages/airflow/example_dags/example_trigger_target_dag.py
[2025-05-05T03:05:01.972+0000] {processor.py:839} INFO - DAG(s) dict_keys(['example_trigger_target_dag']) retrieved from /home/airflow/.local/lib/python3.8/site-packages/airflow/example_dags/example_trigger_target_dag.py
[2025-05-05T03:05:01.983+0000] {logging_mixin.py:154} INFO - [2025-05-05T03:05:01.982+0000] {dag.py:2941} INFO - Sync 1 DAGs
[2025-05-05T03:05:01.992+0000] {logging_mixin.py:154} INFO - [2025-05-05T03:05:01.992+0000] {dag.py:3722} INFO - Setting next_dagrun for example_trigger_target_dag to None, run_after=None
[2025-05-05T03:05:02.004+0000] {processor.py:179} INFO - Processing /home/airflow/.local/lib/python3.8/site-packages/airflow/example_dags/example_trigger_target_dag.py took 0.040 seconds
[2025-05-05T03:05:32.824+0000] {processor.py:157} INFO - Started process (PID=174) to work on /home/airflow/.local/lib/python3.8/site-packages/airflow/example_dags/example_trigger_target_dag.py
[2025-05-05T03:05:32.826+0000] {processor.py:829} INFO - Processing file /home/airflow/.local/lib/python3.8/site-packages/airflow/example_dags/example_trigger_target_dag.py for tasks to queue
[2025-05-05T03:05:32.828+0000] {logging_mixin.py:154} INFO - [2025-05-05T03:05:32.828+0000] {dagbag.py:536} INFO - Filling up the DagBag from /home/airflow/.local/lib/python3.8/site-packages/airflow/example_dags/example_trigger_target_dag.py
[2025-05-05T03:05:32.831+0000] {processor.py:839} INFO - DAG(s) dict_keys(['example_trigger_target_dag']) retrieved from /home/airflow/.local/lib/python3.8/site-packages/airflow/example_dags/example_trigger_target_dag.py
[2025-05-05T03:05:32.841+0000] {logging_mixin.py:154} INFO - [2025-05-05T03:05:32.841+0000] {dag.py:2941} INFO - Sync 1 DAGs
[2025-05-05T03:05:32.852+0000] {logging_mixin.py:154} INFO - [2025-05-05T03:05:32.852+0000] {dag.py:3722} INFO - Setting next_dagrun for example_trigger_target_dag to None, run_after=None
[2025-05-05T03:05:32.865+0000] {processor.py:179} INFO - Processing /home/airflow/.local/lib/python3.8/site-packages/airflow/example_dags/example_trigger_target_dag.py took 0.042 seconds
[2025-05-05T03:06:03.520+0000] {processor.py:157} INFO - Started process (PID=229) to work on /home/airflow/.local/lib/python3.8/site-packages/airflow/example_dags/example_trigger_target_dag.py
[2025-05-05T03:06:03.521+0000] {processor.py:829} INFO - Processing file /home/airflow/.local/lib/python3.8/site-packages/airflow/example_dags/example_trigger_target_dag.py for tasks to queue
[2025-05-05T03:06:03.522+0000] {logging_mixin.py:154} INFO - [2025-05-05T03:06:03.522+0000] {dagbag.py:536} INFO - Filling up the DagBag from /home/airflow/.local/lib/python3.8/site-packages/airflow/example_dags/example_trigger_target_dag.py
[2025-05-05T03:06:03.526+0000] {processor.py:839} INFO - DAG(s) dict_keys(['example_trigger_target_dag']) retrieved from /home/airflow/.local/lib/python3.8/site-packages/airflow/example_dags/example_trigger_target_dag.py
[2025-05-05T03:06:03.542+0000] {logging_mixin.py:154} INFO - [2025-05-05T03:06:03.542+0000] {dag.py:2941} INFO - Sync 1 DAGs
[2025-05-05T03:06:03.553+0000] {logging_mixin.py:154} INFO - [2025-05-05T03:06:03.553+0000] {dag.py:3722} INFO - Setting next_dagrun for example_trigger_target_dag to None, run_after=None
[2025-05-05T03:06:03.565+0000] {processor.py:179} INFO - Processing /home/airflow/.local/lib/python3.8/site-packages/airflow/example_dags/example_trigger_target_dag.py took 0.047 seconds
[2025-05-05T03:06:34.582+0000] {processor.py:157} INFO - Started process (PID=284) to work on /home/airflow/.local/lib/python3.8/site-packages/airflow/example_dags/example_trigger_target_dag.py
[2025-05-05T03:06:34.583+0000] {processor.py:829} INFO - Processing file /home/airflow/.local/lib/python3.8/site-packages/airflow/example_dags/example_trigger_target_dag.py for tasks to queue
[2025-05-05T03:06:34.584+0000] {logging_mixin.py:154} INFO - [2025-05-05T03:06:34.584+0000] {dagbag.py:536} INFO - Filling up the DagBag from /home/airflow/.local/lib/python3.8/site-packages/airflow/example_dags/example_trigger_target_dag.py
[2025-05-05T03:06:34.587+0000] {processor.py:839} INFO - DAG(s) dict_keys(['example_trigger_target_dag']) retrieved from /home/airflow/.local/lib/python3.8/site-packages/airflow/example_dags/example_trigger_target_dag.py
[2025-05-05T03:06:34.596+0000] {logging_mixin.py:154} INFO - [2025-05-05T03:06:34.596+0000] {dag.py:2941} INFO - Sync 1 DAGs
[2025-05-05T03:06:34.601+0000] {logging_mixin.py:154} INFO - [2025-05-05T03:06:34.601+0000] {dag.py:3722} INFO - Setting next_dagrun for example_trigger_target_dag to None, run_after=None
[2025-05-05T03:06:34.607+0000] {processor.py:179} INFO - Processing /home/airflow/.local/lib/python3.8/site-packages/airflow/example_dags/example_trigger_target_dag.py took 0.026 seconds
[2025-05-05T03:07:04.674+0000] {processor.py:157} INFO - Started process (PID=339) to work on /home/airflow/.local/lib/python3.8/site-packages/airflow/example_dags/example_trigger_target_dag.py
[2025-05-05T03:07:04.675+0000] {processor.py:829} INFO - Processing file /home/airflow/.local/lib/python3.8/site-packages/airflow/example_dags/example_trigger_target_dag.py for tasks to queue
[2025-05-05T03:07:04.676+0000] {logging_mixin.py:154} INFO - [2025-05-05T03:07:04.676+0000] {dagbag.py:536} INFO - Filling up the DagBag from /home/airflow/.local/lib/python3.8/site-packages/airflow/example_dags/example_trigger_target_dag.py
[2025-05-05T03:07:04.678+0000] {processor.py:839} INFO - DAG(s) dict_keys(['example_trigger_target_dag']) retrieved from /home/airflow/.local/lib/python3.8/site-packages/airflow/example_dags/example_trigger_target_dag.py
[2025-05-05T03:07:04.687+0000] {logging_mixin.py:154} INFO - [2025-05-05T03:07:04.687+0000] {dag.py:2941} INFO - Sync 1 DAGs
[2025-05-05T03:07:04.692+0000] {logging_mixin.py:154} INFO - [2025-05-05T03:07:04.692+0000] {dag.py:3722} INFO - Setting next_dagrun for example_trigger_target_dag to None, run_after=None
[2025-05-05T03:07:04.697+0000] {processor.py:179} INFO - Processing /home/airflow/.local/lib/python3.8/site-packages/airflow/example_dags/example_trigger_target_dag.py took 0.025 seconds
[2025-05-05T03:07:35.407+0000] {processor.py:157} INFO - Started process (PID=394) to work on /home/airflow/.local/lib/python3.8/site-packages/airflow/example_dags/example_trigger_target_dag.py
[2025-05-05T03:07:35.408+0000] {processor.py:829} INFO - Processing file /home/airflow/.local/lib/python3.8/site-packages/airflow/example_dags/example_trigger_target_dag.py for tasks to queue
[2025-05-05T03:07:35.409+0000] {logging_mixin.py:154} INFO - [2025-05-05T03:07:35.409+0000] {dagbag.py:536} INFO - Filling up the DagBag from /home/airflow/.local/lib/python3.8/site-packages/airflow/example_dags/example_trigger_target_dag.py
[2025-05-05T03:07:35.412+0000] {processor.py:839} INFO - DAG(s) dict_keys(['example_trigger_target_dag']) retrieved from /home/airflow/.local/lib/python3.8/site-packages/airflow/example_dags/example_trigger_target_dag.py
[2025-05-05T03:07:35.423+0000] {logging_mixin.py:154} INFO - [2025-05-05T03:07:35.423+0000] {dag.py:2941} INFO - Sync 1 DAGs
[2025-05-05T03:07:35.429+0000] {logging_mixin.py:154} INFO - [2025-05-05T03:07:35.429+0000] {dag.py:3722} INFO - Setting next_dagrun for example_trigger_target_dag to None, run_after=None
[2025-05-05T03:07:35.437+0000] {processor.py:179} INFO - Processing /home/airflow/.local/lib/python3.8/site-packages/airflow/example_dags/example_trigger_target_dag.py took 0.032 seconds
[2025-05-05T03:08:05.531+0000] {processor.py:157} INFO - Started process (PID=449) to work on /home/airflow/.local/lib/python3.8/site-packages/airflow/example_dags/example_trigger_target_dag.py
[2025-05-05T03:08:05.531+0000] {processor.py:829} INFO - Processing file /home/airflow/.local/lib/python3.8/site-packages/airflow/example_dags/example_trigger_target_dag.py for tasks to queue
[2025-05-05T03:08:05.532+0000] {logging_mixin.py:154} INFO - [2025-05-05T03:08:05.532+0000] {dagbag.py:536} INFO - Filling up the DagBag from /home/airflow/.local/lib/python3.8/site-packages/airflow/example_dags/example_trigger_target_dag.py
[2025-05-05T03:08:05.535+0000] {processor.py:839} INFO - DAG(s) dict_keys(['example_trigger_target_dag']) retrieved from /home/airflow/.local/lib/python3.8/site-packages/airflow/example_dags/example_trigger_target_dag.py
[2025-05-05T03:08:05.546+0000] {logging_mixin.py:154} INFO - [2025-05-05T03:08:05.546+0000] {dag.py:2941} INFO - Sync 1 DAGs
[2025-05-05T03:08:05.552+0000] {logging_mixin.py:154} INFO - [2025-05-05T03:08:05.551+0000] {dag.py:3722} INFO - Setting next_dagrun for example_trigger_target_dag to None, run_after=None
[2025-05-05T03:08:05.559+0000] {processor.py:179} INFO - Processing /home/airflow/.local/lib/python3.8/site-packages/airflow/example_dags/example_trigger_target_dag.py took 0.030 seconds
[2025-05-05T03:08:36.315+0000] {processor.py:157} INFO - Started process (PID=504) to work on /home/airflow/.local/lib/python3.8/site-packages/airflow/example_dags/example_trigger_target_dag.py
[2025-05-05T03:08:36.315+0000] {processor.py:829} INFO - Processing file /home/airflow/.local/lib/python3.8/site-packages/airflow/example_dags/example_trigger_target_dag.py for tasks to queue
[2025-05-05T03:08:36.316+0000] {logging_mixin.py:154} INFO - [2025-05-05T03:08:36.316+0000] {dagbag.py:536} INFO - Filling up the DagBag from /home/airflow/.local/lib/python3.8/site-packages/airflow/example_dags/example_trigger_target_dag.py
[2025-05-05T03:08:36.319+0000] {processor.py:839} INFO - DAG(s) dict_keys(['example_trigger_target_dag']) retrieved from /home/airflow/.local/lib/python3.8/site-packages/airflow/example_dags/example_trigger_target_dag.py
[2025-05-05T03:08:36.327+0000] {logging_mixin.py:154} INFO - [2025-05-05T03:08:36.327+0000] {dag.py:2941} INFO - Sync 1 DAGs
[2025-05-05T03:08:36.332+0000] {logging_mixin.py:154} INFO - [2025-05-05T03:08:36.332+0000] {dag.py:3722} INFO - Setting next_dagrun for example_trigger_target_dag to None, run_after=None
[2025-05-05T03:08:36.340+0000] {processor.py:179} INFO - Processing /home/airflow/.local/lib/python3.8/site-packages/airflow/example_dags/example_trigger_target_dag.py took 0.026 seconds
[2025-05-05T03:09:07.293+0000] {processor.py:157} INFO - Started process (PID=559) to work on /home/airflow/.local/lib/python3.8/site-packages/airflow/example_dags/example_trigger_target_dag.py
[2025-05-05T03:09:07.293+0000] {processor.py:829} INFO - Processing file /home/airflow/.local/lib/python3.8/site-packages/airflow/example_dags/example_trigger_target_dag.py for tasks to queue
[2025-05-05T03:09:07.294+0000] {logging_mixin.py:154} INFO - [2025-05-05T03:09:07.294+0000] {dagbag.py:536} INFO - Filling up the DagBag from /home/airflow/.local/lib/python3.8/site-packages/airflow/example_dags/example_trigger_target_dag.py
[2025-05-05T03:09:07.297+0000] {processor.py:839} INFO - DAG(s) dict_keys(['example_trigger_target_dag']) retrieved from /home/airflow/.local/lib/python3.8/site-packages/airflow/example_dags/example_trigger_target_dag.py
[2025-05-05T03:09:07.306+0000] {logging_mixin.py:154} INFO - [2025-05-05T03:09:07.306+0000] {dag.py:2941} INFO - Sync 1 DAGs
[2025-05-05T03:09:07.311+0000] {logging_mixin.py:154} INFO - [2025-05-05T03:09:07.311+0000] {dag.py:3722} INFO - Setting next_dagrun for example_trigger_target_dag to None, run_after=None
[2025-05-05T03:09:07.318+0000] {processor.py:179} INFO - Processing /home/airflow/.local/lib/python3.8/site-packages/airflow/example_dags/example_trigger_target_dag.py took 0.028 seconds
