[2025-05-05T03:04:31.535+0000] {processor.py:157} INFO - Started process (PID=72) to work on /home/airflow/.local/lib/python3.8/site-packages/airflow/example_dags/example_latest_only_with_trigger.py
[2025-05-05T03:04:31.535+0000] {processor.py:829} INFO - Processing file /home/airflow/.local/lib/python3.8/site-packages/airflow/example_dags/example_latest_only_with_trigger.py for tasks to queue
[2025-05-05T03:04:31.538+0000] {logging_mixin.py:154} INFO - [2025-05-05T03:04:31.538+0000] {dagbag.py:536} INFO - Filling up the DagBag from /home/airflow/.local/lib/python3.8/site-packages/airflow/example_dags/example_latest_only_with_trigger.py
[2025-05-05T03:04:31.545+0000] {processor.py:839} INFO - DAG(s) dict_keys(['latest_only_with_trigger']) retrieved from /home/airflow/.local/lib/python3.8/site-packages/airflow/example_dags/example_latest_only_with_trigger.py
[2025-05-05T03:04:31.558+0000] {logging_mixin.py:154} INFO - [2025-05-05T03:04:31.558+0000] {dag.py:2941} INFO - Sync 1 DAGs
[2025-05-05T03:04:31.599+0000] {logging_mixin.py:154} INFO - [2025-05-05T03:04:31.598+0000] {dag.py:3722} INFO - Setting next_dagrun for latest_only_with_trigger to 2025-05-04T23:04:31.598434+00:00, run_after=2025-05-05T03:04:31.598434+00:00
[2025-05-05T03:04:31.614+0000] {processor.py:179} INFO - Processing /home/airflow/.local/lib/python3.8/site-packages/airflow/example_dags/example_latest_only_with_trigger.py took 0.081 seconds
[2025-05-05T03:05:02.202+0000] {processor.py:157} INFO - Started process (PID=127) to work on /home/airflow/.local/lib/python3.8/site-packages/airflow/example_dags/example_latest_only_with_trigger.py
[2025-05-05T03:05:02.203+0000] {processor.py:829} INFO - Processing file /home/airflow/.local/lib/python3.8/site-packages/airflow/example_dags/example_latest_only_with_trigger.py for tasks to queue
[2025-05-05T03:05:02.203+0000] {logging_mixin.py:154} INFO - [2025-05-05T03:05:02.203+0000] {dagbag.py:536} INFO - Filling up the DagBag from /home/airflow/.local/lib/python3.8/site-packages/airflow/example_dags/example_latest_only_with_trigger.py
[2025-05-05T03:05:02.206+0000] {processor.py:839} INFO - DAG(s) dict_keys(['latest_only_with_trigger']) retrieved from /home/airflow/.local/lib/python3.8/site-packages/airflow/example_dags/example_latest_only_with_trigger.py
[2025-05-05T03:05:02.215+0000] {logging_mixin.py:154} INFO - [2025-05-05T03:05:02.215+0000] {dag.py:2941} INFO - Sync 1 DAGs
[2025-05-05T03:05:02.230+0000] {logging_mixin.py:154} INFO - [2025-05-05T03:05:02.230+0000] {dag.py:3722} INFO - Setting next_dagrun for latest_only_with_trigger to 2025-05-04T23:05:02.230175+00:00, run_after=2025-05-05T03:05:02.230175+00:00
[2025-05-05T03:05:02.239+0000] {processor.py:179} INFO - Processing /home/airflow/.local/lib/python3.8/site-packages/airflow/example_dags/example_latest_only_with_trigger.py took 0.039 seconds
[2025-05-05T03:05:33.050+0000] {processor.py:157} INFO - Started process (PID=182) to work on /home/airflow/.local/lib/python3.8/site-packages/airflow/example_dags/example_latest_only_with_trigger.py
[2025-05-05T03:05:33.050+0000] {processor.py:829} INFO - Processing file /home/airflow/.local/lib/python3.8/site-packages/airflow/example_dags/example_latest_only_with_trigger.py for tasks to queue
[2025-05-05T03:05:33.051+0000] {logging_mixin.py:154} INFO - [2025-05-05T03:05:33.051+0000] {dagbag.py:536} INFO - Filling up the DagBag from /home/airflow/.local/lib/python3.8/site-packages/airflow/example_dags/example_latest_only_with_trigger.py
[2025-05-05T03:05:33.054+0000] {processor.py:839} INFO - DAG(s) dict_keys(['latest_only_with_trigger']) retrieved from /home/airflow/.local/lib/python3.8/site-packages/airflow/example_dags/example_latest_only_with_trigger.py
[2025-05-05T03:05:33.065+0000] {logging_mixin.py:154} INFO - [2025-05-05T03:05:33.065+0000] {dag.py:2941} INFO - Sync 1 DAGs
[2025-05-05T03:05:33.077+0000] {logging_mixin.py:154} INFO - [2025-05-05T03:05:33.077+0000] {dag.py:3722} INFO - Setting next_dagrun for latest_only_with_trigger to 2025-05-04T23:05:33.077569+00:00, run_after=2025-05-05T03:05:33.077569+00:00
[2025-05-05T03:05:33.087+0000] {processor.py:179} INFO - Processing /home/airflow/.local/lib/python3.8/site-packages/airflow/example_dags/example_latest_only_with_trigger.py took 0.039 seconds
[2025-05-05T03:06:03.777+0000] {processor.py:157} INFO - Started process (PID=237) to work on /home/airflow/.local/lib/python3.8/site-packages/airflow/example_dags/example_latest_only_with_trigger.py
[2025-05-05T03:06:03.777+0000] {processor.py:829} INFO - Processing file /home/airflow/.local/lib/python3.8/site-packages/airflow/example_dags/example_latest_only_with_trigger.py for tasks to queue
[2025-05-05T03:06:03.778+0000] {logging_mixin.py:154} INFO - [2025-05-05T03:06:03.778+0000] {dagbag.py:536} INFO - Filling up the DagBag from /home/airflow/.local/lib/python3.8/site-packages/airflow/example_dags/example_latest_only_with_trigger.py
[2025-05-05T03:06:03.784+0000] {processor.py:839} INFO - DAG(s) dict_keys(['latest_only_with_trigger']) retrieved from /home/airflow/.local/lib/python3.8/site-packages/airflow/example_dags/example_latest_only_with_trigger.py
[2025-05-05T03:06:03.796+0000] {logging_mixin.py:154} INFO - [2025-05-05T03:06:03.796+0000] {dag.py:2941} INFO - Sync 1 DAGs
[2025-05-05T03:06:03.811+0000] {logging_mixin.py:154} INFO - [2025-05-05T03:06:03.811+0000] {dag.py:3722} INFO - Setting next_dagrun for latest_only_with_trigger to 2025-05-04T23:06:03.811707+00:00, run_after=2025-05-05T03:06:03.811707+00:00
[2025-05-05T03:06:03.826+0000] {processor.py:179} INFO - Processing /home/airflow/.local/lib/python3.8/site-packages/airflow/example_dags/example_latest_only_with_trigger.py took 0.050 seconds
[2025-05-05T03:06:34.848+0000] {processor.py:157} INFO - Started process (PID=292) to work on /home/airflow/.local/lib/python3.8/site-packages/airflow/example_dags/example_latest_only_with_trigger.py
[2025-05-05T03:06:34.849+0000] {processor.py:829} INFO - Processing file /home/airflow/.local/lib/python3.8/site-packages/airflow/example_dags/example_latest_only_with_trigger.py for tasks to queue
[2025-05-05T03:06:34.851+0000] {logging_mixin.py:154} INFO - [2025-05-05T03:06:34.851+0000] {dagbag.py:536} INFO - Filling up the DagBag from /home/airflow/.local/lib/python3.8/site-packages/airflow/example_dags/example_latest_only_with_trigger.py
[2025-05-05T03:06:34.854+0000] {processor.py:839} INFO - DAG(s) dict_keys(['latest_only_with_trigger']) retrieved from /home/airflow/.local/lib/python3.8/site-packages/airflow/example_dags/example_latest_only_with_trigger.py
[2025-05-05T03:06:34.868+0000] {logging_mixin.py:154} INFO - [2025-05-05T03:06:34.868+0000] {dag.py:2941} INFO - Sync 1 DAGs
[2025-05-05T03:06:34.881+0000] {logging_mixin.py:154} INFO - [2025-05-05T03:06:34.881+0000] {dag.py:3722} INFO - Setting next_dagrun for latest_only_with_trigger to 2025-05-04T23:06:34.881111+00:00, run_after=2025-05-05T03:06:34.881111+00:00
[2025-05-05T03:06:34.890+0000] {processor.py:179} INFO - Processing /home/airflow/.local/lib/python3.8/site-packages/airflow/example_dags/example_latest_only_with_trigger.py took 0.043 seconds
[2025-05-05T03:07:04.915+0000] {processor.py:157} INFO - Started process (PID=347) to work on /home/airflow/.local/lib/python3.8/site-packages/airflow/example_dags/example_latest_only_with_trigger.py
[2025-05-05T03:07:04.916+0000] {processor.py:829} INFO - Processing file /home/airflow/.local/lib/python3.8/site-packages/airflow/example_dags/example_latest_only_with_trigger.py for tasks to queue
[2025-05-05T03:07:04.917+0000] {logging_mixin.py:154} INFO - [2025-05-05T03:07:04.917+0000] {dagbag.py:536} INFO - Filling up the DagBag from /home/airflow/.local/lib/python3.8/site-packages/airflow/example_dags/example_latest_only_with_trigger.py
[2025-05-05T03:07:04.920+0000] {processor.py:839} INFO - DAG(s) dict_keys(['latest_only_with_trigger']) retrieved from /home/airflow/.local/lib/python3.8/site-packages/airflow/example_dags/example_latest_only_with_trigger.py
[2025-05-05T03:07:04.930+0000] {logging_mixin.py:154} INFO - [2025-05-05T03:07:04.930+0000] {dag.py:2941} INFO - Sync 1 DAGs
[2025-05-05T03:07:04.943+0000] {logging_mixin.py:154} INFO - [2025-05-05T03:07:04.943+0000] {dag.py:3722} INFO - Setting next_dagrun for latest_only_with_trigger to 2025-05-04T23:07:04.942996+00:00, run_after=2025-05-05T03:07:04.942996+00:00
[2025-05-05T03:07:04.953+0000] {processor.py:179} INFO - Processing /home/airflow/.local/lib/python3.8/site-packages/airflow/example_dags/example_latest_only_with_trigger.py took 0.039 seconds
[2025-05-05T03:07:35.729+0000] {processor.py:157} INFO - Started process (PID=402) to work on /home/airflow/.local/lib/python3.8/site-packages/airflow/example_dags/example_latest_only_with_trigger.py
[2025-05-05T03:07:35.729+0000] {processor.py:829} INFO - Processing file /home/airflow/.local/lib/python3.8/site-packages/airflow/example_dags/example_latest_only_with_trigger.py for tasks to queue
[2025-05-05T03:07:35.730+0000] {logging_mixin.py:154} INFO - [2025-05-05T03:07:35.730+0000] {dagbag.py:536} INFO - Filling up the DagBag from /home/airflow/.local/lib/python3.8/site-packages/airflow/example_dags/example_latest_only_with_trigger.py
[2025-05-05T03:07:35.733+0000] {processor.py:839} INFO - DAG(s) dict_keys(['latest_only_with_trigger']) retrieved from /home/airflow/.local/lib/python3.8/site-packages/airflow/example_dags/example_latest_only_with_trigger.py
[2025-05-05T03:07:35.746+0000] {logging_mixin.py:154} INFO - [2025-05-05T03:07:35.746+0000] {dag.py:2941} INFO - Sync 1 DAGs
[2025-05-05T03:07:35.760+0000] {logging_mixin.py:154} INFO - [2025-05-05T03:07:35.760+0000] {dag.py:3722} INFO - Setting next_dagrun for latest_only_with_trigger to 2025-05-04T23:07:35.759907+00:00, run_after=2025-05-05T03:07:35.759907+00:00
[2025-05-05T03:07:35.771+0000] {processor.py:179} INFO - Processing /home/airflow/.local/lib/python3.8/site-packages/airflow/example_dags/example_latest_only_with_trigger.py took 0.044 seconds
[2025-05-05T03:08:05.824+0000] {processor.py:157} INFO - Started process (PID=457) to work on /home/airflow/.local/lib/python3.8/site-packages/airflow/example_dags/example_latest_only_with_trigger.py
[2025-05-05T03:08:05.824+0000] {processor.py:829} INFO - Processing file /home/airflow/.local/lib/python3.8/site-packages/airflow/example_dags/example_latest_only_with_trigger.py for tasks to queue
[2025-05-05T03:08:05.826+0000] {logging_mixin.py:154} INFO - [2025-05-05T03:08:05.826+0000] {dagbag.py:536} INFO - Filling up the DagBag from /home/airflow/.local/lib/python3.8/site-packages/airflow/example_dags/example_latest_only_with_trigger.py
[2025-05-05T03:08:05.830+0000] {processor.py:839} INFO - DAG(s) dict_keys(['latest_only_with_trigger']) retrieved from /home/airflow/.local/lib/python3.8/site-packages/airflow/example_dags/example_latest_only_with_trigger.py
[2025-05-05T03:08:05.846+0000] {logging_mixin.py:154} INFO - [2025-05-05T03:08:05.846+0000] {dag.py:2941} INFO - Sync 1 DAGs
[2025-05-05T03:08:05.861+0000] {logging_mixin.py:154} INFO - [2025-05-05T03:08:05.861+0000] {dag.py:3722} INFO - Setting next_dagrun for latest_only_with_trigger to 2025-05-04T23:08:05.861682+00:00, run_after=2025-05-05T03:08:05.861682+00:00
[2025-05-05T03:08:05.874+0000] {processor.py:179} INFO - Processing /home/airflow/.local/lib/python3.8/site-packages/airflow/example_dags/example_latest_only_with_trigger.py took 0.053 seconds
[2025-05-05T03:08:36.603+0000] {processor.py:157} INFO - Started process (PID=512) to work on /home/airflow/.local/lib/python3.8/site-packages/airflow/example_dags/example_latest_only_with_trigger.py
[2025-05-05T03:08:36.604+0000] {processor.py:829} INFO - Processing file /home/airflow/.local/lib/python3.8/site-packages/airflow/example_dags/example_latest_only_with_trigger.py for tasks to queue
[2025-05-05T03:08:36.604+0000] {logging_mixin.py:154} INFO - [2025-05-05T03:08:36.604+0000] {dagbag.py:536} INFO - Filling up the DagBag from /home/airflow/.local/lib/python3.8/site-packages/airflow/example_dags/example_latest_only_with_trigger.py
[2025-05-05T03:08:36.608+0000] {processor.py:839} INFO - DAG(s) dict_keys(['latest_only_with_trigger']) retrieved from /home/airflow/.local/lib/python3.8/site-packages/airflow/example_dags/example_latest_only_with_trigger.py
[2025-05-05T03:08:36.623+0000] {logging_mixin.py:154} INFO - [2025-05-05T03:08:36.623+0000] {dag.py:2941} INFO - Sync 1 DAGs
[2025-05-05T03:08:36.635+0000] {logging_mixin.py:154} INFO - [2025-05-05T03:08:36.635+0000] {dag.py:3722} INFO - Setting next_dagrun for latest_only_with_trigger to 2025-05-04T23:08:36.634920+00:00, run_after=2025-05-05T03:08:36.634920+00:00
[2025-05-05T03:08:36.652+0000] {processor.py:179} INFO - Processing /home/airflow/.local/lib/python3.8/site-packages/airflow/example_dags/example_latest_only_with_trigger.py took 0.051 seconds
[2025-05-05T03:09:07.544+0000] {processor.py:157} INFO - Started process (PID=567) to work on /home/airflow/.local/lib/python3.8/site-packages/airflow/example_dags/example_latest_only_with_trigger.py
[2025-05-05T03:09:07.545+0000] {processor.py:829} INFO - Processing file /home/airflow/.local/lib/python3.8/site-packages/airflow/example_dags/example_latest_only_with_trigger.py for tasks to queue
[2025-05-05T03:09:07.546+0000] {logging_mixin.py:154} INFO - [2025-05-05T03:09:07.546+0000] {dagbag.py:536} INFO - Filling up the DagBag from /home/airflow/.local/lib/python3.8/site-packages/airflow/example_dags/example_latest_only_with_trigger.py
[2025-05-05T03:09:07.548+0000] {processor.py:839} INFO - DAG(s) dict_keys(['latest_only_with_trigger']) retrieved from /home/airflow/.local/lib/python3.8/site-packages/airflow/example_dags/example_latest_only_with_trigger.py
[2025-05-05T03:09:07.562+0000] {logging_mixin.py:154} INFO - [2025-05-05T03:09:07.562+0000] {dag.py:2941} INFO - Sync 1 DAGs
[2025-05-05T03:09:07.575+0000] {logging_mixin.py:154} INFO - [2025-05-05T03:09:07.575+0000] {dag.py:3722} INFO - Setting next_dagrun for latest_only_with_trigger to 2025-05-04T23:09:07.575013+00:00, run_after=2025-05-05T03:09:07.575013+00:00
[2025-05-05T03:09:07.587+0000] {processor.py:179} INFO - Processing /home/airflow/.local/lib/python3.8/site-packages/airflow/example_dags/example_latest_only_with_trigger.py took 0.044 seconds
