[2025-05-05T03:04:31.241+0000] {processor.py:157} INFO - Started process (PID=67) to work on /home/airflow/.local/lib/python3.8/site-packages/airflow/example_dags/example_setup_teardown_taskflow.py
[2025-05-05T03:04:31.242+0000] {processor.py:829} INFO - Processing file /home/airflow/.local/lib/python3.8/site-packages/airflow/example_dags/example_setup_teardown_taskflow.py for tasks to queue
[2025-05-05T03:04:31.245+0000] {logging_mixin.py:154} INFO - [2025-05-05T03:04:31.244+0000] {dagbag.py:536} INFO - Filling up the DagBag from /home/airflow/.local/lib/python3.8/site-packages/airflow/example_dags/example_setup_teardown_taskflow.py
[2025-05-05T03:04:31.254+0000] {processor.py:839} INFO - DAG(s) dict_keys(['example_setup_teardown_taskflow']) retrieved from /home/airflow/.local/lib/python3.8/site-packages/airflow/example_dags/example_setup_teardown_taskflow.py
[2025-05-05T03:04:31.268+0000] {logging_mixin.py:154} INFO - [2025-05-05T03:04:31.268+0000] {dag.py:2941} INFO - Sync 1 DAGs
[2025-05-05T03:04:31.299+0000] {logging_mixin.py:154} INFO - [2025-05-05T03:04:31.299+0000] {dag.py:3722} INFO - Setting next_dagrun for example_setup_teardown_taskflow to 2025-05-04T03:04:31.299067+00:00, run_after=2025-05-05T03:04:31.299067+00:00
[2025-05-05T03:04:31.318+0000] {processor.py:179} INFO - Processing /home/airflow/.local/lib/python3.8/site-packages/airflow/example_dags/example_setup_teardown_taskflow.py took 0.078 seconds
[2025-05-05T03:05:02.051+0000] {processor.py:157} INFO - Started process (PID=122) to work on /home/airflow/.local/lib/python3.8/site-packages/airflow/example_dags/example_setup_teardown_taskflow.py
[2025-05-05T03:05:02.052+0000] {processor.py:829} INFO - Processing file /home/airflow/.local/lib/python3.8/site-packages/airflow/example_dags/example_setup_teardown_taskflow.py for tasks to queue
[2025-05-05T03:05:02.053+0000] {logging_mixin.py:154} INFO - [2025-05-05T03:05:02.053+0000] {dagbag.py:536} INFO - Filling up the DagBag from /home/airflow/.local/lib/python3.8/site-packages/airflow/example_dags/example_setup_teardown_taskflow.py
[2025-05-05T03:05:02.061+0000] {processor.py:839} INFO - DAG(s) dict_keys(['example_setup_teardown_taskflow']) retrieved from /home/airflow/.local/lib/python3.8/site-packages/airflow/example_dags/example_setup_teardown_taskflow.py
[2025-05-05T03:05:02.072+0000] {logging_mixin.py:154} INFO - [2025-05-05T03:05:02.072+0000] {dag.py:2941} INFO - Sync 1 DAGs
[2025-05-05T03:05:02.088+0000] {logging_mixin.py:154} INFO - [2025-05-05T03:05:02.088+0000] {dag.py:3722} INFO - Setting next_dagrun for example_setup_teardown_taskflow to 2025-05-04T03:05:02.087883+00:00, run_after=2025-05-05T03:05:02.087883+00:00
[2025-05-05T03:05:02.097+0000] {processor.py:179} INFO - Processing /home/airflow/.local/lib/python3.8/site-packages/airflow/example_dags/example_setup_teardown_taskflow.py took 0.047 seconds
[2025-05-05T03:05:32.909+0000] {processor.py:157} INFO - Started process (PID=177) to work on /home/airflow/.local/lib/python3.8/site-packages/airflow/example_dags/example_setup_teardown_taskflow.py
[2025-05-05T03:05:32.909+0000] {processor.py:829} INFO - Processing file /home/airflow/.local/lib/python3.8/site-packages/airflow/example_dags/example_setup_teardown_taskflow.py for tasks to queue
[2025-05-05T03:05:32.911+0000] {logging_mixin.py:154} INFO - [2025-05-05T03:05:32.911+0000] {dagbag.py:536} INFO - Filling up the DagBag from /home/airflow/.local/lib/python3.8/site-packages/airflow/example_dags/example_setup_teardown_taskflow.py
[2025-05-05T03:05:32.916+0000] {processor.py:839} INFO - DAG(s) dict_keys(['example_setup_teardown_taskflow']) retrieved from /home/airflow/.local/lib/python3.8/site-packages/airflow/example_dags/example_setup_teardown_taskflow.py
[2025-05-05T03:05:32.926+0000] {logging_mixin.py:154} INFO - [2025-05-05T03:05:32.926+0000] {dag.py:2941} INFO - Sync 1 DAGs
[2025-05-05T03:05:32.935+0000] {logging_mixin.py:154} INFO - [2025-05-05T03:05:32.935+0000] {dag.py:3722} INFO - Setting next_dagrun for example_setup_teardown_taskflow to 2025-05-04T03:05:32.935021+00:00, run_after=2025-05-05T03:05:32.935021+00:00
[2025-05-05T03:05:32.947+0000] {processor.py:179} INFO - Processing /home/airflow/.local/lib/python3.8/site-packages/airflow/example_dags/example_setup_teardown_taskflow.py took 0.039 seconds
[2025-05-05T03:06:03.610+0000] {processor.py:157} INFO - Started process (PID=232) to work on /home/airflow/.local/lib/python3.8/site-packages/airflow/example_dags/example_setup_teardown_taskflow.py
[2025-05-05T03:06:03.612+0000] {processor.py:829} INFO - Processing file /home/airflow/.local/lib/python3.8/site-packages/airflow/example_dags/example_setup_teardown_taskflow.py for tasks to queue
[2025-05-05T03:06:03.614+0000] {logging_mixin.py:154} INFO - [2025-05-05T03:06:03.614+0000] {dagbag.py:536} INFO - Filling up the DagBag from /home/airflow/.local/lib/python3.8/site-packages/airflow/example_dags/example_setup_teardown_taskflow.py
[2025-05-05T03:06:03.620+0000] {processor.py:839} INFO - DAG(s) dict_keys(['example_setup_teardown_taskflow']) retrieved from /home/airflow/.local/lib/python3.8/site-packages/airflow/example_dags/example_setup_teardown_taskflow.py
[2025-05-05T03:06:03.631+0000] {logging_mixin.py:154} INFO - [2025-05-05T03:06:03.631+0000] {dag.py:2941} INFO - Sync 1 DAGs
[2025-05-05T03:06:03.647+0000] {logging_mixin.py:154} INFO - [2025-05-05T03:06:03.647+0000] {dag.py:3722} INFO - Setting next_dagrun for example_setup_teardown_taskflow to 2025-05-04T03:06:03.647349+00:00, run_after=2025-05-05T03:06:03.647349+00:00
[2025-05-05T03:06:03.658+0000] {processor.py:179} INFO - Processing /home/airflow/.local/lib/python3.8/site-packages/airflow/example_dags/example_setup_teardown_taskflow.py took 0.049 seconds
[2025-05-05T03:06:34.686+0000] {processor.py:157} INFO - Started process (PID=287) to work on /home/airflow/.local/lib/python3.8/site-packages/airflow/example_dags/example_setup_teardown_taskflow.py
[2025-05-05T03:06:34.687+0000] {processor.py:829} INFO - Processing file /home/airflow/.local/lib/python3.8/site-packages/airflow/example_dags/example_setup_teardown_taskflow.py for tasks to queue
[2025-05-05T03:06:34.688+0000] {logging_mixin.py:154} INFO - [2025-05-05T03:06:34.687+0000] {dagbag.py:536} INFO - Filling up the DagBag from /home/airflow/.local/lib/python3.8/site-packages/airflow/example_dags/example_setup_teardown_taskflow.py
[2025-05-05T03:06:34.692+0000] {processor.py:839} INFO - DAG(s) dict_keys(['example_setup_teardown_taskflow']) retrieved from /home/airflow/.local/lib/python3.8/site-packages/airflow/example_dags/example_setup_teardown_taskflow.py
[2025-05-05T03:06:34.701+0000] {logging_mixin.py:154} INFO - [2025-05-05T03:06:34.701+0000] {dag.py:2941} INFO - Sync 1 DAGs
[2025-05-05T03:06:34.711+0000] {logging_mixin.py:154} INFO - [2025-05-05T03:06:34.710+0000] {dag.py:3722} INFO - Setting next_dagrun for example_setup_teardown_taskflow to 2025-05-04T03:06:34.710709+00:00, run_after=2025-05-05T03:06:34.710709+00:00
[2025-05-05T03:06:34.718+0000] {processor.py:179} INFO - Processing /home/airflow/.local/lib/python3.8/site-packages/airflow/example_dags/example_setup_teardown_taskflow.py took 0.033 seconds
[2025-05-05T03:07:04.767+0000] {processor.py:157} INFO - Started process (PID=342) to work on /home/airflow/.local/lib/python3.8/site-packages/airflow/example_dags/example_setup_teardown_taskflow.py
[2025-05-05T03:07:04.768+0000] {processor.py:829} INFO - Processing file /home/airflow/.local/lib/python3.8/site-packages/airflow/example_dags/example_setup_teardown_taskflow.py for tasks to queue
[2025-05-05T03:07:04.769+0000] {logging_mixin.py:154} INFO - [2025-05-05T03:07:04.769+0000] {dagbag.py:536} INFO - Filling up the DagBag from /home/airflow/.local/lib/python3.8/site-packages/airflow/example_dags/example_setup_teardown_taskflow.py
[2025-05-05T03:07:04.773+0000] {processor.py:839} INFO - DAG(s) dict_keys(['example_setup_teardown_taskflow']) retrieved from /home/airflow/.local/lib/python3.8/site-packages/airflow/example_dags/example_setup_teardown_taskflow.py
[2025-05-05T03:07:04.781+0000] {logging_mixin.py:154} INFO - [2025-05-05T03:07:04.781+0000] {dag.py:2941} INFO - Sync 1 DAGs
[2025-05-05T03:07:04.789+0000] {logging_mixin.py:154} INFO - [2025-05-05T03:07:04.789+0000] {dag.py:3722} INFO - Setting next_dagrun for example_setup_teardown_taskflow to 2025-05-04T03:07:04.789646+00:00, run_after=2025-05-05T03:07:04.789646+00:00
[2025-05-05T03:07:04.796+0000] {processor.py:179} INFO - Processing /home/airflow/.local/lib/python3.8/site-packages/airflow/example_dags/example_setup_teardown_taskflow.py took 0.030 seconds
[2025-05-05T03:07:35.547+0000] {processor.py:157} INFO - Started process (PID=397) to work on /home/airflow/.local/lib/python3.8/site-packages/airflow/example_dags/example_setup_teardown_taskflow.py
[2025-05-05T03:07:35.548+0000] {processor.py:829} INFO - Processing file /home/airflow/.local/lib/python3.8/site-packages/airflow/example_dags/example_setup_teardown_taskflow.py for tasks to queue
[2025-05-05T03:07:35.549+0000] {logging_mixin.py:154} INFO - [2025-05-05T03:07:35.549+0000] {dagbag.py:536} INFO - Filling up the DagBag from /home/airflow/.local/lib/python3.8/site-packages/airflow/example_dags/example_setup_teardown_taskflow.py
[2025-05-05T03:07:35.554+0000] {processor.py:839} INFO - DAG(s) dict_keys(['example_setup_teardown_taskflow']) retrieved from /home/airflow/.local/lib/python3.8/site-packages/airflow/example_dags/example_setup_teardown_taskflow.py
[2025-05-05T03:07:35.565+0000] {logging_mixin.py:154} INFO - [2025-05-05T03:07:35.565+0000] {dag.py:2941} INFO - Sync 1 DAGs
[2025-05-05T03:07:35.575+0000] {logging_mixin.py:154} INFO - [2025-05-05T03:07:35.575+0000] {dag.py:3722} INFO - Setting next_dagrun for example_setup_teardown_taskflow to 2025-05-04T03:07:35.575118+00:00, run_after=2025-05-05T03:07:35.575118+00:00
[2025-05-05T03:07:35.582+0000] {processor.py:179} INFO - Processing /home/airflow/.local/lib/python3.8/site-packages/airflow/example_dags/example_setup_teardown_taskflow.py took 0.038 seconds
[2025-05-05T03:08:05.642+0000] {processor.py:157} INFO - Started process (PID=452) to work on /home/airflow/.local/lib/python3.8/site-packages/airflow/example_dags/example_setup_teardown_taskflow.py
[2025-05-05T03:08:05.642+0000] {processor.py:829} INFO - Processing file /home/airflow/.local/lib/python3.8/site-packages/airflow/example_dags/example_setup_teardown_taskflow.py for tasks to queue
[2025-05-05T03:08:05.643+0000] {logging_mixin.py:154} INFO - [2025-05-05T03:08:05.643+0000] {dagbag.py:536} INFO - Filling up the DagBag from /home/airflow/.local/lib/python3.8/site-packages/airflow/example_dags/example_setup_teardown_taskflow.py
[2025-05-05T03:08:05.647+0000] {processor.py:839} INFO - DAG(s) dict_keys(['example_setup_teardown_taskflow']) retrieved from /home/airflow/.local/lib/python3.8/site-packages/airflow/example_dags/example_setup_teardown_taskflow.py
[2025-05-05T03:08:05.657+0000] {logging_mixin.py:154} INFO - [2025-05-05T03:08:05.657+0000] {dag.py:2941} INFO - Sync 1 DAGs
[2025-05-05T03:08:05.666+0000] {logging_mixin.py:154} INFO - [2025-05-05T03:08:05.666+0000] {dag.py:3722} INFO - Setting next_dagrun for example_setup_teardown_taskflow to 2025-05-04T03:08:05.666079+00:00, run_after=2025-05-05T03:08:05.666079+00:00
[2025-05-05T03:08:05.673+0000] {processor.py:179} INFO - Processing /home/airflow/.local/lib/python3.8/site-packages/airflow/example_dags/example_setup_teardown_taskflow.py took 0.032 seconds
[2025-05-05T03:08:36.414+0000] {processor.py:157} INFO - Started process (PID=507) to work on /home/airflow/.local/lib/python3.8/site-packages/airflow/example_dags/example_setup_teardown_taskflow.py
[2025-05-05T03:08:36.414+0000] {processor.py:829} INFO - Processing file /home/airflow/.local/lib/python3.8/site-packages/airflow/example_dags/example_setup_teardown_taskflow.py for tasks to queue
[2025-05-05T03:08:36.415+0000] {logging_mixin.py:154} INFO - [2025-05-05T03:08:36.415+0000] {dagbag.py:536} INFO - Filling up the DagBag from /home/airflow/.local/lib/python3.8/site-packages/airflow/example_dags/example_setup_teardown_taskflow.py
[2025-05-05T03:08:36.420+0000] {processor.py:839} INFO - DAG(s) dict_keys(['example_setup_teardown_taskflow']) retrieved from /home/airflow/.local/lib/python3.8/site-packages/airflow/example_dags/example_setup_teardown_taskflow.py
[2025-05-05T03:08:36.431+0000] {logging_mixin.py:154} INFO - [2025-05-05T03:08:36.431+0000] {dag.py:2941} INFO - Sync 1 DAGs
[2025-05-05T03:08:36.442+0000] {logging_mixin.py:154} INFO - [2025-05-05T03:08:36.442+0000] {dag.py:3722} INFO - Setting next_dagrun for example_setup_teardown_taskflow to 2025-05-04T03:08:36.442255+00:00, run_after=2025-05-05T03:08:36.442255+00:00
[2025-05-05T03:08:36.449+0000] {processor.py:179} INFO - Processing /home/airflow/.local/lib/python3.8/site-packages/airflow/example_dags/example_setup_teardown_taskflow.py took 0.036 seconds
[2025-05-05T03:09:07.392+0000] {processor.py:157} INFO - Started process (PID=562) to work on /home/airflow/.local/lib/python3.8/site-packages/airflow/example_dags/example_setup_teardown_taskflow.py
[2025-05-05T03:09:07.393+0000] {processor.py:829} INFO - Processing file /home/airflow/.local/lib/python3.8/site-packages/airflow/example_dags/example_setup_teardown_taskflow.py for tasks to queue
[2025-05-05T03:09:07.394+0000] {logging_mixin.py:154} INFO - [2025-05-05T03:09:07.394+0000] {dagbag.py:536} INFO - Filling up the DagBag from /home/airflow/.local/lib/python3.8/site-packages/airflow/example_dags/example_setup_teardown_taskflow.py
[2025-05-05T03:09:07.399+0000] {processor.py:839} INFO - DAG(s) dict_keys(['example_setup_teardown_taskflow']) retrieved from /home/airflow/.local/lib/python3.8/site-packages/airflow/example_dags/example_setup_teardown_taskflow.py
[2025-05-05T03:09:07.415+0000] {logging_mixin.py:154} INFO - [2025-05-05T03:09:07.415+0000] {dag.py:2941} INFO - Sync 1 DAGs
[2025-05-05T03:09:07.428+0000] {logging_mixin.py:154} INFO - [2025-05-05T03:09:07.427+0000] {dag.py:3722} INFO - Setting next_dagrun for example_setup_teardown_taskflow to 2025-05-04T03:09:07.427726+00:00, run_after=2025-05-05T03:09:07.427726+00:00
[2025-05-05T03:09:07.446+0000] {processor.py:179} INFO - Processing /home/airflow/.local/lib/python3.8/site-packages/airflow/example_dags/example_setup_teardown_taskflow.py took 0.055 seconds
