[2025-05-05T03:04:32.177+0000] {processor.py:157} INFO - Started process (PID=82) to work on /home/airflow/.local/lib/python3.8/site-packages/airflow/example_dags/example_params_trigger_ui.py
[2025-05-05T03:04:32.178+0000] {processor.py:829} INFO - Processing file /home/airflow/.local/lib/python3.8/site-packages/airflow/example_dags/example_params_trigger_ui.py for tasks to queue
[2025-05-05T03:04:32.180+0000] {logging_mixin.py:154} INFO - [2025-05-05T03:04:32.180+0000] {dagbag.py:536} INFO - Filling up the DagBag from /home/airflow/.local/lib/python3.8/site-packages/airflow/example_dags/example_params_trigger_ui.py
[2025-05-05T03:04:32.197+0000] {processor.py:839} INFO - DAG(s) dict_keys(['example_params_trigger_ui']) retrieved from /home/airflow/.local/lib/python3.8/site-packages/airflow/example_dags/example_params_trigger_ui.py
[2025-05-05T03:04:32.207+0000] {logging_mixin.py:154} INFO - [2025-05-05T03:04:32.206+0000] {dag.py:2941} INFO - Sync 1 DAGs
[2025-05-05T03:04:32.216+0000] {logging_mixin.py:154} INFO - [2025-05-05T03:04:32.216+0000] {dag.py:3722} INFO - Setting next_dagrun for example_params_trigger_ui to None, run_after=None
[2025-05-05T03:04:32.231+0000] {processor.py:179} INFO - Processing /home/airflow/.local/lib/python3.8/site-packages/airflow/example_dags/example_params_trigger_ui.py took 0.056 seconds
[2025-05-05T03:05:02.528+0000] {processor.py:157} INFO - Started process (PID=137) to work on /home/airflow/.local/lib/python3.8/site-packages/airflow/example_dags/example_params_trigger_ui.py
[2025-05-05T03:05:02.529+0000] {processor.py:829} INFO - Processing file /home/airflow/.local/lib/python3.8/site-packages/airflow/example_dags/example_params_trigger_ui.py for tasks to queue
[2025-05-05T03:05:02.530+0000] {logging_mixin.py:154} INFO - [2025-05-05T03:05:02.529+0000] {dagbag.py:536} INFO - Filling up the DagBag from /home/airflow/.local/lib/python3.8/site-packages/airflow/example_dags/example_params_trigger_ui.py
[2025-05-05T03:05:02.538+0000] {processor.py:839} INFO - DAG(s) dict_keys(['example_params_trigger_ui']) retrieved from /home/airflow/.local/lib/python3.8/site-packages/airflow/example_dags/example_params_trigger_ui.py
[2025-05-05T03:05:02.560+0000] {logging_mixin.py:154} INFO - [2025-05-05T03:05:02.560+0000] {dag.py:2941} INFO - Sync 1 DAGs
[2025-05-05T03:05:02.567+0000] {logging_mixin.py:154} INFO - [2025-05-05T03:05:02.567+0000] {dag.py:3722} INFO - Setting next_dagrun for example_params_trigger_ui to None, run_after=None
[2025-05-05T03:05:02.576+0000] {processor.py:179} INFO - Processing /home/airflow/.local/lib/python3.8/site-packages/airflow/example_dags/example_params_trigger_ui.py took 0.049 seconds
[2025-05-05T03:05:33.266+0000] {processor.py:157} INFO - Started process (PID=191) to work on /home/airflow/.local/lib/python3.8/site-packages/airflow/example_dags/example_params_trigger_ui.py
[2025-05-05T03:05:33.267+0000] {processor.py:829} INFO - Processing file /home/airflow/.local/lib/python3.8/site-packages/airflow/example_dags/example_params_trigger_ui.py for tasks to queue
[2025-05-05T03:05:33.268+0000] {logging_mixin.py:154} INFO - [2025-05-05T03:05:33.267+0000] {dagbag.py:536} INFO - Filling up the DagBag from /home/airflow/.local/lib/python3.8/site-packages/airflow/example_dags/example_params_trigger_ui.py
[2025-05-05T03:05:33.279+0000] {processor.py:839} INFO - DAG(s) dict_keys(['example_params_trigger_ui']) retrieved from /home/airflow/.local/lib/python3.8/site-packages/airflow/example_dags/example_params_trigger_ui.py
[2025-05-05T03:05:33.303+0000] {logging_mixin.py:154} INFO - [2025-05-05T03:05:33.303+0000] {dag.py:2941} INFO - Sync 1 DAGs
[2025-05-05T03:05:33.310+0000] {logging_mixin.py:154} INFO - [2025-05-05T03:05:33.310+0000] {dag.py:3722} INFO - Setting next_dagrun for example_params_trigger_ui to None, run_after=None
[2025-05-05T03:05:33.318+0000] {processor.py:179} INFO - Processing /home/airflow/.local/lib/python3.8/site-packages/airflow/example_dags/example_params_trigger_ui.py took 0.053 seconds
[2025-05-05T03:06:04.090+0000] {processor.py:157} INFO - Started process (PID=247) to work on /home/airflow/.local/lib/python3.8/site-packages/airflow/example_dags/example_params_trigger_ui.py
[2025-05-05T03:06:04.091+0000] {processor.py:829} INFO - Processing file /home/airflow/.local/lib/python3.8/site-packages/airflow/example_dags/example_params_trigger_ui.py for tasks to queue
[2025-05-05T03:06:04.092+0000] {logging_mixin.py:154} INFO - [2025-05-05T03:06:04.092+0000] {dagbag.py:536} INFO - Filling up the DagBag from /home/airflow/.local/lib/python3.8/site-packages/airflow/example_dags/example_params_trigger_ui.py
[2025-05-05T03:06:04.100+0000] {processor.py:839} INFO - DAG(s) dict_keys(['example_params_trigger_ui']) retrieved from /home/airflow/.local/lib/python3.8/site-packages/airflow/example_dags/example_params_trigger_ui.py
[2025-05-05T03:06:04.126+0000] {logging_mixin.py:154} INFO - [2025-05-05T03:06:04.126+0000] {dag.py:2941} INFO - Sync 1 DAGs
[2025-05-05T03:06:04.132+0000] {logging_mixin.py:154} INFO - [2025-05-05T03:06:04.132+0000] {dag.py:3722} INFO - Setting next_dagrun for example_params_trigger_ui to None, run_after=None
[2025-05-05T03:06:04.139+0000] {processor.py:179} INFO - Processing /home/airflow/.local/lib/python3.8/site-packages/airflow/example_dags/example_params_trigger_ui.py took 0.051 seconds
[2025-05-05T03:06:35.328+0000] {processor.py:157} INFO - Started process (PID=302) to work on /home/airflow/.local/lib/python3.8/site-packages/airflow/example_dags/example_params_trigger_ui.py
[2025-05-05T03:06:35.329+0000] {processor.py:829} INFO - Processing file /home/airflow/.local/lib/python3.8/site-packages/airflow/example_dags/example_params_trigger_ui.py for tasks to queue
[2025-05-05T03:06:35.330+0000] {logging_mixin.py:154} INFO - [2025-05-05T03:06:35.330+0000] {dagbag.py:536} INFO - Filling up the DagBag from /home/airflow/.local/lib/python3.8/site-packages/airflow/example_dags/example_params_trigger_ui.py
[2025-05-05T03:06:35.338+0000] {processor.py:839} INFO - DAG(s) dict_keys(['example_params_trigger_ui']) retrieved from /home/airflow/.local/lib/python3.8/site-packages/airflow/example_dags/example_params_trigger_ui.py
[2025-05-05T03:06:35.365+0000] {logging_mixin.py:154} INFO - [2025-05-05T03:06:35.365+0000] {dag.py:2941} INFO - Sync 1 DAGs
[2025-05-05T03:06:35.371+0000] {logging_mixin.py:154} INFO - [2025-05-05T03:06:35.371+0000] {dag.py:3722} INFO - Setting next_dagrun for example_params_trigger_ui to None, run_after=None
[2025-05-05T03:06:35.381+0000] {processor.py:179} INFO - Processing /home/airflow/.local/lib/python3.8/site-packages/airflow/example_dags/example_params_trigger_ui.py took 0.055 seconds
[2025-05-05T03:07:06.253+0000] {processor.py:157} INFO - Started process (PID=357) to work on /home/airflow/.local/lib/python3.8/site-packages/airflow/example_dags/example_params_trigger_ui.py
[2025-05-05T03:07:06.253+0000] {processor.py:829} INFO - Processing file /home/airflow/.local/lib/python3.8/site-packages/airflow/example_dags/example_params_trigger_ui.py for tasks to queue
[2025-05-05T03:07:06.254+0000] {logging_mixin.py:154} INFO - [2025-05-05T03:07:06.254+0000] {dagbag.py:536} INFO - Filling up the DagBag from /home/airflow/.local/lib/python3.8/site-packages/airflow/example_dags/example_params_trigger_ui.py
[2025-05-05T03:07:06.264+0000] {processor.py:839} INFO - DAG(s) dict_keys(['example_params_trigger_ui']) retrieved from /home/airflow/.local/lib/python3.8/site-packages/airflow/example_dags/example_params_trigger_ui.py
[2025-05-05T03:07:06.286+0000] {logging_mixin.py:154} INFO - [2025-05-05T03:07:06.286+0000] {dag.py:2941} INFO - Sync 1 DAGs
[2025-05-05T03:07:06.291+0000] {logging_mixin.py:154} INFO - [2025-05-05T03:07:06.291+0000] {dag.py:3722} INFO - Setting next_dagrun for example_params_trigger_ui to None, run_after=None
[2025-05-05T03:07:06.301+0000] {processor.py:179} INFO - Processing /home/airflow/.local/lib/python3.8/site-packages/airflow/example_dags/example_params_trigger_ui.py took 0.050 seconds
[2025-05-05T03:07:37.086+0000] {processor.py:157} INFO - Started process (PID=412) to work on /home/airflow/.local/lib/python3.8/site-packages/airflow/example_dags/example_params_trigger_ui.py
[2025-05-05T03:07:37.087+0000] {processor.py:829} INFO - Processing file /home/airflow/.local/lib/python3.8/site-packages/airflow/example_dags/example_params_trigger_ui.py for tasks to queue
[2025-05-05T03:07:37.088+0000] {logging_mixin.py:154} INFO - [2025-05-05T03:07:37.088+0000] {dagbag.py:536} INFO - Filling up the DagBag from /home/airflow/.local/lib/python3.8/site-packages/airflow/example_dags/example_params_trigger_ui.py
[2025-05-05T03:07:37.097+0000] {processor.py:839} INFO - DAG(s) dict_keys(['example_params_trigger_ui']) retrieved from /home/airflow/.local/lib/python3.8/site-packages/airflow/example_dags/example_params_trigger_ui.py
[2025-05-05T03:07:37.119+0000] {logging_mixin.py:154} INFO - [2025-05-05T03:07:37.119+0000] {dag.py:2941} INFO - Sync 1 DAGs
[2025-05-05T03:07:37.126+0000] {logging_mixin.py:154} INFO - [2025-05-05T03:07:37.126+0000] {dag.py:3722} INFO - Setting next_dagrun for example_params_trigger_ui to None, run_after=None
[2025-05-05T03:07:37.134+0000] {processor.py:179} INFO - Processing /home/airflow/.local/lib/python3.8/site-packages/airflow/example_dags/example_params_trigger_ui.py took 0.050 seconds
[2025-05-05T03:08:08.121+0000] {processor.py:157} INFO - Started process (PID=467) to work on /home/airflow/.local/lib/python3.8/site-packages/airflow/example_dags/example_params_trigger_ui.py
[2025-05-05T03:08:08.122+0000] {processor.py:829} INFO - Processing file /home/airflow/.local/lib/python3.8/site-packages/airflow/example_dags/example_params_trigger_ui.py for tasks to queue
[2025-05-05T03:08:08.124+0000] {logging_mixin.py:154} INFO - [2025-05-05T03:08:08.123+0000] {dagbag.py:536} INFO - Filling up the DagBag from /home/airflow/.local/lib/python3.8/site-packages/airflow/example_dags/example_params_trigger_ui.py
[2025-05-05T03:08:08.137+0000] {processor.py:839} INFO - DAG(s) dict_keys(['example_params_trigger_ui']) retrieved from /home/airflow/.local/lib/python3.8/site-packages/airflow/example_dags/example_params_trigger_ui.py
[2025-05-05T03:08:08.163+0000] {logging_mixin.py:154} INFO - [2025-05-05T03:08:08.163+0000] {dag.py:2941} INFO - Sync 1 DAGs
[2025-05-05T03:08:08.172+0000] {logging_mixin.py:154} INFO - [2025-05-05T03:08:08.172+0000] {dag.py:3722} INFO - Setting next_dagrun for example_params_trigger_ui to None, run_after=None
[2025-05-05T03:08:08.206+0000] {processor.py:179} INFO - Processing /home/airflow/.local/lib/python3.8/site-packages/airflow/example_dags/example_params_trigger_ui.py took 0.087 seconds
[2025-05-05T03:08:38.982+0000] {processor.py:157} INFO - Started process (PID=522) to work on /home/airflow/.local/lib/python3.8/site-packages/airflow/example_dags/example_params_trigger_ui.py
[2025-05-05T03:08:38.983+0000] {processor.py:829} INFO - Processing file /home/airflow/.local/lib/python3.8/site-packages/airflow/example_dags/example_params_trigger_ui.py for tasks to queue
[2025-05-05T03:08:38.985+0000] {logging_mixin.py:154} INFO - [2025-05-05T03:08:38.985+0000] {dagbag.py:536} INFO - Filling up the DagBag from /home/airflow/.local/lib/python3.8/site-packages/airflow/example_dags/example_params_trigger_ui.py
[2025-05-05T03:08:38.997+0000] {processor.py:839} INFO - DAG(s) dict_keys(['example_params_trigger_ui']) retrieved from /home/airflow/.local/lib/python3.8/site-packages/airflow/example_dags/example_params_trigger_ui.py
[2025-05-05T03:08:39.025+0000] {logging_mixin.py:154} INFO - [2025-05-05T03:08:39.025+0000] {dag.py:2941} INFO - Sync 1 DAGs
[2025-05-05T03:08:39.033+0000] {logging_mixin.py:154} INFO - [2025-05-05T03:08:39.033+0000] {dag.py:3722} INFO - Setting next_dagrun for example_params_trigger_ui to None, run_after=None
[2025-05-05T03:08:39.043+0000] {processor.py:179} INFO - Processing /home/airflow/.local/lib/python3.8/site-packages/airflow/example_dags/example_params_trigger_ui.py took 0.063 seconds
[2025-05-05T03:09:09.886+0000] {processor.py:157} INFO - Started process (PID=577) to work on /home/airflow/.local/lib/python3.8/site-packages/airflow/example_dags/example_params_trigger_ui.py
[2025-05-05T03:09:09.887+0000] {processor.py:829} INFO - Processing file /home/airflow/.local/lib/python3.8/site-packages/airflow/example_dags/example_params_trigger_ui.py for tasks to queue
[2025-05-05T03:09:09.891+0000] {logging_mixin.py:154} INFO - [2025-05-05T03:09:09.891+0000] {dagbag.py:536} INFO - Filling up the DagBag from /home/airflow/.local/lib/python3.8/site-packages/airflow/example_dags/example_params_trigger_ui.py
[2025-05-05T03:09:09.900+0000] {processor.py:839} INFO - DAG(s) dict_keys(['example_params_trigger_ui']) retrieved from /home/airflow/.local/lib/python3.8/site-packages/airflow/example_dags/example_params_trigger_ui.py
[2025-05-05T03:09:09.923+0000] {logging_mixin.py:154} INFO - [2025-05-05T03:09:09.923+0000] {dag.py:2941} INFO - Sync 1 DAGs
[2025-05-05T03:09:09.931+0000] {logging_mixin.py:154} INFO - [2025-05-05T03:09:09.931+0000] {dag.py:3722} INFO - Setting next_dagrun for example_params_trigger_ui to None, run_after=None
[2025-05-05T03:09:09.941+0000] {processor.py:179} INFO - Processing /home/airflow/.local/lib/python3.8/site-packages/airflow/example_dags/example_params_trigger_ui.py took 0.056 seconds
